/users/sujinesh/.local/lib/python3.10/site-packages/transformers/utils/hub.py:128: FutureWarning: Using `TRANSFORMERS_CACHE` is deprecated and will be removed in v5 of Transformers. Use `HF_HOME` instead.
  warnings.warn(
============================================================
TELEPATHY TRAINING: ARC_EASY
============================================================

Dataset: arc_easy (4 classes)
Random baseline: 25.0%
Source layer: 31
Soft tokens: 8
Steps: 1500
Diversity weight: 0.1
============================================================
Downloading shards:   0%|          | 0/4 [00:00<?, ?it/s]Downloading shards: 100%|██████████| 4/4 [00:00<00:00, 3233.85it/s]
Loading checkpoint shards:   0%|          | 0/4 [00:00<?, ?it/s]Loading checkpoint shards:  25%|██▌       | 1/4 [00:04<00:12,  4.31s/it]Loading checkpoint shards:  50%|█████     | 2/4 [00:08<00:08,  4.08s/it]Loading checkpoint shards:  75%|███████▌  | 3/4 [00:12<00:03,  3.98s/it]Loading checkpoint shards: 100%|██████████| 4/4 [00:12<00:00,  2.70s/it]Loading checkpoint shards: 100%|██████████| 4/4 [00:12<00:00,  3.20s/it]
Downloading shards:   0%|          | 0/3 [00:00<?, ?it/s]Downloading shards: 100%|██████████| 3/3 [00:00<00:00, 3895.64it/s]
Loading checkpoint shards:   0%|          | 0/3 [00:00<?, ?it/s]Loading checkpoint shards:  33%|███▎      | 1/3 [00:02<00:04,  2.24s/it]Loading checkpoint shards:  67%|██████▋   | 2/3 [00:04<00:02,  2.06s/it]Loading checkpoint shards: 100%|██████████| 3/3 [00:05<00:00,  1.92s/it]Loading checkpoint shards: 100%|██████████| 3/3 [00:05<00:00,  1.97s/it]
Target embedding RMS: 0.0027
Traceback (most recent call last):
  File "/scratch/m000066/sujinesh/LatentWire/telepathy/train_telepathy.py", line 1530, in <module>
    main()
  File "/scratch/m000066/sujinesh/LatentWire/telepathy/train_telepathy.py", line 1074, in main
    raise ImportError("Experimental bridges not available")
ImportError: Experimental bridges not available
