W1112 16:42:07.750000 1231445 torch/distributed/run.py:793] 
W1112 16:42:07.750000 1231445 torch/distributed/run.py:793] *****************************************
W1112 16:42:07.750000 1231445 torch/distributed/run.py:793] Setting OMP_NUM_THREADS environment variable for each process to be 1 in default, to avoid your system being overloaded, please further tune the variable for optimal performance in your application as needed. 
W1112 16:42:07.750000 1231445 torch/distributed/run.py:793] *****************************************
/users/sujinesh/.local/lib/python3.10/site-packages/transformers/utils/hub.py:128: FutureWarning: Using `TRANSFORMERS_CACHE` is deprecated and will be removed in v5 of Transformers. Use `HF_HOME` instead.
  warnings.warn(
/users/sujinesh/.local/lib/python3.10/site-packages/transformers/utils/hub.py:128: FutureWarning: Using `TRANSFORMERS_CACHE` is deprecated and will be removed in v5 of Transformers. Use `HF_HOME` instead.
  warnings.warn(
/users/sujinesh/.local/lib/python3.10/site-packages/transformers/utils/hub.py:128: FutureWarning: Using `TRANSFORMERS_CACHE` is deprecated and will be removed in v5 of Transformers. Use `HF_HOME` instead.
  warnings.warn(
/users/sujinesh/.local/lib/python3.10/site-packages/transformers/utils/hub.py:128: FutureWarning: Using `TRANSFORMERS_CACHE` is deprecated and will be removed in v5 of Transformers. Use `HF_HOME` instead.
  warnings.warn(
====================================================================================================================================================================================
EARLY CUDA DIAGNOSTICS (before DDP setup)
========================================================================================================================

torch.cuda.is_available() check...EARLY CUDA DIAGNOSTICS (before DDP setup)

============================================================
torch.cuda.is_available() check...

EARLY CUDA DIAGNOSTICS (before DDP setup)
============================================================
torch.cuda.is_available() check...

EARLY CUDA DIAGNOSTICS (before DDP setup)
============================================================
torch.cuda.is_available() check...
/users/sujinesh/.local/lib/python3.10/site-packages/torch/cuda/__init__.py:129: UserWarning: CUDA initialization: Unexpected error from cudaGetDeviceCount(). Did you run some cuda functions before calling NumCudaDevices() that might have already set an error? Error 803: system has unsupported display driver / cuda driver combination (Triggered internally at ../c10/cuda/CUDAFunctions.cpp:108.)
  return torch._C._cuda_getDeviceCount() > 0
/users/sujinesh/.local/lib/python3.10/site-packages/torch/cuda/__init__.py:129: UserWarning: CUDA initialization: Unexpected error from cudaGetDeviceCount(). Did you run some cuda functions before calling NumCudaDevices() that might have already set an error? Error 803: system has unsupported display driver / cuda driver combination (Triggered internally at ../c10/cuda/CUDAFunctions.cpp:108.)
  return torch._C._cuda_getDeviceCount() > 0
  Result: False
  WARNING: CUDA not available!
============================================================

[Rank 1/4] Starting DDP initialization...
[Rank 1] Checking torch.cuda.is_available()...
[Rank 1]   Result: False
  Result: False
  WARNING: CUDA not available!
============================================================

[Rank 2/4] Starting DDP initialization...
[Rank 2] Checking torch.cuda.is_available()...
[Rank 2]   Result: False
Traceback (most recent call last):
  File "/projects/m000066/sujinesh/LatentWire/paper_writing/cross_attention.py", line 1721, in <module>
Traceback (most recent call last):
  File "/projects/m000066/sujinesh/LatentWire/paper_writing/cross_attention.py", line 1721, in <module>
/users/sujinesh/.local/lib/python3.10/site-packages/torch/cuda/__init__.py:129: UserWarning: CUDA initialization: Unexpected error from cudaGetDeviceCount(). Did you run some cuda functions before calling NumCudaDevices() that might have already set an error? Error 803: system has unsupported display driver / cuda driver combination (Triggered internally at ../c10/cuda/CUDAFunctions.cpp:108.)
  return torch._C._cuda_getDeviceCount() > 0
    main()
  File "/projects/m000066/sujinesh/LatentWire/paper_writing/cross_attention.py", line 1274, in main
        setup_ddp()
  File "/projects/m000066/sujinesh/LatentWire/paper_writing/cross_attention.py", line 100, in setup_ddp
main()
  File "/projects/m000066/sujinesh/LatentWire/paper_writing/cross_attention.py", line 1274, in main
  Result: False    raise RuntimeError(f"[Rank {rank}] CUDA not available!")
RuntimeError: [Rank 1] CUDA not available!
    setup_ddp()
  File "/projects/m000066/sujinesh/LatentWire/paper_writing/cross_attention.py", line 100, in setup_ddp

  WARNING: CUDA not available!
============================================================
    raise RuntimeError(f"[Rank {rank}] CUDA not available!")
RuntimeError: [Rank 2] CUDA not available!

[Rank 3/4] Starting DDP initialization...
[Rank 3] Checking torch.cuda.is_available()...
[Rank 3]   Result: False
Traceback (most recent call last):
  File "/projects/m000066/sujinesh/LatentWire/paper_writing/cross_attention.py", line 1721, in <module>
    main()
  File "/projects/m000066/sujinesh/LatentWire/paper_writing/cross_attention.py", line 1274, in main
    setup_ddp()
  File "/projects/m000066/sujinesh/LatentWire/paper_writing/cross_attention.py", line 100, in setup_ddp
    raise RuntimeError(f"[Rank {rank}] CUDA not available!")
RuntimeError: [Rank 3] CUDA not available!
/users/sujinesh/.local/lib/python3.10/site-packages/torch/cuda/__init__.py:129: UserWarning: CUDA initialization: Unexpected error from cudaGetDeviceCount(). Did you run some cuda functions before calling NumCudaDevices() that might have already set an error? Error 803: system has unsupported display driver / cuda driver combination (Triggered internally at ../c10/cuda/CUDAFunctions.cpp:108.)
  return torch._C._cuda_getDeviceCount() > 0
  Result: False
  WARNING: CUDA not available!
============================================================

[Rank 0/4] Starting DDP initialization...
[Rank 0] Checking torch.cuda.is_available()...
[Rank 0]   Result: False
Traceback (most recent call last):
  File "/projects/m000066/sujinesh/LatentWire/paper_writing/cross_attention.py", line 1721, in <module>
    main()
  File "/projects/m000066/sujinesh/LatentWire/paper_writing/cross_attention.py", line 1274, in main
    setup_ddp()
  File "/projects/m000066/sujinesh/LatentWire/paper_writing/cross_attention.py", line 100, in setup_ddp
    raise RuntimeError(f"[Rank {rank}] CUDA not available!")
RuntimeError: [Rank 0] CUDA not available!
E1112 16:42:16.312000 1231445 torch/distributed/elastic/multiprocessing/api.py:869] failed (exitcode: 1) local_rank: 0 (pid: 1231452) of binary: /marlowe/apps/Mambaforge/24.3.0-0/bin/python
Traceback (most recent call last):
  File "/users/sujinesh/.local/bin/torchrun", line 7, in <module>
    sys.exit(main())
  File "/users/sujinesh/.local/lib/python3.10/site-packages/torch/distributed/elastic/multiprocessing/errors/__init__.py", line 355, in wrapper
    return f(*args, **kwargs)
  File "/users/sujinesh/.local/lib/python3.10/site-packages/torch/distributed/run.py", line 919, in main
    run(args)
  File "/users/sujinesh/.local/lib/python3.10/site-packages/torch/distributed/run.py", line 910, in run
    elastic_launch(
  File "/users/sujinesh/.local/lib/python3.10/site-packages/torch/distributed/launcher/api.py", line 138, in __call__
    return launch_agent(self._config, self._entrypoint, list(args))
  File "/users/sujinesh/.local/lib/python3.10/site-packages/torch/distributed/launcher/api.py", line 269, in launch_agent
    raise ChildFailedError(
torch.distributed.elastic.multiprocessing.errors.ChildFailedError: 
============================================================
paper_writing/cross_attention.py FAILED
------------------------------------------------------------
Failures:
[1]:
  time      : 2025-11-12_16:42:16
  host      : n23.cm.cluster
  rank      : 1 (local_rank: 1)
  exitcode  : 1 (pid: 1231453)
  error_file: <N/A>
  traceback : To enable traceback see: https://pytorch.org/docs/stable/elastic/errors.html
[2]:
  time      : 2025-11-12_16:42:16
  host      : n23.cm.cluster
  rank      : 2 (local_rank: 2)
  exitcode  : 1 (pid: 1231454)
  error_file: <N/A>
  traceback : To enable traceback see: https://pytorch.org/docs/stable/elastic/errors.html
[3]:
  time      : 2025-11-12_16:42:16
  host      : n23.cm.cluster
  rank      : 3 (local_rank: 3)
  exitcode  : 1 (pid: 1231455)
  error_file: <N/A>
  traceback : To enable traceback see: https://pytorch.org/docs/stable/elastic/errors.html
------------------------------------------------------------
Root Cause (first observed failure):
[0]:
  time      : 2025-11-12_16:42:16
  host      : n23.cm.cluster
  rank      : 0 (local_rank: 0)
  exitcode  : 1 (pid: 1231452)
  error_file: <N/A>
  traceback : To enable traceback see: https://pytorch.org/docs/stable/elastic/errors.html
============================================================
