{
  "results_by_regime": {
    "m11b_top1": {
      "bootstrap_ci95": {
        "ci95_high": 0.421958400269822,
        "ci95_low": -7.810432446168553
      },
      "included_trace_count": 8,
      "mean_recovery": -74.48536422481587,
      "median_recovery": -0.29418059401495783,
      "no_recoverable_static_gap_count": 4,
      "no_recoverable_static_gap_fraction": 0.3333333333333333,
      "total_trace_count": 12
    },
    "m11b_top10": {
      "bootstrap_ci95": {
        "ci95_high": 0.43564760535877556,
        "ci95_low": -0.7273570722179588
      },
      "included_trace_count": 8,
      "mean_recovery": -1.1150691841111495,
      "median_recovery": 0.24075640427266048,
      "no_recoverable_static_gap_count": 4,
      "no_recoverable_static_gap_fraction": 0.3333333333333333,
      "total_trace_count": 12
    },
    "m11b_top5": {
      "bootstrap_ci95": {
        "ci95_high": 1.00079062654749,
        "ci95_low": -1.3009000187907436
      },
      "included_trace_count": 8,
      "mean_recovery": -0.07645790605108035,
      "median_recovery": 0.4492840911245966,
      "no_recoverable_static_gap_count": 4,
      "no_recoverable_static_gap_fraction": 0.3333333333333333,
      "total_trace_count": 12
    },
    "static_top10": {
      "bootstrap_ci95": {
        "ci95_high": 0.4316908004018193,
        "ci95_low": -53.37845888236424
      },
      "included_trace_count": 8,
      "mean_recovery": -87.92201119019458,
      "median_recovery": -0.05176717655558488,
      "no_recoverable_static_gap_count": 4,
      "no_recoverable_static_gap_fraction": 0.3333333333333333,
      "total_trace_count": 12
    }
  },
  "run_dir": "/workspace/LatentWire/experimental/outlier_migrate/phase9/results/om_phase9_m11b_granite_small_vac12_reuse_20260518T030300Z"
}
