[2026-01-19 00:57:40] flow_matching_arc_easy_seed42 failed with exit code 1
[2026-01-19 00:58:10] optimal_transport_arc_easy_seed42 failed with exit code 1
[2026-01-19 00:58:38] moe_arc_easy_seed42 failed with exit code 1
[2026-01-19 00:59:06] hailmary_cross_modal_distillation_arc_easy_seed42 failed with exit code 1
[2026-01-19 00:59:33] hailmary_mine_arc_easy_seed42 failed with exit code 1
[2026-01-19 01:00:00] hailmary_mixture_of_depths_arc_easy_seed42 failed with exit code 1
[2026-01-19 01:00:28] hailmary_thalamic_relay_arc_easy_seed42 failed with exit code 1
[2026-01-19 01:00:54] hailmary_domain_adversarial_arc_easy_seed42 failed with exit code 1
[2026-01-19 01:01:21] hailmary_successive_refinement_arc_easy_seed42 failed with exit code 1
[2026-01-19 01:02:08] token_capacity_4_seed42 failed with exit code 1
[2026-01-19 01:02:55] token_capacity_8_seed42 failed with exit code 1
[2026-01-19 01:03:53] token_capacity_16_seed42 failed with exit code 1
[2026-01-19 01:04:52] token_capacity_32_seed42 failed with exit code 1
[2026-01-19 01:06:18] ridge_regression_arc_easy failed with exit code 1
[2026-01-19 01:06:58] latency_benchmark_no_checkpoint failed with exit code 1
[2026-01-19 01:07:32] batched_latency_benchmark failed with exit code 1
[2026-01-19 01:08:41] memory_benchmark failed with exit code 1
[2026-01-19 01:09:16] throughput_benchmark_no_checkpoint failed with exit code 1
[2026-01-19 04:13:35] zeroshot_arc_easy failed with exit code 1
[2026-01-19 04:13:40] zeroshot_winogrande failed with exit code 1
[2026-01-19 04:13:45] zeroshot_hellaswag failed with exit code 1
[2026-01-19 04:13:49] zeroshot_boolq failed with exit code 1
[2026-01-19 04:14:08] fewshot_arc_easy failed with exit code 1
[2026-01-19 04:14:13] fewshot_winogrande failed with exit code 1
[2026-01-19 04:14:17] fewshot_hellaswag failed with exit code 1
[2026-01-19 04:14:22] fewshot_boolq failed with exit code 1
[2026-01-19 04:14:37] dora_arc_easy failed with exit code 1
[2026-01-19 04:14:51] prompt_tuning_arc_easy failed with exit code 1
[2026-01-19 04:16:17] linear_probe failed with exit code 1
[2026-01-19 04:16:55] text_relay_arc_easy failed with exit code 1
[2026-01-19 04:17:10] ensemble_arc_easy failed with exit code 1
