[2026-01-19 12:25:46] flow_matching_arc_easy_seed42 failed with exit code 1
[2026-01-19 12:26:08] zeroshot_winogrande failed with exit code 1
[2026-01-19 12:26:17] zeroshot_hellaswag failed with exit code 1
[2026-01-19 12:26:23] optimal_transport_arc_easy_seed42 failed with exit code 1
[2026-01-19 12:26:27] zeroshot_boolq failed with exit code 1
[2026-01-19 12:27:23] hailmary_cross_modal_distillation_arc_easy_seed42 failed with exit code 1
[2026-01-19 12:28:11] hailmary_mine_arc_easy_seed42 failed with exit code 1
[2026-01-19 12:29:11] hailmary_mixture_of_depths_arc_easy_seed42 failed with exit code 1
[2026-01-19 12:30:11] hailmary_thalamic_relay_arc_easy_seed42 failed with exit code 1
[2026-01-19 12:30:58] hailmary_domain_adversarial_arc_easy_seed42 failed with exit code 1
[2026-01-19 12:32:07] hailmary_successive_refinement_arc_easy_seed42 failed with exit code 1
[2026-01-19 12:33:07] token_capacity_4_seed42 failed with exit code 1
[2026-01-19 12:34:06] token_capacity_8_seed42 failed with exit code 1
[2026-01-19 12:35:07] token_capacity_16_seed42 failed with exit code 1
[2026-01-19 12:35:17] fewshot_winogrande failed with exit code 1
[2026-01-19 12:35:24] fewshot_hellaswag failed with exit code 1
[2026-01-19 12:35:32] fewshot_boolq failed with exit code 1
[2026-01-19 12:35:55] dora_arc_easy failed with exit code 1
[2026-01-19 12:36:03] token_capacity_32_seed42 failed with exit code 1
[2026-01-19 12:36:17] prompt_tuning_arc_easy failed with exit code 1
[2026-01-19 12:37:21] ridge_regression_arc_easy failed with exit code 1
[2026-01-19 12:38:02] latency_benchmark_no_checkpoint failed with exit code 1
[2026-01-19 12:38:37] batched_latency_benchmark failed with exit code 1
[2026-01-19 12:38:45] linear_probe failed with exit code 1
[2026-01-19 12:39:42] memory_benchmark failed with exit code 1
[2026-01-19 12:40:17] throughput_benchmark_no_checkpoint failed with exit code 1
