W1108 18:25:52.472000 2542624 torch/distributed/run.py:793] 
W1108 18:25:52.472000 2542624 torch/distributed/run.py:793] *****************************************
W1108 18:25:52.472000 2542624 torch/distributed/run.py:793] Setting OMP_NUM_THREADS environment variable for each process to be 1 in default, to avoid your system being overloaded, please further tune the variable for optimal performance in your application as needed. 
W1108 18:25:52.472000 2542624 torch/distributed/run.py:793] *****************************************
/users/sujinesh/.local/lib/python3.10/site-packages/transformers/utils/hub.py:128: FutureWarning: Using `TRANSFORMERS_CACHE` is deprecated and will be removed in v5 of Transformers. Use `HF_HOME` instead.
  warnings.warn(
/users/sujinesh/.local/lib/python3.10/site-packages/transformers/utils/hub.py:128: FutureWarning: Using `TRANSFORMERS_CACHE` is deprecated and will be removed in v5 of Transformers. Use `HF_HOME` instead.
  warnings.warn(
/users/sujinesh/.local/lib/python3.10/site-packages/transformers/utils/hub.py:128: FutureWarning: Using `TRANSFORMERS_CACHE` is deprecated and will be removed in v5 of Transformers. Use `HF_HOME` instead.
  warnings.warn(
/users/sujinesh/.local/lib/python3.10/site-packages/transformers/utils/hub.py:128: FutureWarning: Using `TRANSFORMERS_CACHE` is deprecated and will be removed in v5 of Transformers. Use `HF_HOME` instead.
  warnings.warn(
usage: cross_attention.py [-h] [--source_model SOURCE_MODEL]
                          [--target_model TARGET_MODEL]
                          [--translator_type {cross_attn,linear,bottleneck_gated}]
                          [--bottleneck_dim BOTTLENECK_DIM]
                          [--soft_tokens SOFT_TOKENS] [--depth DEPTH]
                          [--heads HEADS] [--lr LR]
                          [--weight_decay WEIGHT_DECAY]
                          [--train_steps TRAIN_STEPS]
                          [--warmup_steps WARMUP_STEPS]
                          [--per_device_batch PER_DEVICE_BATCH]
                          [--eval_every EVAL_EVERY]
                          [--eval_samples EVAL_SAMPLES]
                          [--max_new_tokens MAX_NEW_TOKENS] [--seed SEED]
                          [--bf16] [--save_path SAVE_PATH]
                          [--show_eval_samples SHOW_EVAL_SAMPLES]
                          [--early_stop_patience EARLY_STOP_PATIENCE]
usage: cross_attention.py [-h] [--source_model SOURCE_MODEL]
                          [--target_model TARGET_MODEL]
                          [--translator_type {cross_attn,linear,bottleneck_gated}]
                          [--bottleneck_dim BOTTLENECK_DIM]
                          [--soft_tokens SOFT_TOKENS] [--depth DEPTH]
                          [--heads HEADS] [--lr LR]
                          [--weight_decay WEIGHT_DECAY]
                          [--train_steps TRAIN_STEPS]
                          [--warmup_steps WARMUP_STEPS]
                          [--per_device_batch PER_DEVICE_BATCH]
                          [--eval_every EVAL_EVERY]
                          [--eval_samples EVAL_SAMPLES]
                          [--max_new_tokens MAX_NEW_TOKENS] [--seed SEED]
                          [--bf16] [--save_path SAVE_PATH]
                          [--show_eval_samples SHOW_EVAL_SAMPLES]
                          [--early_stop_patience EARLY_STOP_PATIENCE]
usage: cross_attention.py [-h] [--source_model SOURCE_MODEL]
                          [--target_model TARGET_MODEL]
                          [--translator_type {cross_attn,linear,bottleneck_gated}]
                          [--bottleneck_dim BOTTLENECK_DIM]
                          [--soft_tokens SOFT_TOKENS] [--depth DEPTH]
                          [--heads HEADS] [--lr LR]
                          [--weight_decay WEIGHT_DECAY]
                          [--train_steps TRAIN_STEPS]
                          [--warmup_steps WARMUP_STEPS]
                          [--per_device_batch PER_DEVICE_BATCH]
                          [--eval_every EVAL_EVERY]
                          [--eval_samples EVAL_SAMPLES]
                          [--max_new_tokens MAX_NEW_TOKENS] [--seed SEED]
                          [--bf16] [--save_path SAVE_PATH]
                          [--show_eval_samples SHOW_EVAL_SAMPLES]
                          [--early_stop_patience EARLY_STOP_PATIENCE]
usage: cross_attention.py [-h] [--source_model SOURCE_MODEL]
                          [--target_model TARGET_MODEL]
                          [--translator_type {cross_attn,linear,bottleneck_gated}]
                          [--bottleneck_dim BOTTLENECK_DIM]
                          [--soft_tokens SOFT_TOKENS] [--depth DEPTH]
                          [--heads HEADS] [--lr LR]
                          [--weight_decay WEIGHT_DECAY]
                          [--train_steps TRAIN_STEPS]
                          [--warmup_steps WARMUP_STEPS]
                          [--per_device_batch PER_DEVICE_BATCH]
                          [--eval_every EVAL_EVERY]
                          [--eval_samples EVAL_SAMPLES]
                          [--max_new_tokens MAX_NEW_TOKENS] [--seed SEED]
                          [--bf16] [--save_path SAVE_PATH]
                          [--show_eval_samples SHOW_EVAL_SAMPLES]
                          [--early_stop_patience EARLY_STOP_PATIENCE]
cross_attention.py: error: unrecognized arguments: --dataset hotpotqa --info_nce_weight 0.05
cross_attention.py: error: unrecognized arguments: --dataset hotpotqa --info_nce_weight 0.05
cross_attention.py: error: unrecognized arguments: --dataset hotpotqa --info_nce_weight 0.05
cross_attention.py: error: unrecognized arguments: --dataset hotpotqa --info_nce_weight 0.05
E1108 18:26:02.449000 2542624 torch/distributed/elastic/multiprocessing/api.py:869] failed (exitcode: 2) local_rank: 0 (pid: 2542630) of binary: /marlowe/apps/Mambaforge/24.3.0-0/bin/python
Traceback (most recent call last):
  File "/users/sujinesh/.local/bin/torchrun", line 7, in <module>
    sys.exit(main())
  File "/users/sujinesh/.local/lib/python3.10/site-packages/torch/distributed/elastic/multiprocessing/errors/__init__.py", line 355, in wrapper
    return f(*args, **kwargs)
  File "/users/sujinesh/.local/lib/python3.10/site-packages/torch/distributed/run.py", line 919, in main
    run(args)
  File "/users/sujinesh/.local/lib/python3.10/site-packages/torch/distributed/run.py", line 910, in run
    elastic_launch(
  File "/users/sujinesh/.local/lib/python3.10/site-packages/torch/distributed/launcher/api.py", line 138, in __call__
    return launch_agent(self._config, self._entrypoint, list(args))
  File "/users/sujinesh/.local/lib/python3.10/site-packages/torch/distributed/launcher/api.py", line 269, in launch_agent
    raise ChildFailedError(
torch.distributed.elastic.multiprocessing.errors.ChildFailedError: 
============================================================
paper_writing/cross_attention.py FAILED
------------------------------------------------------------
Failures:
[1]:
  time      : 2025-11-08_18:26:02
  host      : n22.cm.cluster
  rank      : 1 (local_rank: 1)
  exitcode  : 2 (pid: 2542631)
  error_file: <N/A>
  traceback : To enable traceback see: https://pytorch.org/docs/stable/elastic/errors.html
[2]:
  time      : 2025-11-08_18:26:02
  host      : n22.cm.cluster
  rank      : 2 (local_rank: 2)
  exitcode  : 2 (pid: 2542632)
  error_file: <N/A>
  traceback : To enable traceback see: https://pytorch.org/docs/stable/elastic/errors.html
[3]:
  time      : 2025-11-08_18:26:02
  host      : n22.cm.cluster
  rank      : 3 (local_rank: 3)
  exitcode  : 2 (pid: 2542633)
  error_file: <N/A>
  traceback : To enable traceback see: https://pytorch.org/docs/stable/elastic/errors.html
------------------------------------------------------------
Root Cause (first observed failure):
[0]:
  time      : 2025-11-08_18:26:02
  host      : n22.cm.cluster
  rank      : 0 (local_rank: 0)
  exitcode  : 2 (pid: 2542630)
  error_file: <N/A>
  traceback : To enable traceback see: https://pytorch.org/docs/stable/elastic/errors.html
============================================================
