[2026-01-18 16:29:39] flow_matching_arc_easy_seed42 failed with exit code 1
[2026-01-18 16:30:08] optimal_transport_arc_easy_seed42 failed with exit code 1
[2026-01-18 16:30:37] moe_arc_easy_seed42 failed with exit code 1
[2026-01-18 16:31:05] hailmary_cross_modal_distillation_arc_easy_seed42 failed with exit code 1
[2026-01-18 16:31:33] hailmary_mine_arc_easy_seed42 failed with exit code 1
[2026-01-18 16:32:02] hailmary_mixture_of_depths_arc_easy_seed42 failed with exit code 1
[2026-01-18 16:32:30] hailmary_thalamic_relay_arc_easy_seed42 failed with exit code 1
[2026-01-18 16:32:58] hailmary_domain_adversarial_arc_easy_seed42 failed with exit code 1
[2026-01-18 16:33:28] hailmary_successive_refinement_arc_easy_seed42 failed with exit code 1
[2026-01-18 16:34:15] token_capacity_4_seed42 failed with exit code 1
[2026-01-18 16:35:05] token_capacity_8_seed42 failed with exit code 1
[2026-01-18 16:36:05] token_capacity_16_seed42 failed with exit code 1
[2026-01-18 16:37:06] token_capacity_32_seed42 failed with exit code 1
[2026-01-18 16:38:29] ridge_regression_arc_easy failed with exit code 1
[2026-01-18 16:39:11] latency_benchmark_no_checkpoint failed with exit code 1
[2026-01-18 16:39:47] batched_latency_benchmark failed with exit code 1
[2026-01-18 16:40:56] memory_benchmark failed with exit code 1
[2026-01-18 16:41:33] throughput_benchmark_no_checkpoint failed with exit code 1
[2026-01-18 19:48:54] zeroshot_arc_easy failed with exit code 1
[2026-01-18 19:48:58] zeroshot_winogrande failed with exit code 1
[2026-01-18 19:49:03] zeroshot_hellaswag failed with exit code 1
[2026-01-18 19:49:08] zeroshot_boolq failed with exit code 1
[2026-01-18 19:49:26] fewshot_arc_easy failed with exit code 1
[2026-01-18 19:49:31] fewshot_winogrande failed with exit code 1
[2026-01-18 19:49:35] fewshot_hellaswag failed with exit code 1
[2026-01-18 19:49:40] fewshot_boolq failed with exit code 1
[2026-01-18 19:49:54] dora_arc_easy failed with exit code 1
[2026-01-18 19:50:08] prompt_tuning_arc_easy failed with exit code 1
[2026-01-18 19:51:33] linear_probe failed with exit code 1
[2026-01-18 19:52:10] text_relay_arc_easy failed with exit code 1
[2026-01-18 19:52:24] ensemble_arc_easy failed with exit code 1
