============================================================
OVERNIGHT EXPERIMENT SUITE
============================================================
Started: Thu Dec  4 20:17:04 PST 2025
Soft tokens: 16
Log: runs/overnight_20251204_201704.log

Experiments:
  1. Passkey   - Can bridge transmit exact 5-digit codes?
  2. Banking77 - Can 16 tokens handle 77 classes?
  3. TREC      - Does bridge generalize to question types?
============================================================

[1/3] PASSKEY RETRIEVAL (Precision Test)
Goal: Can the bridge transmit a 5-digit code exactly?
------------------------------------------------------
/users/sujinesh/.local/lib/python3.10/site-packages/transformers/utils/hub.py:128: FutureWarning: Using `TRANSFORMERS_CACHE` is deprecated and will be removed in v5 of Transformers. Use `HF_HOME` instead.
  warnings.warn(
============================================================
PASSKEY RETRIEVAL EXPERIMENT
============================================================
Goal: Can the bridge transmit a 5-digit code exactly?
Soft tokens: 16
Steps: 1000
============================================================

Loading models...
Downloading shards:   0%|          | 0/4 [00:00<?, ?it/s]Downloading shards: 100%|██████████| 4/4 [00:00<00:00, 1959.73it/s]
Loading checkpoint shards:   0%|          | 0/4 [00:00<?, ?it/s]Loading checkpoint shards:  25%|██▌       | 1/4 [00:00<00:00,  8.26it/s]Loading checkpoint shards:  50%|█████     | 2/4 [00:00<00:00,  8.41it/s]Loading checkpoint shards:  75%|███████▌  | 3/4 [00:00<00:00,  8.40it/s]Loading checkpoint shards: 100%|██████████| 4/4 [00:00<00:00,  9.91it/s]
Downloading shards:   0%|          | 0/3 [00:00<?, ?it/s]Downloading shards: 100%|██████████| 3/3 [00:00<00:00, 2102.76it/s]
Loading checkpoint shards:   0%|          | 0/3 [00:00<?, ?it/s]Loading checkpoint shards:  33%|███▎      | 1/3 [00:00<00:00,  5.09it/s]Loading checkpoint shards:  67%|██████▋   | 2/3 [00:00<00:00,  6.42it/s]Loading checkpoint shards: 100%|██████████| 3/3 [00:00<00:00,  7.52it/s]Loading checkpoint shards: 100%|██████████| 3/3 [00:00<00:00,  6.98it/s]
[PerceiverResampler] 16 latents, 2 layers, 8 heads
[LatentBridgeV15] Telepathy Bridge - CONTINUOUS (no quantization)
  - src_dim: 4096
  - tgt_dim: 4096
  - num_latents: 16
  - mode: CONTINUOUS (Perceiver output directly)
  - target_rms: 0.0300
Training:   0%|          | 0/1000 [00:00<?, ?it/s]Training:   0%|          | 0/1000 [00:00<?, ?it/s]
Traceback (most recent call last):
  File "/projects/m000066/sujinesh/LatentWire/telepathy/train_telepathy_passkey.py", line 396, in <module>
    main()
  File "/projects/m000066/sujinesh/LatentWire/telepathy/train_telepathy_passkey.py", line 261, in main
    src_inputs = src_tok(
  File "/users/sujinesh/.local/lib/python3.10/site-packages/transformers/tokenization_utils_base.py", line 3021, in __call__
    encodings = self._call_one(text=text, text_pair=text_pair, **all_kwargs)
  File "/users/sujinesh/.local/lib/python3.10/site-packages/transformers/tokenization_utils_base.py", line 3109, in _call_one
    return self.batch_encode_plus(
  File "/users/sujinesh/.local/lib/python3.10/site-packages/transformers/tokenization_utils_base.py", line 3302, in batch_encode_plus
    padding_strategy, truncation_strategy, max_length, kwargs = self._get_padding_truncation_strategies(
  File "/users/sujinesh/.local/lib/python3.10/site-packages/transformers/tokenization_utils_base.py", line 2923, in _get_padding_truncation_strategies
    raise ValueError(
ValueError: Asking to pad but the tokenizer does not have a padding token. Please select a token to use as `pad_token` `(tokenizer.pad_token = tokenizer.eos_token e.g.)` or add a new pad token via `tokenizer.add_special_tokens({'pad_token': '[PAD]'})`.

Passkey Complete: Thu Dec  4 20:18:13 PST 2025

[2/3] BANKING77 (Bandwidth Stress Test)
Goal: Can 16 tokens distinguish 77 banking intents?
------------------------------------------------------
/users/sujinesh/.local/lib/python3.10/site-packages/transformers/utils/hub.py:128: FutureWarning: Using `TRANSFORMERS_CACHE` is deprecated and will be removed in v5 of Transformers. Use `HF_HOME` instead.
  warnings.warn(
============================================================
BANKING77 EXPERIMENT (77-class Bandwidth Test)
============================================================
Classes: 77 (vs AG News: 4)
Soft tokens: 16
Steps: 3000
============================================================

Loading Banking77...
The repository for PolyAI/banking77 contains custom code which must be executed to correctly load the dataset. You can inspect the repository content at https://hf.co/datasets/PolyAI/banking77.
You can avoid this prompt in future by passing the argument `trust_remote_code=True`.

Do you wish to run the custom code? [y/N] Traceback (most recent call last):
  File "/projects/m000066/sujinesh/LatentWire/telepathy/train_telepathy_banking77.py", line 291, in <module>
    main()
  File "/projects/m000066/sujinesh/LatentWire/telepathy/train_telepathy_banking77.py", line 131, in main
    dataset = load_dataset("PolyAI/banking77")
  File "/users/sujinesh/.local/lib/python3.10/site-packages/datasets/load.py", line 2132, in load_dataset
    builder_instance = load_dataset_builder(
  File "/users/sujinesh/.local/lib/python3.10/site-packages/datasets/load.py", line 1853, in load_dataset_builder
    dataset_module = dataset_module_factory(
  File "/users/sujinesh/.local/lib/python3.10/site-packages/datasets/load.py", line 1729, in dataset_module_factory
    raise e1 from None
  File "/users/sujinesh/.local/lib/python3.10/site-packages/datasets/load.py", line 1679, in dataset_module_factory
    ).get_module()
  File "/users/sujinesh/.local/lib/python3.10/site-packages/datasets/load.py", line 1329, in get_module
    trust_remote_code = resolve_trust_remote_code(self.trust_remote_code, self.name)
  File "/users/sujinesh/.local/lib/python3.10/site-packages/datasets/load.py", line 138, in resolve_trust_remote_code
    raise ValueError(
ValueError: The repository for PolyAI/banking77 contains custom code which must be executed to correctly load the dataset. You can inspect the repository content at https://hf.co/datasets/PolyAI/banking77.
Please pass the argument `trust_remote_code=True` to allow custom code to be run.

Banking77 Complete: Thu Dec  4 20:18:33 PST 2025

[3/3] TREC (Generalization Test)
Goal: Does bridge work on question type classification?
------------------------------------------------------
/users/sujinesh/.local/lib/python3.10/site-packages/transformers/utils/hub.py:128: FutureWarning: Using `TRANSFORMERS_CACHE` is deprecated and will be removed in v5 of Transformers. Use `HF_HOME` instead.
  warnings.warn(
============================================================
TREC EXPERIMENT (50-class Question Type Classification)
============================================================
Fine-grained classes: 50
Soft tokens: 16
Steps: 2000
============================================================

Loading TREC...
The repository for CogComp/trec contains custom code which must be executed to correctly load the dataset. You can inspect the repository content at https://hf.co/datasets/CogComp/trec.
You can avoid this prompt in future by passing the argument `trust_remote_code=True`.

Do you wish to run the custom code? [y/N] Traceback (most recent call last):
  File "/projects/m000066/sujinesh/LatentWire/telepathy/train_telepathy_trec.py", line 288, in <module>
    main()
  File "/projects/m000066/sujinesh/LatentWire/telepathy/train_telepathy_trec.py", line 128, in main
    dataset = load_dataset("CogComp/trec")
  File "/users/sujinesh/.local/lib/python3.10/site-packages/datasets/load.py", line 2132, in load_dataset
    builder_instance = load_dataset_builder(
  File "/users/sujinesh/.local/lib/python3.10/site-packages/datasets/load.py", line 1853, in load_dataset_builder
    dataset_module = dataset_module_factory(
  File "/users/sujinesh/.local/lib/python3.10/site-packages/datasets/load.py", line 1729, in dataset_module_factory
    raise e1 from None
  File "/users/sujinesh/.local/lib/python3.10/site-packages/datasets/load.py", line 1679, in dataset_module_factory
    ).get_module()
  File "/users/sujinesh/.local/lib/python3.10/site-packages/datasets/load.py", line 1329, in get_module
    trust_remote_code = resolve_trust_remote_code(self.trust_remote_code, self.name)
  File "/users/sujinesh/.local/lib/python3.10/site-packages/datasets/load.py", line 138, in resolve_trust_remote_code
    raise ValueError(
ValueError: The repository for CogComp/trec contains custom code which must be executed to correctly load the dataset. You can inspect the repository content at https://hf.co/datasets/CogComp/trec.
Please pass the argument `trust_remote_code=True` to allow custom code to be run.

TREC Complete: Thu Dec  4 20:18:53 PST 2025

============================================================
OVERNIGHT SUITE COMPLETE
============================================================
Finished: Thu Dec  4 20:18:53 PST 2025

Results saved to:
  - runs/passkey_20251204_201704/
  - runs/banking77_20251204_201704/
  - runs/trec_20251204_201704/

INTERPRETATION GUIDE:

PASSKEY (Precision):
  < 10%  : Bridge is 'vibe only' - can't transmit data
  10-80% : Bridge is lossy - try more tokens
  > 80%  : High-fidelity channel!

BANKING77 (77 classes):
  < 30%  : Bandwidth insufficient for fine-grained
  30-60% : Decent, but needs more tokens
  > 60%  : Excellent - bridge has massive capacity

TREC (50 classes, question types):
  < 20%  : Doesn't generalize to this domain
  20-50% : Partial generalization
  > 50%  : Excellent cross-domain transfer
============================================================
