/workspace/conda/envs/rosetta/lib/python3.10/site-packages/transformers/utils/hub.py:111: FutureWarning: Using `TRANSFORMERS_CACHE` is deprecated and will be removed in v5 of Transformers. Use `HF_HOME` instead.
  warnings.warn(
/workspace/conda/envs/rosetta/lib/python3.10/site-packages/huggingface_hub/file_download.py:979: UserWarning: `local_dir_use_symlinks` parameter is deprecated and will be ignored. The process to download files to a local folder has been updated and do not rely on symlinks anymore. You only need to pass a destination folder as`local_dir`.
For more details, check out https://huggingface.co/docs/huggingface_hub/main/en/guides/download#download-files-to-local-folder.
  warnings.warn(

Fetching 59 files:   0%|          | 0/59 [00:00<?, ?it/s]
Fetching 59 files: 100%|██████████| 59/59 [00:00<00:00, 919.65it/s]

/workspace/conda/envs/rosetta/lib/python3.10/site-packages/transformers/utils/hub.py:111: FutureWarning: Using `TRANSFORMERS_CACHE` is deprecated and will be removed in v5 of Transformers. Use `HF_HOME` instead.
  warnings.warn(
/workspace/conda/envs/rosetta/lib/python3.10/site-packages/huggingface_hub/file_download.py:979: UserWarning: `local_dir_use_symlinks` parameter is deprecated and will be ignored. The process to download files to a local folder has been updated and do not rely on symlinks anymore. You only need to pass a destination folder as`local_dir`.
For more details, check out https://huggingface.co/docs/huggingface_hub/main/en/guides/download#download-files-to-local-folder.
  warnings.warn(

Fetching 59 files:   0%|          | 0/59 [00:00<?, ?it/s]
Fetching 59 files: 100%|██████████| 59/59 [00:00<00:00, 1138.12it/s]

/workspace/conda/envs/rosetta/lib/python3.10/site-packages/transformers/utils/hub.py:111: FutureWarning: Using `TRANSFORMERS_CACHE` is deprecated and will be removed in v5 of Transformers. Use `HF_HOME` instead.
  warnings.warn(
/workspace/conda/envs/rosetta/lib/python3.10/site-packages/huggingface_hub/file_download.py:979: UserWarning: `local_dir_use_symlinks` parameter is deprecated and will be ignored. The process to download files to a local folder has been updated and do not rely on symlinks anymore. You only need to pass a destination folder as`local_dir`.
For more details, check out https://huggingface.co/docs/huggingface_hub/main/en/guides/download#download-files-to-local-folder.
  warnings.warn(

Fetching 59 files:   0%|          | 0/59 [00:00<?, ?it/s]
Fetching 59 files: 100%|██████████| 59/59 [00:00<00:00, 1234.78it/s]

/workspace/conda/envs/rosetta/lib/python3.10/site-packages/transformers/utils/hub.py:111: FutureWarning: Using `TRANSFORMERS_CACHE` is deprecated and will be removed in v5 of Transformers. Use `HF_HOME` instead.
  warnings.warn(

Generating test split:   0%|          | 0/14042 [00:00<?, ? examples/s]
Generating test split: 100%|██████████| 14042/14042 [00:00<00:00, 368706.36 examples/s]

Generating validation split:   0%|          | 0/1531 [00:00<?, ? examples/s]
Generating validation split: 100%|██████████| 1531/1531 [00:00<00:00, 198077.65 examples/s]

Generating dev split:   0%|          | 0/285 [00:00<?, ? examples/s]
Generating dev split: 100%|██████████| 285/285 [00:00<00:00, 76818.75 examples/s]

Generating auxiliary_train split:   0%|          | 0/99842 [00:00<?, ? examples/s]
Generating auxiliary_train split:   9%|▉         | 9000/99842 [00:00<00:01, 85556.72 examples/s]
Generating auxiliary_train split:  26%|██▌       | 26000/99842 [00:00<00:00, 127016.52 examples/s]
Generating auxiliary_train split:  42%|████▏     | 42000/99842 [00:00<00:00, 137207.64 examples/s]
Generating auxiliary_train split:  59%|█████▉    | 59000/99842 [00:00<00:00, 136828.97 examples/s]
Generating auxiliary_train split:  82%|████████▏ | 82000/99842 [00:00<00:00, 165198.92 examples/s]
Generating auxiliary_train split: 100%|██████████| 99842/99842 [00:00<00:00, 164682.51 examples/s]

Filtering: Token count filter (full chat): max 256:   0%|          | 0/1 [00:00<?, ? examples/s]
Filtering: Token count filter (full chat): max 256: 100%|██████████| 1/1 [00:00<00:00, 33.47 examples/s]
/workspace/conda/envs/rosetta/lib/python3.10/site-packages/torch/utils/data/dataset.py:473: UserWarning: Length of split at index 1 is 0. This might result in an empty dataset.
  warnings.warn(

Epoch 1/1:   0%|          | 0/1 [00:00<?, ?it/s]
Epoch 1/1:   0%|          | 0/1 [00:59<?, ?it/s, loss=3.3973, avg_loss=3.3973, lr=0.00e+00]
Epoch 1/1: 100%|██████████| 1/1 [01:00<00:00, 60.04s/it, loss=3.3973, avg_loss=3.3973, lr=0.00e+00]
Epoch 1/1: 100%|██████████| 1/1 [01:00<00:00, 60.87s/it, loss=3.3973, avg_loss=3.3973, lr=0.00e+00]

/workspace/conda/envs/rosetta/lib/python3.10/site-packages/transformers/utils/hub.py:111: FutureWarning: Using `TRANSFORMERS_CACHE` is deprecated and will be removed in v5 of Transformers. Use `HF_HOME` instead.
  warnings.warn(
/workspace/conda/envs/rosetta/lib/python3.10/site-packages/huggingface_hub/file_download.py:979: UserWarning: `local_dir_use_symlinks` parameter is deprecated and will be ignored. The process to download files to a local folder has been updated and do not rely on symlinks anymore. You only need to pass a destination folder as`local_dir`.
For more details, check out https://huggingface.co/docs/huggingface_hub/main/en/guides/download#download-files-to-local-folder.
  warnings.warn(

Fetching 59 files:   0%|          | 0/59 [00:00<?, ?it/s]
Fetching 59 files: 100%|██████████| 59/59 [00:00<00:00, 1058.90it/s]

quantization/submit_milestones.slurm: line 356: [: : integer expression expected
quantization/submit_milestones.slurm: line 356: [: : integer expression expected
/workspace/conda/envs/rosetta/lib/python3.10/site-packages/transformers/utils/hub.py:111: FutureWarning: Using `TRANSFORMERS_CACHE` is deprecated and will be removed in v5 of Transformers. Use `HF_HOME` instead.
  warnings.warn(
/workspace/conda/envs/rosetta/lib/python3.10/site-packages/huggingface_hub/file_download.py:979: UserWarning: `local_dir_use_symlinks` parameter is deprecated and will be ignored. The process to download files to a local folder has been updated and do not rely on symlinks anymore. You only need to pass a destination folder as`local_dir`.
For more details, check out https://huggingface.co/docs/huggingface_hub/main/en/guides/download#download-files-to-local-folder.
  warnings.warn(

Fetching 59 files:   0%|          | 0/59 [00:00<?, ?it/s]
Fetching 59 files: 100%|██████████| 59/59 [00:00<00:00, 954.41it/s]

quantization/submit_milestones.slurm: line 356: [: : integer expression expected
quantization/submit_milestones.slurm: line 356: [: : integer expression expected
/workspace/conda/envs/rosetta/lib/python3.10/site-packages/transformers/utils/hub.py:111: FutureWarning: Using `TRANSFORMERS_CACHE` is deprecated and will be removed in v5 of Transformers. Use `HF_HOME` instead.
  warnings.warn(
/workspace/conda/envs/rosetta/lib/python3.10/site-packages/huggingface_hub/file_download.py:979: UserWarning: `local_dir_use_symlinks` parameter is deprecated and will be ignored. The process to download files to a local folder has been updated and do not rely on symlinks anymore. You only need to pass a destination folder as`local_dir`.
For more details, check out https://huggingface.co/docs/huggingface_hub/main/en/guides/download#download-files-to-local-folder.
  warnings.warn(

Fetching 59 files:   0%|          | 0/59 [00:00<?, ?it/s]
Fetching 59 files: 100%|██████████| 59/59 [00:00<00:00, 1024.92it/s]

quantization/submit_milestones.slurm: line 356: [: : integer expression expected
quantization/submit_milestones.slurm: line 356: [: : integer expression expected
/workspace/conda/envs/rosetta/lib/python3.10/site-packages/transformers/utils/hub.py:111: FutureWarning: Using `TRANSFORMERS_CACHE` is deprecated and will be removed in v5 of Transformers. Use `HF_HOME` instead.
  warnings.warn(
/workspace/conda/envs/rosetta/lib/python3.10/site-packages/huggingface_hub/file_download.py:979: UserWarning: `local_dir_use_symlinks` parameter is deprecated and will be ignored. The process to download files to a local folder has been updated and do not rely on symlinks anymore. You only need to pass a destination folder as`local_dir`.
For more details, check out https://huggingface.co/docs/huggingface_hub/main/en/guides/download#download-files-to-local-folder.
  warnings.warn(

Fetching 59 files:   0%|          | 0/59 [00:00<?, ?it/s]
Fetching 59 files: 100%|██████████| 59/59 [00:00<00:00, 1023.00it/s]

quantization/submit_milestones.slurm: line 356: [: : integer expression expected
