/projects/m000066/sujinesh/conda/envs/rosetta/lib/python3.10/site-packages/transformers/utils/hub.py:111: FutureWarning: Using `TRANSFORMERS_CACHE` is deprecated and will be removed in v5 of Transformers. Use `HF_HOME` instead.
  warnings.warn(
/projects/m000066/sujinesh/conda/envs/rosetta/lib/python3.10/site-packages/huggingface_hub/file_download.py:979: UserWarning: `local_dir_use_symlinks` parameter is deprecated and will be ignored. The process to download files to a local folder has been updated and do not rely on symlinks anymore. You only need to pass a destination folder as`local_dir`.
For more details, check out https://huggingface.co/docs/huggingface_hub/main/en/guides/download#download-files-to-local-folder.
  warnings.warn(

Fetching 59 files:   0%|          | 0/59 [00:00<?, ?it/s]
Fetching 59 files:   2%|▏         | 1/59 [00:00<00:06,  8.41it/s]
Fetching 59 files: 100%|██████████| 59/59 [00:00<00:00, 363.16it/s]

/projects/m000066/sujinesh/conda/envs/rosetta/lib/python3.10/site-packages/transformers/utils/hub.py:111: FutureWarning: Using `TRANSFORMERS_CACHE` is deprecated and will be removed in v5 of Transformers. Use `HF_HOME` instead.
  warnings.warn(
/projects/m000066/sujinesh/conda/envs/rosetta/lib/python3.10/site-packages/huggingface_hub/file_download.py:979: UserWarning: `local_dir_use_symlinks` parameter is deprecated and will be ignored. The process to download files to a local folder has been updated and do not rely on symlinks anymore. You only need to pass a destination folder as`local_dir`.
For more details, check out https://huggingface.co/docs/huggingface_hub/main/en/guides/download#download-files-to-local-folder.
  warnings.warn(

Fetching 59 files:   0%|          | 0/59 [00:00<?, ?it/s]
Fetching 59 files: 100%|██████████| 59/59 [00:00<00:00, 37665.74it/s]

/projects/m000066/sujinesh/conda/envs/rosetta/lib/python3.10/site-packages/transformers/utils/hub.py:111: FutureWarning: Using `TRANSFORMERS_CACHE` is deprecated and will be removed in v5 of Transformers. Use `HF_HOME` instead.
  warnings.warn(
/projects/m000066/sujinesh/conda/envs/rosetta/lib/python3.10/site-packages/huggingface_hub/file_download.py:979: UserWarning: `local_dir_use_symlinks` parameter is deprecated and will be ignored. The process to download files to a local folder has been updated and do not rely on symlinks anymore. You only need to pass a destination folder as`local_dir`.
For more details, check out https://huggingface.co/docs/huggingface_hub/main/en/guides/download#download-files-to-local-folder.
  warnings.warn(

Fetching 59 files:   0%|          | 0/59 [00:00<?, ?it/s]
Fetching 59 files: 100%|██████████| 59/59 [00:00<00:00, 48126.01it/s]

/projects/m000066/sujinesh/conda/envs/rosetta/lib/python3.10/site-packages/transformers/utils/hub.py:111: FutureWarning: Using `TRANSFORMERS_CACHE` is deprecated and will be removed in v5 of Transformers. Use `HF_HOME` instead.
  warnings.warn(
/projects/m000066/sujinesh/conda/envs/rosetta/lib/python3.10/site-packages/huggingface_hub/file_download.py:979: UserWarning: `local_dir_use_symlinks` parameter is deprecated and will be ignored. The process to download files to a local folder has been updated and do not rely on symlinks anymore. You only need to pass a destination folder as`local_dir`.
For more details, check out https://huggingface.co/docs/huggingface_hub/main/en/guides/download#download-files-to-local-folder.
  warnings.warn(

Fetching 59 files:   0%|          | 0/59 [00:00<?, ?it/s]
Fetching 59 files: 100%|██████████| 59/59 [00:00<00:00, 38702.52it/s]

/projects/m000066/sujinesh/conda/envs/rosetta/lib/python3.10/site-packages/transformers/utils/hub.py:111: FutureWarning: Using `TRANSFORMERS_CACHE` is deprecated and will be removed in v5 of Transformers. Use `HF_HOME` instead.
  warnings.warn(
/projects/m000066/sujinesh/conda/envs/rosetta/lib/python3.10/site-packages/huggingface_hub/file_download.py:979: UserWarning: `local_dir_use_symlinks` parameter is deprecated and will be ignored. The process to download files to a local folder has been updated and do not rely on symlinks anymore. You only need to pass a destination folder as`local_dir`.
For more details, check out https://huggingface.co/docs/huggingface_hub/main/en/guides/download#download-files-to-local-folder.
  warnings.warn(

Fetching 59 files:   0%|          | 0/59 [00:00<?, ?it/s]
Fetching 59 files: 100%|██████████| 59/59 [00:00<00:00, 35046.58it/s]

Traceback (most recent call last):
  File "<stdin>", line 2, in <module>
ModuleNotFoundError: No module named 'datasets'
