/workspace/conda/envs/rosetta/lib/python3.10/site-packages/transformers/utils/hub.py:111: FutureWarning: Using `TRANSFORMERS_CACHE` is deprecated and will be removed in v5 of Transformers. Use `HF_HOME` instead.
  warnings.warn(
/workspace/conda/envs/rosetta/lib/python3.10/site-packages/huggingface_hub/file_download.py:979: UserWarning: `local_dir_use_symlinks` parameter is deprecated and will be ignored. The process to download files to a local folder has been updated and do not rely on symlinks anymore. You only need to pass a destination folder as`local_dir`.
For more details, check out https://huggingface.co/docs/huggingface_hub/main/en/guides/download#download-files-to-local-folder.
  warnings.warn(
Fetching 59 files:   0%|          | 0/59 [00:00<?, ?it/s]Fetching 59 files: 100%|██████████| 59/59 [00:00<00:00, 1095.94it/s]
/workspace/conda/envs/rosetta/lib/python3.10/site-packages/transformers/utils/hub.py:111: FutureWarning: Using `TRANSFORMERS_CACHE` is deprecated and will be removed in v5 of Transformers. Use `HF_HOME` instead.
  warnings.warn(
/workspace/conda/envs/rosetta/lib/python3.10/site-packages/huggingface_hub/file_download.py:979: UserWarning: `local_dir_use_symlinks` parameter is deprecated and will be ignored. The process to download files to a local folder has been updated and do not rely on symlinks anymore. You only need to pass a destination folder as`local_dir`.
For more details, check out https://huggingface.co/docs/huggingface_hub/main/en/guides/download#download-files-to-local-folder.
  warnings.warn(
Fetching 59 files:   0%|          | 0/59 [00:00<?, ?it/s]Fetching 59 files: 100%|██████████| 59/59 [00:00<00:00, 1200.07it/s]
/workspace/conda/envs/rosetta/lib/python3.10/site-packages/transformers/utils/hub.py:111: FutureWarning: Using `TRANSFORMERS_CACHE` is deprecated and will be removed in v5 of Transformers. Use `HF_HOME` instead.
  warnings.warn(
/workspace/conda/envs/rosetta/lib/python3.10/site-packages/huggingface_hub/file_download.py:979: UserWarning: `local_dir_use_symlinks` parameter is deprecated and will be ignored. The process to download files to a local folder has been updated and do not rely on symlinks anymore. You only need to pass a destination folder as`local_dir`.
For more details, check out https://huggingface.co/docs/huggingface_hub/main/en/guides/download#download-files-to-local-folder.
  warnings.warn(
Fetching 59 files:   0%|          | 0/59 [00:00<?, ?it/s]Fetching 59 files: 100%|██████████| 59/59 [00:00<00:00, 1162.56it/s]
/workspace/conda/envs/rosetta/lib/python3.10/site-packages/transformers/utils/hub.py:111: FutureWarning: Using `TRANSFORMERS_CACHE` is deprecated and will be removed in v5 of Transformers. Use `HF_HOME` instead.
  warnings.warn(
/workspace/conda/envs/rosetta/lib/python3.10/site-packages/huggingface_hub/file_download.py:979: UserWarning: `local_dir_use_symlinks` parameter is deprecated and will be ignored. The process to download files to a local folder has been updated and do not rely on symlinks anymore. You only need to pass a destination folder as`local_dir`.
For more details, check out https://huggingface.co/docs/huggingface_hub/main/en/guides/download#download-files-to-local-folder.
  warnings.warn(
Fetching 59 files:   0%|          | 0/59 [00:00<?, ?it/s]Fetching 59 files: 100%|██████████| 59/59 [00:00<00:00, 990.13it/s]
/workspace/conda/envs/rosetta/lib/python3.10/site-packages/transformers/utils/hub.py:111: FutureWarning: Using `TRANSFORMERS_CACHE` is deprecated and will be removed in v5 of Transformers. Use `HF_HOME` instead.
  warnings.warn(
/workspace/conda/envs/rosetta/lib/python3.10/site-packages/huggingface_hub/file_download.py:979: UserWarning: `local_dir_use_symlinks` parameter is deprecated and will be ignored. The process to download files to a local folder has been updated and do not rely on symlinks anymore. You only need to pass a destination folder as`local_dir`.
For more details, check out https://huggingface.co/docs/huggingface_hub/main/en/guides/download#download-files-to-local-folder.
  warnings.warn(
Fetching 59 files:   0%|          | 0/59 [00:00<?, ?it/s]Fetching 59 files: 100%|██████████| 59/59 [00:00<00:00, 1406.09it/s]
/workspace/conda/envs/rosetta/lib/python3.10/site-packages/transformers/utils/hub.py:111: FutureWarning: Using `TRANSFORMERS_CACHE` is deprecated and will be removed in v5 of Transformers. Use `HF_HOME` instead.
  warnings.warn(
/workspace/conda/envs/rosetta/lib/python3.10/site-packages/huggingface_hub/file_download.py:979: UserWarning: `local_dir_use_symlinks` parameter is deprecated and will be ignored. The process to download files to a local folder has been updated and do not rely on symlinks anymore. You only need to pass a destination folder as`local_dir`.
For more details, check out https://huggingface.co/docs/huggingface_hub/main/en/guides/download#download-files-to-local-folder.
  warnings.warn(
Fetching 59 files:   0%|          | 0/59 [00:00<?, ?it/s]Fetching 59 files: 100%|██████████| 59/59 [00:00<00:00, 1035.12it/s]
/workspace/conda/envs/rosetta/lib/python3.10/site-packages/transformers/utils/hub.py:111: FutureWarning: Using `TRANSFORMERS_CACHE` is deprecated and will be removed in v5 of Transformers. Use `HF_HOME` instead.
  warnings.warn(
/workspace/conda/envs/rosetta/lib/python3.10/site-packages/huggingface_hub/file_download.py:979: UserWarning: `local_dir_use_symlinks` parameter is deprecated and will be ignored. The process to download files to a local folder has been updated and do not rely on symlinks anymore. You only need to pass a destination folder as`local_dir`.
For more details, check out https://huggingface.co/docs/huggingface_hub/main/en/guides/download#download-files-to-local-folder.
  warnings.warn(
Fetching 59 files:   0%|          | 0/59 [00:00<?, ?it/s]Fetching 59 files: 100%|██████████| 59/59 [00:00<00:00, 1143.32it/s]
