[RESUME] Found incomplete run at runs/reasoning_final_20260120_145048/standard_bridge/run_20260120_145055 - will resume
[2026-01-20 17:31:42] Initializing experiment registry at runs/experiment_registry.json
==============================================================
REASONING-FOCUSED FINAL EXPERIMENTS (Publication Ready)
==============================================================
Job ID: 152016
Node: n13
GPUs: 0,1
Start time: Tue Jan 20 05:31:42 PM PST 2026

REASONING BENCHMARKS:
  - ARC-Easy (science)
  - WinoGrande (commonsense)
  - HellaSwag (situational)
  - BoolQ (reading comprehension)

GPU ALLOCATION:
  - GPU 0: Standard bridge (hail mary) + baselines (zero-shot, few-shot, DoRA, prompt tuning, linear probe)
  - GPU 1: Novel bridges + token capacity + latency/memory/throughput/batched benchmarks
==============================================================
Already up to date.

index, name, memory.free [MiB]
0, NVIDIA H100 80GB HBM3, 81106 MiB
1, NVIDIA H100 80GB HBM3, 81106 MiB


[2026-01-20 17:31:44] Starting parallel execution on 2 GPUs...

[2026-01-20 17:31:44] GPU 0 PID: 180343 (Standard Bridge + Baselines)
[2026-01-20 17:31:44] GPU 1 PID: 180344 (Novel Bridges + Benchmarks)

[2026-01-20 17:31:44] [GPU 1] Starting: Novel Bridges + Token Capacity + All Benchmarks

[2026-01-20 17:31:44] [GPU 0] Starting: Standard Bridge + Baselines
[2026-01-20 17:31:44] [GPU 1] Testing flow_matching on ARC-Easy (seed=42)
[2026-01-20 17:31:44] [GPU 0] Running Hail Mary Reasoning Evaluation
[2026-01-20 17:31:44] [GPU 0] RESUMING hail_mary from: runs/reasoning_final_20260120_145048/standard_bridge/run_20260120_145055
[2026-01-20 17:31:44] SKIP: flow_matching_arc_easy_seed42 (already completed)

[2026-01-20 17:31:44] [GPU 1] Testing optimal_transport on ARC-Easy (seed=42)
[2026-01-20 17:31:44] SKIP: optimal_transport_arc_easy_seed42 (already completed)

Started: hail_mary_reasoning
[2026-01-20 17:31:44] [GPU 1] Testing moe on ARC-Easy (seed=42)
[2026-01-20 17:31:44] START: hail_mary_reasoning
[2026-01-20 17:31:44] SKIP: moe_arc_easy_seed42 (already completed)

[2026-01-20 17:31:44] [GPU 1] Starting HAIL MARY Bridge Experiments (6 literature-informed bridges)

[2026-01-20 17:31:44] [GPU 1] Testing HAIL MARY cross_modal_distillation on ARC-Easy (seed=42)
[2026-01-20 17:31:44] SKIP: hailmary_cross_modal_distillation_arc_easy_seed42 (already completed)

[2026-01-20 17:31:44] [GPU 1] Testing HAIL MARY mine on ARC-Easy (seed=42)
[2026-01-20 17:31:44] SKIP: hailmary_mine_arc_easy_seed42 (already completed)

[2026-01-20 17:31:44] [GPU 1] Testing HAIL MARY mixture_of_depths on ARC-Easy (seed=42)
[2026-01-20 17:31:45] SKIP: hailmary_mixture_of_depths_arc_easy_seed42 (already completed)

[2026-01-20 17:31:45] [GPU 1] Testing HAIL MARY thalamic_relay on ARC-Easy (seed=42)
[2026-01-20 17:31:45] SKIP: hailmary_thalamic_relay_arc_easy_seed42 (already completed)

[2026-01-20 17:31:45] [GPU 1] Testing HAIL MARY domain_adversarial on ARC-Easy (seed=42)
[2026-01-20 17:31:45] SKIP: hailmary_domain_adversarial_arc_easy_seed42 (already completed)

[2026-01-20 17:31:45] [GPU 1] Testing HAIL MARY successive_refinement on ARC-Easy (seed=42)
[2026-01-20 17:31:45] SKIP: hailmary_successive_refinement_arc_easy_seed42 (already completed)

[2026-01-20 17:31:45] [GPU 1] Token Capacity Scaling on Reasoning (4, 8, 16, 32 tokens, 3 seeds)
[2026-01-20 17:31:45] [GPU 1] Testing 4 soft tokens on ARC-Easy (seed=42)
[2026-01-20 17:31:45] SKIP: token_capacity_4_seed42 (already completed)
[2026-01-20 17:31:45] [GPU 1] Testing 8 soft tokens on ARC-Easy (seed=42)
[2026-01-20 17:31:45] SKIP: token_capacity_8_seed42 (already completed)
[2026-01-20 17:31:45] [GPU 1] Testing 16 soft tokens on ARC-Easy (seed=42)
[2026-01-20 17:31:45] SKIP: token_capacity_16_seed42 (already completed)
[2026-01-20 17:31:45] [GPU 1] Testing 32 soft tokens on ARC-Easy (seed=42)
[2026-01-20 17:31:45] SKIP: token_capacity_32_seed42 (already completed)

[2026-01-20 17:31:45] [GPU 1] Training Bridge on GSM8K (Math Reasoning)
[2026-01-20 17:31:45] [GPU 1] Training Mixture of Depths bridge on GSM8K (seed=42)
[2026-01-20 17:31:45] SKIP: bridge_gsm8k_mod_seed42 (already completed)

[2026-01-20 17:31:45] [GPU 1] Running Ridge Regression Baseline on ARC-Easy
[2026-01-20 17:31:46] SKIP: ridge_regression_arc_easy (already completed)

[2026-01-20 17:31:46] [GPU 1] Running Latency Benchmarks
/users/sujinesh/.local/lib/python3.10/site-packages/transformers/utils/hub.py:128: FutureWarning: Using `TRANSFORMERS_CACHE` is deprecated and will be removed in v5 of Transformers. Use `HF_HOME` instead.
  warnings.warn(
Starting enhanced evaluation run: runs/reasoning_final_20260120_145048/standard_bridge/run_20260120_145055
Using device: cuda:0
FAST MODE enabled
HAIL MARY MODE enabled - running simple reasoning datasets with layer-31 probe
Datasets: ['arc_easy', 'winogrande', 'hellaswag', 'boolq', 'sst2', 'agnews']
Linear probe layer: 31 (matching bridge layer)
Warning: statistical_testing.py not found, using basic statistics
RESUMING from: runs/reasoning_final_20260120_145048/standard_bridge/run_20260120_145055

Loading existing results...
Traceback (most recent call last):
  File "/scratch/m000066/sujinesh/LatentWire/telepathy/run_enhanced_paper_evaluation.py", line 3854, in <module>
    main()
  File "/scratch/m000066/sujinesh/LatentWire/telepathy/run_enhanced_paper_evaluation.py", line 3444, in main
    all_results = load_existing_results(run_dir, args.datasets, args.seeds)
  File "/scratch/m000066/sujinesh/LatentWire/telepathy/run_enhanced_paper_evaluation.py", line 3086, in load_existing_results
    result_path = get_result_file_path(run_dir, "same_model_bridge", dataset_key, seeds[0], num_tokens=16)
  File "/scratch/m000066/sujinesh/LatentWire/telepathy/run_enhanced_paper_evaluation.py", line 3007, in get_result_file_path
    raise ValueError(f"Unknown method: {method}")
ValueError: Unknown method: same_model_bridge
[2026-01-20 17:31:48] FAILED: hail_mary_reasoning (exit code: 1)
Failed: hail_mary_reasoning
[2026-01-20 17:31:48] [GPU 0] Hail mary evaluation completed

[2026-01-20 17:31:48] [GPU 0] Running Zero-Shot Baseline on all reasoning datasets
[2026-01-20 17:31:48] [GPU 0] Zero-shot on arc_easy
[2026-01-20 17:31:48] SKIP: zeroshot_arc_easy (already completed)
[2026-01-20 17:31:48] [GPU 0] Zero-shot on winogrande
[2026-01-20 17:31:48] SKIP: zeroshot_winogrande (already completed)
[2026-01-20 17:31:48] [GPU 0] Zero-shot on hellaswag
[2026-01-20 17:31:49] SKIP: zeroshot_hellaswag (already completed)
[2026-01-20 17:31:49] [GPU 0] Zero-shot on boolq
[2026-01-20 17:31:49] SKIP: zeroshot_boolq (already completed)

[2026-01-20 17:31:49] [GPU 0] Running Few-Shot Baseline (4-shot) on reasoning datasets
[2026-01-20 17:31:49] [GPU 0] Few-shot (4-shot) on arc_easy
[2026-01-20 17:31:49] SKIP: fewshot_arc_easy (already completed)
[2026-01-20 17:31:49] [GPU 0] Few-shot (4-shot) on winogrande
[2026-01-20 17:31:49] SKIP: fewshot_winogrande (already completed)
[2026-01-20 17:31:49] [GPU 0] Few-shot (4-shot) on hellaswag
[2026-01-20 17:31:49] SKIP: fewshot_hellaswag (already completed)
[2026-01-20 17:31:49] [GPU 0] Few-shot (4-shot) on boolq
[2026-01-20 17:31:49] SKIP: fewshot_boolq (already completed)

[2026-01-20 17:31:49] [GPU 0] Running DoRA Baseline (rank=8) on ARC-Easy
[2026-01-20 17:31:49] SKIP: dora_arc_easy (already completed)

[2026-01-20 17:31:49] [GPU 0] Running Prompt Tuning Baseline (8 tokens) on ARC-Easy
[2026-01-20 17:31:49] SKIP: prompt_tuning_arc_easy (already completed)

[2026-01-20 17:31:49] [GPU 0] Running Linear Probe Baseline (layer 31)
[2026-01-20 17:31:49] SKIP: linear_probe (already completed)

[2026-01-20 17:31:49] [GPU 0] Running Text Relay Baseline on ARC-Easy
[2026-01-20 17:31:49] SKIP: text_relay_arc_easy (already completed)

[2026-01-20 17:31:49] [GPU 0] Running Ensemble Baseline on ARC-Easy
[2026-01-20 17:31:49] SKIP: ensemble_arc_easy (already completed)

[2026-01-20 17:31:49] [GPU 0] Running GSM8K Math Reasoning Baselines
[2026-01-20 17:31:49] [GPU 0] Zero-shot on GSM8K
[2026-01-20 17:31:49] SKIP: zeroshot_gsm8k (already completed)
[2026-01-20 17:31:49] [GPU 0] Few-shot (4-shot) on GSM8K
[2026-01-20 17:31:49] SKIP: fewshot_gsm8k (already completed)
[2026-01-20 17:31:49] [GPU 0] All evaluations completed
[2026-01-20 17:31:49] GPU 0 finished
[2026-01-20 17:31:51] [GPU 1] No checkpoint found, running latency benchmark without bridge
[2026-01-20 17:31:51] SKIP: latency_benchmark_no_checkpoint (already completed)

[2026-01-20 17:31:51] [GPU 1] Running Batched Latency Benchmark (batch sizes: 1, 4, 8, 16)
[2026-01-20 17:31:51] SKIP: batched_latency_benchmark (already completed)

[2026-01-20 17:31:51] [GPU 1] Running Memory Benchmark
[2026-01-20 17:31:51] SKIP: memory_benchmark (already completed)

[2026-01-20 17:31:51] [GPU 1] Running Throughput Benchmark
[2026-01-20 17:31:51] SKIP: throughput_benchmark_no_checkpoint (already completed)
[2026-01-20 17:31:51] [GPU 1] All experiments completed
[2026-01-20 17:31:51] GPU 1 finished

==============================================================
AGGREGATING REASONING RESULTS
==============================================================
======================================================================
REASONING BENCHMARK RESULTS (Publication Ready)
======================================================================

ZERO-SHOT BASELINE (no training):
----------------------------------------

FEW-SHOT BASELINE (4-shot):
----------------------------------------

DORA BASELINE (rank=8, SOTA 2024):
----------------------------------------

PROMPT TUNING BASELINE (8 tokens, no sender):
----------------------------------------

NOVEL BRIDGES (ARC-Easy):
----------------------------------------

HAIL MARY BRIDGES (ARC-Easy):
----------------------------------------

TOKEN CAPACITY (ARC-Easy):
----------------------------------------

LATENCY BENCHMARKS:
----------------------------------------

BATCHED LATENCY (samples/sec by batch size):
----------------------------------------
======================================================================

==============================================================
EXPERIMENT SUMMARY
==============================================================
Total experiments run: 0
Successful: 0
Failed: 0
Skipped (already completed): 0

Registry summary:
{
  "total": 37,
  "completed": 36,
  "failed": 1,
  "pending": 0,
  "running": 0,
  "needs_rerun": 0,
  "by_error_category": {
    "unknown": 1
  }
}
==============================================================
[main 0596bd8] Reasoning experiments: job 152016 - 0/0 succeeded, 0 skipped
 3 files changed, 12 insertions(+), 5 deletions(-)
 create mode 100644 runs/reasoning_final_20260120_145048/standard_bridge/run_20260120_145055/enhanced_evaluation_20260120_173147.log
[2026-01-20 17:31:51] Git push attempt 1 of 3
[2026-01-20 17:31:53] Git push successful

==============================================================
REASONING EXPERIMENTS COMPLETED (Publication Ready)
==============================================================
Job ID: 152016
End time: Tue Jan 20 05:31:53 PM PST 2026
Total runtime: 11 seconds (0h 0m)

KEY EXPERIMENTS:
  1. Standard bridge on reasoning? (hail_mary)
  2. Zero-shot baseline? (baselines/zeroshot/)
  3. Few-shot baseline (4-shot)? (baselines/fewshot/)
  4. DoRA baseline (SOTA 2024)? (baselines/dora/)
  5. Prompt tuning (does sender help)? (baselines/prompt_tuning/)
  6. Linear probe upper bound? (baselines/linear_probe/)
  7. Novel bridges help? (novel_bridges/)
  8. More tokens help? (token_capacity: 4, 8, 16, 32)
  9. Latency advantage? (benchmarks/latency)
 10. Batched throughput scaling? (benchmarks/batched) - MLSys Critical

Results: runs/reasoning_final_20260120_145048
==============================================================
[2026-01-20 17:31:53] Job ending with exit code: 0
On branch main
Your branch is up to date with 'origin/main'.

Untracked files:
  (use "git add <file>..." to include in what will be committed)
	runs/reasoning_final_152016.err
	runs/reasoning_final_152016.log

nothing added to commit but untracked files present (use "git add" to track)
[2026-01-20 17:31:53] Git push attempt 1 of 3
[2026-01-20 17:31:54] Git push successful
