[2026-01-18 11:47:30] flow_matching_arc_easy_seed42 failed with exit code 1
[2026-01-18 11:47:59] optimal_transport_arc_easy_seed42 failed with exit code 1
[2026-01-18 11:48:29] moe_arc_easy_seed42 failed with exit code 1
[2026-01-18 11:48:57] hailmary_cross_modal_distillation_arc_easy_seed42 failed with exit code 1
[2026-01-18 11:49:26] hailmary_mine_arc_easy_seed42 failed with exit code 1
[2026-01-18 11:49:53] hailmary_mixture_of_depths_arc_easy_seed42 failed with exit code 1
[2026-01-18 11:50:22] hailmary_thalamic_relay_arc_easy_seed42 failed with exit code 1
[2026-01-18 11:50:50] hailmary_domain_adversarial_arc_easy_seed42 failed with exit code 1
[2026-01-18 11:51:19] hailmary_successive_refinement_arc_easy_seed42 failed with exit code 1
[2026-01-18 11:52:07] token_capacity_4_seed42 failed with exit code 1
[2026-01-18 11:53:01] token_capacity_8_seed42 failed with exit code 1
[2026-01-18 11:54:02] token_capacity_16_seed42 failed with exit code 1
[2026-01-18 11:55:04] token_capacity_32_seed42 failed with exit code 1
[2026-01-18 11:56:29] ridge_regression_arc_easy failed with exit code 1
[2026-01-18 11:57:11] latency_benchmark_no_checkpoint failed with exit code 1
[2026-01-18 11:57:47] batched_latency_benchmark failed with exit code 1
[2026-01-18 11:58:55] memory_benchmark failed with exit code 1
[2026-01-18 11:59:32] throughput_benchmark_no_checkpoint failed with exit code 1
[2026-01-18 15:07:11] zeroshot_arc_easy failed with exit code 1
[2026-01-18 15:07:16] zeroshot_winogrande failed with exit code 1
[2026-01-18 15:07:22] zeroshot_hellaswag failed with exit code 1
[2026-01-18 15:07:27] zeroshot_boolq failed with exit code 1
[2026-01-18 15:07:46] fewshot_arc_easy failed with exit code 1
[2026-01-18 15:07:51] fewshot_winogrande failed with exit code 1
[2026-01-18 15:07:56] fewshot_hellaswag failed with exit code 1
[2026-01-18 15:08:02] fewshot_boolq failed with exit code 1
[2026-01-18 15:08:17] dora_arc_easy failed with exit code 1
[2026-01-18 15:08:31] prompt_tuning_arc_easy failed with exit code 1
[2026-01-18 15:10:02] linear_probe failed with exit code 1
[2026-01-18 15:10:41] text_relay_arc_easy failed with exit code 1
[2026-01-18 15:10:57] ensemble_arc_easy failed with exit code 1
