=== FOCUSED HYPERPARAMETER SWEEP ===
Output: runs/focused_sweep_20251106_120543

========================================
Experiment: 1_conservative
Description: Lower LR, longer warmup, proven architecture
Start: Thu Nov  6 12:05:43 PST 2025
----------------------------------------
End: Thu Nov  6 12:55:23 PST 2025
[Final Eval] Target-alone acc: 0.730 | Bridged acc: 0.120

========================================
Experiment: 2_aggressive
Description: Higher LR, standard warmup, same architecture
Start: Thu Nov  6 12:55:23 PST 2025
----------------------------------------
End: Thu Nov  6 13:31:46 PST 2025
[Final Eval] Target-alone acc: 0.730 | Bridged acc: 0.125

========================================
Experiment: 3_high_capacity
Description: 64 tokens, 8 layers deep, might capture more
Start: Thu Nov  6 13:31:46 PST 2025
----------------------------------------
End: Thu Nov  6 14:16:15 PST 2025
[Final Eval] Target-alone acc: 0.730 | Bridged acc: 0.360

========================================
Experiment: 4_efficient
Description: Smaller bottleneck, fewer tokens, shallower
Start: Thu Nov  6 14:16:15 PST 2025
----------------------------------------
End: Thu Nov  6 15:00:01 PST 2025
[Final Eval] Target-alone acc: 0.730 | Bridged acc: 0.420

========================================
SWEEP COMPLETE at Thu Nov  6 15:00:01 PST 2025

RESULTS SUMMARY:
----------------------------------------
Experiment       Target-Alone  Bridged  Gap
1_conservative   0.730         0.120    0.610
2_aggressive     0.730         0.125    0.605
3_high_capacity  0.730         0.360    0.370
4_efficient      0.730         0.420    0.310

All logs saved to: runs/focused_sweep_20251106_120543
Analysis script created: runs/focused_sweep_20251106_120543/analyze.py
Run 'python runs/focused_sweep_20251106_120543/analyze.py' after completion for detailed analysis
