/users/sujinesh/.local/lib/python3.10/site-packages/transformers/utils/hub.py:128: FutureWarning: Using `TRANSFORMERS_CACHE` is deprecated and will be removed in v5 of Transformers. Use `HF_HOME` instead.
  warnings.warn(
============================================================
TELEPATHY TRAINING: ARC_EASY
============================================================

Dataset: arc_easy (5 classes)
Random baseline: 20.0%
Source layer: 31
Soft tokens: 8
Steps: 1500
Diversity weight: 0.1
============================================================
Downloading shards:   0%|          | 0/4 [00:00<?, ?it/s]Downloading shards: 100%|██████████| 4/4 [00:00<00:00, 2253.19it/s]
Loading checkpoint shards:   0%|          | 0/4 [00:00<?, ?it/s]Loading checkpoint shards:  25%|██▌       | 1/4 [00:04<00:12,  4.31s/it]Loading checkpoint shards:  50%|█████     | 2/4 [00:08<00:08,  4.11s/it]Loading checkpoint shards:  75%|███████▌  | 3/4 [00:12<00:03,  4.00s/it]Loading checkpoint shards: 100%|██████████| 4/4 [00:13<00:00,  2.82s/it]Loading checkpoint shards: 100%|██████████| 4/4 [00:13<00:00,  3.29s/it]
Downloading shards:   0%|          | 0/3 [00:00<?, ?it/s]Downloading shards: 100%|██████████| 3/3 [00:00<00:00, 3277.65it/s]
Loading checkpoint shards:   0%|          | 0/3 [00:00<?, ?it/s]Loading checkpoint shards:  33%|███▎      | 1/3 [00:03<00:07,  3.84s/it]Loading checkpoint shards:  67%|██████▋   | 2/3 [00:07<00:03,  3.86s/it]Loading checkpoint shards: 100%|██████████| 3/3 [00:11<00:00,  3.62s/it]Loading checkpoint shards: 100%|██████████| 3/3 [00:11<00:00,  3.69s/it]
2026-01-19 16:17:17,480 - INFO - SuccessiveRefinementBridge: max 16 tokens, using 8
Target embedding RMS: 0.0027
Using Successive Refinement Bridge - Progressive token generation

Training on 2251 samples
Validation: 2376 samples
Starting training...

ARC_EASY:   0%|                                                            | 0/1500 [00:00<?, ?it/s]ARC_EASY:   0%|                                                            | 0/1500 [00:00<?, ?it/s]
Traceback (most recent call last):
  File "/scratch/m000066/sujinesh/LatentWire/telepathy/train_telepathy.py", line 1320, in main
    loss, loss_dict = train_step(
  File "/scratch/m000066/sujinesh/LatentWire/telepathy/train_telepathy.py", line 749, in train_step
    soft_tokens, aux_loss, diversity, z_variance = bridge_module(src_h, src_mask)
  File "/users/sujinesh/.local/lib/python3.10/site-packages/torch/nn/modules/module.py", line 1736, in _wrapped_call_impl
    return self._call_impl(*args, **kwargs)
  File "/users/sujinesh/.local/lib/python3.10/site-packages/torch/nn/modules/module.py", line 1747, in _call_impl
    return forward_call(*args, **kwargs)
  File "/scratch/m000066/sujinesh/LatentWire/telepathy/cross_model_experiments.py", line 1910, in forward
    src_proj = self.input_proj(src_hidden.to(self.input_proj.weight.dtype))
  File "/users/sujinesh/.local/lib/python3.10/site-packages/torch/nn/modules/module.py", line 1931, in __getattr__
    raise AttributeError(
AttributeError: 'Identity' object has no attribute 'weight'

[ERROR] Training interrupted by exception at step 1
[ERROR] AttributeError: 'Identity' object has no attribute 'weight'

[EMERGENCY] Checkpoint saved to runs/reasoning_final_20260119_153744/novel_bridges/hailmary_successive_refinement_arc_easy_seed42/emergency_checkpoint_step0.pt
[EMERGENCY] Error: AttributeError: 'Identity' object has no attribute 'weight'
Traceback (most recent call last):
  File "/scratch/m000066/sujinesh/LatentWire/telepathy/train_telepathy.py", line 1565, in <module>
    main()
  File "/scratch/m000066/sujinesh/LatentWire/telepathy/train_telepathy.py", line 1320, in main
    loss, loss_dict = train_step(
  File "/scratch/m000066/sujinesh/LatentWire/telepathy/train_telepathy.py", line 749, in train_step
    soft_tokens, aux_loss, diversity, z_variance = bridge_module(src_h, src_mask)
  File "/users/sujinesh/.local/lib/python3.10/site-packages/torch/nn/modules/module.py", line 1736, in _wrapped_call_impl
    return self._call_impl(*args, **kwargs)
  File "/users/sujinesh/.local/lib/python3.10/site-packages/torch/nn/modules/module.py", line 1747, in _call_impl
    return forward_call(*args, **kwargs)
  File "/scratch/m000066/sujinesh/LatentWire/telepathy/cross_model_experiments.py", line 1910, in forward
    src_proj = self.input_proj(src_hidden.to(self.input_proj.weight.dtype))
  File "/users/sujinesh/.local/lib/python3.10/site-packages/torch/nn/modules/module.py", line 1931, in __getattr__
    raise AttributeError(
AttributeError: 'Identity' object has no attribute 'weight'
