/users/sujinesh/.local/lib/python3.10/site-packages/transformers/utils/hub.py:128: FutureWarning: Using `TRANSFORMERS_CACHE` is deprecated and will be removed in v5 of Transformers. Use `HF_HOME` instead.
  warnings.warn(
============================================================
TELEPATHY TRAINING: ARC_EASY
============================================================

Dataset: arc_easy (5 classes)
Random baseline: 20.0%
Source layer: 31
Soft tokens: 8
Steps: 1500
Diversity weight: 0.1
============================================================
Downloading shards:   0%|          | 0/4 [00:00<?, ?it/s]Downloading shards: 100%|██████████| 4/4 [00:00<00:00, 3584.11it/s]
Loading checkpoint shards:   0%|          | 0/4 [00:00<?, ?it/s]Loading checkpoint shards:  25%|██▌       | 1/4 [00:02<00:08,  2.85s/it]Loading checkpoint shards:  50%|█████     | 2/4 [00:06<00:06,  3.19s/it]Loading checkpoint shards:  75%|███████▌  | 3/4 [00:10<00:03,  3.55s/it]Loading checkpoint shards: 100%|██████████| 4/4 [00:11<00:00,  2.59s/it]Loading checkpoint shards: 100%|██████████| 4/4 [00:11<00:00,  2.85s/it]
Downloading shards:   0%|          | 0/3 [00:00<?, ?it/s]Downloading shards: 100%|██████████| 3/3 [00:00<00:00, 3547.48it/s]
Loading checkpoint shards:   0%|          | 0/3 [00:00<?, ?it/s]Loading checkpoint shards:  33%|███▎      | 1/3 [00:03<00:07,  3.77s/it]Loading checkpoint shards:  67%|██████▋   | 2/3 [00:07<00:03,  3.55s/it]Loading checkpoint shards: 100%|██████████| 3/3 [00:10<00:00,  3.49s/it]Loading checkpoint shards: 100%|██████████| 3/3 [00:10<00:00,  3.53s/it]
2026-01-19 15:38:16,715 - INFO - OptimalTransportBridge: 8 anchors, eps=0.1
Target embedding RMS: 0.0027
Using Optimal Transport Bridge (NOVEL) - epsilon=0.1

Training on 2251 samples
Validation: 2376 samples
Starting training...

ARC_EASY:   0%|                                                            | 0/1500 [00:00<?, ?it/s]ARC_EASY:   0%|                                                            | 0/1500 [00:00<?, ?it/s]
Traceback (most recent call last):
  File "/scratch/m000066/sujinesh/LatentWire/telepathy/train_telepathy.py", line 1320, in main
    loss, loss_dict = train_step(
  File "/scratch/m000066/sujinesh/LatentWire/telepathy/train_telepathy.py", line 749, in train_step
    soft_tokens, aux_loss, diversity, z_variance = bridge_module(src_h, src_mask)
  File "/users/sujinesh/.local/lib/python3.10/site-packages/torch/nn/modules/module.py", line 1736, in _wrapped_call_impl
    return self._call_impl(*args, **kwargs)
  File "/users/sujinesh/.local/lib/python3.10/site-packages/torch/nn/modules/module.py", line 1747, in _call_impl
    return forward_call(*args, **kwargs)
  File "/scratch/m000066/sujinesh/LatentWire/telepathy/cross_model_experiments.py", line 259, in forward
    P = self.sinkhorn(C, a, b)  # [B, S, K]
  File "/scratch/m000066/sujinesh/LatentWire/telepathy/cross_model_experiments.py", line 215, in sinkhorn
    v = b / (torch.bmm(K.transpose(1, 2), u.unsqueeze(-1)).squeeze(-1) + 1e-8)
RuntimeError: expected scalar type Float but found BFloat16

[ERROR] Training interrupted by exception at step 1
[ERROR] RuntimeError: expected scalar type Float but found BFloat16

[EMERGENCY] Checkpoint saved to runs/reasoning_final_20260119_153744/novel_bridges/optimal_transport_arc_easy_seed42/emergency_checkpoint_step0.pt
[EMERGENCY] Error: RuntimeError: expected scalar type Float but found BFloat16
Traceback (most recent call last):
  File "/scratch/m000066/sujinesh/LatentWire/telepathy/train_telepathy.py", line 1565, in <module>
    main()
  File "/scratch/m000066/sujinesh/LatentWire/telepathy/train_telepathy.py", line 1320, in main
    loss, loss_dict = train_step(
  File "/scratch/m000066/sujinesh/LatentWire/telepathy/train_telepathy.py", line 749, in train_step
    soft_tokens, aux_loss, diversity, z_variance = bridge_module(src_h, src_mask)
  File "/users/sujinesh/.local/lib/python3.10/site-packages/torch/nn/modules/module.py", line 1736, in _wrapped_call_impl
    return self._call_impl(*args, **kwargs)
  File "/users/sujinesh/.local/lib/python3.10/site-packages/torch/nn/modules/module.py", line 1747, in _call_impl
    return forward_call(*args, **kwargs)
  File "/scratch/m000066/sujinesh/LatentWire/telepathy/cross_model_experiments.py", line 259, in forward
    P = self.sinkhorn(C, a, b)  # [B, S, K]
  File "/scratch/m000066/sujinesh/LatentWire/telepathy/cross_model_experiments.py", line 215, in sinkhorn
    v = b / (torch.bmm(K.transpose(1, 2), u.unsqueeze(-1)).squeeze(-1) + 1e-8)
RuntimeError: expected scalar type Float but found BFloat16
