/users/sujinesh/.local/lib/python3.10/site-packages/transformers/utils/hub.py:128: FutureWarning: Using `TRANSFORMERS_CACHE` is deprecated and will be removed in v5 of Transformers. Use `HF_HOME` instead.
  warnings.warn(
Starting enhanced evaluation run: runs/reasoning_final_20260120_145048/standard_bridge/run_20260120_145055
Using device: cuda:0
FAST MODE enabled
HAIL MARY MODE enabled - running simple reasoning datasets with layer-31 probe
Datasets: ['arc_easy', 'winogrande', 'hellaswag', 'boolq', 'sst2', 'agnews']
Linear probe layer: 31 (matching bridge layer)
Warning: statistical_testing.py not found, using basic statistics
RESUMING from: runs/reasoning_final_20260120_145048/standard_bridge/run_20260120_145055

Loading existing results...
Traceback (most recent call last):
  File "/scratch/m000066/sujinesh/LatentWire/telepathy/run_enhanced_paper_evaluation.py", line 3854, in <module>
    main()
  File "/scratch/m000066/sujinesh/LatentWire/telepathy/run_enhanced_paper_evaluation.py", line 3444, in main
    all_results = load_existing_results(run_dir, args.datasets, args.seeds)
  File "/scratch/m000066/sujinesh/LatentWire/telepathy/run_enhanced_paper_evaluation.py", line 3086, in load_existing_results
    result_path = get_result_file_path(run_dir, "same_model_bridge", dataset_key, seeds[0], num_tokens=16)
  File "/scratch/m000066/sujinesh/LatentWire/telepathy/run_enhanced_paper_evaluation.py", line 3007, in get_result_file_path
    raise ValueError(f"Unknown method: {method}")
ValueError: Unknown method: same_model_bridge
