
=========================================
Starting pipeline at Thu Sep 18 10:06:35 PDT 2025
=========================================


=========================================
TRAIN + PER-EPOCH EVAL
=========================================


=========================================
EPOCH 1/12
=========================================

Running pre-train eval on existing checkpoint...
/projects/m000066/sujinesh/LatentWire/.venv/lib/python3.9/site-packages/transformers/utils/hub.py:128: FutureWarning: Using `TRANSFORMERS_CACHE` is deprecated and will be removed in v5 of Transformers. Use `HF_HOME` instead.
  warnings.warn(
Auto-detected device: cuda
Loaded training_stats.json: runs/8B_hero_stq_m32/ckpt/training_stats.json
Building encoder and computing Z...
Traceback (most recent call last):
  File "/projects/m000066/sujinesh/LatentWire/latentwire/eval.py", line 1201, in <module>
    main()
  File "/projects/m000066/sujinesh/LatentWire/latentwire/eval.py", line 1060, in main
    encoder_wire.load_state_dict(_safe_load(os.path.join(args.ckpt, "encoder.pt"), map_location=device))
  File "/projects/m000066/sujinesh/LatentWire/latentwire/eval.py", line 95, in _safe_load
    return torch.load(path, map_location=map_location, weights_only=True)  # PyTorch >= 2.4
  File "/projects/m000066/sujinesh/LatentWire/.venv/lib/python3.9/site-packages/torch/serialization.py", line 1065, in load
    with _open_file_like(f, 'rb') as opened_file:
  File "/projects/m000066/sujinesh/LatentWire/.venv/lib/python3.9/site-packages/torch/serialization.py", line 468, in _open_file_like
    return _open_file(name_or_buffer, mode)
  File "/projects/m000066/sujinesh/LatentWire/.venv/lib/python3.9/site-packages/torch/serialization.py", line 449, in __init__
    super().__init__(open(name, mode))
NotADirectoryError: [Errno 20] Not a directory: 'runs/8B_hero_stq_m32/ckpt/state.pt/encoder.pt'
