
=========================================
Starting pipeline at Thu Sep 18 09:58:05 PDT 2025
=========================================


=========================================
TRAIN + PER-EPOCH EVAL
=========================================


=========================================
EPOCH 1/12
=========================================

Running pre-train eval on existing checkpoint...
/projects/m000066/sujinesh/LatentWire/.venv/lib/python3.9/site-packages/transformers/utils/hub.py:128: FutureWarning: Using `TRANSFORMERS_CACHE` is deprecated and will be removed in v5 of Transformers. Use `HF_HOME` instead.
  warnings.warn(
Auto-detected device: cuda
Loaded training_stats.json: runs/8B_hero_stq_m32/ckpt/training_stats.json
Building encoder and computing Z...
Traceback (most recent call last):
  File "/projects/m000066/sujinesh/LatentWire/latentwire/eval.py", line 1181, in <module>
    main()
  File "/projects/m000066/sujinesh/LatentWire/latentwire/eval.py", line 1069, in main
    torch.save({k: v.cpu() if isinstance(v, torch.Tensor) else {kk: vv.cpu() for kk, vv in v.items()} for k, v in encoded_latents.items()}, Z_path)
UnboundLocalError: local variable 'encoded_latents' referenced before assignment
