/users/sujinesh/.local/lib/python3.10/site-packages/transformers/utils/hub.py:128: FutureWarning: Using `TRANSFORMERS_CACHE` is deprecated and will be removed in v5 of Transformers. Use `HF_HOME` instead.
  warnings.warn(
============================================================
TELEPATHY TRAINING: ARC_EASY
============================================================

Dataset: arc_easy (4 classes)
Random baseline: 25.0%
Source layer: 31
Soft tokens: 8
Steps: 1500
Diversity weight: 0.1
============================================================
Downloading shards:   0%|          | 0/4 [00:00<?, ?it/s]Downloading shards: 100%|██████████| 4/4 [00:00<00:00, 903.31it/s]
Loading checkpoint shards:   0%|          | 0/4 [00:00<?, ?it/s]Loading checkpoint shards:  25%|██▌       | 1/4 [00:06<00:18,  6.04s/it]Loading checkpoint shards:  50%|█████     | 2/4 [00:12<00:13,  6.52s/it]Loading checkpoint shards:  75%|███████▌  | 3/4 [00:20<00:06,  6.90s/it]Loading checkpoint shards: 100%|██████████| 4/4 [00:21<00:00,  4.86s/it]Loading checkpoint shards: 100%|██████████| 4/4 [00:21<00:00,  5.50s/it]
Downloading shards:   0%|          | 0/3 [00:00<?, ?it/s]Downloading shards: 100%|██████████| 3/3 [00:00<00:00, 1057.39it/s]
Loading checkpoint shards:   0%|          | 0/3 [00:00<?, ?it/s]Loading checkpoint shards:  33%|███▎      | 1/3 [00:03<00:07,  3.70s/it]Loading checkpoint shards:  67%|██████▋   | 2/3 [00:06<00:03,  3.39s/it]Loading checkpoint shards: 100%|██████████| 3/3 [00:09<00:00,  3.23s/it]Loading checkpoint shards: 100%|██████████| 3/3 [00:09<00:00,  3.31s/it]
Target embedding RMS: 0.0027
Traceback (most recent call last):
  File "/scratch/m000066/sujinesh/LatentWire/telepathy/train_telepathy.py", line 1530, in <module>
    main()
  File "/scratch/m000066/sujinesh/LatentWire/telepathy/train_telepathy.py", line 996, in main
    raise ImportError("Experimental bridges not available")
ImportError: Experimental bridges not available
