/users/sujinesh/.local/lib/python3.10/site-packages/transformers/utils/hub.py:128: FutureWarning: Using `TRANSFORMERS_CACHE` is deprecated and will be removed in v5 of Transformers. Use `HF_HOME` instead.
  warnings.warn(
============================================================
TELEPATHY TRAINING: ARC_EASY
============================================================

Dataset: arc_easy (4 classes)
Random baseline: 25.0%
Source layer: 31
Soft tokens: 8
Steps: 1500
Diversity weight: 0.1
============================================================
Downloading shards:   0%|          | 0/4 [00:00<?, ?it/s]Downloading shards: 100%|██████████| 4/4 [00:00<00:00, 987.94it/s]
Loading checkpoint shards:   0%|          | 0/4 [00:00<?, ?it/s]Loading checkpoint shards:  25%|██▌       | 1/4 [00:06<00:20,  6.73s/it]Loading checkpoint shards:  50%|█████     | 2/4 [00:12<00:12,  6.37s/it]Loading checkpoint shards:  75%|███████▌  | 3/4 [00:19<00:06,  6.30s/it]Loading checkpoint shards: 100%|██████████| 4/4 [00:20<00:00,  4.41s/it]Loading checkpoint shards: 100%|██████████| 4/4 [00:20<00:00,  5.15s/it]
Downloading shards:   0%|          | 0/3 [00:00<?, ?it/s]Downloading shards: 100%|██████████| 3/3 [00:00<00:00, 1367.11it/s]
Loading checkpoint shards:   0%|          | 0/3 [00:00<?, ?it/s]Loading checkpoint shards:  33%|███▎      | 1/3 [00:03<00:06,  3.04s/it]Loading checkpoint shards:  67%|██████▋   | 2/3 [00:06<00:03,  3.02s/it]Loading checkpoint shards: 100%|██████████| 3/3 [00:08<00:00,  2.68s/it]Loading checkpoint shards: 100%|██████████| 3/3 [00:08<00:00,  2.77s/it]
Target embedding RMS: 0.0027
Traceback (most recent call last):
  File "/scratch/m000066/sujinesh/LatentWire/telepathy/train_telepathy.py", line 1530, in <module>
    main()
  File "/scratch/m000066/sujinesh/LatentWire/telepathy/train_telepathy.py", line 996, in main
    raise ImportError("Experimental bridges not available")
ImportError: Experimental bridges not available
