GPU Monitoring started at Wed Oct  8 12:49:48 PM PDT 2025
Logging to: runs/hero/gpu_monitor.log every 10s
---

=== Wed Oct  8 12:49:48 PM PDT 2025 ===
0, NVIDIA H100 80GB HBM3, 0, 81559, 0, 34
1, NVIDIA H100 80GB HBM3, 0, 81559, 0, 38
2, NVIDIA H100 80GB HBM3, 0, 81559, 0, 42
3, NVIDIA H100 80GB HBM3, 0, 81559, 0, 33

=== Wed Oct  8 12:49:58 PM PDT 2025 ===
0, NVIDIA H100 80GB HBM3, 4, 81559, 0, 33
1, NVIDIA H100 80GB HBM3, 4, 81559, 0, 37
2, NVIDIA H100 80GB HBM3, 4, 81559, 0, 42
3, NVIDIA H100 80GB HBM3, 4, 81559, 0, 32

=== Wed Oct  8 12:50:08 PM PDT 2025 ===
0, NVIDIA H100 80GB HBM3, 8012, 81559, 0, 34
1, NVIDIA H100 80GB HBM3, 3966, 81559, 0, 39
2, NVIDIA H100 80GB HBM3, 3966, 81559, 0, 43
3, NVIDIA H100 80GB HBM3, 4966, 81559, 0, 33

=== Wed Oct  8 12:50:19 PM PDT 2025 ===
0, NVIDIA H100 80GB HBM3, 28890, 81559, 8, 36
1, NVIDIA H100 80GB HBM3, 24056, 81559, 2, 40
2, NVIDIA H100 80GB HBM3, 23452, 81559, 0, 44
3, NVIDIA H100 80GB HBM3, 28712, 81559, 0, 34

=== Wed Oct  8 12:50:29 PM PDT 2025 ===
0, NVIDIA H100 80GB HBM3, 32602, 81559, 11, 37
1, NVIDIA H100 80GB HBM3, 25366, 81559, 16, 41
2, NVIDIA H100 80GB HBM3, 25366, 81559, 15, 45
3, NVIDIA H100 80GB HBM3, 31346, 81559, 9, 36

=== Wed Oct  8 12:50:40 PM PDT 2025 ===
0, NVIDIA H100 80GB HBM3, 38224, 81559, 10, 38
1, NVIDIA H100 80GB HBM3, 31368, 81559, 6, 41
2, NVIDIA H100 80GB HBM3, 31368, 81559, 5, 44
3, NVIDIA H100 80GB HBM3, 39068, 81559, 5, 36

=== Wed Oct  8 12:50:51 PM PDT 2025 ===
0, NVIDIA H100 80GB HBM3, 39966, 81559, 0, 37
1, NVIDIA H100 80GB HBM3, 32932, 81559, 0, 40
2, NVIDIA H100 80GB HBM3, 32932, 81559, 0, 43
3, NVIDIA H100 80GB HBM3, 40912, 81559, 1, 35

=== Wed Oct  8 12:51:01 PM PDT 2025 ===
0, NVIDIA H100 80GB HBM3, 41838, 81559, 4, 38
1, NVIDIA H100 80GB HBM3, 34988, 81559, 9, 42
2, NVIDIA H100 80GB HBM3, 34988, 81559, 14, 44
3, NVIDIA H100 80GB HBM3, 43868, 81559, 11, 37

=== Wed Oct  8 12:51:12 PM PDT 2025 ===
0, NVIDIA H100 80GB HBM3, 41840, 81559, 2, 37
1, NVIDIA H100 80GB HBM3, 34988, 81559, 7, 42
2, NVIDIA H100 80GB HBM3, 34988, 81559, 0, 43
3, NVIDIA H100 80GB HBM3, 43868, 81559, 7, 36

=== Wed Oct  8 12:51:24 PM PDT 2025 ===
0, NVIDIA H100 80GB HBM3, 41840, 81559, 6, 38
1, NVIDIA H100 80GB HBM3, 34988, 81559, 5, 43
2, NVIDIA H100 80GB HBM3, 34988, 81559, 7, 43
3, NVIDIA H100 80GB HBM3, 43868, 81559, 5, 38

=== Wed Oct  8 12:51:34 PM PDT 2025 ===
0, NVIDIA H100 80GB HBM3, 41840, 81559, 18, 38
1, NVIDIA H100 80GB HBM3, 34988, 81559, 15, 43
2, NVIDIA H100 80GB HBM3, 34988, 81559, 3, 43
3, NVIDIA H100 80GB HBM3, 43868, 81559, 1, 36

=== Wed Oct  8 12:51:44 PM PDT 2025 ===
0, NVIDIA H100 80GB HBM3, 41840, 81559, 15, 39
1, NVIDIA H100 80GB HBM3, 34988, 81559, 17, 45
2, NVIDIA H100 80GB HBM3, 34988, 81559, 14, 43
3, NVIDIA H100 80GB HBM3, 43868, 81559, 26, 39

=== Wed Oct  8 12:51:56 PM PDT 2025 ===
0, NVIDIA H100 80GB HBM3, 41840, 81559, 9, 38
1, NVIDIA H100 80GB HBM3, 34988, 81559, 0, 43
2, NVIDIA H100 80GB HBM3, 34988, 81559, 0, 42
3, NVIDIA H100 80GB HBM3, 43868, 81559, 0, 37

=== Wed Oct  8 12:52:06 PM PDT 2025 ===
0, NVIDIA H100 80GB HBM3, 41840, 81559, 16, 40
1, NVIDIA H100 80GB HBM3, 34988, 81559, 21, 44
2, NVIDIA H100 80GB HBM3, 34988, 81559, 20, 44
3, NVIDIA H100 80GB HBM3, 43868, 81559, 13, 38

=== Wed Oct  8 12:52:17 PM PDT 2025 ===
0, NVIDIA H100 80GB HBM3, 44454, 81559, 17, 38
1, NVIDIA H100 80GB HBM3, 35340, 81559, 8, 44
2, NVIDIA H100 80GB HBM3, 35340, 81559, 15, 44
3, NVIDIA H100 80GB HBM3, 44220, 81559, 7, 37

=== Wed Oct  8 12:52:27 PM PDT 2025 ===
0, NVIDIA H100 80GB HBM3, 44454, 81559, 2, 38
1, NVIDIA H100 80GB HBM3, 35340, 81559, 0, 44
2, NVIDIA H100 80GB HBM3, 35340, 81559, 1, 45
3, NVIDIA H100 80GB HBM3, 44220, 81559, 0, 37

=== Wed Oct  8 12:52:38 PM PDT 2025 ===
0, NVIDIA H100 80GB HBM3, 44454, 81559, 21, 40
1, NVIDIA H100 80GB HBM3, 35340, 81559, 18, 45
2, NVIDIA H100 80GB HBM3, 35340, 81559, 17, 47
3, NVIDIA H100 80GB HBM3, 44220, 81559, 8, 38

=== Wed Oct  8 12:52:49 PM PDT 2025 ===
0, NVIDIA H100 80GB HBM3, 44454, 81559, 12, 38
1, NVIDIA H100 80GB HBM3, 35340, 81559, 8, 44
2, NVIDIA H100 80GB HBM3, 35340, 81559, 15, 46
3, NVIDIA H100 80GB HBM3, 44220, 81559, 0, 37

=== Wed Oct  8 12:52:59 PM PDT 2025 ===
0, NVIDIA H100 80GB HBM3, 44454, 81559, 14, 39
1, NVIDIA H100 80GB HBM3, 35340, 81559, 11, 45
2, NVIDIA H100 80GB HBM3, 35340, 81559, 16, 47
3, NVIDIA H100 80GB HBM3, 44220, 81559, 10, 37

=== Wed Oct  8 12:53:10 PM PDT 2025 ===
0, NVIDIA H100 80GB HBM3, 44454, 81559, 11, 39
1, NVIDIA H100 80GB HBM3, 35340, 81559, 11, 44
2, NVIDIA H100 80GB HBM3, 35340, 81559, 10, 47
3, NVIDIA H100 80GB HBM3, 44220, 81559, 9, 38

=== Wed Oct  8 12:53:21 PM PDT 2025 ===
0, NVIDIA H100 80GB HBM3, 44454, 81559, 9, 39
1, NVIDIA H100 80GB HBM3, 35340, 81559, 11, 44
2, NVIDIA H100 80GB HBM3, 35340, 81559, 7, 47
3, NVIDIA H100 80GB HBM3, 44220, 81559, 7, 38

=== Wed Oct  8 12:53:32 PM PDT 2025 ===
0, NVIDIA H100 80GB HBM3, 44454, 81559, 4, 39
1, NVIDIA H100 80GB HBM3, 35340, 81559, 9, 44
2, NVIDIA H100 80GB HBM3, 35340, 81559, 11, 47
3, NVIDIA H100 80GB HBM3, 44220, 81559, 17, 38

=== Wed Oct  8 12:53:43 PM PDT 2025 ===
0, NVIDIA H100 80GB HBM3, 44454, 81559, 0, 38
1, NVIDIA H100 80GB HBM3, 35340, 81559, 2, 43
2, NVIDIA H100 80GB HBM3, 35340, 81559, 6, 47
3, NVIDIA H100 80GB HBM3, 44220, 81559, 22, 36

=== Wed Oct  8 12:53:53 PM PDT 2025 ===
0, NVIDIA H100 80GB HBM3, 44454, 81559, 4, 39
1, NVIDIA H100 80GB HBM3, 35340, 81559, 11, 43
2, NVIDIA H100 80GB HBM3, 35340, 81559, 6, 46
3, NVIDIA H100 80GB HBM3, 44220, 81559, 14, 37

=== Wed Oct  8 12:54:04 PM PDT 2025 ===
0, NVIDIA H100 80GB HBM3, 44454, 81559, 15, 39
1, NVIDIA H100 80GB HBM3, 35340, 81559, 9, 44
2, NVIDIA H100 80GB HBM3, 35340, 81559, 11, 46
3, NVIDIA H100 80GB HBM3, 44220, 81559, 13, 38

=== Wed Oct  8 12:54:15 PM PDT 2025 ===
0, NVIDIA H100 80GB HBM3, 44454, 81559, 9, 38
1, NVIDIA H100 80GB HBM3, 35340, 81559, 0, 43
2, NVIDIA H100 80GB HBM3, 35340, 81559, 9, 47
3, NVIDIA H100 80GB HBM3, 44220, 81559, 1, 37

=== Wed Oct  8 12:54:26 PM PDT 2025 ===
0, NVIDIA H100 80GB HBM3, 44454, 81559, 8, 39
1, NVIDIA H100 80GB HBM3, 35340, 81559, 13, 44
2, NVIDIA H100 80GB HBM3, 35340, 81559, 18, 47
3, NVIDIA H100 80GB HBM3, 44220, 81559, 14, 38

=== Wed Oct  8 12:54:37 PM PDT 2025 ===
0, NVIDIA H100 80GB HBM3, 44454, 81559, 25, 40
1, NVIDIA H100 80GB HBM3, 35340, 81559, 17, 46
2, NVIDIA H100 80GB HBM3, 35340, 81559, 17, 49
3, NVIDIA H100 80GB HBM3, 44220, 81559, 24, 44

=== Wed Oct  8 12:54:47 PM PDT 2025 ===
0, NVIDIA H100 80GB HBM3, 44454, 81559, 15, 39
1, NVIDIA H100 80GB HBM3, 35340, 81559, 14, 44
2, NVIDIA H100 80GB HBM3, 35340, 81559, 8, 46
3, NVIDIA H100 80GB HBM3, 44220, 81559, 6, 38

=== Wed Oct  8 12:54:58 PM PDT 2025 ===
0, NVIDIA H100 80GB HBM3, 44454, 81559, 6, 38
1, NVIDIA H100 80GB HBM3, 35340, 81559, 0, 44
2, NVIDIA H100 80GB HBM3, 35340, 81559, 0, 46
3, NVIDIA H100 80GB HBM3, 44220, 81559, 3, 37

=== Wed Oct  8 12:55:09 PM PDT 2025 ===
0, NVIDIA H100 80GB HBM3, 44454, 81559, 23, 40
1, NVIDIA H100 80GB HBM3, 35340, 81559, 11, 45
2, NVIDIA H100 80GB HBM3, 35340, 81559, 11, 47
3, NVIDIA H100 80GB HBM3, 44220, 81559, 14, 39

=== Wed Oct  8 12:55:19 PM PDT 2025 ===
0, NVIDIA H100 80GB HBM3, 44454, 81559, 9, 38
1, NVIDIA H100 80GB HBM3, 35340, 81559, 10, 44
2, NVIDIA H100 80GB HBM3, 35340, 81559, 9, 46
3, NVIDIA H100 80GB HBM3, 44220, 81559, 9, 37

=== Wed Oct  8 12:55:30 PM PDT 2025 ===
0, NVIDIA H100 80GB HBM3, 45406, 81559, 0, 38
1, NVIDIA H100 80GB HBM3, 36256, 81559, 0, 42
2, NVIDIA H100 80GB HBM3, 36256, 81559, 2, 45
3, NVIDIA H100 80GB HBM3, 45196, 81559, 12, 37

=== Wed Oct  8 12:55:41 PM PDT 2025 ===
0, NVIDIA H100 80GB HBM3, 45408, 81559, 2, 38
1, NVIDIA H100 80GB HBM3, 36276, 81559, 4, 44
2, NVIDIA H100 80GB HBM3, 36276, 81559, 6, 46
3, NVIDIA H100 80GB HBM3, 45476, 81559, 6, 36

=== Wed Oct  8 12:55:51 PM PDT 2025 ===
0, NVIDIA H100 80GB HBM3, 45408, 81559, 46, 45
1, NVIDIA H100 80GB HBM3, 36276, 81559, 13, 44
2, NVIDIA H100 80GB HBM3, 36276, 81559, 9, 46
3, NVIDIA H100 80GB HBM3, 45476, 81559, 22, 37

=== Wed Oct  8 12:56:02 PM PDT 2025 ===
0, NVIDIA H100 80GB HBM3, 45408, 81559, 14, 39
1, NVIDIA H100 80GB HBM3, 36276, 81559, 11, 44
2, NVIDIA H100 80GB HBM3, 36276, 81559, 12, 47
3, NVIDIA H100 80GB HBM3, 45476, 81559, 11, 38

=== Wed Oct  8 12:56:13 PM PDT 2025 ===
0, NVIDIA H100 80GB HBM3, 45408, 81559, 17, 40
1, NVIDIA H100 80GB HBM3, 36276, 81559, 17, 46
2, NVIDIA H100 80GB HBM3, 36276, 81559, 16, 48
3, NVIDIA H100 80GB HBM3, 45476, 81559, 20, 38

=== Wed Oct  8 12:56:23 PM PDT 2025 ===
0, NVIDIA H100 80GB HBM3, 45408, 81559, 4, 37
1, NVIDIA H100 80GB HBM3, 36276, 81559, 4, 43
2, NVIDIA H100 80GB HBM3, 36276, 81559, 5, 46
3, NVIDIA H100 80GB HBM3, 45476, 81559, 7, 37

=== Wed Oct  8 12:56:35 PM PDT 2025 ===
0, NVIDIA H100 80GB HBM3, 45408, 81559, 17, 39
1, NVIDIA H100 80GB HBM3, 36276, 81559, 11, 45
2, NVIDIA H100 80GB HBM3, 36276, 81559, 11, 47
3, NVIDIA H100 80GB HBM3, 45476, 81559, 14, 38

=== Wed Oct  8 12:56:46 PM PDT 2025 ===
0, NVIDIA H100 80GB HBM3, 45408, 81559, 13, 39
1, NVIDIA H100 80GB HBM3, 36276, 81559, 11, 45
2, NVIDIA H100 80GB HBM3, 36276, 81559, 11, 48
3, NVIDIA H100 80GB HBM3, 45476, 81559, 18, 38

=== Wed Oct  8 12:56:57 PM PDT 2025 ===
0, NVIDIA H100 80GB HBM3, 45408, 81559, 14, 38
1, NVIDIA H100 80GB HBM3, 36276, 81559, 4, 44
2, NVIDIA H100 80GB HBM3, 36276, 81559, 9, 46
3, NVIDIA H100 80GB HBM3, 45476, 81559, 0, 37

=== Wed Oct  8 12:57:08 PM PDT 2025 ===
0, NVIDIA H100 80GB HBM3, 45408, 81559, 16, 40
1, NVIDIA H100 80GB HBM3, 36276, 81559, 9, 46
2, NVIDIA H100 80GB HBM3, 36276, 81559, 11, 48
3, NVIDIA H100 80GB HBM3, 45476, 81559, 27, 39

=== Wed Oct  8 12:57:18 PM PDT 2025 ===
0, NVIDIA H100 80GB HBM3, 45408, 81559, 13, 39
1, NVIDIA H100 80GB HBM3, 36276, 81559, 18, 44
2, NVIDIA H100 80GB HBM3, 36276, 81559, 9, 46
3, NVIDIA H100 80GB HBM3, 45476, 81559, 3, 37

=== Wed Oct  8 12:57:29 PM PDT 2025 ===
0, NVIDIA H100 80GB HBM3, 45408, 81559, 5, 41
1, NVIDIA H100 80GB HBM3, 36276, 81559, 0, 44
2, NVIDIA H100 80GB HBM3, 36276, 81559, 0, 45
3, NVIDIA H100 80GB HBM3, 45476, 81559, 0, 37

=== Wed Oct  8 12:57:40 PM PDT 2025 ===
0, NVIDIA H100 80GB HBM3, 45408, 81559, 35, 40
1, NVIDIA H100 80GB HBM3, 36276, 81559, 21, 43
2, NVIDIA H100 80GB HBM3, 36276, 81559, 2, 45
3, NVIDIA H100 80GB HBM3, 45476, 81559, 0, 37

=== Wed Oct  8 12:57:50 PM PDT 2025 ===
0, NVIDIA H100 80GB HBM3, 45408, 81559, 17, 39
1, NVIDIA H100 80GB HBM3, 36276, 81559, 12, 45
2, NVIDIA H100 80GB HBM3, 36276, 81559, 6, 47
3, NVIDIA H100 80GB HBM3, 45476, 81559, 5, 38

=== Wed Oct  8 12:58:00 PM PDT 2025 ===
0, NVIDIA H100 80GB HBM3, 45408, 81559, 5, 41
1, NVIDIA H100 80GB HBM3, 36276, 81559, 6, 45
2, NVIDIA H100 80GB HBM3, 36276, 81559, 14, 48
3, NVIDIA H100 80GB HBM3, 45476, 81559, 13, 39

=== Wed Oct  8 12:58:11 PM PDT 2025 ===
0, NVIDIA H100 80GB HBM3, 45408, 81559, 6, 38
1, NVIDIA H100 80GB HBM3, 36276, 81559, 0, 43
2, NVIDIA H100 80GB HBM3, 36276, 81559, 9, 46
3, NVIDIA H100 80GB HBM3, 45476, 81559, 6, 37

=== Wed Oct  8 12:58:22 PM PDT 2025 ===
0, NVIDIA H100 80GB HBM3, 45408, 81559, 21, 39
1, NVIDIA H100 80GB HBM3, 36276, 81559, 16, 44
2, NVIDIA H100 80GB HBM3, 36276, 81559, 10, 47
3, NVIDIA H100 80GB HBM3, 45476, 81559, 26, 38

=== Wed Oct  8 12:58:33 PM PDT 2025 ===
0, NVIDIA H100 80GB HBM3, 48622, 81559, 18, 39
1, NVIDIA H100 80GB HBM3, 39516, 81559, 16, 44
2, NVIDIA H100 80GB HBM3, 39516, 81559, 16, 47
3, NVIDIA H100 80GB HBM3, 49796, 81559, 17, 39

=== Wed Oct  8 12:58:43 PM PDT 2025 ===
0, NVIDIA H100 80GB HBM3, 48626, 81559, 14, 38
1, NVIDIA H100 80GB HBM3, 39520, 81559, 12, 44
2, NVIDIA H100 80GB HBM3, 39520, 81559, 9, 47
3, NVIDIA H100 80GB HBM3, 49800, 81559, 13, 38

=== Wed Oct  8 12:58:54 PM PDT 2025 ===
0, NVIDIA H100 80GB HBM3, 48626, 81559, 22, 39
1, NVIDIA H100 80GB HBM3, 39520, 81559, 16, 44
2, NVIDIA H100 80GB HBM3, 39520, 81559, 11, 46
3, NVIDIA H100 80GB HBM3, 49800, 81559, 5, 37

=== Wed Oct  8 12:59:05 PM PDT 2025 ===
0, NVIDIA H100 80GB HBM3, 48626, 81559, 3, 39
1, NVIDIA H100 80GB HBM3, 39520, 81559, 8, 43
2, NVIDIA H100 80GB HBM3, 39520, 81559, 0, 46
3, NVIDIA H100 80GB HBM3, 49800, 81559, 9, 37

=== Wed Oct  8 12:59:16 PM PDT 2025 ===
0, NVIDIA H100 80GB HBM3, 48626, 81559, 30, 39
1, NVIDIA H100 80GB HBM3, 39520, 81559, 14, 44
2, NVIDIA H100 80GB HBM3, 39520, 81559, 6, 46
3, NVIDIA H100 80GB HBM3, 49800, 81559, 6, 37

=== Wed Oct  8 12:59:26 PM PDT 2025 ===
0, NVIDIA H100 80GB HBM3, 48626, 81559, 13, 39
1, NVIDIA H100 80GB HBM3, 39520, 81559, 18, 44
2, NVIDIA H100 80GB HBM3, 39520, 81559, 11, 47
3, NVIDIA H100 80GB HBM3, 49800, 81559, 11, 38

=== Wed Oct  8 12:59:37 PM PDT 2025 ===
0, NVIDIA H100 80GB HBM3, 48626, 81559, 19, 42
1, NVIDIA H100 80GB HBM3, 39520, 81559, 20, 45
2, NVIDIA H100 80GB HBM3, 39520, 81559, 20, 51
3, NVIDIA H100 80GB HBM3, 49800, 81559, 25, 39

=== Wed Oct  8 12:59:48 PM PDT 2025 ===
0, NVIDIA H100 80GB HBM3, 48626, 81559, 8, 38
1, NVIDIA H100 80GB HBM3, 39520, 81559, 6, 43
2, NVIDIA H100 80GB HBM3, 39520, 81559, 2, 46
3, NVIDIA H100 80GB HBM3, 49800, 81559, 0, 37

=== Wed Oct  8 12:59:59 PM PDT 2025 ===
0, NVIDIA H100 80GB HBM3, 48626, 81559, 7, 39
1, NVIDIA H100 80GB HBM3, 39520, 81559, 14, 44
2, NVIDIA H100 80GB HBM3, 39520, 81559, 29, 47
3, NVIDIA H100 80GB HBM3, 49800, 81559, 18, 38

=== Wed Oct  8 01:00:10 PM PDT 2025 ===
0, NVIDIA H100 80GB HBM3, 48626, 81559, 17, 39
1, NVIDIA H100 80GB HBM3, 39520, 81559, 10, 45
2, NVIDIA H100 80GB HBM3, 39520, 81559, 10, 47
3, NVIDIA H100 80GB HBM3, 49800, 81559, 12, 38

=== Wed Oct  8 01:00:21 PM PDT 2025 ===
0, NVIDIA H100 80GB HBM3, 48626, 81559, 16, 39
1, NVIDIA H100 80GB HBM3, 39520, 81559, 15, 44
2, NVIDIA H100 80GB HBM3, 39520, 81559, 8, 47
3, NVIDIA H100 80GB HBM3, 49800, 81559, 3, 38

=== Wed Oct  8 01:00:31 PM PDT 2025 ===
0, NVIDIA H100 80GB HBM3, 48626, 81559, 17, 39
1, NVIDIA H100 80GB HBM3, 39520, 81559, 19, 44
2, NVIDIA H100 80GB HBM3, 39520, 81559, 0, 46
3, NVIDIA H100 80GB HBM3, 49800, 81559, 23, 38

=== Wed Oct  8 01:00:42 PM PDT 2025 ===
0, NVIDIA H100 80GB HBM3, 48626, 81559, 18, 39
1, NVIDIA H100 80GB HBM3, 39520, 81559, 8, 44
2, NVIDIA H100 80GB HBM3, 39520, 81559, 14, 47
3, NVIDIA H100 80GB HBM3, 49800, 81559, 18, 37

=== Wed Oct  8 01:00:53 PM PDT 2025 ===
0, NVIDIA H100 80GB HBM3, 48626, 81559, 4, 39
1, NVIDIA H100 80GB HBM3, 39520, 81559, 6, 45
2, NVIDIA H100 80GB HBM3, 39520, 81559, 3, 47
3, NVIDIA H100 80GB HBM3, 49800, 81559, 6, 38

=== Wed Oct  8 01:01:03 PM PDT 2025 ===
0, NVIDIA H100 80GB HBM3, 48626, 81559, 14, 40
1, NVIDIA H100 80GB HBM3, 39520, 81559, 6, 45
2, NVIDIA H100 80GB HBM3, 39520, 81559, 11, 47
3, NVIDIA H100 80GB HBM3, 49800, 81559, 7, 38

=== Wed Oct  8 01:01:14 PM PDT 2025 ===
0, NVIDIA H100 80GB HBM3, 48626, 81559, 4, 38
1, NVIDIA H100 80GB HBM3, 39520, 81559, 5, 44
2, NVIDIA H100 80GB HBM3, 39520, 81559, 0, 46
3, NVIDIA H100 80GB HBM3, 49800, 81559, 8, 37

=== Wed Oct  8 01:01:25 PM PDT 2025 ===
0, NVIDIA H100 80GB HBM3, 48626, 81559, 22, 39
1, NVIDIA H100 80GB HBM3, 39520, 81559, 17, 45
2, NVIDIA H100 80GB HBM3, 39520, 81559, 21, 48
3, NVIDIA H100 80GB HBM3, 49800, 81559, 13, 38

=== Wed Oct  8 01:01:36 PM PDT 2025 ===
0, NVIDIA H100 80GB HBM3, 48626, 81559, 13, 39
1, NVIDIA H100 80GB HBM3, 39520, 81559, 13, 44
2, NVIDIA H100 80GB HBM3, 39520, 81559, 7, 47
3, NVIDIA H100 80GB HBM3, 49800, 81559, 9, 37

=== Wed Oct  8 01:01:46 PM PDT 2025 ===
0, NVIDIA H100 80GB HBM3, 48626, 81559, 0, 39
1, NVIDIA H100 80GB HBM3, 39520, 81559, 2, 46
2, NVIDIA H100 80GB HBM3, 39520, 81559, 0, 48
3, NVIDIA H100 80GB HBM3, 49800, 81559, 0, 37

=== Wed Oct  8 01:01:57 PM PDT 2025 ===
0, NVIDIA H100 80GB HBM3, 48626, 81559, 9, 39
1, NVIDIA H100 80GB HBM3, 39520, 81559, 1, 44
2, NVIDIA H100 80GB HBM3, 39520, 81559, 0, 46
3, NVIDIA H100 80GB HBM3, 49800, 81559, 0, 37

=== Wed Oct  8 01:02:08 PM PDT 2025 ===
0, NVIDIA H100 80GB HBM3, 48626, 81559, 14, 39
1, NVIDIA H100 80GB HBM3, 39520, 81559, 10, 45
2, NVIDIA H100 80GB HBM3, 39520, 81559, 8, 48
3, NVIDIA H100 80GB HBM3, 49800, 81559, 16, 38

=== Wed Oct  8 01:02:19 PM PDT 2025 ===
0, NVIDIA H100 80GB HBM3, 48626, 81559, 0, 42
1, NVIDIA H100 80GB HBM3, 39520, 81559, 0, 44
2, NVIDIA H100 80GB HBM3, 39520, 81559, 11, 47
3, NVIDIA H100 80GB HBM3, 49800, 81559, 0, 38

=== Wed Oct  8 01:02:29 PM PDT 2025 ===
0, NVIDIA H100 80GB HBM3, 48626, 81559, 3, 37
1, NVIDIA H100 80GB HBM3, 39520, 81559, 0, 43
2, NVIDIA H100 80GB HBM3, 39520, 81559, 0, 45
3, NVIDIA H100 80GB HBM3, 49800, 81559, 0, 36

=== Wed Oct  8 01:02:42 PM PDT 2025 ===
0, NVIDIA H100 80GB HBM3, 48626, 81559, 0, 36
1, NVIDIA H100 80GB HBM3, 39520, 81559, 0, 42
2, NVIDIA H100 80GB HBM3, 39520, 81559, 0, 45
3, NVIDIA H100 80GB HBM3, 49800, 81559, 0, 35

=== Wed Oct  8 01:02:52 PM PDT 2025 ===
0, NVIDIA H100 80GB HBM3, 48626, 81559, 13, 37
1, NVIDIA H100 80GB HBM3, 39520, 81559, 9, 43
2, NVIDIA H100 80GB HBM3, 39520, 81559, 2, 46
3, NVIDIA H100 80GB HBM3, 49800, 81559, 18, 36

=== Wed Oct  8 01:03:04 PM PDT 2025 ===
0, NVIDIA H100 80GB HBM3, 48626, 81559, 2, 36
1, NVIDIA H100 80GB HBM3, 39520, 81559, 0, 41
2, NVIDIA H100 80GB HBM3, 39520, 81559, 0, 45
3, NVIDIA H100 80GB HBM3, 49800, 81559, 0, 35

=== Wed Oct  8 01:03:16 PM PDT 2025 ===
0, NVIDIA H100 80GB HBM3, 48626, 81559, 0, 35
1, NVIDIA H100 80GB HBM3, 39520, 81559, 0, 41
2, NVIDIA H100 80GB HBM3, 39520, 81559, 0, 44
3, NVIDIA H100 80GB HBM3, 49800, 81559, 0, 34

=== Wed Oct  8 01:03:29 PM PDT 2025 ===
0, NVIDIA H100 80GB HBM3, 48626, 81559, 9, 37
1, NVIDIA H100 80GB HBM3, 39520, 81559, 19, 42
2, NVIDIA H100 80GB HBM3, 39520, 81559, 9, 46
3, NVIDIA H100 80GB HBM3, 49800, 81559, 10, 37

=== Wed Oct  8 01:03:40 PM PDT 2025 ===
0, NVIDIA H100 80GB HBM3, 48626, 81559, 3, 35
1, NVIDIA H100 80GB HBM3, 39520, 81559, 0, 41
2, NVIDIA H100 80GB HBM3, 39520, 81559, 0, 44
3, NVIDIA H100 80GB HBM3, 49800, 81559, 0, 35

=== Wed Oct  8 01:03:54 PM PDT 2025 ===
0, NVIDIA H100 80GB HBM3, 48626, 81559, 0, 35
1, NVIDIA H100 80GB HBM3, 39520, 81559, 0, 40
2, NVIDIA H100 80GB HBM3, 39520, 81559, 0, 44
3, NVIDIA H100 80GB HBM3, 49800, 81559, 0, 34

=== Wed Oct  8 01:04:05 PM PDT 2025 ===
0, NVIDIA H100 80GB HBM3, 48626, 81559, 5, 37
1, NVIDIA H100 80GB HBM3, 39520, 81559, 1, 42
2, NVIDIA H100 80GB HBM3, 39520, 81559, 9, 46
3, NVIDIA H100 80GB HBM3, 49800, 81559, 0, 36

=== Wed Oct  8 01:04:16 PM PDT 2025 ===
0, NVIDIA H100 80GB HBM3, 48626, 81559, 1, 35
1, NVIDIA H100 80GB HBM3, 39520, 81559, 0, 40
2, NVIDIA H100 80GB HBM3, 39520, 81559, 0, 44
3, NVIDIA H100 80GB HBM3, 49800, 81559, 0, 35

=== Wed Oct  8 01:04:30 PM PDT 2025 ===
0, NVIDIA H100 80GB HBM3, 48626, 81559, 0, 35
1, NVIDIA H100 80GB HBM3, 39520, 81559, 0, 40
2, NVIDIA H100 80GB HBM3, 39520, 81559, 0, 44
3, NVIDIA H100 80GB HBM3, 49800, 81559, 0, 34

=== Wed Oct  8 01:04:41 PM PDT 2025 ===
0, NVIDIA H100 80GB HBM3, 48626, 81559, 17, 37
1, NVIDIA H100 80GB HBM3, 39520, 81559, 12, 42
2, NVIDIA H100 80GB HBM3, 39520, 81559, 18, 46
3, NVIDIA H100 80GB HBM3, 49800, 81559, 13, 36

=== Wed Oct  8 01:04:52 PM PDT 2025 ===
0, NVIDIA H100 80GB HBM3, 48626, 81559, 2, 35
1, NVIDIA H100 80GB HBM3, 39520, 81559, 0, 40
2, NVIDIA H100 80GB HBM3, 39520, 81559, 0, 44
3, NVIDIA H100 80GB HBM3, 49800, 81559, 0, 35

=== Wed Oct  8 01:05:06 PM PDT 2025 ===
0, NVIDIA H100 80GB HBM3, 48626, 81559, 0, 35
1, NVIDIA H100 80GB HBM3, 39520, 81559, 0, 39
2, NVIDIA H100 80GB HBM3, 39520, 81559, 0, 43
3, NVIDIA H100 80GB HBM3, 49800, 81559, 0, 34

=== Wed Oct  8 01:05:18 PM PDT 2025 ===
0, NVIDIA H100 80GB HBM3, 48626, 81559, 26, 38
1, NVIDIA H100 80GB HBM3, 39520, 81559, 15, 42
2, NVIDIA H100 80GB HBM3, 39520, 81559, 22, 46
3, NVIDIA H100 80GB HBM3, 49800, 81559, 28, 37

=== Wed Oct  8 01:05:29 PM PDT 2025 ===
0, NVIDIA H100 80GB HBM3, 48626, 81559, 8, 36
1, NVIDIA H100 80GB HBM3, 39520, 81559, 6, 41
2, NVIDIA H100 80GB HBM3, 39520, 81559, 9, 45
3, NVIDIA H100 80GB HBM3, 49800, 81559, 14, 37

=== Wed Oct  8 01:05:41 PM PDT 2025 ===
0, NVIDIA H100 80GB HBM3, 48626, 81559, 3, 36
1, NVIDIA H100 80GB HBM3, 39520, 81559, 0, 40
2, NVIDIA H100 80GB HBM3, 39520, 81559, 0, 44
3, NVIDIA H100 80GB HBM3, 49800, 81559, 0, 35

=== Wed Oct  8 01:05:56 PM PDT 2025 ===
0, NVIDIA H100 80GB HBM3, 48626, 81559, 0, 35
1, NVIDIA H100 80GB HBM3, 39520, 81559, 0, 40
2, NVIDIA H100 80GB HBM3, 39520, 81559, 0, 44
3, NVIDIA H100 80GB HBM3, 49800, 81559, 0, 34

=== Wed Oct  8 01:06:07 PM PDT 2025 ===
0, NVIDIA H100 80GB HBM3, 48626, 81559, 6, 36
1, NVIDIA H100 80GB HBM3, 39520, 81559, 9, 41
2, NVIDIA H100 80GB HBM3, 39520, 81559, 13, 46
3, NVIDIA H100 80GB HBM3, 49800, 81559, 14, 37

=== Wed Oct  8 01:06:18 PM PDT 2025 ===
0, NVIDIA H100 80GB HBM3, 48626, 81559, 1, 35
1, NVIDIA H100 80GB HBM3, 39520, 81559, 0, 40
2, NVIDIA H100 80GB HBM3, 39520, 81559, 0, 44
3, NVIDIA H100 80GB HBM3, 49800, 81559, 0, 35

=== Wed Oct  8 01:06:30 PM PDT 2025 ===
0, NVIDIA H100 80GB HBM3, 48626, 81559, 0, 35
1, NVIDIA H100 80GB HBM3, 39520, 81559, 0, 40
2, NVIDIA H100 80GB HBM3, 39520, 81559, 0, 44
3, NVIDIA H100 80GB HBM3, 49800, 81559, 0, 34

=== Wed Oct  8 01:06:44 PM PDT 2025 ===
0, NVIDIA H100 80GB HBM3, 48626, 81559, 8, 36
1, NVIDIA H100 80GB HBM3, 39520, 81559, 13, 41
2, NVIDIA H100 80GB HBM3, 39520, 81559, 13, 48
3, NVIDIA H100 80GB HBM3, 49800, 81559, 13, 36

=== Wed Oct  8 01:06:55 PM PDT 2025 ===
0, NVIDIA H100 80GB HBM3, 48626, 81559, 3, 35
1, NVIDIA H100 80GB HBM3, 39520, 81559, 0, 40
2, NVIDIA H100 80GB HBM3, 39520, 81559, 0, 44
3, NVIDIA H100 80GB HBM3, 49800, 81559, 0, 35

=== Wed Oct  8 01:07:08 PM PDT 2025 ===
0, NVIDIA H100 80GB HBM3, 48626, 81559, 0, 34
1, NVIDIA H100 80GB HBM3, 39520, 81559, 0, 39
2, NVIDIA H100 80GB HBM3, 39520, 81559, 0, 43
3, NVIDIA H100 80GB HBM3, 49800, 81559, 0, 34

=== Wed Oct  8 01:07:18 PM PDT 2025 ===
0, NVIDIA H100 80GB HBM3, 48626, 81559, 27, 38
1, NVIDIA H100 80GB HBM3, 39520, 81559, 14, 42
2, NVIDIA H100 80GB HBM3, 39520, 81559, 29, 46
3, NVIDIA H100 80GB HBM3, 49800, 81559, 26, 37

=== Wed Oct  8 01:07:29 PM PDT 2025 ===
0, NVIDIA H100 80GB HBM3, 48626, 81559, 7, 36
1, NVIDIA H100 80GB HBM3, 39520, 81559, 3, 41
2, NVIDIA H100 80GB HBM3, 39520, 81559, 9, 45
3, NVIDIA H100 80GB HBM3, 49800, 81559, 6, 36

=== Wed Oct  8 01:07:41 PM PDT 2025 ===
0, NVIDIA H100 80GB HBM3, 48626, 81559, 15, 38
1, NVIDIA H100 80GB HBM3, 39520, 81559, 8, 43
2, NVIDIA H100 80GB HBM3, 39520, 81559, 14, 46
3, NVIDIA H100 80GB HBM3, 49800, 81559, 9, 38

=== Wed Oct  8 01:07:51 PM PDT 2025 ===
0, NVIDIA H100 80GB HBM3, 48626, 81559, 3, 36
1, NVIDIA H100 80GB HBM3, 39520, 81559, 0, 41
2, NVIDIA H100 80GB HBM3, 39520, 81559, 0, 45
3, NVIDIA H100 80GB HBM3, 49800, 81559, 0, 35

=== Wed Oct  8 01:08:06 PM PDT 2025 ===
0, NVIDIA H100 80GB HBM3, 48626, 81559, 0, 35
1, NVIDIA H100 80GB HBM3, 39520, 81559, 0, 40
2, NVIDIA H100 80GB HBM3, 39520, 81559, 0, 44
3, NVIDIA H100 80GB HBM3, 49800, 81559, 0, 34

=== Wed Oct  8 01:08:20 PM PDT 2025 ===
0, NVIDIA H100 80GB HBM3, 48626, 81559, 24, 38
1, NVIDIA H100 80GB HBM3, 39520, 81559, 15, 42
2, NVIDIA H100 80GB HBM3, 39520, 81559, 15, 46
3, NVIDIA H100 80GB HBM3, 49800, 81559, 10, 36

=== Wed Oct  8 01:08:31 PM PDT 2025 ===
0, NVIDIA H100 80GB HBM3, 48626, 81559, 0, 37
1, NVIDIA H100 80GB HBM3, 39520, 81559, 4, 41
2, NVIDIA H100 80GB HBM3, 39520, 81559, 0, 45
3, NVIDIA H100 80GB HBM3, 49800, 81559, 0, 36

=== Wed Oct  8 01:08:42 PM PDT 2025 ===
0, NVIDIA H100 80GB HBM3, 48626, 81559, 20, 40
1, NVIDIA H100 80GB HBM3, 39520, 81559, 21, 43
2, NVIDIA H100 80GB HBM3, 39520, 81559, 20, 48
3, NVIDIA H100 80GB HBM3, 49800, 81559, 0, 36

=== Wed Oct  8 01:08:53 PM PDT 2025 ===
0, NVIDIA H100 80GB HBM3, 48626, 81559, 10, 38
1, NVIDIA H100 80GB HBM3, 39520, 81559, 20, 43
2, NVIDIA H100 80GB HBM3, 39520, 81559, 0, 45
3, NVIDIA H100 80GB HBM3, 49800, 81559, 5, 36

=== Wed Oct  8 01:09:03 PM PDT 2025 ===
0, NVIDIA H100 80GB HBM3, 48626, 81559, 9, 39
1, NVIDIA H100 80GB HBM3, 39520, 81559, 6, 43
2, NVIDIA H100 80GB HBM3, 39520, 81559, 6, 46
3, NVIDIA H100 80GB HBM3, 49800, 81559, 6, 37

=== Wed Oct  8 01:09:14 PM PDT 2025 ===
0, NVIDIA H100 80GB HBM3, 48626, 81559, 16, 38
1, NVIDIA H100 80GB HBM3, 39520, 81559, 7, 43
2, NVIDIA H100 80GB HBM3, 39520, 81559, 6, 46
3, NVIDIA H100 80GB HBM3, 49800, 81559, 3, 36

=== Wed Oct  8 01:09:25 PM PDT 2025 ===
0, NVIDIA H100 80GB HBM3, 48626, 81559, 5, 37
1, NVIDIA H100 80GB HBM3, 39520, 81559, 10, 42
2, NVIDIA H100 80GB HBM3, 39520, 81559, 9, 46
3, NVIDIA H100 80GB HBM3, 49800, 81559, 5, 36

=== Wed Oct  8 01:09:36 PM PDT 2025 ===
0, NVIDIA H100 80GB HBM3, 48626, 81559, 14, 38
1, NVIDIA H100 80GB HBM3, 39520, 81559, 21, 45
2, NVIDIA H100 80GB HBM3, 39520, 81559, 11, 48
3, NVIDIA H100 80GB HBM3, 49800, 81559, 14, 38

=== Wed Oct  8 01:09:47 PM PDT 2025 ===
0, NVIDIA H100 80GB HBM3, 48626, 81559, 16, 39
1, NVIDIA H100 80GB HBM3, 39520, 81559, 11, 44
2, NVIDIA H100 80GB HBM3, 39520, 81559, 15, 47
3, NVIDIA H100 80GB HBM3, 49800, 81559, 18, 38

=== Wed Oct  8 01:09:58 PM PDT 2025 ===
0, NVIDIA H100 80GB HBM3, 48626, 81559, 22, 39
1, NVIDIA H100 80GB HBM3, 39520, 81559, 5, 44
2, NVIDIA H100 80GB HBM3, 39520, 81559, 5, 47
3, NVIDIA H100 80GB HBM3, 49800, 81559, 6, 37

=== Wed Oct  8 01:10:09 PM PDT 2025 ===
0, NVIDIA H100 80GB HBM3, 48676, 81559, 27, 40
1, NVIDIA H100 80GB HBM3, 39532, 81559, 17, 46
2, NVIDIA H100 80GB HBM3, 39532, 81559, 25, 49
3, NVIDIA H100 80GB HBM3, 49812, 81559, 22, 40

=== Wed Oct  8 01:10:19 PM PDT 2025 ===
0, NVIDIA H100 80GB HBM3, 49128, 81559, 16, 40
1, NVIDIA H100 80GB HBM3, 39648, 81559, 17, 48
2, NVIDIA H100 80GB HBM3, 39648, 81559, 18, 49
3, NVIDIA H100 80GB HBM3, 49928, 81559, 22, 43

=== Wed Oct  8 01:10:34 PM PDT 2025 ===
0, NVIDIA H100 80GB HBM3, 49128, 81559, 0, 36
1, NVIDIA H100 80GB HBM3, 39648, 81559, 0, 41
2, NVIDIA H100 80GB HBM3, 39648, 81559, 0, 44
3, NVIDIA H100 80GB HBM3, 49928, 81559, 0, 35

=== Wed Oct  8 01:10:46 PM PDT 2025 ===
0, NVIDIA H100 80GB HBM3, 49128, 81559, 2, 37
1, NVIDIA H100 80GB HBM3, 39648, 81559, 4, 42
2, NVIDIA H100 80GB HBM3, 39648, 81559, 8, 45
3, NVIDIA H100 80GB HBM3, 49928, 81559, 9, 36

=== Wed Oct  8 01:10:57 PM PDT 2025 ===
0, NVIDIA H100 80GB HBM3, 49128, 81559, 8, 38
1, NVIDIA H100 80GB HBM3, 39648, 81559, 6, 42
2, NVIDIA H100 80GB HBM3, 39648, 81559, 6, 46
3, NVIDIA H100 80GB HBM3, 49928, 81559, 6, 36

=== Wed Oct  8 01:11:07 PM PDT 2025 ===
0, NVIDIA H100 80GB HBM3, 49128, 81559, 15, 38
1, NVIDIA H100 80GB HBM3, 39648, 81559, 10, 43
2, NVIDIA H100 80GB HBM3, 39648, 81559, 9, 46
3, NVIDIA H100 80GB HBM3, 49928, 81559, 12, 37

=== Wed Oct  8 01:11:18 PM PDT 2025 ===
0, NVIDIA H100 80GB HBM3, 49128, 81559, 20, 39
1, NVIDIA H100 80GB HBM3, 39648, 81559, 10, 46
2, NVIDIA H100 80GB HBM3, 39648, 81559, 30, 50
3, NVIDIA H100 80GB HBM3, 49928, 81559, 27, 40

=== Wed Oct  8 01:11:29 PM PDT 2025 ===
0, NVIDIA H100 80GB HBM3, 51872, 81559, 11, 38
1, NVIDIA H100 80GB HBM3, 40298, 81559, 0, 42
2, NVIDIA H100 80GB HBM3, 40298, 81559, 0, 45
3, NVIDIA H100 80GB HBM3, 49958, 81559, 0, 36

=== Wed Oct  8 01:11:40 PM PDT 2025 ===
0, NVIDIA H100 80GB HBM3, 51872, 81559, 2, 36
1, NVIDIA H100 80GB HBM3, 40298, 81559, 0, 41
2, NVIDIA H100 80GB HBM3, 40298, 81559, 0, 45
3, NVIDIA H100 80GB HBM3, 49958, 81559, 0, 35

=== Wed Oct  8 01:11:54 PM PDT 2025 ===
0, NVIDIA H100 80GB HBM3, 51872, 81559, 0, 35
1, NVIDIA H100 80GB HBM3, 40298, 81559, 0, 40
2, NVIDIA H100 80GB HBM3, 40298, 81559, 0, 44
3, NVIDIA H100 80GB HBM3, 49958, 81559, 0, 34

=== Wed Oct  8 01:12:04 PM PDT 2025 ===
0, NVIDIA H100 80GB HBM3, 51872, 81559, 5, 36
1, NVIDIA H100 80GB HBM3, 40298, 81559, 0, 41
2, NVIDIA H100 80GB HBM3, 40298, 81559, 2, 45
3, NVIDIA H100 80GB HBM3, 49958, 81559, 6, 35

=== Wed Oct  8 01:12:16 PM PDT 2025 ===
0, NVIDIA H100 80GB HBM3, 51872, 81559, 2, 35
1, NVIDIA H100 80GB HBM3, 40298, 81559, 0, 40
2, NVIDIA H100 80GB HBM3, 40298, 81559, 0, 44
3, NVIDIA H100 80GB HBM3, 49958, 81559, 0, 35

=== Wed Oct  8 01:12:30 PM PDT 2025 ===
0, NVIDIA H100 80GB HBM3, 51872, 81559, 0, 35
1, NVIDIA H100 80GB HBM3, 40298, 81559, 0, 40
2, NVIDIA H100 80GB HBM3, 40298, 81559, 0, 43
3, NVIDIA H100 80GB HBM3, 49958, 81559, 0, 34

=== Wed Oct  8 01:12:40 PM PDT 2025 ===
0, NVIDIA H100 80GB HBM3, 51872, 81559, 10, 36
1, NVIDIA H100 80GB HBM3, 40298, 81559, 4, 41
2, NVIDIA H100 80GB HBM3, 40298, 81559, 8, 45
3, NVIDIA H100 80GB HBM3, 49958, 81559, 9, 36

=== Wed Oct  8 01:12:51 PM PDT 2025 ===
0, NVIDIA H100 80GB HBM3, 51872, 81559, 8, 38
1, NVIDIA H100 80GB HBM3, 40298, 81559, 8, 42
2, NVIDIA H100 80GB HBM3, 40298, 81559, 12, 46
3, NVIDIA H100 80GB HBM3, 49958, 81559, 9, 37

=== Wed Oct  8 01:13:02 PM PDT 2025 ===
0, NVIDIA H100 80GB HBM3, 51872, 81559, 11, 38
1, NVIDIA H100 80GB HBM3, 40298, 81559, 7, 43
2, NVIDIA H100 80GB HBM3, 40298, 81559, 7, 46
3, NVIDIA H100 80GB HBM3, 49958, 81559, 8, 36

=== Wed Oct  8 01:13:12 PM PDT 2025 ===
0, NVIDIA H100 80GB HBM3, 51872, 81559, 54, 37
1, NVIDIA H100 80GB HBM3, 40298, 81559, 1, 42
2, NVIDIA H100 80GB HBM3, 40298, 81559, 0, 45
3, NVIDIA H100 80GB HBM3, 49958, 81559, 0, 36

=== Wed Oct  8 01:13:23 PM PDT 2025 ===
0, NVIDIA H100 80GB HBM3, 51872, 81559, 6, 38
1, NVIDIA H100 80GB HBM3, 40298, 81559, 6, 43
2, NVIDIA H100 80GB HBM3, 40298, 81559, 6, 46
3, NVIDIA H100 80GB HBM3, 49958, 81559, 7, 37

=== Wed Oct  8 01:13:33 PM PDT 2025 ===
0, NVIDIA H100 80GB HBM3, 51872, 81559, 12, 38
1, NVIDIA H100 80GB HBM3, 40298, 81559, 5, 42
2, NVIDIA H100 80GB HBM3, 40298, 81559, 8, 46
3, NVIDIA H100 80GB HBM3, 49958, 81559, 7, 37

=== Wed Oct  8 01:13:44 PM PDT 2025 ===
0, NVIDIA H100 80GB HBM3, 51872, 81559, 12, 37
1, NVIDIA H100 80GB HBM3, 40298, 81559, 11, 43
2, NVIDIA H100 80GB HBM3, 40298, 81559, 12, 47
3, NVIDIA H100 80GB HBM3, 49958, 81559, 14, 37

=== Wed Oct  8 01:13:55 PM PDT 2025 ===
0, NVIDIA H100 80GB HBM3, 51872, 81559, 17, 38
1, NVIDIA H100 80GB HBM3, 40298, 81559, 15, 44
2, NVIDIA H100 80GB HBM3, 40298, 81559, 8, 46
3, NVIDIA H100 80GB HBM3, 49958, 81559, 19, 38

=== Wed Oct  8 01:14:06 PM PDT 2025 ===
0, NVIDIA H100 80GB HBM3, 51872, 81559, 28, 39
1, NVIDIA H100 80GB HBM3, 40298, 81559, 11, 47
2, NVIDIA H100 80GB HBM3, 40298, 81559, 18, 48
3, NVIDIA H100 80GB HBM3, 49958, 81559, 25, 43

=== Wed Oct  8 01:14:16 PM PDT 2025 ===
0, NVIDIA H100 80GB HBM3, 51872, 81559, 9, 38
1, NVIDIA H100 80GB HBM3, 40298, 81559, 0, 43
2, NVIDIA H100 80GB HBM3, 40298, 81559, 0, 46
3, NVIDIA H100 80GB HBM3, 50478, 81559, 9, 38

=== Wed Oct  8 01:14:27 PM PDT 2025 ===
0, NVIDIA H100 80GB HBM3, 51872, 81559, 6, 38
1, NVIDIA H100 80GB HBM3, 40298, 81559, 6, 44
2, NVIDIA H100 80GB HBM3, 40298, 81559, 17, 47
3, NVIDIA H100 80GB HBM3, 50478, 81559, 9, 38

=== Wed Oct  8 01:14:38 PM PDT 2025 ===
0, NVIDIA H100 80GB HBM3, 51872, 81559, 60, 39
1, NVIDIA H100 80GB HBM3, 40298, 81559, 0, 43
2, NVIDIA H100 80GB HBM3, 40298, 81559, 1, 46
3, NVIDIA H100 80GB HBM3, 50478, 81559, 0, 36

=== Wed Oct  8 01:14:49 PM PDT 2025 ===
0, NVIDIA H100 80GB HBM3, 51872, 81559, 19, 38
1, NVIDIA H100 80GB HBM3, 40298, 81559, 12, 45
2, NVIDIA H100 80GB HBM3, 40298, 81559, 12, 48
3, NVIDIA H100 80GB HBM3, 50478, 81559, 16, 38

=== Wed Oct  8 01:15:00 PM PDT 2025 ===
0, NVIDIA H100 80GB HBM3, 51872, 81559, 0, 38
1, NVIDIA H100 80GB HBM3, 40298, 81559, 0, 43
2, NVIDIA H100 80GB HBM3, 40298, 81559, 0, 46
3, NVIDIA H100 80GB HBM3, 50478, 81559, 0, 37

=== Wed Oct  8 01:15:11 PM PDT 2025 ===
0, NVIDIA H100 80GB HBM3, 51890, 81559, 0, 38
1, NVIDIA H100 80GB HBM3, 40316, 81559, 4, 43
2, NVIDIA H100 80GB HBM3, 40316, 81559, 2, 47
3, NVIDIA H100 80GB HBM3, 50496, 81559, 0, 37

=== Wed Oct  8 01:15:21 PM PDT 2025 ===
0, NVIDIA H100 80GB HBM3, 59716, 81559, 18, 38
1, NVIDIA H100 80GB HBM3, 48158, 81559, 9, 44
2, NVIDIA H100 80GB HBM3, 48158, 81559, 14, 45
3, NVIDIA H100 80GB HBM3, 58220, 81559, 7, 36

=== Wed Oct  8 01:15:32 PM PDT 2025 ===
0, NVIDIA H100 80GB HBM3, 59716, 81559, 13, 39
1, NVIDIA H100 80GB HBM3, 48158, 81559, 13, 44
2, NVIDIA H100 80GB HBM3, 48158, 81559, 10, 46
3, NVIDIA H100 80GB HBM3, 58220, 81559, 19, 38

=== Wed Oct  8 01:15:43 PM PDT 2025 ===
0, NVIDIA H100 80GB HBM3, 59716, 81559, 4, 38
1, NVIDIA H100 80GB HBM3, 48158, 81559, 8, 43
2, NVIDIA H100 80GB HBM3, 48158, 81559, 0, 46
3, NVIDIA H100 80GB HBM3, 58220, 81559, 6, 37

=== Wed Oct  8 01:15:55 PM PDT 2025 ===
0, NVIDIA H100 80GB HBM3, 59716, 81559, 4, 40
1, NVIDIA H100 80GB HBM3, 48158, 81559, 19, 48
2, NVIDIA H100 80GB HBM3, 48158, 81559, 2, 49
3, NVIDIA H100 80GB HBM3, 58220, 81559, 24, 38

=== Wed Oct  8 01:16:05 PM PDT 2025 ===
0, NVIDIA H100 80GB HBM3, 59716, 81559, 16, 38
1, NVIDIA H100 80GB HBM3, 48158, 81559, 9, 43
2, NVIDIA H100 80GB HBM3, 48158, 81559, 1, 46
3, NVIDIA H100 80GB HBM3, 58220, 81559, 18, 37

=== Wed Oct  8 01:16:16 PM PDT 2025 ===
0, NVIDIA H100 80GB HBM3, 59716, 81559, 22, 39
1, NVIDIA H100 80GB HBM3, 48158, 81559, 0, 47
2, NVIDIA H100 80GB HBM3, 48158, 81559, 10, 48
3, NVIDIA H100 80GB HBM3, 58220, 81559, 2, 43

=== Wed Oct  8 01:16:26 PM PDT 2025 ===
0, NVIDIA H100 80GB HBM3, 59716, 81559, 16, 39
1, NVIDIA H100 80GB HBM3, 48158, 81559, 9, 44
2, NVIDIA H100 80GB HBM3, 48158, 81559, 11, 46
3, NVIDIA H100 80GB HBM3, 58220, 81559, 7, 37

=== Wed Oct  8 01:16:37 PM PDT 2025 ===
0, NVIDIA H100 80GB HBM3, 59716, 81559, 16, 39
1, NVIDIA H100 80GB HBM3, 48158, 81559, 10, 45
2, NVIDIA H100 80GB HBM3, 48158, 81559, 20, 47
3, NVIDIA H100 80GB HBM3, 58220, 81559, 12, 38

=== Wed Oct  8 01:16:48 PM PDT 2025 ===
0, NVIDIA H100 80GB HBM3, 59716, 81559, 12, 39
1, NVIDIA H100 80GB HBM3, 48158, 81559, 8, 45
2, NVIDIA H100 80GB HBM3, 48158, 81559, 8, 47
3, NVIDIA H100 80GB HBM3, 58220, 81559, 12, 39

=== Wed Oct  8 01:16:58 PM PDT 2025 ===
0, NVIDIA H100 80GB HBM3, 59716, 81559, 6, 39
1, NVIDIA H100 80GB HBM3, 48158, 81559, 7, 44
2, NVIDIA H100 80GB HBM3, 48158, 81559, 0, 47
3, NVIDIA H100 80GB HBM3, 58220, 81559, 3, 38

=== Wed Oct  8 01:17:09 PM PDT 2025 ===
0, NVIDIA H100 80GB HBM3, 59716, 81559, 10, 38
1, NVIDIA H100 80GB HBM3, 48158, 81559, 9, 44
2, NVIDIA H100 80GB HBM3, 48158, 81559, 8, 47
3, NVIDIA H100 80GB HBM3, 58220, 81559, 16, 38

=== Wed Oct  8 01:17:21 PM PDT 2025 ===
0, NVIDIA H100 80GB HBM3, 59716, 81559, 7, 40
1, NVIDIA H100 80GB HBM3, 48158, 81559, 19, 46
2, NVIDIA H100 80GB HBM3, 48158, 81559, 19, 48
3, NVIDIA H100 80GB HBM3, 58220, 81559, 25, 39

=== Wed Oct  8 01:17:31 PM PDT 2025 ===
0, NVIDIA H100 80GB HBM3, 59716, 81559, 12, 39
1, NVIDIA H100 80GB HBM3, 48158, 81559, 6, 45
2, NVIDIA H100 80GB HBM3, 48158, 81559, 6, 47
3, NVIDIA H100 80GB HBM3, 58220, 81559, 7, 37

=== Wed Oct  8 01:17:42 PM PDT 2025 ===
0, NVIDIA H100 80GB HBM3, 59716, 81559, 0, 37
1, NVIDIA H100 80GB HBM3, 48158, 81559, 0, 43
2, NVIDIA H100 80GB HBM3, 48158, 81559, 0, 45
3, NVIDIA H100 80GB HBM3, 58220, 81559, 0, 36

=== Wed Oct  8 01:17:58 PM PDT 2025 ===
0, NVIDIA H100 80GB HBM3, 59716, 81559, 0, 36
1, NVIDIA H100 80GB HBM3, 48158, 81559, 0, 41
2, NVIDIA H100 80GB HBM3, 48158, 81559, 0, 45
3, NVIDIA H100 80GB HBM3, 58220, 81559, 0, 35

=== Wed Oct  8 01:18:09 PM PDT 2025 ===
0, NVIDIA H100 80GB HBM3, 59716, 81559, 17, 39
1, NVIDIA H100 80GB HBM3, 48158, 81559, 11, 44
2, NVIDIA H100 80GB HBM3, 48158, 81559, 6, 47
3, NVIDIA H100 80GB HBM3, 58220, 81559, 26, 38

=== Wed Oct  8 01:18:19 PM PDT 2025 ===
0, NVIDIA H100 80GB HBM3, 59716, 81559, 20, 39
1, NVIDIA H100 80GB HBM3, 48158, 81559, 11, 44
2, NVIDIA H100 80GB HBM3, 48158, 81559, 11, 47
3, NVIDIA H100 80GB HBM3, 58220, 81559, 19, 38

=== Wed Oct  8 01:18:30 PM PDT 2025 ===
0, NVIDIA H100 80GB HBM3, 59716, 81559, 11, 38
1, NVIDIA H100 80GB HBM3, 48158, 81559, 15, 43
2, NVIDIA H100 80GB HBM3, 48158, 81559, 8, 47
3, NVIDIA H100 80GB HBM3, 58220, 81559, 9, 37

=== Wed Oct  8 01:18:41 PM PDT 2025 ===
0, NVIDIA H100 80GB HBM3, 59716, 81559, 19, 39
1, NVIDIA H100 80GB HBM3, 48158, 81559, 19, 44
2, NVIDIA H100 80GB HBM3, 48158, 81559, 19, 47
3, NVIDIA H100 80GB HBM3, 58220, 81559, 24, 38

=== Wed Oct  8 01:18:51 PM PDT 2025 ===
0, NVIDIA H100 80GB HBM3, 59716, 81559, 10, 38
1, NVIDIA H100 80GB HBM3, 48158, 81559, 10, 43
2, NVIDIA H100 80GB HBM3, 48158, 81559, 14, 46
3, NVIDIA H100 80GB HBM3, 58220, 81559, 14, 37

=== Wed Oct  8 01:19:02 PM PDT 2025 ===
0, NVIDIA H100 80GB HBM3, 59716, 81559, 30, 39
1, NVIDIA H100 80GB HBM3, 48158, 81559, 26, 45
2, NVIDIA H100 80GB HBM3, 48158, 81559, 22, 48
3, NVIDIA H100 80GB HBM3, 58220, 81559, 13, 40

=== Wed Oct  8 01:19:13 PM PDT 2025 ===
0, NVIDIA H100 80GB HBM3, 59716, 81559, 8, 38
1, NVIDIA H100 80GB HBM3, 48158, 81559, 6, 44
2, NVIDIA H100 80GB HBM3, 48158, 81559, 6, 46
3, NVIDIA H100 80GB HBM3, 58220, 81559, 5, 37

=== Wed Oct  8 01:19:23 PM PDT 2025 ===
0, NVIDIA H100 80GB HBM3, 59716, 81559, 12, 38
1, NVIDIA H100 80GB HBM3, 48158, 81559, 10, 43
2, NVIDIA H100 80GB HBM3, 48158, 81559, 10, 47
3, NVIDIA H100 80GB HBM3, 58220, 81559, 13, 37

=== Wed Oct  8 01:19:35 PM PDT 2025 ===
0, NVIDIA H100 80GB HBM3, 59716, 81559, 13, 39
1, NVIDIA H100 80GB HBM3, 48158, 81559, 8, 44
2, NVIDIA H100 80GB HBM3, 48158, 81559, 7, 47
3, NVIDIA H100 80GB HBM3, 58220, 81559, 9, 37

=== Wed Oct  8 01:19:46 PM PDT 2025 ===
0, NVIDIA H100 80GB HBM3, 59716, 81559, 6, 38
1, NVIDIA H100 80GB HBM3, 48158, 81559, 2, 44
2, NVIDIA H100 80GB HBM3, 48158, 81559, 0, 46
3, NVIDIA H100 80GB HBM3, 58220, 81559, 0, 37

=== Wed Oct  8 01:19:56 PM PDT 2025 ===
0, NVIDIA H100 80GB HBM3, 59716, 81559, 15, 39
1, NVIDIA H100 80GB HBM3, 48158, 81559, 20, 44
2, NVIDIA H100 80GB HBM3, 48158, 81559, 17, 47
3, NVIDIA H100 80GB HBM3, 58220, 81559, 18, 38

=== Wed Oct  8 01:20:07 PM PDT 2025 ===
0, NVIDIA H100 80GB HBM3, 59716, 81559, 18, 40
1, NVIDIA H100 80GB HBM3, 48158, 81559, 18, 48
2, NVIDIA H100 80GB HBM3, 48158, 81559, 17, 47
3, NVIDIA H100 80GB HBM3, 58220, 81559, 15, 37

=== Wed Oct  8 01:20:18 PM PDT 2025 ===
0, NVIDIA H100 80GB HBM3, 59716, 81559, 0, 39
1, NVIDIA H100 80GB HBM3, 48158, 81559, 0, 43
2, NVIDIA H100 80GB HBM3, 48158, 81559, 0, 46
3, NVIDIA H100 80GB HBM3, 58220, 81559, 0, 36

=== Wed Oct  8 01:20:29 PM PDT 2025 ===
0, NVIDIA H100 80GB HBM3, 59716, 81559, 4, 38
1, NVIDIA H100 80GB HBM3, 48158, 81559, 14, 44
2, NVIDIA H100 80GB HBM3, 48158, 81559, 16, 47
3, NVIDIA H100 80GB HBM3, 58220, 81559, 16, 39

=== Wed Oct  8 01:20:45 PM PDT 2025 ===
0, NVIDIA H100 80GB HBM3, 59716, 81559, 2, 39
1, NVIDIA H100 80GB HBM3, 48158, 81559, 0, 44
2, NVIDIA H100 80GB HBM3, 48158, 81559, 0, 46
3, NVIDIA H100 80GB HBM3, 58220, 81559, 0, 37

=== Wed Oct  8 01:20:57 PM PDT 2025 ===
0, NVIDIA H100 80GB HBM3, 59716, 81559, 6, 40
1, NVIDIA H100 80GB HBM3, 48158, 81559, 11, 44
2, NVIDIA H100 80GB HBM3, 48158, 81559, 9, 47
3, NVIDIA H100 80GB HBM3, 58220, 81559, 0, 37

=== Wed Oct  8 01:21:08 PM PDT 2025 ===
0, NVIDIA H100 80GB HBM3, 59716, 81559, 7, 38
1, NVIDIA H100 80GB HBM3, 48158, 81559, 10, 44
2, NVIDIA H100 80GB HBM3, 48158, 81559, 9, 47
3, NVIDIA H100 80GB HBM3, 58220, 81559, 21, 38

=== Wed Oct  8 01:21:18 PM PDT 2025 ===
0, NVIDIA H100 80GB HBM3, 59716, 81559, 3, 36
1, NVIDIA H100 80GB HBM3, 48158, 81559, 0, 42
2, NVIDIA H100 80GB HBM3, 48158, 81559, 0, 45
3, NVIDIA H100 80GB HBM3, 58220, 81559, 0, 36

=== Wed Oct  8 01:21:29 PM PDT 2025 ===
0, NVIDIA H100 80GB HBM3, 59716, 81559, 0, 36
1, NVIDIA H100 80GB HBM3, 48158, 81559, 0, 41
2, NVIDIA H100 80GB HBM3, 48158, 81559, 0, 44
3, NVIDIA H100 80GB HBM3, 58220, 81559, 0, 35

=== Wed Oct  8 01:21:39 PM PDT 2025 ===
0, NVIDIA H100 80GB HBM3, 59716, 81559, 10, 38
1, NVIDIA H100 80GB HBM3, 48158, 81559, 6, 43
2, NVIDIA H100 80GB HBM3, 48158, 81559, 7, 46
3, NVIDIA H100 80GB HBM3, 58220, 81559, 7, 37

=== Wed Oct  8 01:21:50 PM PDT 2025 ===
0, NVIDIA H100 80GB HBM3, 59716, 81559, 16, 38
1, NVIDIA H100 80GB HBM3, 48158, 81559, 10, 43
2, NVIDIA H100 80GB HBM3, 48158, 81559, 7, 46
3, NVIDIA H100 80GB HBM3, 58220, 81559, 6, 37

=== Wed Oct  8 01:22:00 PM PDT 2025 ===
0, NVIDIA H100 80GB HBM3, 59716, 81559, 22, 38
1, NVIDIA H100 80GB HBM3, 48158, 81559, 23, 44
2, NVIDIA H100 80GB HBM3, 48158, 81559, 11, 47
3, NVIDIA H100 80GB HBM3, 58220, 81559, 9, 36

=== Wed Oct  8 01:22:12 PM PDT 2025 ===
0, NVIDIA H100 80GB HBM3, 59716, 81559, 3, 38
1, NVIDIA H100 80GB HBM3, 48158, 81559, 6, 42
2, NVIDIA H100 80GB HBM3, 48158, 81559, 10, 46
3, NVIDIA H100 80GB HBM3, 58220, 81559, 19, 37

=== Wed Oct  8 01:22:23 PM PDT 2025 ===
0, NVIDIA H100 80GB HBM3, 59716, 81559, 16, 39
1, NVIDIA H100 80GB HBM3, 48158, 81559, 11, 44
2, NVIDIA H100 80GB HBM3, 48158, 81559, 8, 46
3, NVIDIA H100 80GB HBM3, 58220, 81559, 9, 38

=== Wed Oct  8 01:22:34 PM PDT 2025 ===
0, NVIDIA H100 80GB HBM3, 59716, 81559, 3, 37
1, NVIDIA H100 80GB HBM3, 48158, 81559, 0, 42
2, NVIDIA H100 80GB HBM3, 48158, 81559, 0, 45
3, NVIDIA H100 80GB HBM3, 58220, 81559, 0, 36

=== Wed Oct  8 01:22:51 PM PDT 2025 ===
0, NVIDIA H100 80GB HBM3, 59716, 81559, 0, 36
1, NVIDIA H100 80GB HBM3, 48158, 81559, 0, 41
2, NVIDIA H100 80GB HBM3, 48158, 81559, 0, 44
3, NVIDIA H100 80GB HBM3, 58220, 81559, 0, 35

=== Wed Oct  8 01:23:03 PM PDT 2025 ===
0, NVIDIA H100 80GB HBM3, 59716, 81559, 25, 38
1, NVIDIA H100 80GB HBM3, 48158, 81559, 17, 43
2, NVIDIA H100 80GB HBM3, 48158, 81559, 20, 47
3, NVIDIA H100 80GB HBM3, 58220, 81559, 21, 38

=== Wed Oct  8 01:23:14 PM PDT 2025 ===
0, NVIDIA H100 80GB HBM3, 59716, 81559, 15, 38
1, NVIDIA H100 80GB HBM3, 48158, 81559, 0, 42
2, NVIDIA H100 80GB HBM3, 48158, 81559, 0, 45
3, NVIDIA H100 80GB HBM3, 58220, 81559, 0, 36

=== Wed Oct  8 01:23:25 PM PDT 2025 ===
0, NVIDIA H100 80GB HBM3, 59716, 81559, 13, 40
1, NVIDIA H100 80GB HBM3, 48158, 81559, 11, 43
2, NVIDIA H100 80GB HBM3, 48158, 81559, 6, 48
3, NVIDIA H100 80GB HBM3, 58220, 81559, 25, 37

=== Wed Oct  8 01:23:36 PM PDT 2025 ===
0, NVIDIA H100 80GB HBM3, 59716, 81559, 9, 38
1, NVIDIA H100 80GB HBM3, 48158, 81559, 12, 43
2, NVIDIA H100 80GB HBM3, 48158, 81559, 9, 46
3, NVIDIA H100 80GB HBM3, 58220, 81559, 1, 37

=== Wed Oct  8 01:23:52 PM PDT 2025 ===
0, NVIDIA H100 80GB HBM3, 59716, 81559, 0, 36
1, NVIDIA H100 80GB HBM3, 48158, 81559, 0, 41
2, NVIDIA H100 80GB HBM3, 48158, 81559, 0, 44
3, NVIDIA H100 80GB HBM3, 58220, 81559, 0, 35

=== Wed Oct  8 01:24:06 PM PDT 2025 ===
0, NVIDIA H100 80GB HBM3, 59716, 81559, 8, 37
1, NVIDIA H100 80GB HBM3, 48158, 81559, 0, 42
2, NVIDIA H100 80GB HBM3, 48158, 81559, 0, 44
3, NVIDIA H100 80GB HBM3, 58220, 81559, 3, 36

=== Wed Oct  8 01:24:17 PM PDT 2025 ===
0, NVIDIA H100 80GB HBM3, 59716, 81559, 7, 36
1, NVIDIA H100 80GB HBM3, 48158, 81559, 0, 41
2, NVIDIA H100 80GB HBM3, 48158, 81559, 0, 45
3, NVIDIA H100 80GB HBM3, 58220, 81559, 0, 36

=== Wed Oct  8 01:24:28 PM PDT 2025 ===
0, NVIDIA H100 80GB HBM3, 59716, 81559, 9, 37
1, NVIDIA H100 80GB HBM3, 48158, 81559, 3, 42
2, NVIDIA H100 80GB HBM3, 48158, 81559, 6, 46
3, NVIDIA H100 80GB HBM3, 58220, 81559, 4, 36

=== Wed Oct  8 01:24:39 PM PDT 2025 ===
0, NVIDIA H100 80GB HBM3, 59716, 81559, 21, 39
1, NVIDIA H100 80GB HBM3, 48158, 81559, 5, 44
2, NVIDIA H100 80GB HBM3, 48158, 81559, 4, 46
3, NVIDIA H100 80GB HBM3, 58220, 81559, 19, 38

=== Wed Oct  8 01:24:49 PM PDT 2025 ===
0, NVIDIA H100 80GB HBM3, 59716, 81559, 41, 38
1, NVIDIA H100 80GB HBM3, 48158, 81559, 0, 42
2, NVIDIA H100 80GB HBM3, 48158, 81559, 0, 45
3, NVIDIA H100 80GB HBM3, 58220, 81559, 0, 36

=== Wed Oct  8 01:25:00 PM PDT 2025 ===
0, NVIDIA H100 80GB HBM3, 59716, 81559, 23, 39
1, NVIDIA H100 80GB HBM3, 48158, 81559, 16, 44
2, NVIDIA H100 80GB HBM3, 48158, 81559, 19, 47
3, NVIDIA H100 80GB HBM3, 58220, 81559, 20, 39

=== Wed Oct  8 01:25:11 PM PDT 2025 ===
0, NVIDIA H100 80GB HBM3, 59716, 81559, 7, 37
1, NVIDIA H100 80GB HBM3, 48158, 81559, 7, 43
2, NVIDIA H100 80GB HBM3, 48158, 81559, 10, 47
3, NVIDIA H100 80GB HBM3, 58220, 81559, 6, 37

=== Wed Oct  8 01:25:23 PM PDT 2025 ===
0, NVIDIA H100 80GB HBM3, 59716, 81559, 1, 37
1, NVIDIA H100 80GB HBM3, 48158, 81559, 0, 42
2, NVIDIA H100 80GB HBM3, 48158, 81559, 0, 45
3, NVIDIA H100 80GB HBM3, 58220, 81559, 0, 36

=== Wed Oct  8 01:25:39 PM PDT 2025 ===
0, NVIDIA H100 80GB HBM3, 59716, 81559, 0, 36
1, NVIDIA H100 80GB HBM3, 48158, 81559, 0, 41
2, NVIDIA H100 80GB HBM3, 48158, 81559, 0, 44
3, NVIDIA H100 80GB HBM3, 58220, 81559, 0, 35

=== Wed Oct  8 01:25:51 PM PDT 2025 ===
0, NVIDIA H100 80GB HBM3, 59716, 81559, 8, 37
1, NVIDIA H100 80GB HBM3, 48158, 81559, 0, 41
2, NVIDIA H100 80GB HBM3, 48158, 81559, 0, 44
3, NVIDIA H100 80GB HBM3, 58220, 81559, 0, 35

=== Wed Oct  8 01:26:02 PM PDT 2025 ===
0, NVIDIA H100 80GB HBM3, 59716, 81559, 0, 36
1, NVIDIA H100 80GB HBM3, 48158, 81559, 0, 40
2, NVIDIA H100 80GB HBM3, 48158, 81559, 0, 44
3, NVIDIA H100 80GB HBM3, 58220, 81559, 0, 35

=== Wed Oct  8 01:26:15 PM PDT 2025 ===
0, NVIDIA H100 80GB HBM3, 59716, 81559, 0, 35
1, NVIDIA H100 80GB HBM3, 48158, 81559, 0, 40
2, NVIDIA H100 80GB HBM3, 48158, 81559, 0, 43
3, NVIDIA H100 80GB HBM3, 58220, 81559, 0, 34

=== Wed Oct  8 01:26:27 PM PDT 2025 ===
0, NVIDIA H100 80GB HBM3, 59716, 81559, 17, 42
1, NVIDIA H100 80GB HBM3, 48158, 81559, 28, 43
2, NVIDIA H100 80GB HBM3, 48158, 81559, 28, 45
3, NVIDIA H100 80GB HBM3, 58220, 81559, 21, 42

=== Wed Oct  8 01:26:38 PM PDT 2025 ===
0, NVIDIA H100 80GB HBM3, 59716, 81559, 0, 35
1, NVIDIA H100 80GB HBM3, 48158, 81559, 0, 40
2, NVIDIA H100 80GB HBM3, 48158, 81559, 0, 42
3, NVIDIA H100 80GB HBM3, 58220, 81559, 0, 35

=== Wed Oct  8 01:26:50 PM PDT 2025 ===
0, NVIDIA H100 80GB HBM3, 59716, 81559, 8, 36
1, NVIDIA H100 80GB HBM3, 48158, 81559, 11, 42
2, NVIDIA H100 80GB HBM3, 48158, 81559, 0, 42
3, NVIDIA H100 80GB HBM3, 58220, 81559, 13, 37

=== Wed Oct  8 01:27:03 PM PDT 2025 ===
0, NVIDIA H100 80GB HBM3, 59716, 81559, 11, 38
1, NVIDIA H100 80GB HBM3, 48158, 81559, 11, 44
2, NVIDIA H100 80GB HBM3, 48158, 81559, 11, 44
3, NVIDIA H100 80GB HBM3, 58220, 81559, 13, 37

=== Wed Oct  8 01:27:13 PM PDT 2025 ===
0, NVIDIA H100 80GB HBM3, 59716, 81559, 34, 39
1, NVIDIA H100 80GB HBM3, 48158, 81559, 6, 42
2, NVIDIA H100 80GB HBM3, 48158, 81559, 2, 42
3, NVIDIA H100 80GB HBM3, 58220, 81559, 6, 37

=== Wed Oct  8 01:27:24 PM PDT 2025 ===
0, NVIDIA H100 80GB HBM3, 59716, 81559, 13, 38
1, NVIDIA H100 80GB HBM3, 48158, 81559, 12, 43
2, NVIDIA H100 80GB HBM3, 48158, 81559, 0, 43
3, NVIDIA H100 80GB HBM3, 58220, 81559, 0, 37

=== Wed Oct  8 01:27:34 PM PDT 2025 ===
0, NVIDIA H100 80GB HBM3, 59716, 81559, 2, 36
1, NVIDIA H100 80GB HBM3, 48158, 81559, 0, 41
2, NVIDIA H100 80GB HBM3, 48158, 81559, 0, 41
3, NVIDIA H100 80GB HBM3, 58220, 81559, 0, 35

=== Wed Oct  8 01:27:45 PM PDT 2025 ===
0, NVIDIA H100 80GB HBM3, 59716, 81559, 2, 36
1, NVIDIA H100 80GB HBM3, 48158, 81559, 0, 41
2, NVIDIA H100 80GB HBM3, 48158, 81559, 0, 40
3, NVIDIA H100 80GB HBM3, 58220, 81559, 0, 35

=== Wed Oct  8 01:27:55 PM PDT 2025 ===
0, NVIDIA H100 80GB HBM3, 59716, 81559, 5, 37
1, NVIDIA H100 80GB HBM3, 48158, 81559, 9, 42
2, NVIDIA H100 80GB HBM3, 48158, 81559, 4, 41
3, NVIDIA H100 80GB HBM3, 58220, 81559, 0, 36

=== Wed Oct  8 01:28:07 PM PDT 2025 ===
0, NVIDIA H100 80GB HBM3, 59716, 81559, 14, 39
1, NVIDIA H100 80GB HBM3, 48158, 81559, 19, 44
2, NVIDIA H100 80GB HBM3, 48158, 81559, 17, 44
3, NVIDIA H100 80GB HBM3, 58220, 81559, 17, 37

=== Wed Oct  8 01:28:18 PM PDT 2025 ===
0, NVIDIA H100 80GB HBM3, 59716, 81559, 2, 38
1, NVIDIA H100 80GB HBM3, 48158, 81559, 5, 42
2, NVIDIA H100 80GB HBM3, 48158, 81559, 0, 43
3, NVIDIA H100 80GB HBM3, 58220, 81559, 0, 36

=== Wed Oct  8 01:28:28 PM PDT 2025 ===
0, NVIDIA H100 80GB HBM3, 59716, 81559, 1, 37
1, NVIDIA H100 80GB HBM3, 48158, 81559, 0, 42
2, NVIDIA H100 80GB HBM3, 48158, 81559, 0, 43
3, NVIDIA H100 80GB HBM3, 58220, 81559, 0, 36

=== Wed Oct  8 01:28:43 PM PDT 2025 ===
0, NVIDIA H100 80GB HBM3, 59716, 81559, 0, 36
1, NVIDIA H100 80GB HBM3, 48158, 81559, 0, 41
2, NVIDIA H100 80GB HBM3, 48158, 81559, 0, 42
3, NVIDIA H100 80GB HBM3, 58220, 81559, 0, 35

=== Wed Oct  8 01:28:57 PM PDT 2025 ===
0, NVIDIA H100 80GB HBM3, 59716, 81559, 15, 37
1, NVIDIA H100 80GB HBM3, 48158, 81559, 11, 43
2, NVIDIA H100 80GB HBM3, 48158, 81559, 11, 45
3, NVIDIA H100 80GB HBM3, 58220, 81559, 13, 37

=== Wed Oct  8 01:29:08 PM PDT 2025 ===
0, NVIDIA H100 80GB HBM3, 59716, 81559, 3, 36
1, NVIDIA H100 80GB HBM3, 48158, 81559, 0, 41
2, NVIDIA H100 80GB HBM3, 48158, 81559, 0, 43
3, NVIDIA H100 80GB HBM3, 58220, 81559, 0, 35

=== Wed Oct  8 01:29:21 PM PDT 2025 ===
0, NVIDIA H100 80GB HBM3, 59716, 81559, 0, 35
1, NVIDIA H100 80GB HBM3, 48158, 81559, 0, 40
2, NVIDIA H100 80GB HBM3, 48158, 81559, 0, 43
3, NVIDIA H100 80GB HBM3, 58220, 81559, 0, 34

=== Wed Oct  8 01:29:34 PM PDT 2025 ===
0, NVIDIA H100 80GB HBM3, 59716, 81559, 19, 38
1, NVIDIA H100 80GB HBM3, 48158, 81559, 28, 42
2, NVIDIA H100 80GB HBM3, 48158, 81559, 17, 45
3, NVIDIA H100 80GB HBM3, 58220, 81559, 13, 37

=== Wed Oct  8 01:29:45 PM PDT 2025 ===
0, NVIDIA H100 80GB HBM3, 59716, 81559, 12, 37
1, NVIDIA H100 80GB HBM3, 48158, 81559, 0, 42
2, NVIDIA H100 80GB HBM3, 48158, 81559, 9, 45
3, NVIDIA H100 80GB HBM3, 58220, 81559, 8, 36

=== Wed Oct  8 01:29:56 PM PDT 2025 ===
0, NVIDIA H100 80GB HBM3, 59716, 81559, 1, 36
1, NVIDIA H100 80GB HBM3, 48158, 81559, 0, 41
2, NVIDIA H100 80GB HBM3, 48158, 81559, 0, 44
3, NVIDIA H100 80GB HBM3, 58220, 81559, 0, 35

=== Wed Oct  8 01:30:14 PM PDT 2025 ===
0, NVIDIA H100 80GB HBM3, 59716, 81559, 0, 35
1, NVIDIA H100 80GB HBM3, 48158, 81559, 0, 40
2, NVIDIA H100 80GB HBM3, 48158, 81559, 0, 44
3, NVIDIA H100 80GB HBM3, 58220, 81559, 0, 35

=== Wed Oct  8 01:30:26 PM PDT 2025 ===
0, NVIDIA H100 80GB HBM3, 59716, 81559, 20, 37
1, NVIDIA H100 80GB HBM3, 48158, 81559, 22, 43
2, NVIDIA H100 80GB HBM3, 48158, 81559, 11, 45
3, NVIDIA H100 80GB HBM3, 58220, 81559, 10, 36

=== Wed Oct  8 01:30:38 PM PDT 2025 ===
0, NVIDIA H100 80GB HBM3, 59716, 81559, 0, 36
1, NVIDIA H100 80GB HBM3, 48158, 81559, 0, 42
2, NVIDIA H100 80GB HBM3, 48158, 81559, 0, 47
3, NVIDIA H100 80GB HBM3, 58220, 81559, 21, 37

=== Wed Oct  8 01:30:49 PM PDT 2025 ===
0, NVIDIA H100 80GB HBM3, 59716, 81559, 1, 36
1, NVIDIA H100 80GB HBM3, 48158, 81559, 0, 41
2, NVIDIA H100 80GB HBM3, 48158, 81559, 0, 45
3, NVIDIA H100 80GB HBM3, 58220, 81559, 0, 35

=== Wed Oct  8 01:31:02 PM PDT 2025 ===
0, NVIDIA H100 80GB HBM3, 59716, 81559, 0, 35
1, NVIDIA H100 80GB HBM3, 48158, 81559, 0, 40
2, NVIDIA H100 80GB HBM3, 48158, 81559, 0, 44
3, NVIDIA H100 80GB HBM3, 58220, 81559, 0, 34

=== Wed Oct  8 01:31:13 PM PDT 2025 ===
0, NVIDIA H100 80GB HBM3, 59716, 81559, 1, 36
1, NVIDIA H100 80GB HBM3, 48158, 81559, 0, 41
2, NVIDIA H100 80GB HBM3, 48158, 81559, 11, 46
3, NVIDIA H100 80GB HBM3, 58220, 81559, 12, 37

=== Wed Oct  8 01:31:25 PM PDT 2025 ===
0, NVIDIA H100 80GB HBM3, 59716, 81559, 16, 38
1, NVIDIA H100 80GB HBM3, 48158, 81559, 12, 43
2, NVIDIA H100 80GB HBM3, 48158, 81559, 8, 46
3, NVIDIA H100 80GB HBM3, 58220, 81559, 14, 37

=== Wed Oct  8 01:31:35 PM PDT 2025 ===
0, NVIDIA H100 80GB HBM3, 59716, 81559, 10, 38
1, NVIDIA H100 80GB HBM3, 48158, 81559, 7, 42
2, NVIDIA H100 80GB HBM3, 48158, 81559, 7, 46
3, NVIDIA H100 80GB HBM3, 58220, 81559, 7, 36

=== Wed Oct  8 01:31:46 PM PDT 2025 ===
0, NVIDIA H100 80GB HBM3, 59716, 81559, 10, 38
1, NVIDIA H100 80GB HBM3, 48158, 81559, 6, 42
2, NVIDIA H100 80GB HBM3, 48158, 81559, 9, 46
3, NVIDIA H100 80GB HBM3, 58220, 81559, 12, 37

=== Wed Oct  8 01:31:56 PM PDT 2025 ===
0, NVIDIA H100 80GB HBM3, 59716, 81559, 23, 40
1, NVIDIA H100 80GB HBM3, 48158, 81559, 16, 47
2, NVIDIA H100 80GB HBM3, 48158, 81559, 20, 48
3, NVIDIA H100 80GB HBM3, 58220, 81559, 20, 41

=== Wed Oct  8 01:32:07 PM PDT 2025 ===
0, NVIDIA H100 80GB HBM3, 59716, 81559, 0, 36
1, NVIDIA H100 80GB HBM3, 48158, 81559, 0, 41
2, NVIDIA H100 80GB HBM3, 48158, 81559, 0, 45
3, NVIDIA H100 80GB HBM3, 58220, 81559, 0, 35

=== Wed Oct  8 01:32:21 PM PDT 2025 ===
0, NVIDIA H100 80GB HBM3, 59716, 81559, 0, 36
1, NVIDIA H100 80GB HBM3, 48158, 81559, 0, 41
2, NVIDIA H100 80GB HBM3, 48158, 81559, 0, 44
3, NVIDIA H100 80GB HBM3, 58220, 81559, 0, 35

=== Wed Oct  8 01:32:32 PM PDT 2025 ===
0, NVIDIA H100 80GB HBM3, 59716, 81559, 18, 37
1, NVIDIA H100 80GB HBM3, 48158, 81559, 11, 42
2, NVIDIA H100 80GB HBM3, 48158, 81559, 2, 46
3, NVIDIA H100 80GB HBM3, 58220, 81559, 6, 36

=== Wed Oct  8 01:32:43 PM PDT 2025 ===
0, NVIDIA H100 80GB HBM3, 59716, 81559, 1, 36
1, NVIDIA H100 80GB HBM3, 48158, 81559, 0, 41
2, NVIDIA H100 80GB HBM3, 48158, 81559, 0, 44
3, NVIDIA H100 80GB HBM3, 58220, 81559, 0, 35

=== Wed Oct  8 01:32:58 PM PDT 2025 ===
0, NVIDIA H100 80GB HBM3, 59716, 81559, 0, 35
1, NVIDIA H100 80GB HBM3, 48158, 81559, 0, 40
2, NVIDIA H100 80GB HBM3, 48158, 81559, 0, 44
3, NVIDIA H100 80GB HBM3, 58220, 81559, 0, 34

=== Wed Oct  8 01:33:12 PM PDT 2025 ===
0, NVIDIA H100 80GB HBM3, 59716, 81559, 10, 35
1, NVIDIA H100 80GB HBM3, 48158, 81559, 0, 41
2, NVIDIA H100 80GB HBM3, 48158, 81559, 10, 45
3, NVIDIA H100 80GB HBM3, 58220, 81559, 17, 36

=== Wed Oct  8 01:33:24 PM PDT 2025 ===
0, NVIDIA H100 80GB HBM3, 59716, 81559, 15, 37
1, NVIDIA H100 80GB HBM3, 48158, 81559, 8, 42
2, NVIDIA H100 80GB HBM3, 48158, 81559, 10, 46
3, NVIDIA H100 80GB HBM3, 58220, 81559, 11, 36

=== Wed Oct  8 01:33:35 PM PDT 2025 ===
0, NVIDIA H100 80GB HBM3, 59716, 81559, 8, 38
1, NVIDIA H100 80GB HBM3, 48158, 81559, 7, 42
2, NVIDIA H100 80GB HBM3, 48158, 81559, 6, 46
3, NVIDIA H100 80GB HBM3, 58220, 81559, 7, 36

=== Wed Oct  8 01:33:45 PM PDT 2025 ===
0, NVIDIA H100 80GB HBM3, 59716, 81559, 1, 37
1, NVIDIA H100 80GB HBM3, 48158, 81559, 0, 41
2, NVIDIA H100 80GB HBM3, 48158, 81559, 0, 45
3, NVIDIA H100 80GB HBM3, 58220, 81559, 0, 35

=== Wed Oct  8 01:33:56 PM PDT 2025 ===
0, NVIDIA H100 80GB HBM3, 59716, 81559, 2, 35
1, NVIDIA H100 80GB HBM3, 48158, 81559, 0, 40
2, NVIDIA H100 80GB HBM3, 48158, 81559, 0, 44
3, NVIDIA H100 80GB HBM3, 58220, 81559, 0, 35

=== Wed Oct  8 01:34:07 PM PDT 2025 ===
0, NVIDIA H100 80GB HBM3, 59716, 81559, 0, 35
1, NVIDIA H100 80GB HBM3, 48158, 81559, 0, 40
2, NVIDIA H100 80GB HBM3, 48158, 81559, 0, 44
3, NVIDIA H100 80GB HBM3, 58220, 81559, 0, 34

=== Wed Oct  8 01:34:17 PM PDT 2025 ===
0, NVIDIA H100 80GB HBM3, 59716, 81559, 8, 37
1, NVIDIA H100 80GB HBM3, 48158, 81559, 7, 41
2, NVIDIA H100 80GB HBM3, 48158, 81559, 4, 45
3, NVIDIA H100 80GB HBM3, 58220, 81559, 7, 35

=== Wed Oct  8 01:34:28 PM PDT 2025 ===
0, NVIDIA H100 80GB HBM3, 59716, 81559, 40, 36
1, NVIDIA H100 80GB HBM3, 48158, 81559, 0, 40
2, NVIDIA H100 80GB HBM3, 48158, 81559, 0, 44
3, NVIDIA H100 80GB HBM3, 58220, 81559, 0, 35

=== Wed Oct  8 01:34:39 PM PDT 2025 ===
0, NVIDIA H100 80GB HBM3, 59716, 81559, 14, 38
1, NVIDIA H100 80GB HBM3, 48158, 81559, 7, 42
2, NVIDIA H100 80GB HBM3, 48158, 81559, 12, 46
3, NVIDIA H100 80GB HBM3, 58220, 81559, 3, 37

=== Wed Oct  8 01:34:49 PM PDT 2025 ===
0, NVIDIA H100 80GB HBM3, 59716, 81559, 1, 35
1, NVIDIA H100 80GB HBM3, 48158, 81559, 0, 40
2, NVIDIA H100 80GB HBM3, 48158, 81559, 0, 44
3, NVIDIA H100 80GB HBM3, 58220, 81559, 0, 35

=== Wed Oct  8 01:35:02 PM PDT 2025 ===
0, NVIDIA H100 80GB HBM3, 59716, 81559, 0, 35
1, NVIDIA H100 80GB HBM3, 48158, 81559, 0, 39
2, NVIDIA H100 80GB HBM3, 48158, 81559, 0, 44
3, NVIDIA H100 80GB HBM3, 58220, 81559, 0, 34

=== Wed Oct  8 01:35:12 PM PDT 2025 ===
0, NVIDIA H100 80GB HBM3, 59716, 81559, 1, 36
1, NVIDIA H100 80GB HBM3, 48158, 81559, 4, 41
2, NVIDIA H100 80GB HBM3, 48158, 81559, 6, 45
3, NVIDIA H100 80GB HBM3, 58220, 81559, 10, 35

=== Wed Oct  8 01:35:24 PM PDT 2025 ===
0, NVIDIA H100 80GB HBM3, 59716, 81559, 0, 35
1, NVIDIA H100 80GB HBM3, 48158, 81559, 0, 40
2, NVIDIA H100 80GB HBM3, 48158, 81559, 0, 44
3, NVIDIA H100 80GB HBM3, 58220, 81559, 0, 35

=== Wed Oct  8 01:35:41 PM PDT 2025 ===
0, NVIDIA H100 80GB HBM3, 59716, 81559, 0, 35
1, NVIDIA H100 80GB HBM3, 48158, 81559, 0, 39
2, NVIDIA H100 80GB HBM3, 48158, 81559, 0, 43
3, NVIDIA H100 80GB HBM3, 58220, 81559, 0, 34

=== Wed Oct  8 01:35:52 PM PDT 2025 ===
0, NVIDIA H100 80GB HBM3, 59716, 81559, 3, 36
1, NVIDIA H100 80GB HBM3, 48158, 81559, 11, 40
2, NVIDIA H100 80GB HBM3, 48158, 81559, 1, 45
3, NVIDIA H100 80GB HBM3, 58220, 81559, 10, 35

=== Wed Oct  8 01:36:04 PM PDT 2025 ===
0, NVIDIA H100 80GB HBM3, 59716, 81559, 1, 35
1, NVIDIA H100 80GB HBM3, 48158, 81559, 0, 39
2, NVIDIA H100 80GB HBM3, 48158, 81559, 0, 44
3, NVIDIA H100 80GB HBM3, 58220, 81559, 0, 34

=== Wed Oct  8 01:36:21 PM PDT 2025 ===
0, NVIDIA H100 80GB HBM3, 59716, 81559, 0, 35
1, NVIDIA H100 80GB HBM3, 48158, 81559, 0, 39
2, NVIDIA H100 80GB HBM3, 48158, 81559, 0, 43
3, NVIDIA H100 80GB HBM3, 58220, 81559, 0, 34

=== Wed Oct  8 01:36:32 PM PDT 2025 ===
0, NVIDIA H100 80GB HBM3, 59716, 81559, 15, 37
1, NVIDIA H100 80GB HBM3, 48158, 81559, 9, 41
2, NVIDIA H100 80GB HBM3, 48158, 81559, 9, 45
3, NVIDIA H100 80GB HBM3, 58220, 81559, 7, 35

=== Wed Oct  8 01:36:44 PM PDT 2025 ===
0, NVIDIA H100 80GB HBM3, 59716, 81559, 4, 36
1, NVIDIA H100 80GB HBM3, 48158, 81559, 10, 41
2, NVIDIA H100 80GB HBM3, 48158, 81559, 12, 46
3, NVIDIA H100 80GB HBM3, 58220, 81559, 17, 36

=== Wed Oct  8 01:36:55 PM PDT 2025 ===
0, NVIDIA H100 80GB HBM3, 59716, 81559, 3, 36
1, NVIDIA H100 80GB HBM3, 48158, 81559, 0, 40
2, NVIDIA H100 80GB HBM3, 48158, 81559, 0, 44
3, NVIDIA H100 80GB HBM3, 58220, 81559, 0, 35

=== Wed Oct  8 01:37:07 PM PDT 2025 ===
0, NVIDIA H100 80GB HBM3, 59716, 81559, 0, 35
1, NVIDIA H100 80GB HBM3, 48158, 81559, 0, 40
2, NVIDIA H100 80GB HBM3, 48158, 81559, 0, 44
3, NVIDIA H100 80GB HBM3, 58220, 81559, 0, 34

=== Wed Oct  8 01:37:21 PM PDT 2025 ===
0, NVIDIA H100 80GB HBM3, 59716, 81559, 15, 37
1, NVIDIA H100 80GB HBM3, 48158, 81559, 19, 43
2, NVIDIA H100 80GB HBM3, 48158, 81559, 15, 48
3, NVIDIA H100 80GB HBM3, 58220, 81559, 21, 37

=== Wed Oct  8 01:37:32 PM PDT 2025 ===
0, NVIDIA H100 80GB HBM3, 59716, 81559, 12, 39
1, NVIDIA H100 80GB HBM3, 48158, 81559, 15, 43
2, NVIDIA H100 80GB HBM3, 48158, 81559, 10, 46
3, NVIDIA H100 80GB HBM3, 58220, 81559, 9, 36

=== Wed Oct  8 01:37:43 PM PDT 2025 ===
0, NVIDIA H100 80GB HBM3, 59716, 81559, 1, 36
1, NVIDIA H100 80GB HBM3, 48158, 81559, 0, 41
2, NVIDIA H100 80GB HBM3, 48158, 81559, 0, 45
3, NVIDIA H100 80GB HBM3, 58220, 81559, 0, 35

=== Wed Oct  8 01:38:00 PM PDT 2025 ===
0, NVIDIA H100 80GB HBM3, 59716, 81559, 0, 35
1, NVIDIA H100 80GB HBM3, 48158, 81559, 0, 40
2, NVIDIA H100 80GB HBM3, 48158, 81559, 0, 44
3, NVIDIA H100 80GB HBM3, 58220, 81559, 0, 34

=== Wed Oct  8 01:38:13 PM PDT 2025 ===
0, NVIDIA H100 80GB HBM3, 59716, 81559, 11, 37
1, NVIDIA H100 80GB HBM3, 48158, 81559, 9, 42
2, NVIDIA H100 80GB HBM3, 48158, 81559, 9, 46
3, NVIDIA H100 80GB HBM3, 58220, 81559, 12, 36

=== Wed Oct  8 01:38:24 PM PDT 2025 ===
0, NVIDIA H100 80GB HBM3, 59716, 81559, 1, 36
1, NVIDIA H100 80GB HBM3, 48158, 81559, 0, 40
2, NVIDIA H100 80GB HBM3, 48158, 81559, 0, 45
3, NVIDIA H100 80GB HBM3, 58220, 81559, 0, 35

=== Wed Oct  8 01:38:35 PM PDT 2025 ===
0, NVIDIA H100 80GB HBM3, 59716, 81559, 2, 35
1, NVIDIA H100 80GB HBM3, 48158, 81559, 0, 40
2, NVIDIA H100 80GB HBM3, 48158, 81559, 0, 44
3, NVIDIA H100 80GB HBM3, 58220, 81559, 0, 34

=== Wed Oct  8 01:38:45 PM PDT 2025 ===
0, NVIDIA H100 80GB HBM3, 59716, 81559, 3, 37
1, NVIDIA H100 80GB HBM3, 48158, 81559, 0, 41
2, NVIDIA H100 80GB HBM3, 48158, 81559, 12, 46
3, NVIDIA H100 80GB HBM3, 58220, 81559, 2, 36

=== Wed Oct  8 01:38:56 PM PDT 2025 ===
0, NVIDIA H100 80GB HBM3, 59716, 81559, 8, 38
1, NVIDIA H100 80GB HBM3, 48158, 81559, 0, 41
2, NVIDIA H100 80GB HBM3, 48158, 81559, 6, 45
3, NVIDIA H100 80GB HBM3, 58220, 81559, 7, 35

=== Wed Oct  8 01:39:06 PM PDT 2025 ===
0, NVIDIA H100 80GB HBM3, 59732, 81559, 2, 36
1, NVIDIA H100 80GB HBM3, 48158, 81559, 0, 40
2, NVIDIA H100 80GB HBM3, 48158, 81559, 0, 45
3, NVIDIA H100 80GB HBM3, 58220, 81559, 0, 35

=== Wed Oct  8 01:39:21 PM PDT 2025 ===
0, NVIDIA H100 80GB HBM3, 59732, 81559, 0, 35
1, NVIDIA H100 80GB HBM3, 48158, 81559, 0, 39
2, NVIDIA H100 80GB HBM3, 48158, 81559, 0, 43
3, NVIDIA H100 80GB HBM3, 58220, 81559, 0, 34

=== Wed Oct  8 01:39:36 PM PDT 2025 ===
0, NVIDIA H100 80GB HBM3, 59732, 81559, 13, 36
1, NVIDIA H100 80GB HBM3, 48158, 81559, 7, 41
2, NVIDIA H100 80GB HBM3, 48158, 81559, 1, 45
3, NVIDIA H100 80GB HBM3, 58220, 81559, 9, 36

=== Wed Oct  8 01:39:50 PM PDT 2025 ===
0, NVIDIA H100 80GB HBM3, 59732, 81559, 0, 35
1, NVIDIA H100 80GB HBM3, 48158, 81559, 0, 39
2, NVIDIA H100 80GB HBM3, 48158, 81559, 0, 44
3, NVIDIA H100 80GB HBM3, 58220, 81559, 0, 34

=== Wed Oct  8 01:40:02 PM PDT 2025 ===
0, NVIDIA H100 80GB HBM3, 59732, 81559, 1, 36
1, NVIDIA H100 80GB HBM3, 48158, 81559, 0, 40
2, NVIDIA H100 80GB HBM3, 48158, 81559, 0, 44
3, NVIDIA H100 80GB HBM3, 58220, 81559, 0, 35

=== Wed Oct  8 01:40:16 PM PDT 2025 ===
0, NVIDIA H100 80GB HBM3, 59732, 81559, 0, 35
1, NVIDIA H100 80GB HBM3, 48158, 81559, 0, 39
2, NVIDIA H100 80GB HBM3, 48158, 81559, 0, 44
3, NVIDIA H100 80GB HBM3, 58220, 81559, 0, 34

=== Wed Oct  8 01:40:31 PM PDT 2025 ===
0, NVIDIA H100 80GB HBM3, 59732, 81559, 0, 36
1, NVIDIA H100 80GB HBM3, 48158, 81559, 0, 40
2, NVIDIA H100 80GB HBM3, 48158, 81559, 0, 44
3, NVIDIA H100 80GB HBM3, 58220, 81559, 0, 34

=== Wed Oct  8 01:40:44 PM PDT 2025 ===
0, NVIDIA H100 80GB HBM3, 59732, 81559, 0, 34
1, NVIDIA H100 80GB HBM3, 48158, 81559, 0, 39
2, NVIDIA H100 80GB HBM3, 48158, 81559, 0, 43
3, NVIDIA H100 80GB HBM3, 58220, 81559, 0, 34

=== Wed Oct  8 01:40:58 PM PDT 2025 ===
0, NVIDIA H100 80GB HBM3, 59732, 81559, 1, 34
1, NVIDIA H100 80GB HBM3, 48158, 81559, 0, 38
2, NVIDIA H100 80GB HBM3, 48158, 81559, 0, 43
3, NVIDIA H100 80GB HBM3, 58220, 81559, 0, 33

=== Wed Oct  8 01:41:10 PM PDT 2025 ===
0, NVIDIA H100 80GB HBM3, 59732, 81559, 0, 34
1, NVIDIA H100 80GB HBM3, 48158, 81559, 0, 38
2, NVIDIA H100 80GB HBM3, 48158, 81559, 0, 42
3, NVIDIA H100 80GB HBM3, 58220, 81559, 0, 33

=== Wed Oct  8 01:41:21 PM PDT 2025 ===
0, NVIDIA H100 80GB HBM3, 59732, 81559, 7, 38
1, NVIDIA H100 80GB HBM3, 48158, 81559, 7, 40
2, NVIDIA H100 80GB HBM3, 48158, 81559, 15, 45
3, NVIDIA H100 80GB HBM3, 58220, 81559, 20, 36

=== Wed Oct  8 01:41:32 PM PDT 2025 ===
0, NVIDIA H100 80GB HBM3, 59732, 81559, 2, 35
1, NVIDIA H100 80GB HBM3, 48158, 81559, 0, 39
2, NVIDIA H100 80GB HBM3, 48158, 81559, 0, 43
3, NVIDIA H100 80GB HBM3, 58220, 81559, 0, 34

=== Wed Oct  8 01:41:43 PM PDT 2025 ===
0, NVIDIA H100 80GB HBM3, 59732, 81559, 0, 34
1, NVIDIA H100 80GB HBM3, 48158, 81559, 0, 39
2, NVIDIA H100 80GB HBM3, 48158, 81559, 0, 43
3, NVIDIA H100 80GB HBM3, 58220, 81559, 0, 34

=== Wed Oct  8 01:41:54 PM PDT 2025 ===
0, NVIDIA H100 80GB HBM3, 59732, 81559, 6, 36
1, NVIDIA H100 80GB HBM3, 48158, 81559, 9, 40
2, NVIDIA H100 80GB HBM3, 48158, 81559, 9, 45
3, NVIDIA H100 80GB HBM3, 58220, 81559, 2, 35

=== Wed Oct  8 01:42:05 PM PDT 2025 ===
0, NVIDIA H100 80GB HBM3, 59732, 81559, 3, 35
1, NVIDIA H100 80GB HBM3, 48158, 81559, 0, 39
2, NVIDIA H100 80GB HBM3, 48158, 81559, 0, 44
3, NVIDIA H100 80GB HBM3, 58220, 81559, 0, 34

=== Wed Oct  8 01:42:23 PM PDT 2025 ===
0, NVIDIA H100 80GB HBM3, 59732, 81559, 0, 34
1, NVIDIA H100 80GB HBM3, 48158, 81559, 0, 39
2, NVIDIA H100 80GB HBM3, 48158, 81559, 0, 43
3, NVIDIA H100 80GB HBM3, 58220, 81559, 0, 34

=== Wed Oct  8 01:42:34 PM PDT 2025 ===
0, NVIDIA H100 80GB HBM3, 59732, 81559, 74, 36
1, NVIDIA H100 80GB HBM3, 48158, 81559, 0, 39
2, NVIDIA H100 80GB HBM3, 48158, 81559, 0, 44
3, NVIDIA H100 80GB HBM3, 58220, 81559, 0, 34

=== Wed Oct  8 01:42:44 PM PDT 2025 ===
0, NVIDIA H100 80GB HBM3, 59732, 81559, 0, 35
1, NVIDIA H100 80GB HBM3, 48158, 81559, 0, 39
2, NVIDIA H100 80GB HBM3, 48158, 81559, 0, 43
3, NVIDIA H100 80GB HBM3, 58220, 81559, 0, 34

=== Wed Oct  8 01:42:58 PM PDT 2025 ===
0, NVIDIA H100 80GB HBM3, 59732, 81559, 1, 36
1, NVIDIA H100 80GB HBM3, 48158, 81559, 5, 40
2, NVIDIA H100 80GB HBM3, 48158, 81559, 7, 44
3, NVIDIA H100 80GB HBM3, 58220, 81559, 7, 35

=== Wed Oct  8 01:43:10 PM PDT 2025 ===
0, NVIDIA H100 80GB HBM3, 59732, 81559, 2, 35
1, NVIDIA H100 80GB HBM3, 48158, 81559, 0, 39
2, NVIDIA H100 80GB HBM3, 48158, 81559, 0, 43
3, NVIDIA H100 80GB HBM3, 58220, 81559, 0, 34

=== Wed Oct  8 01:43:25 PM PDT 2025 ===
0, NVIDIA H100 80GB HBM3, 59732, 81559, 0, 34
1, NVIDIA H100 80GB HBM3, 48158, 81559, 0, 38
2, NVIDIA H100 80GB HBM3, 48158, 81559, 0, 43
3, NVIDIA H100 80GB HBM3, 58220, 81559, 0, 34

=== Wed Oct  8 01:43:40 PM PDT 2025 ===
0, NVIDIA H100 80GB HBM3, 59732, 81559, 9, 37
1, NVIDIA H100 80GB HBM3, 48158, 81559, 10, 40
2, NVIDIA H100 80GB HBM3, 48158, 81559, 5, 44
3, NVIDIA H100 80GB HBM3, 58220, 81559, 7, 35

=== Wed Oct  8 01:43:55 PM PDT 2025 ===
0, NVIDIA H100 80GB HBM3, 59732, 81559, 0, 34
1, NVIDIA H100 80GB HBM3, 48158, 81559, 0, 38
2, NVIDIA H100 80GB HBM3, 48158, 81559, 0, 43
3, NVIDIA H100 80GB HBM3, 58220, 81559, 0, 34

=== Wed Oct  8 01:44:09 PM PDT 2025 ===
0, NVIDIA H100 80GB HBM3, 59732, 81559, 22, 36
1, NVIDIA H100 80GB HBM3, 48158, 81559, 6, 41
2, NVIDIA H100 80GB HBM3, 48158, 81559, 22, 45
3, NVIDIA H100 80GB HBM3, 58220, 81559, 6, 35

=== Wed Oct  8 01:44:19 PM PDT 2025 ===
0, NVIDIA H100 80GB HBM3, 59732, 81559, 2, 34
1, NVIDIA H100 80GB HBM3, 48158, 81559, 0, 38
2, NVIDIA H100 80GB HBM3, 48158, 81559, 0, 43
3, NVIDIA H100 80GB HBM3, 58220, 81559, 0, 34

=== Wed Oct  8 01:44:30 PM PDT 2025 ===
0, NVIDIA H100 80GB HBM3, 59732, 81559, 1, 34
1, NVIDIA H100 80GB HBM3, 48158, 81559, 0, 38
2, NVIDIA H100 80GB HBM3, 48158, 81559, 0, 43
3, NVIDIA H100 80GB HBM3, 58220, 81559, 0, 34

=== Wed Oct  8 01:44:41 PM PDT 2025 ===
0, NVIDIA H100 80GB HBM3, 59732, 81559, 2, 35
1, NVIDIA H100 80GB HBM3, 48158, 81559, 0, 39
2, NVIDIA H100 80GB HBM3, 48158, 81559, 0, 43
3, NVIDIA H100 80GB HBM3, 58220, 81559, 0, 34

=== Wed Oct  8 01:44:54 PM PDT 2025 ===
0, NVIDIA H100 80GB HBM3, 59732, 81559, 0, 34
1, NVIDIA H100 80GB HBM3, 48158, 81559, 0, 38
2, NVIDIA H100 80GB HBM3, 48158, 81559, 0, 43
3, NVIDIA H100 80GB HBM3, 58220, 81559, 0, 33

=== Wed Oct  8 01:45:08 PM PDT 2025 ===
0, NVIDIA H100 80GB HBM3, 59732, 81559, 0, 35
1, NVIDIA H100 80GB HBM3, 48158, 81559, 0, 39
2, NVIDIA H100 80GB HBM3, 48158, 81559, 0, 43
3, NVIDIA H100 80GB HBM3, 58220, 81559, 0, 34

=== Wed Oct  8 01:45:19 PM PDT 2025 ===
0, NVIDIA H100 80GB HBM3, 59732, 81559, 55, 37
1, NVIDIA H100 80GB HBM3, 48158, 81559, 1, 40
2, NVIDIA H100 80GB HBM3, 48158, 81559, 7, 44
3, NVIDIA H100 80GB HBM3, 58220, 81559, 0, 35

=== Wed Oct  8 01:45:29 PM PDT 2025 ===
0, NVIDIA H100 80GB HBM3, 59732, 81559, 15, 38
1, NVIDIA H100 80GB HBM3, 48158, 81559, 20, 41
2, NVIDIA H100 80GB HBM3, 48158, 81559, 7, 45
3, NVIDIA H100 80GB HBM3, 58220, 81559, 13, 36

=== Wed Oct  8 01:45:40 PM PDT 2025 ===
0, NVIDIA H100 80GB HBM3, 59732, 81559, 3, 36
1, NVIDIA H100 80GB HBM3, 48158, 81559, 0, 40
2, NVIDIA H100 80GB HBM3, 48158, 81559, 0, 44
3, NVIDIA H100 80GB HBM3, 58220, 81559, 0, 35

=== Wed Oct  8 01:45:55 PM PDT 2025 ===
0, NVIDIA H100 80GB HBM3, 59732, 81559, 0, 35
1, NVIDIA H100 80GB HBM3, 48158, 81559, 0, 39
2, NVIDIA H100 80GB HBM3, 48158, 81559, 0, 44
3, NVIDIA H100 80GB HBM3, 58220, 81559, 0, 34

=== Wed Oct  8 01:46:07 PM PDT 2025 ===
0, NVIDIA H100 80GB HBM3, 59732, 81559, 0, 35
1, NVIDIA H100 80GB HBM3, 48158, 81559, 0, 39
2, NVIDIA H100 80GB HBM3, 48158, 81559, 0, 44
3, NVIDIA H100 80GB HBM3, 58220, 81559, 0, 34

=== Wed Oct  8 01:46:22 PM PDT 2025 ===
0, NVIDIA H100 80GB HBM3, 59732, 81559, 0, 35
1, NVIDIA H100 80GB HBM3, 48158, 81559, 0, 39
2, NVIDIA H100 80GB HBM3, 48158, 81559, 0, 43
3, NVIDIA H100 80GB HBM3, 58220, 81559, 0, 34

=== Wed Oct  8 01:46:34 PM PDT 2025 ===
0, NVIDIA H100 80GB HBM3, 59732, 81559, 9, 37
1, NVIDIA H100 80GB HBM3, 48158, 81559, 13, 41
2, NVIDIA H100 80GB HBM3, 48158, 81559, 7, 45
3, NVIDIA H100 80GB HBM3, 58220, 81559, 1, 35

=== Wed Oct  8 01:46:45 PM PDT 2025 ===
0, NVIDIA H100 80GB HBM3, 59732, 81559, 1, 35
1, NVIDIA H100 80GB HBM3, 48158, 81559, 0, 39
2, NVIDIA H100 80GB HBM3, 48158, 81559, 0, 44
3, NVIDIA H100 80GB HBM3, 58220, 81559, 0, 34

=== Wed Oct  8 01:46:56 PM PDT 2025 ===
0, NVIDIA H100 80GB HBM3, 59732, 81559, 0, 35
1, NVIDIA H100 80GB HBM3, 48158, 81559, 0, 39
2, NVIDIA H100 80GB HBM3, 48158, 81559, 0, 44
3, NVIDIA H100 80GB HBM3, 58220, 81559, 0, 34

=== Wed Oct  8 01:47:06 PM PDT 2025 ===
0, NVIDIA H100 80GB HBM3, 59732, 81559, 2, 37
1, NVIDIA H100 80GB HBM3, 48158, 81559, 0, 41
2, NVIDIA H100 80GB HBM3, 48158, 81559, 0, 45
3, NVIDIA H100 80GB HBM3, 58220, 81559, 0, 36

=== Wed Oct  8 01:47:17 PM PDT 2025 ===
0, NVIDIA H100 80GB HBM3, 59732, 81559, 0, 34
1, NVIDIA H100 80GB HBM3, 48158, 81559, 0, 39
2, NVIDIA H100 80GB HBM3, 48158, 81559, 0, 44
3, NVIDIA H100 80GB HBM3, 58220, 81559, 0, 34

=== Wed Oct  8 01:47:29 PM PDT 2025 ===
0, NVIDIA H100 80GB HBM3, 59732, 81559, 0, 34
1, NVIDIA H100 80GB HBM3, 48158, 81559, 0, 38
2, NVIDIA H100 80GB HBM3, 48158, 81559, 0, 43
3, NVIDIA H100 80GB HBM3, 58220, 81559, 0, 33

=== Wed Oct  8 01:47:40 PM PDT 2025 ===
0, NVIDIA H100 80GB HBM3, 59732, 81559, 12, 36
1, NVIDIA H100 80GB HBM3, 48158, 81559, 6, 40
2, NVIDIA H100 80GB HBM3, 48158, 81559, 6, 45
3, NVIDIA H100 80GB HBM3, 58220, 81559, 7, 37

=== Wed Oct  8 01:47:50 PM PDT 2025 ===
0, NVIDIA H100 80GB HBM3, 59732, 81559, 17, 38
1, NVIDIA H100 80GB HBM3, 48158, 81559, 16, 42
2, NVIDIA H100 80GB HBM3, 48158, 81559, 11, 46
3, NVIDIA H100 80GB HBM3, 58220, 81559, 9, 37

=== Wed Oct  8 01:48:02 PM PDT 2025 ===
0, NVIDIA H100 80GB HBM3, 59732, 81559, 2, 35
1, NVIDIA H100 80GB HBM3, 48158, 81559, 0, 40
2, NVIDIA H100 80GB HBM3, 48158, 81559, 0, 44
3, NVIDIA H100 80GB HBM3, 58220, 81559, 0, 35

=== Wed Oct  8 01:48:17 PM PDT 2025 ===
0, NVIDIA H100 80GB HBM3, 59732, 81559, 0, 34
1, NVIDIA H100 80GB HBM3, 48158, 81559, 0, 39
2, NVIDIA H100 80GB HBM3, 48158, 81559, 0, 43
3, NVIDIA H100 80GB HBM3, 58220, 81559, 0, 34

=== Wed Oct  8 01:48:29 PM PDT 2025 ===
0, NVIDIA H100 80GB HBM3, 59732, 81559, 23, 36
1, NVIDIA H100 80GB HBM3, 48158, 81559, 14, 40
2, NVIDIA H100 80GB HBM3, 48158, 81559, 10, 44
3, NVIDIA H100 80GB HBM3, 58220, 81559, 7, 35

=== Wed Oct  8 01:48:40 PM PDT 2025 ===
0, NVIDIA H100 80GB HBM3, 59732, 81559, 2, 35
1, NVIDIA H100 80GB HBM3, 48158, 81559, 0, 39
2, NVIDIA H100 80GB HBM3, 48158, 81559, 0, 43
3, NVIDIA H100 80GB HBM3, 58220, 81559, 0, 34

=== Wed Oct  8 01:48:54 PM PDT 2025 ===
0, NVIDIA H100 80GB HBM3, 59732, 81559, 0, 35
1, NVIDIA H100 80GB HBM3, 48158, 81559, 0, 39
2, NVIDIA H100 80GB HBM3, 48158, 81559, 0, 43
3, NVIDIA H100 80GB HBM3, 58220, 81559, 0, 34

=== Wed Oct  8 01:49:06 PM PDT 2025 ===
0, NVIDIA H100 80GB HBM3, 59732, 81559, 1, 35
1, NVIDIA H100 80GB HBM3, 48158, 81559, 0, 39
2, NVIDIA H100 80GB HBM3, 48158, 81559, 0, 44
3, NVIDIA H100 80GB HBM3, 58220, 81559, 0, 34

=== Wed Oct  8 01:49:19 PM PDT 2025 ===
0, NVIDIA H100 80GB HBM3, 59732, 81559, 0, 34
1, NVIDIA H100 80GB HBM3, 48158, 81559, 0, 39
2, NVIDIA H100 80GB HBM3, 48158, 81559, 0, 43
3, NVIDIA H100 80GB HBM3, 58220, 81559, 0, 34

=== Wed Oct  8 01:49:29 PM PDT 2025 ===
0, NVIDIA H100 80GB HBM3, 59732, 81559, 3, 35
1, NVIDIA H100 80GB HBM3, 48158, 81559, 0, 39
2, NVIDIA H100 80GB HBM3, 48158, 81559, 0, 43
3, NVIDIA H100 80GB HBM3, 58220, 81559, 0, 34

=== Wed Oct  8 01:49:44 PM PDT 2025 ===
0, NVIDIA H100 80GB HBM3, 59732, 81559, 0, 34
1, NVIDIA H100 80GB HBM3, 48158, 81559, 0, 39
2, NVIDIA H100 80GB HBM3, 48158, 81559, 0, 43
3, NVIDIA H100 80GB HBM3, 58220, 81559, 0, 34

=== Wed Oct  8 01:49:57 PM PDT 2025 ===
0, NVIDIA H100 80GB HBM3, 59732, 81559, 64, 41
1, NVIDIA H100 80GB HBM3, 48158, 81559, 1, 40
2, NVIDIA H100 80GB HBM3, 48158, 81559, 0, 44
3, NVIDIA H100 80GB HBM3, 58220, 81559, 0, 34

=== Wed Oct  8 01:50:07 PM PDT 2025 ===
0, NVIDIA H100 80GB HBM3, 59732, 81559, 17, 40
1, NVIDIA H100 80GB HBM3, 48158, 81559, 15, 41
2, NVIDIA H100 80GB HBM3, 48158, 81559, 1, 44
3, NVIDIA H100 80GB HBM3, 58220, 81559, 0, 35

=== Wed Oct  8 01:50:18 PM PDT 2025 ===
0, NVIDIA H100 80GB HBM3, 59732, 81559, 28, 38
1, NVIDIA H100 80GB HBM3, 48158, 81559, 1, 40
2, NVIDIA H100 80GB HBM3, 48158, 81559, 0, 44
3, NVIDIA H100 80GB HBM3, 58220, 81559, 0, 35

=== Wed Oct  8 01:50:29 PM PDT 2025 ===
0, NVIDIA H100 80GB HBM3, 59732, 81559, 0, 36
1, NVIDIA H100 80GB HBM3, 48158, 81559, 0, 40
2, NVIDIA H100 80GB HBM3, 48158, 81559, 0, 44
3, NVIDIA H100 80GB HBM3, 58220, 81559, 0, 35

=== Wed Oct  8 01:50:45 PM PDT 2025 ===
0, NVIDIA H100 80GB HBM3, 59732, 81559, 0, 35
1, NVIDIA H100 80GB HBM3, 48158, 81559, 0, 39
2, NVIDIA H100 80GB HBM3, 48158, 81559, 0, 43
3, NVIDIA H100 80GB HBM3, 58220, 81559, 0, 34

=== Wed Oct  8 01:50:58 PM PDT 2025 ===
0, NVIDIA H100 80GB HBM3, 59732, 81559, 72, 36
1, NVIDIA H100 80GB HBM3, 48158, 81559, 14, 40
2, NVIDIA H100 80GB HBM3, 48158, 81559, 0, 44
3, NVIDIA H100 80GB HBM3, 58220, 81559, 0, 35

=== Wed Oct  8 01:51:08 PM PDT 2025 ===
0, NVIDIA H100 80GB HBM3, 59732, 81559, 14, 42
1, NVIDIA H100 80GB HBM3, 48158, 81559, 9, 41
2, NVIDIA H100 80GB HBM3, 48158, 81559, 0, 44
3, NVIDIA H100 80GB HBM3, 58220, 81559, 0, 36

=== Wed Oct  8 01:51:19 PM PDT 2025 ===
0, NVIDIA H100 80GB HBM3, 59732, 81559, 10, 40
1, NVIDIA H100 80GB HBM3, 48158, 81559, 15, 42
2, NVIDIA H100 80GB HBM3, 48158, 81559, 0, 45
3, NVIDIA H100 80GB HBM3, 58220, 81559, 0, 36

=== Wed Oct  8 01:51:30 PM PDT 2025 ===
0, NVIDIA H100 80GB HBM3, 59732, 81559, 9, 37
1, NVIDIA H100 80GB HBM3, 48158, 81559, 1, 42
2, NVIDIA H100 80GB HBM3, 48158, 81559, 10, 46
3, NVIDIA H100 80GB HBM3, 58220, 81559, 13, 37

=== Wed Oct  8 01:51:42 PM PDT 2025 ===
0, NVIDIA H100 80GB HBM3, 59732, 81559, 0, 35
1, NVIDIA H100 80GB HBM3, 48158, 81559, 0, 40
2, NVIDIA H100 80GB HBM3, 48158, 81559, 0, 44
3, NVIDIA H100 80GB HBM3, 58220, 81559, 0, 34

=== Wed Oct  8 01:51:53 PM PDT 2025 ===
0, NVIDIA H100 80GB HBM3, 59732, 81559, 1, 36
1, NVIDIA H100 80GB HBM3, 48158, 81559, 1, 40
2, NVIDIA H100 80GB HBM3, 48158, 81559, 6, 44
3, NVIDIA H100 80GB HBM3, 58220, 81559, 3, 35

=== Wed Oct  8 01:52:04 PM PDT 2025 ===
0, NVIDIA H100 80GB HBM3, 59732, 81559, 2, 35
1, NVIDIA H100 80GB HBM3, 48158, 81559, 0, 40
2, NVIDIA H100 80GB HBM3, 48158, 81559, 0, 43
3, NVIDIA H100 80GB HBM3, 58220, 81559, 0, 34

=== Wed Oct  8 01:52:17 PM PDT 2025 ===
0, NVIDIA H100 80GB HBM3, 59732, 81559, 0, 35
1, NVIDIA H100 80GB HBM3, 48158, 81559, 0, 39
2, NVIDIA H100 80GB HBM3, 48158, 81559, 0, 43
3, NVIDIA H100 80GB HBM3, 58220, 81559, 0, 34

=== Wed Oct  8 01:52:28 PM PDT 2025 ===
0, NVIDIA H100 80GB HBM3, 59732, 81559, 5, 36
1, NVIDIA H100 80GB HBM3, 48158, 81559, 0, 41
2, NVIDIA H100 80GB HBM3, 48158, 81559, 3, 46
3, NVIDIA H100 80GB HBM3, 58220, 81559, 6, 37

=== Wed Oct  8 01:52:39 PM PDT 2025 ===
0, NVIDIA H100 80GB HBM3, 59732, 81559, 2, 35
1, NVIDIA H100 80GB HBM3, 48158, 81559, 0, 39
2, NVIDIA H100 80GB HBM3, 48158, 81559, 0, 43
3, NVIDIA H100 80GB HBM3, 58220, 81559, 0, 34

=== Wed Oct  8 01:52:51 PM PDT 2025 ===
0, NVIDIA H100 80GB HBM3, 59732, 81559, 0, 35
1, NVIDIA H100 80GB HBM3, 48158, 81559, 0, 39
2, NVIDIA H100 80GB HBM3, 48158, 81559, 0, 43
3, NVIDIA H100 80GB HBM3, 58220, 81559, 0, 34

=== Wed Oct  8 01:53:02 PM PDT 2025 ===
0, NVIDIA H100 80GB HBM3, 59732, 81559, 0, 35
1, NVIDIA H100 80GB HBM3, 48158, 81559, 0, 39
2, NVIDIA H100 80GB HBM3, 48158, 81559, 0, 43
3, NVIDIA H100 80GB HBM3, 58220, 81559, 0, 34

=== Wed Oct  8 01:53:18 PM PDT 2025 ===
0, NVIDIA H100 80GB HBM3, 59732, 81559, 0, 35
1, NVIDIA H100 80GB HBM3, 48158, 81559, 0, 39
2, NVIDIA H100 80GB HBM3, 48158, 81559, 0, 43
3, NVIDIA H100 80GB HBM3, 58220, 81559, 0, 34

=== Wed Oct  8 01:53:32 PM PDT 2025 ===
0, NVIDIA H100 80GB HBM3, 59732, 81559, 0, 35
1, NVIDIA H100 80GB HBM3, 48158, 81559, 0, 39
2, NVIDIA H100 80GB HBM3, 48158, 81559, 0, 44
3, NVIDIA H100 80GB HBM3, 58220, 81559, 0, 34

=== Wed Oct  8 01:53:46 PM PDT 2025 ===
0, NVIDIA H100 80GB HBM3, 59732, 81559, 0, 34
1, NVIDIA H100 80GB HBM3, 48158, 81559, 0, 39
2, NVIDIA H100 80GB HBM3, 48158, 81559, 0, 43
3, NVIDIA H100 80GB HBM3, 58220, 81559, 0, 34

=== Wed Oct  8 01:54:00 PM PDT 2025 ===
0, NVIDIA H100 80GB HBM3, 59732, 81559, 15, 37
1, NVIDIA H100 80GB HBM3, 48158, 81559, 10, 40
2, NVIDIA H100 80GB HBM3, 48158, 81559, 11, 45
3, NVIDIA H100 80GB HBM3, 58220, 81559, 7, 35

=== Wed Oct  8 01:54:13 PM PDT 2025 ===
0, NVIDIA H100 80GB HBM3, 59732, 81559, 2, 35
1, NVIDIA H100 80GB HBM3, 48158, 81559, 0, 39
2, NVIDIA H100 80GB HBM3, 48158, 81559, 0, 44
3, NVIDIA H100 80GB HBM3, 58220, 81559, 0, 34

=== Wed Oct  8 01:54:29 PM PDT 2025 ===
0, NVIDIA H100 80GB HBM3, 59732, 81559, 26, 38
1, NVIDIA H100 80GB HBM3, 48158, 81559, 27, 44
2, NVIDIA H100 80GB HBM3, 48158, 81559, 23, 47
3, NVIDIA H100 80GB HBM3, 58220, 81559, 31, 40

=== Wed Oct  8 01:54:39 PM PDT 2025 ===
0, NVIDIA H100 80GB HBM3, 59732, 81559, 3, 35
1, NVIDIA H100 80GB HBM3, 48158, 81559, 0, 39
2, NVIDIA H100 80GB HBM3, 48158, 81559, 0, 43
3, NVIDIA H100 80GB HBM3, 58220, 81559, 0, 34

=== Wed Oct  8 01:54:52 PM PDT 2025 ===
0, NVIDIA H100 80GB HBM3, 59732, 81559, 0, 34
1, NVIDIA H100 80GB HBM3, 48158, 81559, 0, 38
2, NVIDIA H100 80GB HBM3, 48158, 81559, 0, 43
3, NVIDIA H100 80GB HBM3, 58220, 81559, 0, 33

=== Wed Oct  8 01:55:02 PM PDT 2025 ===
0, NVIDIA H100 80GB HBM3, 59732, 81559, 0, 35
1, NVIDIA H100 80GB HBM3, 48158, 81559, 0, 39
2, NVIDIA H100 80GB HBM3, 48158, 81559, 0, 43
3, NVIDIA H100 80GB HBM3, 58220, 81559, 0, 34

=== Wed Oct  8 01:55:15 PM PDT 2025 ===
0, NVIDIA H100 80GB HBM3, 59732, 81559, 1, 34
1, NVIDIA H100 80GB HBM3, 48158, 81559, 0, 38
2, NVIDIA H100 80GB HBM3, 48158, 81559, 0, 43
3, NVIDIA H100 80GB HBM3, 58220, 81559, 0, 34

=== Wed Oct  8 01:55:26 PM PDT 2025 ===
0, NVIDIA H100 80GB HBM3, 59732, 81559, 6, 36
1, NVIDIA H100 80GB HBM3, 48158, 81559, 6, 40
2, NVIDIA H100 80GB HBM3, 48158, 81559, 19, 44
3, NVIDIA H100 80GB HBM3, 58220, 81559, 6, 35

=== Wed Oct  8 01:55:36 PM PDT 2025 ===
0, NVIDIA H100 80GB HBM3, 59732, 81559, 0, 35
1, NVIDIA H100 80GB HBM3, 48158, 81559, 0, 39
2, NVIDIA H100 80GB HBM3, 48158, 81559, 0, 43
3, NVIDIA H100 80GB HBM3, 58220, 81559, 0, 34

=== Wed Oct  8 01:55:47 PM PDT 2025 ===
0, NVIDIA H100 80GB HBM3, 59732, 81559, 0, 34
1, NVIDIA H100 80GB HBM3, 48158, 81559, 0, 38
2, NVIDIA H100 80GB HBM3, 48158, 81559, 0, 43
3, NVIDIA H100 80GB HBM3, 58220, 81559, 0, 34

=== Wed Oct  8 01:55:58 PM PDT 2025 ===
0, NVIDIA H100 80GB HBM3, 59732, 81559, 36, 35
1, NVIDIA H100 80GB HBM3, 48158, 81559, 0, 39
2, NVIDIA H100 80GB HBM3, 48158, 81559, 0, 44
3, NVIDIA H100 80GB HBM3, 58220, 81559, 0, 34

=== Wed Oct  8 01:56:09 PM PDT 2025 ===
0, NVIDIA H100 80GB HBM3, 59732, 81559, 2, 35
1, NVIDIA H100 80GB HBM3, 48158, 81559, 0, 39
2, NVIDIA H100 80GB HBM3, 48158, 81559, 0, 43
3, NVIDIA H100 80GB HBM3, 58220, 81559, 0, 34

=== Wed Oct  8 01:56:23 PM PDT 2025 ===
0, NVIDIA H100 80GB HBM3, 59732, 81559, 0, 34
1, NVIDIA H100 80GB HBM3, 48158, 81559, 0, 39
2, NVIDIA H100 80GB HBM3, 48158, 81559, 0, 43
3, NVIDIA H100 80GB HBM3, 58220, 81559, 0, 34

=== Wed Oct  8 01:56:35 PM PDT 2025 ===
0, NVIDIA H100 80GB HBM3, 59732, 81559, 9, 37
1, NVIDIA H100 80GB HBM3, 48158, 81559, 6, 40
2, NVIDIA H100 80GB HBM3, 48158, 81559, 6, 45
3, NVIDIA H100 80GB HBM3, 58220, 81559, 6, 35

=== Wed Oct  8 01:56:45 PM PDT 2025 ===
0, NVIDIA H100 80GB HBM3, 59732, 81559, 1, 35
1, NVIDIA H100 80GB HBM3, 48158, 81559, 0, 39
2, NVIDIA H100 80GB HBM3, 48158, 81559, 0, 43
3, NVIDIA H100 80GB HBM3, 58220, 81559, 0, 34

=== Wed Oct  8 01:56:58 PM PDT 2025 ===
0, NVIDIA H100 80GB HBM3, 59732, 81559, 0, 34
1, NVIDIA H100 80GB HBM3, 48158, 81559, 0, 39
2, NVIDIA H100 80GB HBM3, 48158, 81559, 0, 43
3, NVIDIA H100 80GB HBM3, 58220, 81559, 0, 34

=== Wed Oct  8 01:57:08 PM PDT 2025 ===
0, NVIDIA H100 80GB HBM3, 59732, 81559, 68, 40
1, NVIDIA H100 80GB HBM3, 48158, 81559, 16, 40
2, NVIDIA H100 80GB HBM3, 48158, 81559, 1, 44
3, NVIDIA H100 80GB HBM3, 58220, 81559, 0, 34

=== Wed Oct  8 01:57:21 PM PDT 2025 ===
0, NVIDIA H100 80GB HBM3, 59732, 81559, 0, 34
1, NVIDIA H100 80GB HBM3, 48158, 81559, 0, 38
2, NVIDIA H100 80GB HBM3, 48158, 81559, 0, 43
3, NVIDIA H100 80GB HBM3, 58220, 81559, 0, 33

=== Wed Oct  8 01:57:35 PM PDT 2025 ===
0, NVIDIA H100 80GB HBM3, 59732, 81559, 40, 36
1, NVIDIA H100 80GB HBM3, 48158, 81559, 11, 39
2, NVIDIA H100 80GB HBM3, 48158, 81559, 6, 44
3, NVIDIA H100 80GB HBM3, 58220, 81559, 5, 35

=== Wed Oct  8 01:57:46 PM PDT 2025 ===
0, NVIDIA H100 80GB HBM3, 59732, 81559, 75, 40
1, NVIDIA H100 80GB HBM3, 48158, 81559, 16, 40
2, NVIDIA H100 80GB HBM3, 48158, 81559, 1, 44
3, NVIDIA H100 80GB HBM3, 58220, 81559, 0, 35

=== Wed Oct  8 01:57:56 PM PDT 2025 ===
0, NVIDIA H100 80GB HBM3, 59732, 81559, 12, 37
1, NVIDIA H100 80GB HBM3, 48158, 81559, 9, 41
2, NVIDIA H100 80GB HBM3, 48158, 81559, 10, 45
3, NVIDIA H100 80GB HBM3, 58220, 81559, 2, 36

=== Wed Oct  8 01:58:15 PM PDT 2025 ===
0, NVIDIA H100 80GB HBM3, 59732, 81559, 0, 35
1, NVIDIA H100 80GB HBM3, 48158, 81559, 0, 39
2, NVIDIA H100 80GB HBM3, 48158, 81559, 0, 44
3, NVIDIA H100 80GB HBM3, 58220, 81559, 0, 34

=== Wed Oct  8 01:58:27 PM PDT 2025 ===
0, NVIDIA H100 80GB HBM3, 59732, 81559, 15, 37
1, NVIDIA H100 80GB HBM3, 48158, 81559, 10, 41
2, NVIDIA H100 80GB HBM3, 48158, 81559, 10, 45
3, NVIDIA H100 80GB HBM3, 58220, 81559, 10, 35

=== Wed Oct  8 01:58:44 PM PDT 2025 ===
0, NVIDIA H100 80GB HBM3, 59732, 81559, 0, 35
1, NVIDIA H100 80GB HBM3, 48158, 81559, 0, 39
2, NVIDIA H100 80GB HBM3, 48158, 81559, 0, 43
3, NVIDIA H100 80GB HBM3, 58220, 81559, 0, 34

=== Wed Oct  8 01:58:58 PM PDT 2025 ===
0, NVIDIA H100 80GB HBM3, 59732, 81559, 9, 36
1, NVIDIA H100 80GB HBM3, 48158, 81559, 7, 40
2, NVIDIA H100 80GB HBM3, 48158, 81559, 0, 44
3, NVIDIA H100 80GB HBM3, 58220, 81559, 0, 34

=== Wed Oct  8 01:59:09 PM PDT 2025 ===
0, NVIDIA H100 80GB HBM3, 59732, 81559, 15, 37
1, NVIDIA H100 80GB HBM3, 48158, 81559, 18, 41
2, NVIDIA H100 80GB HBM3, 48158, 81559, 9, 45
3, NVIDIA H100 80GB HBM3, 58220, 81559, 15, 36

=== Wed Oct  8 01:59:20 PM PDT 2025 ===
0, NVIDIA H100 80GB HBM3, 59732, 81559, 18, 38
1, NVIDIA H100 80GB HBM3, 48158, 81559, 6, 42
2, NVIDIA H100 80GB HBM3, 48158, 81559, 18, 46
3, NVIDIA H100 80GB HBM3, 58220, 81559, 6, 37

=== Wed Oct  8 01:59:31 PM PDT 2025 ===
0, NVIDIA H100 80GB HBM3, 59732, 81559, 1, 35
1, NVIDIA H100 80GB HBM3, 48158, 81559, 0, 40
2, NVIDIA H100 80GB HBM3, 48158, 81559, 0, 44
3, NVIDIA H100 80GB HBM3, 58220, 81559, 0, 35

=== Wed Oct  8 01:59:44 PM PDT 2025 ===
0, NVIDIA H100 80GB HBM3, 59732, 81559, 0, 35
1, NVIDIA H100 80GB HBM3, 48158, 81559, 0, 40
2, NVIDIA H100 80GB HBM3, 48158, 81559, 0, 44
3, NVIDIA H100 80GB HBM3, 58220, 81559, 0, 34

=== Wed Oct  8 01:59:56 PM PDT 2025 ===
0, NVIDIA H100 80GB HBM3, 59732, 81559, 13, 37
1, NVIDIA H100 80GB HBM3, 48158, 81559, 9, 41
2, NVIDIA H100 80GB HBM3, 48158, 81559, 15, 45
3, NVIDIA H100 80GB HBM3, 58220, 81559, 0, 35

=== Wed Oct  8 02:00:07 PM PDT 2025 ===
0, NVIDIA H100 80GB HBM3, 59732, 81559, 3, 35
1, NVIDIA H100 80GB HBM3, 48158, 81559, 0, 40
2, NVIDIA H100 80GB HBM3, 48158, 81559, 0, 44
3, NVIDIA H100 80GB HBM3, 58220, 81559, 0, 34

=== Wed Oct  8 02:00:20 PM PDT 2025 ===
0, NVIDIA H100 80GB HBM3, 59732, 81559, 0, 35
1, NVIDIA H100 80GB HBM3, 48158, 81559, 0, 39
2, NVIDIA H100 80GB HBM3, 48158, 81559, 0, 43
3, NVIDIA H100 80GB HBM3, 58220, 81559, 0, 34

=== Wed Oct  8 02:00:32 PM PDT 2025 ===
0, NVIDIA H100 80GB HBM3, 59732, 81559, 8, 39
1, NVIDIA H100 80GB HBM3, 48158, 81559, 15, 40
2, NVIDIA H100 80GB HBM3, 48158, 81559, 0, 44
3, NVIDIA H100 80GB HBM3, 58220, 81559, 0, 35

=== Wed Oct  8 02:00:43 PM PDT 2025 ===
0, NVIDIA H100 80GB HBM3, 59732, 81559, 11, 37
1, NVIDIA H100 80GB HBM3, 48158, 81559, 8, 41
2, NVIDIA H100 80GB HBM3, 48158, 81559, 9, 46
3, NVIDIA H100 80GB HBM3, 58220, 81559, 9, 36

=== Wed Oct  8 02:00:54 PM PDT 2025 ===
0, NVIDIA H100 80GB HBM3, 59732, 81559, 1, 35
1, NVIDIA H100 80GB HBM3, 48158, 81559, 0, 40
2, NVIDIA H100 80GB HBM3, 48158, 81559, 0, 44
3, NVIDIA H100 80GB HBM3, 58220, 81559, 0, 34

=== Wed Oct  8 02:01:08 PM PDT 2025 ===
0, NVIDIA H100 80GB HBM3, 59732, 81559, 0, 35
1, NVIDIA H100 80GB HBM3, 48158, 81559, 0, 39
2, NVIDIA H100 80GB HBM3, 48158, 81559, 0, 43
3, NVIDIA H100 80GB HBM3, 58220, 81559, 0, 34

=== Wed Oct  8 02:01:21 PM PDT 2025 ===
0, NVIDIA H100 80GB HBM3, 59732, 81559, 8, 37
1, NVIDIA H100 80GB HBM3, 48158, 81559, 6, 41
2, NVIDIA H100 80GB HBM3, 48158, 81559, 6, 45
3, NVIDIA H100 80GB HBM3, 58220, 81559, 7, 36

=== Wed Oct  8 02:01:31 PM PDT 2025 ===
0, NVIDIA H100 80GB HBM3, 59732, 81559, 38, 38
1, NVIDIA H100 80GB HBM3, 48158, 81559, 0, 40
2, NVIDIA H100 80GB HBM3, 48158, 81559, 0, 44
3, NVIDIA H100 80GB HBM3, 58220, 81559, 0, 35

=== Wed Oct  8 02:01:42 PM PDT 2025 ===
0, NVIDIA H100 80GB HBM3, 59732, 81559, 0, 36
1, NVIDIA H100 80GB HBM3, 48158, 81559, 0, 40
2, NVIDIA H100 80GB HBM3, 48158, 81559, 0, 44
3, NVIDIA H100 80GB HBM3, 58220, 81559, 0, 35

=== Wed Oct  8 02:01:58 PM PDT 2025 ===
0, NVIDIA H100 80GB HBM3, 59732, 81559, 0, 35
1, NVIDIA H100 80GB HBM3, 48158, 81559, 0, 40
2, NVIDIA H100 80GB HBM3, 48158, 81559, 0, 43
3, NVIDIA H100 80GB HBM3, 58220, 81559, 0, 34

=== Wed Oct  8 02:02:13 PM PDT 2025 ===
0, NVIDIA H100 80GB HBM3, 59732, 81559, 1, 36
1, NVIDIA H100 80GB HBM3, 48158, 81559, 0, 40
2, NVIDIA H100 80GB HBM3, 48158, 81559, 0, 44
3, NVIDIA H100 80GB HBM3, 58220, 81559, 0, 34

=== Wed Oct  8 02:02:29 PM PDT 2025 ===
0, NVIDIA H100 80GB HBM3, 59732, 81559, 0, 35
1, NVIDIA H100 80GB HBM3, 48158, 81559, 0, 39
2, NVIDIA H100 80GB HBM3, 48158, 81559, 0, 43
3, NVIDIA H100 80GB HBM3, 58220, 81559, 0, 34

=== Wed Oct  8 02:02:41 PM PDT 2025 ===
0, NVIDIA H100 80GB HBM3, 59732, 81559, 52, 44
1, NVIDIA H100 80GB HBM3, 48158, 81559, 1, 40
2, NVIDIA H100 80GB HBM3, 48158, 81559, 22, 44
3, NVIDIA H100 80GB HBM3, 58220, 81559, 1, 35

=== Wed Oct  8 02:02:53 PM PDT 2025 ===
0, NVIDIA H100 80GB HBM3, 59732, 81559, 0, 35
1, NVIDIA H100 80GB HBM3, 48158, 81559, 0, 39
2, NVIDIA H100 80GB HBM3, 48158, 81559, 0, 42
3, NVIDIA H100 80GB HBM3, 58220, 81559, 0, 34

=== Wed Oct  8 02:03:03 PM PDT 2025 ===
0, NVIDIA H100 80GB HBM3, 59732, 81559, 7, 37
1, NVIDIA H100 80GB HBM3, 48158, 81559, 6, 40
2, NVIDIA H100 80GB HBM3, 48158, 81559, 10, 43
3, NVIDIA H100 80GB HBM3, 58220, 81559, 10, 36

=== Wed Oct  8 02:03:14 PM PDT 2025 ===
0, NVIDIA H100 80GB HBM3, 59732, 81559, 9, 38
1, NVIDIA H100 80GB HBM3, 48158, 81559, 10, 42
2, NVIDIA H100 80GB HBM3, 48158, 81559, 15, 43
3, NVIDIA H100 80GB HBM3, 58220, 81559, 1, 35

=== Wed Oct  8 02:03:28 PM PDT 2025 ===
0, NVIDIA H100 80GB HBM3, 59732, 81559, 0, 35
1, NVIDIA H100 80GB HBM3, 48158, 81559, 0, 40
2, NVIDIA H100 80GB HBM3, 48158, 81559, 0, 40
3, NVIDIA H100 80GB HBM3, 58220, 81559, 0, 34
