=== ABLATION EXPERIMENTS ===
Output directory: paper_writing/runs/ablations_20251109_141450

╔════════════════════════════════════════╗
║  ABLATION 1: STABILITY FIXES          ║
╚════════════════════════════════════════╝

==========================================
Experiment: 1a_stable_64tok
Description: 64 tokens WITH InfoNCE + early stopping + gen hygiene
Start: Sun Nov  9 14:14:50 PST 2025
------------------------------------------
End: Sun Nov  9 14:15:36 PST 2025
Results:
Peak accuracy:


NOTE: Baseline (1b_baseline_64tok) reuses successful_experiments/cross_model/85/train_high_capacity.log
      Peak: 81.5% → Final: 36.0% (no stability fixes)

╔════════════════════════════════════════╗
║  ABLATION 2: SEQUENCE LENGTH          ║
╚════════════════════════════════════════╝

==========================================
Experiment: 2a_stable_32tok
Description: 32 tokens (4.7× compression) WITH stability fixes
Start: Sun Nov  9 14:15:36 PST 2025
------------------------------------------
End: Sun Nov  9 14:16:21 PST 2025
Results:
Peak accuracy:

==========================================
Experiment: 2b_stable_48tok
Description: 48 tokens (3.1× compression) WITH stability fixes
Start: Sun Nov  9 14:16:21 PST 2025
------------------------------------------
End: Sun Nov  9 14:17:07 PST 2025
Results:
Peak accuracy:


NOTE: 64 tokens result is same as 1a_stable_64tok (reused)

==========================================
ALL ABLATIONS COMPLETE
End time: Sun Nov  9 14:17:07 PST 2025
==========================================

RESULTS COMPARISON:
------------------------------------------
Experiment         Tokens  Dataset  Peak   Final  Degradation
1b_baseline_64tok  64      GSM8K    81.5%  36.0%  45.5%

All logs saved to: paper_writing/runs/ablations_20251109_141450

==========================================
Analysis script created: paper_writing/runs/ablations_20251109_141450/analyze_ablations.py
Run 'python paper_writing/runs/ablations_20251109_141450/analyze_ablations.py' to analyze results
==========================================
