=== ABLATION EXPERIMENTS ===
Output directory: paper_writing/runs/ablations_20251113_213648

╔════════════════════════════════════════╗
║  ABLATION 1: DiT BRIDGE               ║
╚════════════════════════════════════════╝

==========================================
Experiment: 1a_dit_2step_64tok_soft_only
Description: DiT 64 tokens, 2 training steps (like Transfusion) (prompt=soft_only)
Start: Thu Nov 13 21:36:48 PST 2025
------------------------------------------
End: Thu Nov 13 22:17:58 PST 2025
Results:
[Final Eval] Source-alone acc: 0.540 | Target-alone acc: 0.770 | Bridged acc: 0.000
Peak accuracy:
  Peak bridged: 0.0%

==========================================
Experiment: 1a_dit_2step_64tok_soft_plus_text
Description: DiT 64 tokens, 2 training steps (like Transfusion) (prompt=soft_plus_text)
Start: Thu Nov 13 22:17:58 PST 2025
------------------------------------------
End: Fri Nov 14 00:04:11 PST 2025
Results:
[Final Eval] Source-alone acc: 0.540 | Target-alone acc: 0.770 | Bridged acc: 0.560
Peak accuracy:
  Peak bridged: 56.0%

==========================================
Experiment: 1b_dit_4step_64tok_soft_only
Description: DiT 64 tokens, 4 training steps (more denoising) (prompt=soft_only)
Start: Fri Nov 14 00:04:11 PST 2025
------------------------------------------
End: Fri Nov 14 00:50:52 PST 2025
Results:
[Final Eval] Source-alone acc: 0.540 | Target-alone acc: 0.770 | Bridged acc: 0.000
Peak accuracy:
  Peak bridged: 0.0%

==========================================
Experiment: 1b_dit_4step_64tok_soft_plus_text
Description: DiT 64 tokens, 4 training steps (more denoising) (prompt=soft_plus_text)
Start: Fri Nov 14 00:50:52 PST 2025
------------------------------------------
End: Fri Nov 14 02:47:54 PST 2025
Results:
[Final Eval] Source-alone acc: 0.540 | Target-alone acc: 0.770 | Bridged acc: 0.590
Peak accuracy:
  Peak bridged: 63.5%

==========================================
Experiment: 1c_dit_attn_64tok_soft_only
Description: DiT 64 tokens, attention pooling for source conditioning (prompt=soft_only)
Start: Fri Nov 14 02:47:54 PST 2025
------------------------------------------
End: Fri Nov 14 03:29:19 PST 2025
Results:
[Final Eval] Source-alone acc: 0.540 | Target-alone acc: 0.770 | Bridged acc: 0.000
Peak accuracy:
  Peak bridged: 0.0%

==========================================
Experiment: 1c_dit_attn_64tok_soft_plus_text
Description: DiT 64 tokens, attention pooling for source conditioning (prompt=soft_plus_text)
Start: Fri Nov 14 03:29:19 PST 2025
------------------------------------------
End: Fri Nov 14 05:15:53 PST 2025
Results:
[Final Eval] Source-alone acc: 0.540 | Target-alone acc: 0.770 | Bridged acc: 0.585
Peak accuracy:
  Peak bridged: 60.0%

==========================================
Experiment: 1d_dit_cfg_64tok_soft_only
Description: DiT 64 tokens with CFG for better mode coverage (prompt=soft_only)
Start: Fri Nov 14 05:15:53 PST 2025
------------------------------------------
End: Fri Nov 14 06:01:42 PST 2025
Results:
[Final Eval] Source-alone acc: 0.540 | Target-alone acc: 0.770 | Bridged acc: 0.000
Peak accuracy:
  Peak bridged: 0.0%

==========================================
Experiment: 1d_dit_cfg_64tok_soft_plus_text
Description: DiT 64 tokens with CFG for better mode coverage (prompt=soft_plus_text)
Start: Fri Nov 14 06:01:42 PST 2025
------------------------------------------
