[2026-01-18 02:33:25] flow_matching_arc_easy_seed42 failed with exit code 1
[2026-01-18 02:33:55] optimal_transport_arc_easy_seed42 failed with exit code 1
[2026-01-18 02:34:24] moe_arc_easy_seed42 failed with exit code 1
[2026-01-18 02:34:53] hailmary_cross_modal_distillation_arc_easy_seed42 failed with exit code 1
[2026-01-18 02:35:22] hailmary_mine_arc_easy_seed42 failed with exit code 1
[2026-01-18 02:35:51] hailmary_mixture_of_depths_arc_easy_seed42 failed with exit code 1
[2026-01-18 02:36:19] hailmary_thalamic_relay_arc_easy_seed42 failed with exit code 1
[2026-01-18 02:36:48] hailmary_domain_adversarial_arc_easy_seed42 failed with exit code 1
[2026-01-18 02:37:17] hailmary_successive_refinement_arc_easy_seed42 failed with exit code 1
[2026-01-18 02:38:06] token_capacity_4_seed42 failed with exit code 1
[2026-01-18 02:38:53] token_capacity_8_seed42 failed with exit code 1
[2026-01-18 02:39:53] token_capacity_16_seed42 failed with exit code 1
[2026-01-18 02:40:55] token_capacity_32_seed42 failed with exit code 1
[2026-01-18 02:42:20] ridge_regression_arc_easy failed with exit code 1
[2026-01-18 02:43:02] latency_benchmark_no_checkpoint failed with exit code 1
[2026-01-18 02:43:38] batched_latency_benchmark failed with exit code 1
[2026-01-18 02:44:46] memory_benchmark failed with exit code 1
[2026-01-18 02:45:23] throughput_benchmark_no_checkpoint failed with exit code 1
[2026-01-18 05:49:27] zeroshot_arc_easy failed with exit code 1
[2026-01-18 05:49:32] zeroshot_winogrande failed with exit code 1
[2026-01-18 05:49:37] zeroshot_hellaswag failed with exit code 1
[2026-01-18 05:49:41] zeroshot_boolq failed with exit code 1
[2026-01-18 05:49:59] fewshot_arc_easy failed with exit code 1
[2026-01-18 05:50:04] fewshot_winogrande failed with exit code 1
[2026-01-18 05:50:09] fewshot_hellaswag failed with exit code 1
[2026-01-18 05:50:14] fewshot_boolq failed with exit code 1
[2026-01-18 05:50:28] dora_arc_easy failed with exit code 1
[2026-01-18 05:50:42] prompt_tuning_arc_easy failed with exit code 1
[2026-01-18 05:52:07] linear_probe failed with exit code 1
[2026-01-18 05:52:44] text_relay_arc_easy failed with exit code 1
[2026-01-18 05:52:59] ensemble_arc_easy failed with exit code 1
