/users/sujinesh/.local/lib/python3.10/site-packages/transformers/utils/hub.py:128: FutureWarning: Using `TRANSFORMERS_CACHE` is deprecated and will be removed in v5 of Transformers. Use `HF_HOME` instead.
  warnings.warn(
Traceback (most recent call last):
  File "/projects/m000066/sujinesh/LatentWire/telepathy/train_telepathy_v12.py", line 275, in <module>
    main()
  File "/projects/m000066/sujinesh/LatentWire/telepathy/train_telepathy_v12.py", line 131, in main
    setup_ddp()
  File "/projects/m000066/sujinesh/LatentWire/telepathy/train_telepathy_v12.py", line 28, in setup_ddp
    torch.distributed.init_process_group("nccl")
  File "/users/sujinesh/.local/lib/python3.10/site-packages/torch/distributed/c10d_logger.py", line 83, in wrapper
    return func(*args, **kwargs)
  File "/users/sujinesh/.local/lib/python3.10/site-packages/torch/distributed/c10d_logger.py", line 97, in wrapper
    func_return = func(*args, **kwargs)
  File "/users/sujinesh/.local/lib/python3.10/site-packages/torch/distributed/distributed_c10d.py", line 1527, in init_process_group
    default_pg, _ = _new_process_group_helper(
  File "/users/sujinesh/.local/lib/python3.10/site-packages/torch/distributed/distributed_c10d.py", line 1771, in _new_process_group_helper
    backend_class = ProcessGroupNCCL(
ValueError: ProcessGroupNCCL is only supported with GPUs, no GPUs found!
E1130 18:49:47.562000 515646 torch/distributed/elastic/multiprocessing/api.py:869] failed (exitcode: 1) local_rank: 0 (pid: 515761) of binary: /marlowe/apps/Mambaforge/24.3.0-0/bin/python
Traceback (most recent call last):
  File "/users/sujinesh/.local/bin/torchrun", line 7, in <module>
    sys.exit(main())
  File "/users/sujinesh/.local/lib/python3.10/site-packages/torch/distributed/elastic/multiprocessing/errors/__init__.py", line 355, in wrapper
    return f(*args, **kwargs)
  File "/users/sujinesh/.local/lib/python3.10/site-packages/torch/distributed/run.py", line 919, in main
    run(args)
  File "/users/sujinesh/.local/lib/python3.10/site-packages/torch/distributed/run.py", line 910, in run
    elastic_launch(
  File "/users/sujinesh/.local/lib/python3.10/site-packages/torch/distributed/launcher/api.py", line 138, in __call__
    return launch_agent(self._config, self._entrypoint, list(args))
  File "/users/sujinesh/.local/lib/python3.10/site-packages/torch/distributed/launcher/api.py", line 269, in launch_agent
    raise ChildFailedError(
torch.distributed.elastic.multiprocessing.errors.ChildFailedError: 
============================================================
telepathy/train_telepathy_v12.py FAILED
------------------------------------------------------------
Failures:
  <NO_OTHER_FAILURES>
------------------------------------------------------------
Root Cause (first observed failure):
[0]:
  time      : 2025-11-30_18:49:47
  host      : login-03.cm.cluster
  rank      : 0 (local_rank: 0)
  exitcode  : 1 (pid: 515761)
  error_file: <N/A>
  traceback : To enable traceback see: https://pytorch.org/docs/stable/elastic/errors.html
============================================================
