==> Using CUDA on HPC (4 GPUs available)
  - Batch size: 40 (4 GPUs × 10 per GPU)
  - Effective batch (with grad accum): 320
  - Samples: 10000
  - Epochs: 10
  - BF16: True
  - Flash Attention: True
Python: 3.10.14 | packaged by conda-forge | (main, Mar 20 2024, 12:45:18) [GCC 12.3.0]
PyTorch: 2.5.1+cu121
CUDA available: True
CUDA devices: 4
================================================================================
UNIFIED CROSS-MODEL ALIGNMENT EXPERIMENTS
Timestamp: 2025-10-31T18:13:23.644077
Platform: hpc
Device: cuda
Available CUDA GPUs: 4
================================================================================

1. Starting Procrustes experiment on cuda...

================================================================================
PROCRUSTES ALIGNMENT EXPERIMENT (GPU-ACCELERATED)
================================================================================
Device: cuda (Procrustes on hpc)

Loading models on hpc...
Using bfloat16 for H100
Loading models on separate GPUs to avoid OOM...
Using Flash Attention 2
Downloading shards:   0%|          | 0/4 [00:00<?, ?it/s]Downloading shards: 100%|██████████| 4/4 [00:00<00:00, 3955.96it/s]
You are attempting to use Flash Attention 2.0 with a model not initialized on GPU. Make sure to move the model to GPU after initializing it on CPU with `model.to('cuda')`.
Loading checkpoint shards:   0%|          | 0/4 [00:00<?, ?it/s]Loading checkpoint shards:  50%|█████     | 2/4 [00:00<00:00, 16.62it/s]Loading checkpoint shards: 100%|██████████| 4/4 [00:00<00:00, 17.16it/s]Loading checkpoint shards: 100%|██████████| 4/4 [00:00<00:00, 17.05it/s]
Downloading shards:   0%|          | 0/3 [00:00<?, ?it/s]Downloading shards: 100%|██████████| 3/3 [00:00<00:00, 3478.83it/s]
Loading checkpoint shards:   0%|          | 0/3 [00:00<?, ?it/s]Loading checkpoint shards:  67%|██████▋   | 2/3 [00:00<00:00, 16.31it/s]Loading checkpoint shards: 100%|██████████| 3/3 [00:00<00:00, 16.47it/s]
