W1110 09:46:00.405000 119607 torch/distributed/run.py:793] 
W1110 09:46:00.405000 119607 torch/distributed/run.py:793] *****************************************
W1110 09:46:00.405000 119607 torch/distributed/run.py:793] Setting OMP_NUM_THREADS environment variable for each process to be 1 in default, to avoid your system being overloaded, please further tune the variable for optimal performance in your application as needed. 
W1110 09:46:00.405000 119607 torch/distributed/run.py:793] *****************************************
/marlowe/apps/Mambaforge/24.3.0-0/bin/python: can't open file '/projects/m000066/sujinesh/LatentWire/cross_attention.py': [Errno 2] No such file or directory
/marlowe/apps/Mambaforge/24.3.0-0/bin/python: can't open file '/projects/m000066/sujinesh/LatentWire/cross_attention.py': [Errno 2] No such file or directory
/marlowe/apps/Mambaforge/24.3.0-0/bin/python: can't open file '/projects/m000066/sujinesh/LatentWire/cross_attention.py': [Errno 2] No such file or directory
/marlowe/apps/Mambaforge/24.3.0-0/bin/python: can't open file '/projects/m000066/sujinesh/LatentWire/cross_attention.py': [Errno 2] No such file or directory
E1110 09:46:00.763000 119607 torch/distributed/elastic/multiprocessing/api.py:869] failed (exitcode: 2) local_rank: 0 (pid: 119791) of binary: /marlowe/apps/Mambaforge/24.3.0-0/bin/python
Traceback (most recent call last):
  File "/users/sujinesh/.local/bin/torchrun", line 7, in <module>
    sys.exit(main())
  File "/users/sujinesh/.local/lib/python3.10/site-packages/torch/distributed/elastic/multiprocessing/errors/__init__.py", line 355, in wrapper
    return f(*args, **kwargs)
  File "/users/sujinesh/.local/lib/python3.10/site-packages/torch/distributed/run.py", line 919, in main
    run(args)
  File "/users/sujinesh/.local/lib/python3.10/site-packages/torch/distributed/run.py", line 910, in run
    elastic_launch(
  File "/users/sujinesh/.local/lib/python3.10/site-packages/torch/distributed/launcher/api.py", line 138, in __call__
    return launch_agent(self._config, self._entrypoint, list(args))
  File "/users/sujinesh/.local/lib/python3.10/site-packages/torch/distributed/launcher/api.py", line 269, in launch_agent
    raise ChildFailedError(
torch.distributed.elastic.multiprocessing.errors.ChildFailedError: 
============================================================
cross_attention.py FAILED
------------------------------------------------------------
Failures:
[1]:
  time      : 2025-11-10_09:46:00
  host      : n03.cm.cluster
  rank      : 1 (local_rank: 1)
  exitcode  : 2 (pid: 119792)
  error_file: <N/A>
  traceback : To enable traceback see: https://pytorch.org/docs/stable/elastic/errors.html
[2]:
  time      : 2025-11-10_09:46:00
  host      : n03.cm.cluster
  rank      : 2 (local_rank: 2)
  exitcode  : 2 (pid: 119793)
  error_file: <N/A>
  traceback : To enable traceback see: https://pytorch.org/docs/stable/elastic/errors.html
[3]:
  time      : 2025-11-10_09:46:00
  host      : n03.cm.cluster
  rank      : 3 (local_rank: 3)
  exitcode  : 2 (pid: 119794)
  error_file: <N/A>
  traceback : To enable traceback see: https://pytorch.org/docs/stable/elastic/errors.html
------------------------------------------------------------
Root Cause (first observed failure):
[0]:
  time      : 2025-11-10_09:46:00
  host      : n03.cm.cluster
  rank      : 0 (local_rank: 0)
  exitcode  : 2 (pid: 119791)
  error_file: <N/A>
  traceback : To enable traceback see: https://pytorch.org/docs/stable/elastic/errors.html
============================================================
