=== ABLATION EXPERIMENTS ===
Output directory: paper_writing/runs/ablations_20251108_234822

╔════════════════════════════════════════╗
║  ABLATION 1: STABILITY FIXES          ║
╚════════════════════════════════════════╝

==========================================
Experiment: 1a_stable_64tok
Description: 64 tokens WITH InfoNCE + early stopping + gen hygiene
Start: Sat Nov  8 23:48:22 PST 2025
------------------------------------------
End: Sat Nov  8 23:51:16 PST 2025
Results:
Peak accuracy:


NOTE: Baseline (1b_baseline_64tok) reuses successful_experiments/cross_model/85/train_high_capacity.log
      Peak: 81.5% → Final: 36.0% (no stability fixes)

╔════════════════════════════════════════╗
║  ABLATION 2: SEQUENCE LENGTH          ║
╚════════════════════════════════════════╝

==========================================
Experiment: 2a_stable_32tok
Description: 32 tokens (4.7× compression) WITH stability fixes
Start: Sat Nov  8 23:51:16 PST 2025
------------------------------------------
