/users/sujinesh/.local/lib/python3.10/site-packages/transformers/utils/hub.py:128: FutureWarning: Using `TRANSFORMERS_CACHE` is deprecated and will be removed in v5 of Transformers. Use `HF_HOME` instead.
  warnings.warn(
============================================================
TELEPATHY TRAINING: ARC_EASY
============================================================

Dataset: arc_easy (4 classes)
Random baseline: 25.0%
Source layer: 31
Soft tokens: 8
Steps: 1500
Diversity weight: 0.1
============================================================
Downloading shards:   0%|          | 0/4 [00:00<?, ?it/s]Downloading shards: 100%|██████████| 4/4 [00:00<00:00, 998.58it/s]
Loading checkpoint shards:   0%|          | 0/4 [00:00<?, ?it/s]Loading checkpoint shards:  25%|██▌       | 1/4 [00:05<00:16,  5.45s/it]Loading checkpoint shards:  50%|█████     | 2/4 [00:11<00:12,  6.02s/it]Loading checkpoint shards:  75%|███████▌  | 3/4 [00:18<00:06,  6.07s/it]Loading checkpoint shards: 100%|██████████| 4/4 [00:19<00:00,  4.25s/it]Loading checkpoint shards: 100%|██████████| 4/4 [00:19<00:00,  4.87s/it]
Downloading shards:   0%|          | 0/3 [00:00<?, ?it/s]Downloading shards: 100%|██████████| 3/3 [00:00<00:00, 1128.41it/s]
Loading checkpoint shards:   0%|          | 0/3 [00:00<?, ?it/s]Loading checkpoint shards:  33%|███▎      | 1/3 [00:03<00:07,  3.62s/it]Loading checkpoint shards:  67%|██████▋   | 2/3 [00:06<00:03,  3.26s/it]Loading checkpoint shards: 100%|██████████| 3/3 [00:09<00:00,  2.86s/it]Loading checkpoint shards: 100%|██████████| 3/3 [00:09<00:00,  3.00s/it]
Target embedding RMS: 0.0027
Traceback (most recent call last):
  File "/scratch/m000066/sujinesh/LatentWire/telepathy/train_telepathy.py", line 1530, in <module>
    main()
  File "/scratch/m000066/sujinesh/LatentWire/telepathy/train_telepathy.py", line 996, in main
    raise ImportError("Experimental bridges not available")
ImportError: Experimental bridges not available
