GPU Monitoring started at Sun Oct  5 07:53:25 PM PDT 2025
Logging to: runs/smoke/gpu_monitor.log every 10s
---

=== Sun Oct  5 07:53:25 PM PDT 2025 ===
0, NVIDIA H100 80GB HBM3, 0, 81559, 0, 30
1, NVIDIA H100 80GB HBM3, 0, 81559, 0, 30
2, NVIDIA H100 80GB HBM3, 0, 81559, 0, 32
3, NVIDIA H100 80GB HBM3, 0, 81559, 0, 32

=== Sun Oct  5 07:53:35 PM PDT 2025 ===
0, NVIDIA H100 80GB HBM3, 4, 81559, 0, 30
1, NVIDIA H100 80GB HBM3, 4, 81559, 0, 30
2, NVIDIA H100 80GB HBM3, 4, 81559, 0, 32
3, NVIDIA H100 80GB HBM3, 4, 81559, 0, 32

=== Sun Oct  5 07:53:45 PM PDT 2025 ===
0, NVIDIA H100 80GB HBM3, 3309, 81559, 1, 31
1, NVIDIA H100 80GB HBM3, 4, 81559, 0, 30
2, NVIDIA H100 80GB HBM3, 4, 81559, 0, 32
3, NVIDIA H100 80GB HBM3, 4, 81559, 0, 32

=== Sun Oct  5 07:53:55 PM PDT 2025 ===
0, NVIDIA H100 80GB HBM3, 4869, 81559, 0, 32
1, NVIDIA H100 80GB HBM3, 3449, 81559, 0, 32
2, NVIDIA H100 80GB HBM3, 889, 81559, 1, 33
3, NVIDIA H100 80GB HBM3, 4, 81559, 0, 32

=== Sun Oct  5 07:54:06 PM PDT 2025 ===
0, NVIDIA H100 80GB HBM3, 4869, 81559, 0, 32
1, NVIDIA H100 80GB HBM3, 3869, 81559, 0, 32
2, NVIDIA H100 80GB HBM3, 3869, 81559, 0, 34
3, NVIDIA H100 80GB HBM3, 2949, 81559, 1, 33

=== Sun Oct  5 07:54:16 PM PDT 2025 ===
0, NVIDIA H100 80GB HBM3, 8009, 81559, 0, 32
1, NVIDIA H100 80GB HBM3, 3869, 81559, 0, 32
2, NVIDIA H100 80GB HBM3, 3869, 81559, 0, 34
3, NVIDIA H100 80GB HBM3, 4869, 81559, 0, 34
GPU Monitoring started at Sun Oct  5 08:02:18 PM PDT 2025
Logging to: runs/smoke/gpu_monitor.log every 10s
---

=== Sun Oct  5 08:02:18 PM PDT 2025 ===
0, NVIDIA H100 80GB HBM3, 0, 81559, 0, 28
1, NVIDIA H100 80GB HBM3, 0, 81559, 0, 28
2, NVIDIA H100 80GB HBM3, 0, 81559, 0, 31
3, NVIDIA H100 80GB HBM3, 0, 81559, 0, 30

=== Sun Oct  5 08:02:28 PM PDT 2025 ===
0, NVIDIA H100 80GB HBM3, 1547, 81559, 0, 29
1, NVIDIA H100 80GB HBM3, 4, 81559, 0, 28
2, NVIDIA H100 80GB HBM3, 4, 81559, 0, 31
3, NVIDIA H100 80GB HBM3, 4, 81559, 0, 30

=== Sun Oct  5 08:02:38 PM PDT 2025 ===
0, NVIDIA H100 80GB HBM3, 8009, 81559, 0, 30
1, NVIDIA H100 80GB HBM3, 3869, 81559, 0, 30
2, NVIDIA H100 80GB HBM3, 3869, 81559, 0, 32
3, NVIDIA H100 80GB HBM3, 4869, 81559, 0, 32

=== Sun Oct  5 08:02:48 PM PDT 2025 ===
0, NVIDIA H100 80GB HBM3, 26685, 81559, 14, 35
1, NVIDIA H100 80GB HBM3, 10953, 81559, 28, 37
2, NVIDIA H100 80GB HBM3, 10953, 81559, 23, 41
3, NVIDIA H100 80GB HBM3, 13075, 81559, 35, 37

=== Sun Oct  5 08:02:59 PM PDT 2025 ===
0, NVIDIA H100 80GB HBM3, 26685, 81559, 55, 37
1, NVIDIA H100 80GB HBM3, 10953, 81559, 13, 35
2, NVIDIA H100 80GB HBM3, 10953, 81559, 0, 37
3, NVIDIA H100 80GB HBM3, 13075, 81559, 8, 36

=== Sun Oct  5 08:03:09 PM PDT 2025 ===
0, NVIDIA H100 80GB HBM3, 26685, 81559, 20, 37
1, NVIDIA H100 80GB HBM3, 10953, 81559, 26, 37
2, NVIDIA H100 80GB HBM3, 10953, 81559, 13, 39
3, NVIDIA H100 80GB HBM3, 13075, 81559, 18, 40

=== Sun Oct  5 08:03:19 PM PDT 2025 ===
0, NVIDIA H100 80GB HBM3, 26707, 81559, 27, 37
1, NVIDIA H100 80GB HBM3, 10953, 81559, 26, 37
2, NVIDIA H100 80GB HBM3, 10953, 81559, 19, 40
3, NVIDIA H100 80GB HBM3, 13075, 81559, 23, 40

=== Sun Oct  5 08:03:29 PM PDT 2025 ===
0, NVIDIA H100 80GB HBM3, 26709, 81559, 27, 38
1, NVIDIA H100 80GB HBM3, 10953, 81559, 19, 39
2, NVIDIA H100 80GB HBM3, 10953, 81559, 32, 41
3, NVIDIA H100 80GB HBM3, 13075, 81559, 37, 43

=== Sun Oct  5 08:03:39 PM PDT 2025 ===
0, NVIDIA H100 80GB HBM3, 26709, 81559, 62, 41
1, NVIDIA H100 80GB HBM3, 10955, 81559, 25, 36
2, NVIDIA H100 80GB HBM3, 10955, 81559, 0, 40
3, NVIDIA H100 80GB HBM3, 13075, 81559, 1, 40

=== Sun Oct  5 08:03:49 PM PDT 2025 ===
0, NVIDIA H100 80GB HBM3, 26709, 81559, 21, 38
1, NVIDIA H100 80GB HBM3, 10955, 81559, 21, 38
2, NVIDIA H100 80GB HBM3, 10955, 81559, 19, 44
3, NVIDIA H100 80GB HBM3, 13075, 81559, 26, 44

=== Sun Oct  5 08:04:00 PM PDT 2025 ===
0, NVIDIA H100 80GB HBM3, 27789, 81559, 21, 40
1, NVIDIA H100 80GB HBM3, 10955, 81559, 17, 38
2, NVIDIA H100 80GB HBM3, 10955, 81559, 20, 42
3, NVIDIA H100 80GB HBM3, 13075, 81559, 21, 42

=== Sun Oct  5 08:04:10 PM PDT 2025 ===
0, NVIDIA H100 80GB HBM3, 27789, 81559, 33, 39
1, NVIDIA H100 80GB HBM3, 10955, 81559, 23, 39
2, NVIDIA H100 80GB HBM3, 10955, 81559, 22, 43
3, NVIDIA H100 80GB HBM3, 13075, 81559, 25, 46

=== Sun Oct  5 08:04:20 PM PDT 2025 ===
0, NVIDIA H100 80GB HBM3, 27789, 81559, 23, 39
1, NVIDIA H100 80GB HBM3, 10955, 81559, 19, 38
2, NVIDIA H100 80GB HBM3, 10955, 81559, 15, 43
3, NVIDIA H100 80GB HBM3, 13075, 81559, 16, 44

=== Sun Oct  5 08:04:30 PM PDT 2025 ===
0, NVIDIA H100 80GB HBM3, 27789, 81559, 28, 40
1, NVIDIA H100 80GB HBM3, 10955, 81559, 14, 39
2, NVIDIA H100 80GB HBM3, 10955, 81559, 17, 45
3, NVIDIA H100 80GB HBM3, 13075, 81559, 31, 44

=== Sun Oct  5 08:04:40 PM PDT 2025 ===
0, NVIDIA H100 80GB HBM3, 27789, 81559, 22, 39
1, NVIDIA H100 80GB HBM3, 10955, 81559, 25, 39
2, NVIDIA H100 80GB HBM3, 10955, 81559, 25, 44
3, NVIDIA H100 80GB HBM3, 13075, 81559, 34, 45

=== Sun Oct  5 08:04:51 PM PDT 2025 ===
0, NVIDIA H100 80GB HBM3, 27789, 81559, 16, 39
1, NVIDIA H100 80GB HBM3, 10955, 81559, 9, 39
2, NVIDIA H100 80GB HBM3, 10955, 81559, 20, 45
3, NVIDIA H100 80GB HBM3, 13075, 81559, 10, 46

=== Sun Oct  5 08:05:01 PM PDT 2025 ===
0, NVIDIA H100 80GB HBM3, 27789, 81559, 30, 40
1, NVIDIA H100 80GB HBM3, 10955, 81559, 26, 39
2, NVIDIA H100 80GB HBM3, 10955, 81559, 25, 47
3, NVIDIA H100 80GB HBM3, 13075, 81559, 26, 47

=== Sun Oct  5 08:05:11 PM PDT 2025 ===
0, NVIDIA H100 80GB HBM3, 27789, 81559, 15, 40
1, NVIDIA H100 80GB HBM3, 10955, 81559, 15, 40
2, NVIDIA H100 80GB HBM3, 10955, 81559, 21, 46
3, NVIDIA H100 80GB HBM3, 13075, 81559, 29, 50

=== Sun Oct  5 08:05:21 PM PDT 2025 ===
0, NVIDIA H100 80GB HBM3, 27791, 81559, 18, 40
1, NVIDIA H100 80GB HBM3, 10955, 81559, 17, 40
2, NVIDIA H100 80GB HBM3, 10955, 81559, 17, 47
3, NVIDIA H100 80GB HBM3, 13075, 81559, 19, 47

=== Sun Oct  5 08:05:31 PM PDT 2025 ===
0, NVIDIA H100 80GB HBM3, 28951, 81559, 25, 42
1, NVIDIA H100 80GB HBM3, 10955, 81559, 17, 40
2, NVIDIA H100 80GB HBM3, 10955, 81559, 26, 49
3, NVIDIA H100 80GB HBM3, 13075, 81559, 26, 49

=== Sun Oct  5 08:05:41 PM PDT 2025 ===
0, NVIDIA H100 80GB HBM3, 28951, 81559, 23, 40
1, NVIDIA H100 80GB HBM3, 10955, 81559, 11, 40
2, NVIDIA H100 80GB HBM3, 10955, 81559, 17, 46
3, NVIDIA H100 80GB HBM3, 13075, 81559, 20, 48

=== Sun Oct  5 08:05:52 PM PDT 2025 ===
0, NVIDIA H100 80GB HBM3, 33413, 81559, 20, 40
1, NVIDIA H100 80GB HBM3, 14839, 81559, 14, 39
2, NVIDIA H100 80GB HBM3, 14839, 81559, 5, 46
3, NVIDIA H100 80GB HBM3, 16699, 81559, 9, 46

=== Sun Oct  5 08:06:02 PM PDT 2025 ===
0, NVIDIA H100 80GB HBM3, 40553, 81559, 15, 41
1, NVIDIA H100 80GB HBM3, 14839, 81559, 20, 42
2, NVIDIA H100 80GB HBM3, 14839, 81559, 16, 48
3, NVIDIA H100 80GB HBM3, 16979, 81559, 21, 49

=== Sun Oct  5 08:06:12 PM PDT 2025 ===
0, NVIDIA H100 80GB HBM3, 40555, 81559, 13, 42
1, NVIDIA H100 80GB HBM3, 14839, 81559, 14, 40
2, NVIDIA H100 80GB HBM3, 14839, 81559, 16, 47
3, NVIDIA H100 80GB HBM3, 16979, 81559, 14, 48

=== Sun Oct  5 08:06:22 PM PDT 2025 ===
0, NVIDIA H100 80GB HBM3, 40555, 81559, 56, 42
1, NVIDIA H100 80GB HBM3, 14839, 81559, 0, 38
2, NVIDIA H100 80GB HBM3, 14839, 81559, 0, 46
3, NVIDIA H100 80GB HBM3, 16979, 81559, 0, 45

=== Sun Oct  5 08:06:32 PM PDT 2025 ===
0, NVIDIA H100 80GB HBM3, 40555, 81559, 21, 39
1, NVIDIA H100 80GB HBM3, 14839, 81559, 19, 40
2, NVIDIA H100 80GB HBM3, 14839, 81559, 15, 47
3, NVIDIA H100 80GB HBM3, 16979, 81559, 17, 47

=== Sun Oct  5 08:06:43 PM PDT 2025 ===
0, NVIDIA H100 80GB HBM3, 40555, 81559, 43, 40
1, NVIDIA H100 80GB HBM3, 14839, 81559, 0, 40
2, NVIDIA H100 80GB HBM3, 14839, 81559, 0, 46
3, NVIDIA H100 80GB HBM3, 16979, 81559, 15, 47

=== Sun Oct  5 08:06:53 PM PDT 2025 ===
0, NVIDIA H100 80GB HBM3, 40555, 81559, 25, 40
1, NVIDIA H100 80GB HBM3, 14839, 81559, 20, 41
2, NVIDIA H100 80GB HBM3, 14839, 81559, 26, 48
3, NVIDIA H100 80GB HBM3, 16979, 81559, 28, 47

=== Sun Oct  5 08:07:03 PM PDT 2025 ===
0, NVIDIA H100 80GB HBM3, 40555, 81559, 18, 41
1, NVIDIA H100 80GB HBM3, 14839, 81559, 18, 41
2, NVIDIA H100 80GB HBM3, 14839, 81559, 21, 51
3, NVIDIA H100 80GB HBM3, 16979, 81559, 29, 48

=== Sun Oct  5 08:07:13 PM PDT 2025 ===
0, NVIDIA H100 80GB HBM3, 40555, 81559, 24, 41
1, NVIDIA H100 80GB HBM3, 14839, 81559, 22, 41
2, NVIDIA H100 80GB HBM3, 14839, 81559, 23, 49
3, NVIDIA H100 80GB HBM3, 16979, 81559, 23, 48

=== Sun Oct  5 08:07:24 PM PDT 2025 ===
0, NVIDIA H100 80GB HBM3, 40555, 81559, 55, 42
1, NVIDIA H100 80GB HBM3, 14839, 81559, 13, 40
2, NVIDIA H100 80GB HBM3, 14839, 81559, 0, 46
3, NVIDIA H100 80GB HBM3, 16979, 81559, 0, 47

=== Sun Oct  5 08:07:34 PM PDT 2025 ===
0, NVIDIA H100 80GB HBM3, 40555, 81559, 18, 40
1, NVIDIA H100 80GB HBM3, 14839, 81559, 19, 40
2, NVIDIA H100 80GB HBM3, 14839, 81559, 13, 48
3, NVIDIA H100 80GB HBM3, 16979, 81559, 26, 49

=== Sun Oct  5 08:07:44 PM PDT 2025 ===
0, NVIDIA H100 80GB HBM3, 40555, 81559, 44, 42
1, NVIDIA H100 80GB HBM3, 14839, 81559, 12, 40
2, NVIDIA H100 80GB HBM3, 14839, 81559, 17, 47
3, NVIDIA H100 80GB HBM3, 16979, 81559, 0, 47

=== Sun Oct  5 08:07:54 PM PDT 2025 ===
0, NVIDIA H100 80GB HBM3, 40555, 81559, 23, 40
1, NVIDIA H100 80GB HBM3, 14839, 81559, 11, 41
2, NVIDIA H100 80GB HBM3, 14839, 81559, 19, 48
3, NVIDIA H100 80GB HBM3, 16979, 81559, 29, 48

=== Sun Oct  5 08:08:04 PM PDT 2025 ===
0, NVIDIA H100 80GB HBM3, 40555, 81559, 13, 40
1, NVIDIA H100 80GB HBM3, 14839, 81559, 9, 40
2, NVIDIA H100 80GB HBM3, 14839, 81559, 13, 47
3, NVIDIA H100 80GB HBM3, 16979, 81559, 10, 47

=== Sun Oct  5 08:08:15 PM PDT 2025 ===
0, NVIDIA H100 80GB HBM3, 40555, 81559, 47, 40
1, NVIDIA H100 80GB HBM3, 14839, 81559, 17, 39
2, NVIDIA H100 80GB HBM3, 14839, 81559, 9, 47
3, NVIDIA H100 80GB HBM3, 16979, 81559, 21, 46

=== Sun Oct  5 08:08:25 PM PDT 2025 ===
0, NVIDIA H100 80GB HBM3, 40555, 81559, 13, 40
1, NVIDIA H100 80GB HBM3, 14839, 81559, 13, 40
2, NVIDIA H100 80GB HBM3, 14839, 81559, 13, 47
3, NVIDIA H100 80GB HBM3, 16979, 81559, 12, 47

=== Sun Oct  5 08:08:35 PM PDT 2025 ===
0, NVIDIA H100 80GB HBM3, 40555, 81559, 23, 41
1, NVIDIA H100 80GB HBM3, 14839, 81559, 19, 43
2, NVIDIA H100 80GB HBM3, 14839, 81559, 18, 49
3, NVIDIA H100 80GB HBM3, 16979, 81559, 26, 48

=== Sun Oct  5 08:08:45 PM PDT 2025 ===
0, NVIDIA H100 80GB HBM3, 40555, 81559, 25, 40
1, NVIDIA H100 80GB HBM3, 14839, 81559, 23, 41
2, NVIDIA H100 80GB HBM3, 14839, 81559, 20, 48
3, NVIDIA H100 80GB HBM3, 16979, 81559, 26, 47

=== Sun Oct  5 08:08:56 PM PDT 2025 ===
0, NVIDIA H100 80GB HBM3, 40555, 81559, 17, 40
1, NVIDIA H100 80GB HBM3, 14839, 81559, 21, 41
2, NVIDIA H100 80GB HBM3, 14839, 81559, 9, 48
3, NVIDIA H100 80GB HBM3, 16979, 81559, 26, 48

=== Sun Oct  5 08:09:06 PM PDT 2025 ===
0, NVIDIA H100 80GB HBM3, 40555, 81559, 16, 41
1, NVIDIA H100 80GB HBM3, 14839, 81559, 20, 43
2, NVIDIA H100 80GB HBM3, 14839, 81559, 14, 48
3, NVIDIA H100 80GB HBM3, 16979, 81559, 17, 49

=== Sun Oct  5 08:09:16 PM PDT 2025 ===
0, NVIDIA H100 80GB HBM3, 40555, 81559, 19, 41
1, NVIDIA H100 80GB HBM3, 14839, 81559, 13, 40
2, NVIDIA H100 80GB HBM3, 14839, 81559, 11, 48
3, NVIDIA H100 80GB HBM3, 16979, 81559, 17, 48

=== Sun Oct  5 08:09:26 PM PDT 2025 ===
0, NVIDIA H100 80GB HBM3, 40555, 81559, 27, 40
1, NVIDIA H100 80GB HBM3, 14839, 81559, 24, 41
2, NVIDIA H100 80GB HBM3, 14839, 81559, 24, 49
3, NVIDIA H100 80GB HBM3, 16979, 81559, 29, 48

=== Sun Oct  5 08:09:40 PM PDT 2025 ===
0, NVIDIA H100 80GB HBM3, 40555, 81559, 0, 36
1, NVIDIA H100 80GB HBM3, 14839, 81559, 0, 37
2, NVIDIA H100 80GB HBM3, 14839, 81559, 0, 44
3, NVIDIA H100 80GB HBM3, 16979, 81559, 0, 44

=== Sun Oct  5 08:09:50 PM PDT 2025 ===
0, NVIDIA H100 80GB HBM3, 4, 81559, 0, 34
1, NVIDIA H100 80GB HBM3, 4, 81559, 0, 34
2, NVIDIA H100 80GB HBM3, 4, 81559, 0, 42
3, NVIDIA H100 80GB HBM3, 4, 81559, 0, 41

=== Sun Oct  5 08:10:00 PM PDT 2025 ===
0, NVIDIA H100 80GB HBM3, 8047, 81559, 0, 34
1, NVIDIA H100 80GB HBM3, 4001, 81559, 0, 35
2, NVIDIA H100 80GB HBM3, 4001, 81559, 0, 42
3, NVIDIA H100 80GB HBM3, 5001, 81559, 0, 41

=== Sun Oct  5 08:10:10 PM PDT 2025 ===
0, NVIDIA H100 80GB HBM3, 14105, 81559, 10, 36
1, NVIDIA H100 80GB HBM3, 10481, 81559, 0, 36
2, NVIDIA H100 80GB HBM3, 9869, 81559, 8, 43
3, NVIDIA H100 80GB HBM3, 11309, 81559, 8, 41

=== Sun Oct  5 08:10:21 PM PDT 2025 ===
0, NVIDIA H100 80GB HBM3, 40525, 81559, 0, 35
1, NVIDIA H100 80GB HBM3, 33697, 81559, 0, 35
2, NVIDIA H100 80GB HBM3, 33697, 81559, 0, 42
3, NVIDIA H100 80GB HBM3, 39317, 81559, 4, 41

=== Sun Oct  5 08:10:31 PM PDT 2025 ===
0, NVIDIA H100 80GB HBM3, 49885, 81559, 30, 38
1, NVIDIA H100 80GB HBM3, 41951, 81559, 33, 39
2, NVIDIA H100 80GB HBM3, 41951, 81559, 30, 46
3, NVIDIA H100 80GB HBM3, 49411, 81559, 31, 42

=== Sun Oct  5 08:10:41 PM PDT 2025 ===
0, NVIDIA H100 80GB HBM3, 60193, 81559, 0, 36
1, NVIDIA H100 80GB HBM3, 52477, 81559, 1, 36
2, NVIDIA H100 80GB HBM3, 52479, 81559, 8, 43
3, NVIDIA H100 80GB HBM3, 59991, 81559, 0, 41

=== Sun Oct  5 08:10:51 PM PDT 2025 ===
0, NVIDIA H100 80GB HBM3, 62207, 81559, 9, 37
1, NVIDIA H100 80GB HBM3, 54241, 81559, 0, 37
2, NVIDIA H100 80GB HBM3, 54243, 81559, 0, 43
3, NVIDIA H100 80GB HBM3, 64281, 81559, 16, 42

=== Sun Oct  5 08:11:02 PM PDT 2025 ===
0, NVIDIA H100 80GB HBM3, 62207, 81559, 26, 38
1, NVIDIA H100 80GB HBM3, 54241, 81559, 21, 39
2, NVIDIA H100 80GB HBM3, 54243, 81559, 12, 44
3, NVIDIA H100 80GB HBM3, 64281, 81559, 22, 43

=== Sun Oct  5 08:11:12 PM PDT 2025 ===
0, NVIDIA H100 80GB HBM3, 62207, 81559, 29, 38
1, NVIDIA H100 80GB HBM3, 54241, 81559, 26, 39
2, NVIDIA H100 80GB HBM3, 54243, 81559, 25, 45
3, NVIDIA H100 80GB HBM3, 64281, 81559, 29, 44

=== Sun Oct  5 08:11:23 PM PDT 2025 ===
0, NVIDIA H100 80GB HBM3, 62207, 81559, 28, 40
1, NVIDIA H100 80GB HBM3, 54241, 81559, 23, 40
2, NVIDIA H100 80GB HBM3, 54243, 81559, 28, 46
3, NVIDIA H100 80GB HBM3, 64281, 81559, 25, 46

=== Sun Oct  5 08:11:33 PM PDT 2025 ===
0, NVIDIA H100 80GB HBM3, 62207, 81559, 30, 39
1, NVIDIA H100 80GB HBM3, 54241, 81559, 32, 39
2, NVIDIA H100 80GB HBM3, 54243, 81559, 32, 46
3, NVIDIA H100 80GB HBM3, 64281, 81559, 8, 49

=== Sun Oct  5 08:11:43 PM PDT 2025 ===
0, NVIDIA H100 80GB HBM3, 62207, 81559, 28, 38
1, NVIDIA H100 80GB HBM3, 54241, 81559, 14, 40
2, NVIDIA H100 80GB HBM3, 54243, 81559, 26, 46
3, NVIDIA H100 80GB HBM3, 64281, 81559, 29, 45

=== Sun Oct  5 08:11:53 PM PDT 2025 ===
0, NVIDIA H100 80GB HBM3, 62259, 81559, 22, 40
1, NVIDIA H100 80GB HBM3, 54265, 81559, 21, 40
2, NVIDIA H100 80GB HBM3, 54267, 81559, 21, 47
3, NVIDIA H100 80GB HBM3, 64305, 81559, 24, 45

=== Sun Oct  5 08:12:04 PM PDT 2025 ===
0, NVIDIA H100 80GB HBM3, 62259, 81559, 19, 38
1, NVIDIA H100 80GB HBM3, 54265, 81559, 16, 39
2, NVIDIA H100 80GB HBM3, 54267, 81559, 11, 45
3, NVIDIA H100 80GB HBM3, 64305, 81559, 17, 45

=== Sun Oct  5 08:12:14 PM PDT 2025 ===
0, NVIDIA H100 80GB HBM3, 62259, 81559, 30, 40
1, NVIDIA H100 80GB HBM3, 54265, 81559, 29, 40
2, NVIDIA H100 80GB HBM3, 54267, 81559, 19, 46
3, NVIDIA H100 80GB HBM3, 64305, 81559, 23, 45

=== Sun Oct  5 08:12:24 PM PDT 2025 ===
0, NVIDIA H100 80GB HBM3, 62259, 81559, 23, 39
1, NVIDIA H100 80GB HBM3, 54265, 81559, 18, 40
2, NVIDIA H100 80GB HBM3, 54267, 81559, 21, 48
3, NVIDIA H100 80GB HBM3, 64305, 81559, 28, 46

=== Sun Oct  5 08:12:35 PM PDT 2025 ===
0, NVIDIA H100 80GB HBM3, 62261, 81559, 18, 39
1, NVIDIA H100 80GB HBM3, 54265, 81559, 16, 39
2, NVIDIA H100 80GB HBM3, 54267, 81559, 15, 45
3, NVIDIA H100 80GB HBM3, 64305, 81559, 16, 44

=== Sun Oct  5 08:12:45 PM PDT 2025 ===
0, NVIDIA H100 80GB HBM3, 62261, 81559, 3, 37
1, NVIDIA H100 80GB HBM3, 54265, 81559, 4, 38
2, NVIDIA H100 80GB HBM3, 54267, 81559, 0, 45
3, NVIDIA H100 80GB HBM3, 64305, 81559, 4, 43

=== Sun Oct  5 08:12:55 PM PDT 2025 ===
0, NVIDIA H100 80GB HBM3, 62261, 81559, 6, 39
1, NVIDIA H100 80GB HBM3, 54265, 81559, 10, 39
2, NVIDIA H100 80GB HBM3, 54267, 81559, 9, 46
3, NVIDIA H100 80GB HBM3, 64305, 81559, 14, 45

=== Sun Oct  5 08:13:05 PM PDT 2025 ===
0, NVIDIA H100 80GB HBM3, 62261, 81559, 24, 39
1, NVIDIA H100 80GB HBM3, 54265, 81559, 12, 40
2, NVIDIA H100 80GB HBM3, 54267, 81559, 11, 46
3, NVIDIA H100 80GB HBM3, 64305, 81559, 11, 45

=== Sun Oct  5 08:13:16 PM PDT 2025 ===
0, NVIDIA H100 80GB HBM3, 62261, 81559, 12, 39
1, NVIDIA H100 80GB HBM3, 54265, 81559, 11, 40
2, NVIDIA H100 80GB HBM3, 54267, 81559, 11, 47
3, NVIDIA H100 80GB HBM3, 64305, 81559, 14, 45

=== Sun Oct  5 08:13:26 PM PDT 2025 ===
0, NVIDIA H100 80GB HBM3, 62261, 81559, 9, 39
1, NVIDIA H100 80GB HBM3, 54265, 81559, 7, 39
2, NVIDIA H100 80GB HBM3, 54267, 81559, 7, 46
3, NVIDIA H100 80GB HBM3, 64305, 81559, 5, 45

=== Sun Oct  5 08:13:36 PM PDT 2025 ===
0, NVIDIA H100 80GB HBM3, 62261, 81559, 9, 38
1, NVIDIA H100 80GB HBM3, 54265, 81559, 7, 39
2, NVIDIA H100 80GB HBM3, 54267, 81559, 7, 46
3, NVIDIA H100 80GB HBM3, 64305, 81559, 6, 45

=== Sun Oct  5 08:13:47 PM PDT 2025 ===
0, NVIDIA H100 80GB HBM3, 62261, 81559, 32, 39
1, NVIDIA H100 80GB HBM3, 54265, 81559, 25, 40
2, NVIDIA H100 80GB HBM3, 54267, 81559, 25, 47
3, NVIDIA H100 80GB HBM3, 64305, 81559, 20, 47

=== Sun Oct  5 08:13:57 PM PDT 2025 ===
0, NVIDIA H100 80GB HBM3, 62261, 81559, 10, 41
1, NVIDIA H100 80GB HBM3, 54265, 81559, 27, 39
2, NVIDIA H100 80GB HBM3, 54267, 81559, 11, 46
3, NVIDIA H100 80GB HBM3, 64305, 81559, 15, 45

=== Sun Oct  5 08:14:07 PM PDT 2025 ===
0, NVIDIA H100 80GB HBM3, 62261, 81559, 28, 39
1, NVIDIA H100 80GB HBM3, 54265, 81559, 28, 40
2, NVIDIA H100 80GB HBM3, 54267, 81559, 28, 47
3, NVIDIA H100 80GB HBM3, 64305, 81559, 34, 47

=== Sun Oct  5 08:14:18 PM PDT 2025 ===
0, NVIDIA H100 80GB HBM3, 62261, 81559, 21, 39
1, NVIDIA H100 80GB HBM3, 54265, 81559, 22, 39
2, NVIDIA H100 80GB HBM3, 54267, 81559, 21, 47
3, NVIDIA H100 80GB HBM3, 64305, 81559, 14, 46

=== Sun Oct  5 08:14:28 PM PDT 2025 ===
0, NVIDIA H100 80GB HBM3, 62261, 81559, 26, 39
1, NVIDIA H100 80GB HBM3, 54265, 81559, 26, 40
2, NVIDIA H100 80GB HBM3, 54267, 81559, 26, 47
3, NVIDIA H100 80GB HBM3, 64305, 81559, 31, 47

=== Sun Oct  5 08:14:38 PM PDT 2025 ===
0, NVIDIA H100 80GB HBM3, 62261, 81559, 25, 40
1, NVIDIA H100 80GB HBM3, 54265, 81559, 21, 40
2, NVIDIA H100 80GB HBM3, 54267, 81559, 13, 47
3, NVIDIA H100 80GB HBM3, 64305, 81559, 21, 45

=== Sun Oct  5 08:14:49 PM PDT 2025 ===
0, NVIDIA H100 80GB HBM3, 62261, 81559, 19, 39
1, NVIDIA H100 80GB HBM3, 54265, 81559, 8, 39
2, NVIDIA H100 80GB HBM3, 54267, 81559, 8, 46
3, NVIDIA H100 80GB HBM3, 64305, 81559, 16, 45

=== Sun Oct  5 08:14:59 PM PDT 2025 ===
0, NVIDIA H100 80GB HBM3, 62261, 81559, 9, 39
1, NVIDIA H100 80GB HBM3, 54265, 81559, 7, 39
2, NVIDIA H100 80GB HBM3, 54267, 81559, 6, 47
3, NVIDIA H100 80GB HBM3, 64305, 81559, 7, 45

=== Sun Oct  5 08:15:09 PM PDT 2025 ===
0, NVIDIA H100 80GB HBM3, 62261, 81559, 26, 39
1, NVIDIA H100 80GB HBM3, 54265, 81559, 7, 39
2, NVIDIA H100 80GB HBM3, 54267, 81559, 5, 46
3, NVIDIA H100 80GB HBM3, 64305, 81559, 18, 45

=== Sun Oct  5 08:15:19 PM PDT 2025 ===
0, NVIDIA H100 80GB HBM3, 62261, 81559, 21, 43
1, NVIDIA H100 80GB HBM3, 54265, 81559, 19, 41
2, NVIDIA H100 80GB HBM3, 54267, 81559, 28, 50
3, NVIDIA H100 80GB HBM3, 64305, 81559, 33, 47

=== Sun Oct  5 08:15:30 PM PDT 2025 ===
0, NVIDIA H100 80GB HBM3, 62261, 81559, 1, 41
1, NVIDIA H100 80GB HBM3, 54265, 81559, 7, 38
2, NVIDIA H100 80GB HBM3, 54267, 81559, 15, 47
3, NVIDIA H100 80GB HBM3, 64305, 81559, 0, 45

=== Sun Oct  5 08:15:40 PM PDT 2025 ===
0, NVIDIA H100 80GB HBM3, 62261, 81559, 24, 40
1, NVIDIA H100 80GB HBM3, 54265, 81559, 13, 41
2, NVIDIA H100 80GB HBM3, 54267, 81559, 20, 48
3, NVIDIA H100 80GB HBM3, 64305, 81559, 20, 46

=== Sun Oct  5 08:15:50 PM PDT 2025 ===
0, NVIDIA H100 80GB HBM3, 62261, 81559, 17, 39
1, NVIDIA H100 80GB HBM3, 54265, 81559, 14, 39
2, NVIDIA H100 80GB HBM3, 54267, 81559, 16, 48
3, NVIDIA H100 80GB HBM3, 64305, 81559, 18, 46

=== Sun Oct  5 08:16:00 PM PDT 2025 ===
0, NVIDIA H100 80GB HBM3, 62261, 81559, 60, 39
1, NVIDIA H100 80GB HBM3, 54265, 81559, 15, 39
2, NVIDIA H100 80GB HBM3, 54267, 81559, 14, 46
3, NVIDIA H100 80GB HBM3, 64305, 81559, 11, 45

=== Sun Oct  5 08:16:11 PM PDT 2025 ===
0, NVIDIA H100 80GB HBM3, 62261, 81559, 21, 39
1, NVIDIA H100 80GB HBM3, 54265, 81559, 14, 40
2, NVIDIA H100 80GB HBM3, 54267, 81559, 16, 47
3, NVIDIA H100 80GB HBM3, 64305, 81559, 21, 46

=== Sun Oct  5 08:16:21 PM PDT 2025 ===
0, NVIDIA H100 80GB HBM3, 62261, 81559, 24, 39
1, NVIDIA H100 80GB HBM3, 54265, 81559, 15, 40
2, NVIDIA H100 80GB HBM3, 54267, 81559, 20, 46
3, NVIDIA H100 80GB HBM3, 64305, 81559, 14, 46

=== Sun Oct  5 08:16:31 PM PDT 2025 ===
0, NVIDIA H100 80GB HBM3, 62261, 81559, 19, 40
1, NVIDIA H100 80GB HBM3, 54265, 81559, 16, 40
2, NVIDIA H100 80GB HBM3, 54267, 81559, 15, 46
3, NVIDIA H100 80GB HBM3, 64305, 81559, 15, 46

=== Sun Oct  5 08:16:42 PM PDT 2025 ===
0, NVIDIA H100 80GB HBM3, 62261, 81559, 16, 40
1, NVIDIA H100 80GB HBM3, 54265, 81559, 0, 39
2, NVIDIA H100 80GB HBM3, 54267, 81559, 25, 46
3, NVIDIA H100 80GB HBM3, 64305, 81559, 22, 45

=== Sun Oct  5 08:16:52 PM PDT 2025 ===
0, NVIDIA H100 80GB HBM3, 62261, 81559, 12, 39
1, NVIDIA H100 80GB HBM3, 54265, 81559, 22, 39
2, NVIDIA H100 80GB HBM3, 54267, 81559, 15, 46
3, NVIDIA H100 80GB HBM3, 64305, 81559, 18, 45

=== Sun Oct  5 08:17:02 PM PDT 2025 ===
0, NVIDIA H100 80GB HBM3, 62261, 81559, 25, 41
1, NVIDIA H100 80GB HBM3, 54265, 81559, 24, 42
2, NVIDIA H100 80GB HBM3, 54267, 81559, 25, 50
3, NVIDIA H100 80GB HBM3, 64305, 81559, 24, 47

=== Sun Oct  5 08:17:13 PM PDT 2025 ===
0, NVIDIA H100 80GB HBM3, 62261, 81559, 20, 39
1, NVIDIA H100 80GB HBM3, 54265, 81559, 17, 39
2, NVIDIA H100 80GB HBM3, 54267, 81559, 16, 47
3, NVIDIA H100 80GB HBM3, 64305, 81559, 13, 46

=== Sun Oct  5 08:17:23 PM PDT 2025 ===
0, NVIDIA H100 80GB HBM3, 62261, 81559, 6, 39
1, NVIDIA H100 80GB HBM3, 54265, 81559, 7, 38
2, NVIDIA H100 80GB HBM3, 54267, 81559, 1, 46
3, NVIDIA H100 80GB HBM3, 64305, 81559, 4, 44

=== Sun Oct  5 08:17:33 PM PDT 2025 ===
0, NVIDIA H100 80GB HBM3, 62261, 81559, 28, 39
1, NVIDIA H100 80GB HBM3, 54265, 81559, 32, 40
2, NVIDIA H100 80GB HBM3, 54267, 81559, 4, 47
3, NVIDIA H100 80GB HBM3, 64305, 81559, 39, 49

=== Sun Oct  5 08:17:44 PM PDT 2025 ===
0, NVIDIA H100 80GB HBM3, 62261, 81559, 38, 44
1, NVIDIA H100 80GB HBM3, 54265, 81559, 22, 38
2, NVIDIA H100 80GB HBM3, 54267, 81559, 13, 46
3, NVIDIA H100 80GB HBM3, 64305, 81559, 10, 44

=== Sun Oct  5 08:17:57 PM PDT 2025 ===
0, NVIDIA H100 80GB HBM3, 62261, 81559, 18, 38
1, NVIDIA H100 80GB HBM3, 54265, 81559, 14, 39
2, NVIDIA H100 80GB HBM3, 54267, 81559, 16, 46
3, NVIDIA H100 80GB HBM3, 64305, 81559, 15, 45

=== Sun Oct  5 08:18:07 PM PDT 2025 ===
0, NVIDIA H100 80GB HBM3, 62261, 81559, 35, 38
1, NVIDIA H100 80GB HBM3, 54265, 81559, 0, 39
2, NVIDIA H100 80GB HBM3, 54267, 81559, 8, 46
3, NVIDIA H100 80GB HBM3, 64305, 81559, 7, 46

=== Sun Oct  5 08:18:18 PM PDT 2025 ===
0, NVIDIA H100 80GB HBM3, 62261, 81559, 87, 41
1, NVIDIA H100 80GB HBM3, 54265, 81559, 7, 39
2, NVIDIA H100 80GB HBM3, 54267, 81559, 15, 46
3, NVIDIA H100 80GB HBM3, 64305, 81559, 8, 45

=== Sun Oct  5 08:18:28 PM PDT 2025 ===
0, NVIDIA H100 80GB HBM3, 62261, 81559, 23, 39
1, NVIDIA H100 80GB HBM3, 54265, 81559, 27, 40
2, NVIDIA H100 80GB HBM3, 54267, 81559, 27, 47
3, NVIDIA H100 80GB HBM3, 64305, 81559, 24, 48

=== Sun Oct  5 08:18:38 PM PDT 2025 ===
0, NVIDIA H100 80GB HBM3, 62261, 81559, 0, 39
1, NVIDIA H100 80GB HBM3, 54265, 81559, 0, 38
2, NVIDIA H100 80GB HBM3, 54267, 81559, 0, 45
3, NVIDIA H100 80GB HBM3, 64305, 81559, 0, 44

=== Sun Oct  5 08:18:49 PM PDT 2025 ===
0, NVIDIA H100 80GB HBM3, 62261, 81559, 17, 39
1, NVIDIA H100 80GB HBM3, 54265, 81559, 11, 39
2, NVIDIA H100 80GB HBM3, 54267, 81559, 14, 48
3, NVIDIA H100 80GB HBM3, 64305, 81559, 16, 46

=== Sun Oct  5 08:18:59 PM PDT 2025 ===
0, NVIDIA H100 80GB HBM3, 62261, 81559, 1, 38
1, NVIDIA H100 80GB HBM3, 54265, 81559, 0, 38
2, NVIDIA H100 80GB HBM3, 54267, 81559, 3, 46
3, NVIDIA H100 80GB HBM3, 64305, 81559, 0, 45

=== Sun Oct  5 08:19:09 PM PDT 2025 ===
0, NVIDIA H100 80GB HBM3, 62261, 81559, 10, 38
1, NVIDIA H100 80GB HBM3, 54265, 81559, 8, 39
2, NVIDIA H100 80GB HBM3, 54267, 81559, 8, 47
3, NVIDIA H100 80GB HBM3, 64305, 81559, 16, 46

=== Sun Oct  5 08:19:19 PM PDT 2025 ===
0, NVIDIA H100 80GB HBM3, 62261, 81559, 19, 38
1, NVIDIA H100 80GB HBM3, 54265, 81559, 16, 39
2, NVIDIA H100 80GB HBM3, 54267, 81559, 12, 46
3, NVIDIA H100 80GB HBM3, 64305, 81559, 17, 46

=== Sun Oct  5 08:19:30 PM PDT 2025 ===
0, NVIDIA H100 80GB HBM3, 62261, 81559, 18, 38
1, NVIDIA H100 80GB HBM3, 54265, 81559, 16, 39
2, NVIDIA H100 80GB HBM3, 54267, 81559, 13, 46
3, NVIDIA H100 80GB HBM3, 64305, 81559, 17, 45

=== Sun Oct  5 08:19:40 PM PDT 2025 ===
0, NVIDIA H100 80GB HBM3, 62261, 81559, 8, 39
1, NVIDIA H100 80GB HBM3, 54265, 81559, 3, 39
2, NVIDIA H100 80GB HBM3, 54267, 81559, 0, 51
3, NVIDIA H100 80GB HBM3, 64305, 81559, 40, 45

=== Sun Oct  5 08:19:50 PM PDT 2025 ===
0, NVIDIA H100 80GB HBM3, 62261, 81559, 13, 38
1, NVIDIA H100 80GB HBM3, 54265, 81559, 11, 39
2, NVIDIA H100 80GB HBM3, 54267, 81559, 19, 46
3, NVIDIA H100 80GB HBM3, 64305, 81559, 20, 45

=== Sun Oct  5 08:20:00 PM PDT 2025 ===
0, NVIDIA H100 80GB HBM3, 62261, 81559, 30, 39
1, NVIDIA H100 80GB HBM3, 54265, 81559, 22, 38
2, NVIDIA H100 80GB HBM3, 54267, 81559, 15, 46
3, NVIDIA H100 80GB HBM3, 64305, 81559, 25, 45

=== Sun Oct  5 08:20:11 PM PDT 2025 ===
0, NVIDIA H100 80GB HBM3, 62261, 81559, 21, 42
1, NVIDIA H100 80GB HBM3, 54265, 81559, 24, 42
2, NVIDIA H100 80GB HBM3, 54267, 81559, 9, 48
3, NVIDIA H100 80GB HBM3, 64305, 81559, 28, 45

=== Sun Oct  5 08:20:21 PM PDT 2025 ===
0, NVIDIA H100 80GB HBM3, 62261, 81559, 81, 41
1, NVIDIA H100 80GB HBM3, 54265, 81559, 20, 37
2, NVIDIA H100 80GB HBM3, 54267, 81559, 26, 45
3, NVIDIA H100 80GB HBM3, 64305, 81559, 0, 44

=== Sun Oct  5 08:20:31 PM PDT 2025 ===
0, NVIDIA H100 80GB HBM3, 62261, 81559, 27, 40
1, NVIDIA H100 80GB HBM3, 54265, 81559, 28, 40
2, NVIDIA H100 80GB HBM3, 54267, 81559, 28, 47
3, NVIDIA H100 80GB HBM3, 64305, 81559, 16, 49

=== Sun Oct  5 08:20:41 PM PDT 2025 ===
0, NVIDIA H100 80GB HBM3, 62261, 81559, 18, 39
1, NVIDIA H100 80GB HBM3, 54265, 81559, 22, 39
2, NVIDIA H100 80GB HBM3, 54267, 81559, 10, 46
3, NVIDIA H100 80GB HBM3, 64305, 81559, 22, 45

=== Sun Oct  5 08:20:52 PM PDT 2025 ===
0, NVIDIA H100 80GB HBM3, 62261, 81559, 23, 39
1, NVIDIA H100 80GB HBM3, 54265, 81559, 13, 39
2, NVIDIA H100 80GB HBM3, 54267, 81559, 19, 46
3, NVIDIA H100 80GB HBM3, 64305, 81559, 15, 45

=== Sun Oct  5 08:21:02 PM PDT 2025 ===
0, NVIDIA H100 80GB HBM3, 62261, 81559, 20, 39
1, NVIDIA H100 80GB HBM3, 54265, 81559, 22, 39
2, NVIDIA H100 80GB HBM3, 54267, 81559, 13, 46
3, NVIDIA H100 80GB HBM3, 64305, 81559, 20, 45

=== Sun Oct  5 08:21:13 PM PDT 2025 ===
0, NVIDIA H100 80GB HBM3, 62261, 81559, 10, 39
1, NVIDIA H100 80GB HBM3, 54265, 81559, 7, 39
2, NVIDIA H100 80GB HBM3, 54267, 81559, 7, 46
3, NVIDIA H100 80GB HBM3, 64305, 81559, 8, 44

=== Sun Oct  5 08:21:23 PM PDT 2025 ===
0, NVIDIA H100 80GB HBM3, 62261, 81559, 29, 40
1, NVIDIA H100 80GB HBM3, 54265, 81559, 10, 42
2, NVIDIA H100 80GB HBM3, 54267, 81559, 30, 48
3, NVIDIA H100 80GB HBM3, 64305, 81559, 27, 47

=== Sun Oct  5 08:21:33 PM PDT 2025 ===
0, NVIDIA H100 80GB HBM3, 62261, 81559, 0, 39
1, NVIDIA H100 80GB HBM3, 54265, 81559, 0, 37
2, NVIDIA H100 80GB HBM3, 54267, 81559, 0, 45
3, NVIDIA H100 80GB HBM3, 64305, 81559, 0, 43

=== Sun Oct  5 08:21:43 PM PDT 2025 ===
0, NVIDIA H100 80GB HBM3, 62261, 81559, 12, 38
1, NVIDIA H100 80GB HBM3, 54265, 81559, 1, 40
2, NVIDIA H100 80GB HBM3, 54267, 81559, 3, 45
3, NVIDIA H100 80GB HBM3, 64305, 81559, 2, 44

=== Sun Oct  5 08:21:54 PM PDT 2025 ===
0, NVIDIA H100 80GB HBM3, 62261, 81559, 9, 38
1, NVIDIA H100 80GB HBM3, 54265, 81559, 8, 38
2, NVIDIA H100 80GB HBM3, 54267, 81559, 7, 46
3, NVIDIA H100 80GB HBM3, 64305, 81559, 8, 45

=== Sun Oct  5 08:22:04 PM PDT 2025 ===
0, NVIDIA H100 80GB HBM3, 62261, 81559, 10, 39
1, NVIDIA H100 80GB HBM3, 54265, 81559, 8, 39
2, NVIDIA H100 80GB HBM3, 54267, 81559, 8, 46
3, NVIDIA H100 80GB HBM3, 64305, 81559, 19, 46

=== Sun Oct  5 08:22:14 PM PDT 2025 ===
0, NVIDIA H100 80GB HBM3, 62261, 81559, 21, 41
1, NVIDIA H100 80GB HBM3, 54265, 81559, 15, 39
2, NVIDIA H100 80GB HBM3, 54267, 81559, 14, 50
3, NVIDIA H100 80GB HBM3, 64305, 81559, 27, 46

=== Sun Oct  5 08:22:24 PM PDT 2025 ===
0, NVIDIA H100 80GB HBM3, 62261, 81559, 84, 41
1, NVIDIA H100 80GB HBM3, 54265, 81559, 16, 39
2, NVIDIA H100 80GB HBM3, 54267, 81559, 20, 46
3, NVIDIA H100 80GB HBM3, 64305, 81559, 17, 44

=== Sun Oct  5 08:22:38 PM PDT 2025 ===
0, NVIDIA H100 80GB HBM3, 62261, 81559, 0, 34
1, NVIDIA H100 80GB HBM3, 54265, 81559, 0, 35
2, NVIDIA H100 80GB HBM3, 54267, 81559, 0, 43
3, NVIDIA H100 80GB HBM3, 64305, 81559, 0, 42

=== Sun Oct  5 08:22:50 PM PDT 2025 ===
0, NVIDIA H100 80GB HBM3, 4, 81559, 0, 32
1, NVIDIA H100 80GB HBM3, 4, 81559, 0, 33
2, NVIDIA H100 80GB HBM3, 1, 81559, 0, 41
3, NVIDIA H100 80GB HBM3, 1, 81559, 0, 39

=== Sun Oct  5 08:23:00 PM PDT 2025 ===
0, NVIDIA H100 80GB HBM3, 5187, 81559, 0, 33
1, NVIDIA H100 80GB HBM3, 3869, 81559, 0, 34
2, NVIDIA H100 80GB HBM3, 3869, 81559, 0, 41
3, NVIDIA H100 80GB HBM3, 4869, 81559, 0, 39

=== Sun Oct  5 08:23:10 PM PDT 2025 ===
0, NVIDIA H100 80GB HBM3, 41433, 81559, 22, 37
1, NVIDIA H100 80GB HBM3, 13473, 81559, 19, 37
2, NVIDIA H100 80GB HBM3, 13473, 81559, 18, 45
3, NVIDIA H100 80GB HBM3, 53693, 81559, 19, 41

=== Sun Oct  5 08:23:21 PM PDT 2025 ===
0, NVIDIA H100 80GB HBM3, 41449, 81559, 0, 34
1, NVIDIA H100 80GB HBM3, 13479, 81559, 0, 35
2, NVIDIA H100 80GB HBM3, 13477, 81559, 0, 42
3, NVIDIA H100 80GB HBM3, 53697, 81559, 0, 40

=== Sun Oct  5 08:23:31 PM PDT 2025 ===
0, NVIDIA H100 80GB HBM3, 41629, 81559, 6, 36
1, NVIDIA H100 80GB HBM3, 13519, 81559, 5, 37
2, NVIDIA H100 80GB HBM3, 13519, 81559, 5, 43
3, NVIDIA H100 80GB HBM3, 53739, 81559, 5, 41
GPU Monitoring started at Sun Oct  5 08:58:15 PM PDT 2025
Logging to: runs/smoke/gpu_monitor.log every 10s
---

=== Sun Oct  5 08:58:15 PM PDT 2025 ===
0, NVIDIA H100 80GB HBM3, 0, 81559, 0, 28
1, NVIDIA H100 80GB HBM3, 0, 81559, 0, 29
2, NVIDIA H100 80GB HBM3, 0, 81559, 0, 31
3, NVIDIA H100 80GB HBM3, 0, 81559, 0, 31

=== Sun Oct  5 08:58:26 PM PDT 2025 ===
0, NVIDIA H100 80GB HBM3, 4, 81559, 0, 28
1, NVIDIA H100 80GB HBM3, 4, 81559, 0, 29
2, NVIDIA H100 80GB HBM3, 4, 81559, 0, 31
3, NVIDIA H100 80GB HBM3, 4, 81559, 0, 31

=== Sun Oct  5 08:58:36 PM PDT 2025 ===
0, NVIDIA H100 80GB HBM3, 8007, 81559, 0, 30
1, NVIDIA H100 80GB HBM3, 3869, 81559, 0, 30
2, NVIDIA H100 80GB HBM3, 3869, 81559, 0, 33
3, NVIDIA H100 80GB HBM3, 4869, 81559, 0, 32

=== Sun Oct  5 08:58:46 PM PDT 2025 ===
0, NVIDIA H100 80GB HBM3, 32019, 81559, 19, 34
1, NVIDIA H100 80GB HBM3, 14797, 81559, 9, 33
2, NVIDIA H100 80GB HBM3, 14797, 81559, 0, 35
3, NVIDIA H100 80GB HBM3, 16599, 81559, 0, 35

=== Sun Oct  5 08:58:56 PM PDT 2025 ===
0, NVIDIA H100 80GB HBM3, 32031, 81559, 4, 32
1, NVIDIA H100 80GB HBM3, 14837, 81559, 0, 32
2, NVIDIA H100 80GB HBM3, 14837, 81559, 0, 35
3, NVIDIA H100 80GB HBM3, 16599, 81559, 0, 34

=== Sun Oct  5 08:59:06 PM PDT 2025 ===
0, NVIDIA H100 80GB HBM3, 32031, 81559, 1, 32
1, NVIDIA H100 80GB HBM3, 14837, 81559, 0, 32
2, NVIDIA H100 80GB HBM3, 14837, 81559, 0, 35
3, NVIDIA H100 80GB HBM3, 16599, 81559, 0, 34

=== Sun Oct  5 08:59:17 PM PDT 2025 ===
0, NVIDIA H100 80GB HBM3, 32033, 81559, 3, 32
1, NVIDIA H100 80GB HBM3, 14837, 81559, 0, 33
2, NVIDIA H100 80GB HBM3, 14837, 81559, 0, 36
3, NVIDIA H100 80GB HBM3, 16599, 81559, 0, 35

=== Sun Oct  5 08:59:27 PM PDT 2025 ===
0, NVIDIA H100 80GB HBM3, 32033, 81559, 23, 36
1, NVIDIA H100 80GB HBM3, 14837, 81559, 21, 36
2, NVIDIA H100 80GB HBM3, 14837, 81559, 23, 41
3, NVIDIA H100 80GB HBM3, 16599, 81559, 28, 39

=== Sun Oct  5 08:59:37 PM PDT 2025 ===
0, NVIDIA H100 80GB HBM3, 34493, 81559, 14, 36
1, NVIDIA H100 80GB HBM3, 14837, 81559, 13, 36
2, NVIDIA H100 80GB HBM3, 14837, 81559, 21, 39
3, NVIDIA H100 80GB HBM3, 16699, 81559, 27, 40

=== Sun Oct  5 08:59:47 PM PDT 2025 ===
0, NVIDIA H100 80GB HBM3, 36853, 81559, 14, 38
1, NVIDIA H100 80GB HBM3, 14837, 81559, 18, 38
2, NVIDIA H100 80GB HBM3, 14837, 81559, 15, 41
3, NVIDIA H100 80GB HBM3, 16699, 81559, 36, 44

=== Sun Oct  5 09:00:01 PM PDT 2025 ===
0, NVIDIA H100 80GB HBM3, 36853, 81559, 0, 33
1, NVIDIA H100 80GB HBM3, 14837, 81559, 0, 34
2, NVIDIA H100 80GB HBM3, 14837, 81559, 0, 38
3, NVIDIA H100 80GB HBM3, 16699, 81559, 0, 38

=== Sun Oct  5 09:00:11 PM PDT 2025 ===
0, NVIDIA H100 80GB HBM3, 36853, 81559, 35, 35
1, NVIDIA H100 80GB HBM3, 14837, 81559, 0, 35
2, NVIDIA H100 80GB HBM3, 14837, 81559, 0, 39
3, NVIDIA H100 80GB HBM3, 16699, 81559, 0, 38

=== Sun Oct  5 09:00:21 PM PDT 2025 ===
0, NVIDIA H100 80GB HBM3, 36853, 81559, 23, 38
1, NVIDIA H100 80GB HBM3, 14837, 81559, 17, 37
2, NVIDIA H100 80GB HBM3, 14837, 81559, 23, 42
3, NVIDIA H100 80GB HBM3, 16699, 81559, 26, 42

=== Sun Oct  5 09:00:31 PM PDT 2025 ===
0, NVIDIA H100 80GB HBM3, 36853, 81559, 24, 36
1, NVIDIA H100 80GB HBM3, 14837, 81559, 17, 38
2, NVIDIA H100 80GB HBM3, 14837, 81559, 19, 42
3, NVIDIA H100 80GB HBM3, 16699, 81559, 38, 41

=== Sun Oct  5 09:00:42 PM PDT 2025 ===
0, NVIDIA H100 80GB HBM3, 36853, 81559, 26, 38
1, NVIDIA H100 80GB HBM3, 14837, 81559, 17, 38
2, NVIDIA H100 80GB HBM3, 14837, 81559, 19, 41
3, NVIDIA H100 80GB HBM3, 16699, 81559, 21, 41

=== Sun Oct  5 09:00:52 PM PDT 2025 ===
0, NVIDIA H100 80GB HBM3, 38813, 81559, 21, 37
1, NVIDIA H100 80GB HBM3, 14837, 81559, 20, 37
2, NVIDIA H100 80GB HBM3, 14837, 81559, 17, 41
3, NVIDIA H100 80GB HBM3, 16979, 81559, 18, 41

=== Sun Oct  5 09:01:02 PM PDT 2025 ===
0, NVIDIA H100 80GB HBM3, 38815, 81559, 27, 39
1, NVIDIA H100 80GB HBM3, 14837, 81559, 30, 40
2, NVIDIA H100 80GB HBM3, 14837, 81559, 31, 43
3, NVIDIA H100 80GB HBM3, 16979, 81559, 24, 44

=== Sun Oct  5 09:01:13 PM PDT 2025 ===
0, NVIDIA H100 80GB HBM3, 38815, 81559, 24, 39
1, NVIDIA H100 80GB HBM3, 14837, 81559, 22, 39
2, NVIDIA H100 80GB HBM3, 14837, 81559, 22, 43
3, NVIDIA H100 80GB HBM3, 16979, 81559, 27, 43

=== Sun Oct  5 09:01:23 PM PDT 2025 ===
0, NVIDIA H100 80GB HBM3, 38815, 81559, 5, 35
1, NVIDIA H100 80GB HBM3, 14837, 81559, 0, 35
2, NVIDIA H100 80GB HBM3, 14837, 81559, 0, 40
3, NVIDIA H100 80GB HBM3, 16979, 81559, 0, 40

=== Sun Oct  5 09:01:33 PM PDT 2025 ===
0, NVIDIA H100 80GB HBM3, 38815, 81559, 4, 34
1, NVIDIA H100 80GB HBM3, 14837, 81559, 0, 35
2, NVIDIA H100 80GB HBM3, 14837, 81559, 0, 40
3, NVIDIA H100 80GB HBM3, 16979, 81559, 0, 40

=== Sun Oct  5 09:01:43 PM PDT 2025 ===
0, NVIDIA H100 80GB HBM3, 38815, 81559, 0, 34
1, NVIDIA H100 80GB HBM3, 14837, 81559, 0, 35
2, NVIDIA H100 80GB HBM3, 14837, 81559, 0, 40
3, NVIDIA H100 80GB HBM3, 16979, 81559, 0, 40

=== Sun Oct  5 09:01:53 PM PDT 2025 ===
0, NVIDIA H100 80GB HBM3, 38815, 81559, 4, 34
1, NVIDIA H100 80GB HBM3, 14837, 81559, 0, 34
2, NVIDIA H100 80GB HBM3, 14837, 81559, 0, 40
3, NVIDIA H100 80GB HBM3, 16979, 81559, 0, 39

=== Sun Oct  5 09:02:04 PM PDT 2025 ===
0, NVIDIA H100 80GB HBM3, 38815, 81559, 0, 34
1, NVIDIA H100 80GB HBM3, 14837, 81559, 0, 34
2, NVIDIA H100 80GB HBM3, 14837, 81559, 0, 40
3, NVIDIA H100 80GB HBM3, 16979, 81559, 0, 39

=== Sun Oct  5 09:02:14 PM PDT 2025 ===
0, NVIDIA H100 80GB HBM3, 38815, 81559, 2, 34
1, NVIDIA H100 80GB HBM3, 14837, 81559, 0, 34
2, NVIDIA H100 80GB HBM3, 14837, 81559, 0, 40
3, NVIDIA H100 80GB HBM3, 16979, 81559, 0, 39

=== Sun Oct  5 09:02:25 PM PDT 2025 ===
0, NVIDIA H100 80GB HBM3, 38815, 81559, 4, 34
1, NVIDIA H100 80GB HBM3, 14837, 81559, 0, 34
2, NVIDIA H100 80GB HBM3, 14837, 81559, 0, 40
3, NVIDIA H100 80GB HBM3, 16979, 81559, 0, 39

=== Sun Oct  5 09:02:35 PM PDT 2025 ===
0, NVIDIA H100 80GB HBM3, 38815, 81559, 28, 39
1, NVIDIA H100 80GB HBM3, 14837, 81559, 28, 39
2, NVIDIA H100 80GB HBM3, 14837, 81559, 28, 44
3, NVIDIA H100 80GB HBM3, 16979, 81559, 26, 43

=== Sun Oct  5 09:02:49 PM PDT 2025 ===
0, NVIDIA H100 80GB HBM3, 38815, 81559, 0, 34
1, NVIDIA H100 80GB HBM3, 14837, 81559, 0, 34
2, NVIDIA H100 80GB HBM3, 14837, 81559, 0, 40
3, NVIDIA H100 80GB HBM3, 16979, 81559, 0, 39

=== Sun Oct  5 09:03:00 PM PDT 2025 ===
0, NVIDIA H100 80GB HBM3, 38815, 81559, 19, 39
1, NVIDIA H100 80GB HBM3, 14837, 81559, 0, 36
2, NVIDIA H100 80GB HBM3, 14837, 81559, 11, 41
3, NVIDIA H100 80GB HBM3, 16979, 81559, 15, 41

=== Sun Oct  5 09:03:10 PM PDT 2025 ===
0, NVIDIA H100 80GB HBM3, 38815, 81559, 21, 39
1, NVIDIA H100 80GB HBM3, 14837, 81559, 23, 38
2, NVIDIA H100 80GB HBM3, 14837, 81559, 23, 43
3, NVIDIA H100 80GB HBM3, 16979, 81559, 22, 42

=== Sun Oct  5 09:03:20 PM PDT 2025 ===
0, NVIDIA H100 80GB HBM3, 38815, 81559, 10, 38
1, NVIDIA H100 80GB HBM3, 14837, 81559, 9, 38
2, NVIDIA H100 80GB HBM3, 14837, 81559, 9, 42
3, NVIDIA H100 80GB HBM3, 16979, 81559, 6, 42

=== Sun Oct  5 09:03:30 PM PDT 2025 ===
0, NVIDIA H100 80GB HBM3, 38815, 81559, 21, 39
1, NVIDIA H100 80GB HBM3, 14837, 81559, 14, 38
2, NVIDIA H100 80GB HBM3, 14837, 81559, 10, 44
3, NVIDIA H100 80GB HBM3, 16979, 81559, 13, 44

=== Sun Oct  5 09:03:40 PM PDT 2025 ===
0, NVIDIA H100 80GB HBM3, 38815, 81559, 25, 40
1, NVIDIA H100 80GB HBM3, 14837, 81559, 23, 40
2, NVIDIA H100 80GB HBM3, 14837, 81559, 23, 45
3, NVIDIA H100 80GB HBM3, 16979, 81559, 29, 45

=== Sun Oct  5 09:03:50 PM PDT 2025 ===
0, NVIDIA H100 80GB HBM3, 38815, 81559, 55, 40
1, NVIDIA H100 80GB HBM3, 14837, 81559, 0, 37
2, NVIDIA H100 80GB HBM3, 14837, 81559, 0, 43
3, NVIDIA H100 80GB HBM3, 16979, 81559, 12, 43

=== Sun Oct  5 09:04:01 PM PDT 2025 ===
0, NVIDIA H100 80GB HBM3, 38815, 81559, 23, 39
1, NVIDIA H100 80GB HBM3, 14837, 81559, 26, 40
2, NVIDIA H100 80GB HBM3, 14837, 81559, 26, 46
3, NVIDIA H100 80GB HBM3, 16979, 81559, 21, 45

=== Sun Oct  5 09:04:11 PM PDT 2025 ===
0, NVIDIA H100 80GB HBM3, 38815, 81559, 27, 40
1, NVIDIA H100 80GB HBM3, 14837, 81559, 17, 41
2, NVIDIA H100 80GB HBM3, 14837, 81559, 28, 49
3, NVIDIA H100 80GB HBM3, 16979, 81559, 19, 46

=== Sun Oct  5 09:04:21 PM PDT 2025 ===
0, NVIDIA H100 80GB HBM3, 38815, 81559, 23, 41
1, NVIDIA H100 80GB HBM3, 14837, 81559, 21, 41
2, NVIDIA H100 80GB HBM3, 14837, 81559, 21, 46
3, NVIDIA H100 80GB HBM3, 16979, 81559, 28, 47

=== Sun Oct  5 09:04:31 PM PDT 2025 ===
0, NVIDIA H100 80GB HBM3, 38815, 81559, 61, 39
1, NVIDIA H100 80GB HBM3, 14837, 81559, 19, 38
2, NVIDIA H100 80GB HBM3, 14837, 81559, 18, 46
3, NVIDIA H100 80GB HBM3, 16979, 81559, 27, 45

=== Sun Oct  5 09:04:41 PM PDT 2025 ===
0, NVIDIA H100 80GB HBM3, 38815, 81559, 23, 42
1, NVIDIA H100 80GB HBM3, 14837, 81559, 15, 41
2, NVIDIA H100 80GB HBM3, 14837, 81559, 30, 47
3, NVIDIA H100 80GB HBM3, 16979, 81559, 17, 47

=== Sun Oct  5 09:04:51 PM PDT 2025 ===
0, NVIDIA H100 80GB HBM3, 38815, 81559, 74, 42
1, NVIDIA H100 80GB HBM3, 14837, 81559, 0, 38
2, NVIDIA H100 80GB HBM3, 14837, 81559, 16, 45
3, NVIDIA H100 80GB HBM3, 16979, 81559, 1, 45

=== Sun Oct  5 09:05:02 PM PDT 2025 ===
0, NVIDIA H100 80GB HBM3, 38815, 81559, 34, 40
1, NVIDIA H100 80GB HBM3, 14837, 81559, 21, 40
2, NVIDIA H100 80GB HBM3, 14837, 81559, 14, 47
3, NVIDIA H100 80GB HBM3, 16979, 81559, 21, 46

=== Sun Oct  5 09:05:12 PM PDT 2025 ===
0, NVIDIA H100 80GB HBM3, 38815, 81559, 28, 41
1, NVIDIA H100 80GB HBM3, 14837, 81559, 26, 41
2, NVIDIA H100 80GB HBM3, 14837, 81559, 14, 47
3, NVIDIA H100 80GB HBM3, 16979, 81559, 26, 47

=== Sun Oct  5 09:05:22 PM PDT 2025 ===
0, NVIDIA H100 80GB HBM3, 38815, 81559, 60, 42
1, NVIDIA H100 80GB HBM3, 14837, 81559, 18, 40
2, NVIDIA H100 80GB HBM3, 14837, 81559, 14, 47
3, NVIDIA H100 80GB HBM3, 16979, 81559, 27, 47

=== Sun Oct  5 09:05:32 PM PDT 2025 ===
0, NVIDIA H100 80GB HBM3, 38815, 81559, 27, 40
1, NVIDIA H100 80GB HBM3, 14837, 81559, 21, 40
2, NVIDIA H100 80GB HBM3, 14837, 81559, 19, 47
3, NVIDIA H100 80GB HBM3, 16979, 81559, 29, 47

=== Sun Oct  5 09:05:43 PM PDT 2025 ===
0, NVIDIA H100 80GB HBM3, 38815, 81559, 20, 43
1, NVIDIA H100 80GB HBM3, 14837, 81559, 14, 40
2, NVIDIA H100 80GB HBM3, 14837, 81559, 26, 49
3, NVIDIA H100 80GB HBM3, 16979, 81559, 18, 50

=== Sun Oct  5 09:05:53 PM PDT 2025 ===
0, NVIDIA H100 80GB HBM3, 38815, 81559, 25, 40
1, NVIDIA H100 80GB HBM3, 14837, 81559, 16, 43
2, NVIDIA H100 80GB HBM3, 14837, 81559, 25, 48
3, NVIDIA H100 80GB HBM3, 16979, 81559, 21, 48

=== Sun Oct  5 09:06:03 PM PDT 2025 ===
0, NVIDIA H100 80GB HBM3, 38815, 81559, 21, 40
1, NVIDIA H100 80GB HBM3, 14837, 81559, 5, 40
2, NVIDIA H100 80GB HBM3, 14837, 81559, 8, 47
3, NVIDIA H100 80GB HBM3, 16979, 81559, 5, 46

=== Sun Oct  5 09:06:13 PM PDT 2025 ===
0, NVIDIA H100 80GB HBM3, 38815, 81559, 24, 41
1, NVIDIA H100 80GB HBM3, 14837, 81559, 22, 42
2, NVIDIA H100 80GB HBM3, 14837, 81559, 22, 49
3, NVIDIA H100 80GB HBM3, 16979, 81559, 26, 50

=== Sun Oct  5 09:06:24 PM PDT 2025 ===
0, NVIDIA H100 80GB HBM3, 38815, 81559, 19, 41
1, NVIDIA H100 80GB HBM3, 14837, 81559, 19, 40
2, NVIDIA H100 80GB HBM3, 14837, 81559, 17, 48
3, NVIDIA H100 80GB HBM3, 16979, 81559, 22, 47

=== Sun Oct  5 09:06:34 PM PDT 2025 ===
0, NVIDIA H100 80GB HBM3, 38815, 81559, 22, 41
1, NVIDIA H100 80GB HBM3, 14837, 81559, 27, 41
2, NVIDIA H100 80GB HBM3, 14837, 81559, 20, 47
3, NVIDIA H100 80GB HBM3, 16979, 81559, 22, 47

=== Sun Oct  5 09:06:44 PM PDT 2025 ===
0, NVIDIA H100 80GB HBM3, 38815, 81559, 22, 40
1, NVIDIA H100 80GB HBM3, 14837, 81559, 19, 44
2, NVIDIA H100 80GB HBM3, 14837, 81559, 15, 49
3, NVIDIA H100 80GB HBM3, 16979, 81559, 17, 50

=== Sun Oct  5 09:06:56 PM PDT 2025 ===
0, NVIDIA H100 80GB HBM3, 38815, 81559, 0, 36
1, NVIDIA H100 80GB HBM3, 14837, 81559, 0, 36
2, NVIDIA H100 80GB HBM3, 14837, 81559, 0, 44
3, NVIDIA H100 80GB HBM3, 16979, 81559, 0, 43

=== Sun Oct  5 09:07:08 PM PDT 2025 ===
0, NVIDIA H100 80GB HBM3, 38815, 81559, 23, 39
1, NVIDIA H100 80GB HBM3, 14837, 81559, 19, 41
2, NVIDIA H100 80GB HBM3, 14837, 81559, 22, 46
3, NVIDIA H100 80GB HBM3, 16979, 81559, 19, 48

=== Sun Oct  5 09:07:21 PM PDT 2025 ===
0, NVIDIA H100 80GB HBM3, 38815, 81559, 0, 36
1, NVIDIA H100 80GB HBM3, 14837, 81559, 0, 36
2, NVIDIA H100 80GB HBM3, 14837, 81559, 0, 43
3, NVIDIA H100 80GB HBM3, 16979, 81559, 0, 43

=== Sun Oct  5 09:07:35 PM PDT 2025 ===
0, NVIDIA H100 80GB HBM3, 38815, 81559, 16, 43
1, NVIDIA H100 80GB HBM3, 14837, 81559, 24, 41
2, NVIDIA H100 80GB HBM3, 14837, 81559, 16, 46
3, NVIDIA H100 80GB HBM3, 16979, 81559, 32, 46

=== Sun Oct  5 09:07:45 PM PDT 2025 ===
0, NVIDIA H100 80GB HBM3, 38815, 81559, 0, 35
1, NVIDIA H100 80GB HBM3, 14837, 81559, 0, 36
2, NVIDIA H100 80GB HBM3, 14837, 81559, 0, 43
3, NVIDIA H100 80GB HBM3, 16979, 81559, 0, 42

=== Sun Oct  5 09:07:55 PM PDT 2025 ===
0, NVIDIA H100 80GB HBM3, 38815, 81559, 21, 38
1, NVIDIA H100 80GB HBM3, 14837, 81559, 21, 39
2, NVIDIA H100 80GB HBM3, 14837, 81559, 15, 45
3, NVIDIA H100 80GB HBM3, 16979, 81559, 16, 44

=== Sun Oct  5 09:08:06 PM PDT 2025 ===
0, NVIDIA H100 80GB HBM3, 38815, 81559, 5, 35
1, NVIDIA H100 80GB HBM3, 14837, 81559, 0, 35
2, NVIDIA H100 80GB HBM3, 14837, 81559, 0, 42
3, NVIDIA H100 80GB HBM3, 16979, 81559, 0, 41

=== Sun Oct  5 09:08:16 PM PDT 2025 ===
0, NVIDIA H100 80GB HBM3, 38815, 81559, 0, 39
1, NVIDIA H100 80GB HBM3, 14837, 81559, 0, 37
2, NVIDIA H100 80GB HBM3, 14837, 81559, 0, 43
3, NVIDIA H100 80GB HBM3, 16979, 81559, 0, 43

=== Sun Oct  5 09:08:26 PM PDT 2025 ===
0, NVIDIA H100 80GB HBM3, 38815, 81559, 1, 34
1, NVIDIA H100 80GB HBM3, 14837, 81559, 0, 35
2, NVIDIA H100 80GB HBM3, 14837, 81559, 0, 42
3, NVIDIA H100 80GB HBM3, 16979, 81559, 0, 41

=== Sun Oct  5 09:08:36 PM PDT 2025 ===
0, NVIDIA H100 80GB HBM3, 38815, 81559, 23, 39
1, NVIDIA H100 80GB HBM3, 14837, 81559, 21, 39
2, NVIDIA H100 80GB HBM3, 14837, 81559, 17, 47
3, NVIDIA H100 80GB HBM3, 16979, 81559, 22, 45

=== Sun Oct  5 09:08:48 PM PDT 2025 ===
0, NVIDIA H100 80GB HBM3, 38815, 81559, 0, 35
1, NVIDIA H100 80GB HBM3, 14837, 81559, 0, 35
2, NVIDIA H100 80GB HBM3, 14837, 81559, 0, 42
3, NVIDIA H100 80GB HBM3, 16979, 81559, 0, 41

=== Sun Oct  5 09:08:58 PM PDT 2025 ===
0, NVIDIA H100 80GB HBM3, 38815, 81559, 21, 38
1, NVIDIA H100 80GB HBM3, 14837, 81559, 18, 39
2, NVIDIA H100 80GB HBM3, 14837, 81559, 18, 45
3, NVIDIA H100 80GB HBM3, 16979, 81559, 21, 43

=== Sun Oct  5 09:09:08 PM PDT 2025 ===
0, NVIDIA H100 80GB HBM3, 38815, 81559, 1, 36
1, NVIDIA H100 80GB HBM3, 14837, 81559, 0, 37
2, NVIDIA H100 80GB HBM3, 14837, 81559, 0, 43
3, NVIDIA H100 80GB HBM3, 16979, 81559, 0, 42

=== Sun Oct  5 09:09:22 PM PDT 2025 ===
0, NVIDIA H100 80GB HBM3, 38815, 81559, 0, 34
1, NVIDIA H100 80GB HBM3, 14837, 81559, 0, 35
2, NVIDIA H100 80GB HBM3, 14837, 81559, 0, 42
3, NVIDIA H100 80GB HBM3, 16979, 81559, 0, 41

=== Sun Oct  5 09:09:32 PM PDT 2025 ===
0, NVIDIA H100 80GB HBM3, 38815, 81559, 3, 35
1, NVIDIA H100 80GB HBM3, 14837, 81559, 0, 36
2, NVIDIA H100 80GB HBM3, 14837, 81559, 0, 42
3, NVIDIA H100 80GB HBM3, 16979, 81559, 0, 41

=== Sun Oct  5 09:09:42 PM PDT 2025 ===
0, NVIDIA H100 80GB HBM3, 38815, 81559, 24, 38
1, NVIDIA H100 80GB HBM3, 14837, 81559, 21, 38
2, NVIDIA H100 80GB HBM3, 14837, 81559, 21, 44
3, NVIDIA H100 80GB HBM3, 16979, 81559, 27, 43

=== Sun Oct  5 09:09:52 PM PDT 2025 ===
0, NVIDIA H100 80GB HBM3, 38815, 81559, 19, 38
1, NVIDIA H100 80GB HBM3, 14837, 81559, 19, 38
2, NVIDIA H100 80GB HBM3, 14837, 81559, 19, 48
3, NVIDIA H100 80GB HBM3, 16979, 81559, 26, 43

=== Sun Oct  5 09:10:03 PM PDT 2025 ===
0, NVIDIA H100 80GB HBM3, 38815, 81559, 2, 35
1, NVIDIA H100 80GB HBM3, 14837, 81559, 0, 35
2, NVIDIA H100 80GB HBM3, 14837, 81559, 0, 41
3, NVIDIA H100 80GB HBM3, 16979, 81559, 0, 40

=== Sun Oct  5 09:10:13 PM PDT 2025 ===
0, NVIDIA H100 80GB HBM3, 38815, 81559, 23, 39
1, NVIDIA H100 80GB HBM3, 14837, 81559, 21, 39
2, NVIDIA H100 80GB HBM3, 14837, 81559, 22, 44
3, NVIDIA H100 80GB HBM3, 16979, 81559, 28, 43

=== Sun Oct  5 09:10:24 PM PDT 2025 ===
0, NVIDIA H100 80GB HBM3, 38815, 81559, 26, 37
1, NVIDIA H100 80GB HBM3, 14837, 81559, 27, 38
2, NVIDIA H100 80GB HBM3, 14837, 81559, 25, 44
3, NVIDIA H100 80GB HBM3, 16979, 81559, 22, 43

=== Sun Oct  5 09:10:34 PM PDT 2025 ===
0, NVIDIA H100 80GB HBM3, 38815, 81559, 1, 34
1, NVIDIA H100 80GB HBM3, 14837, 81559, 0, 34
2, NVIDIA H100 80GB HBM3, 14837, 81559, 0, 40
3, NVIDIA H100 80GB HBM3, 16979, 81559, 0, 39

=== Sun Oct  5 09:10:44 PM PDT 2025 ===
0, NVIDIA H100 80GB HBM3, 4, 81559, 0, 32
1, NVIDIA H100 80GB HBM3, 4, 81559, 0, 33
2, NVIDIA H100 80GB HBM3, 4, 81559, 0, 39
3, NVIDIA H100 80GB HBM3, 4, 81559, 0, 37

=== Sun Oct  5 09:10:54 PM PDT 2025 ===
0, NVIDIA H100 80GB HBM3, 8027, 81559, 0, 33
1, NVIDIA H100 80GB HBM3, 3981, 81559, 0, 34
2, NVIDIA H100 80GB HBM3, 3981, 81559, 0, 39
3, NVIDIA H100 80GB HBM3, 4981, 81559, 0, 38

=== Sun Oct  5 09:11:04 PM PDT 2025 ===
0, NVIDIA H100 80GB HBM3, 18527, 81559, 23, 35
1, NVIDIA H100 80GB HBM3, 12853, 81559, 23, 35
2, NVIDIA H100 80GB HBM3, 12853, 81559, 23, 41
3, NVIDIA H100 80GB HBM3, 14913, 81559, 27, 40

=== Sun Oct  5 09:11:14 PM PDT 2025 ===
0, NVIDIA H100 80GB HBM3, 40745, 81559, 22, 36
1, NVIDIA H100 80GB HBM3, 34599, 81559, 28, 36
2, NVIDIA H100 80GB HBM3, 34599, 81559, 22, 42
3, NVIDIA H100 80GB HBM3, 40559, 81559, 17, 40

=== Sun Oct  5 09:11:25 PM PDT 2025 ===
0, NVIDIA H100 80GB HBM3, 49841, 81559, 19, 39
1, NVIDIA H100 80GB HBM3, 41869, 81559, 21, 36
2, NVIDIA H100 80GB HBM3, 41869, 81559, 30, 41
3, NVIDIA H100 80GB HBM3, 49329, 81559, 29, 40

=== Sun Oct  5 09:11:35 PM PDT 2025 ===
0, NVIDIA H100 80GB HBM3, 62113, 81559, 28, 39
1, NVIDIA H100 80GB HBM3, 54151, 81559, 40, 39
2, NVIDIA H100 80GB HBM3, 54153, 81559, 15, 43
3, NVIDIA H100 80GB HBM3, 64191, 81559, 20, 41

=== Sun Oct  5 09:11:45 PM PDT 2025 ===
0, NVIDIA H100 80GB HBM3, 62113, 81559, 26, 37
1, NVIDIA H100 80GB HBM3, 54151, 81559, 26, 38
2, NVIDIA H100 80GB HBM3, 54153, 81559, 26, 44
3, NVIDIA H100 80GB HBM3, 64191, 81559, 22, 41

=== Sun Oct  5 09:11:56 PM PDT 2025 ===
0, NVIDIA H100 80GB HBM3, 62113, 81559, 22, 37
1, NVIDIA H100 80GB HBM3, 54151, 81559, 16, 37
2, NVIDIA H100 80GB HBM3, 54153, 81559, 0, 42
3, NVIDIA H100 80GB HBM3, 64191, 81559, 13, 41

=== Sun Oct  5 09:12:06 PM PDT 2025 ===
0, NVIDIA H100 80GB HBM3, 62113, 81559, 27, 40
1, NVIDIA H100 80GB HBM3, 54151, 81559, 27, 38
2, NVIDIA H100 80GB HBM3, 54153, 81559, 24, 46
3, NVIDIA H100 80GB HBM3, 64191, 81559, 31, 43

=== Sun Oct  5 09:12:17 PM PDT 2025 ===
0, NVIDIA H100 80GB HBM3, 62113, 81559, 26, 37
1, NVIDIA H100 80GB HBM3, 54151, 81559, 22, 39
2, NVIDIA H100 80GB HBM3, 54153, 81559, 19, 45
3, NVIDIA H100 80GB HBM3, 64191, 81559, 27, 42

=== Sun Oct  5 09:12:27 PM PDT 2025 ===
0, NVIDIA H100 80GB HBM3, 62113, 81559, 6, 38
1, NVIDIA H100 80GB HBM3, 54151, 81559, 19, 40
2, NVIDIA H100 80GB HBM3, 54153, 81559, 0, 46
3, NVIDIA H100 80GB HBM3, 64191, 81559, 14, 43

=== Sun Oct  5 09:12:37 PM PDT 2025 ===
0, NVIDIA H100 80GB HBM3, 62113, 81559, 10, 37
1, NVIDIA H100 80GB HBM3, 54151, 81559, 8, 38
2, NVIDIA H100 80GB HBM3, 54153, 81559, 8, 44
3, NVIDIA H100 80GB HBM3, 64191, 81559, 8, 43

=== Sun Oct  5 09:12:48 PM PDT 2025 ===
0, NVIDIA H100 80GB HBM3, 62127, 81559, 35, 39
1, NVIDIA H100 80GB HBM3, 54151, 81559, 0, 37
2, NVIDIA H100 80GB HBM3, 54153, 81559, 0, 43
3, NVIDIA H100 80GB HBM3, 64191, 81559, 0, 42

=== Sun Oct  5 09:12:58 PM PDT 2025 ===
0, NVIDIA H100 80GB HBM3, 62127, 81559, 24, 38
1, NVIDIA H100 80GB HBM3, 54151, 81559, 29, 39
2, NVIDIA H100 80GB HBM3, 54153, 81559, 25, 45
3, NVIDIA H100 80GB HBM3, 64191, 81559, 26, 45

=== Sun Oct  5 09:13:08 PM PDT 2025 ===
0, NVIDIA H100 80GB HBM3, 62127, 81559, 16, 38
1, NVIDIA H100 80GB HBM3, 54151, 81559, 21, 40
2, NVIDIA H100 80GB HBM3, 54153, 81559, 21, 45
3, NVIDIA H100 80GB HBM3, 64191, 81559, 22, 45

=== Sun Oct  5 09:13:19 PM PDT 2025 ===
0, NVIDIA H100 80GB HBM3, 62127, 81559, 27, 38
1, NVIDIA H100 80GB HBM3, 54151, 81559, 27, 38
2, NVIDIA H100 80GB HBM3, 54153, 81559, 28, 48
3, NVIDIA H100 80GB HBM3, 64191, 81559, 33, 44

=== Sun Oct  5 09:13:29 PM PDT 2025 ===
0, NVIDIA H100 80GB HBM3, 62127, 81559, 24, 38
1, NVIDIA H100 80GB HBM3, 54151, 81559, 18, 39
2, NVIDIA H100 80GB HBM3, 54153, 81559, 18, 45
3, NVIDIA H100 80GB HBM3, 64191, 81559, 19, 44

=== Sun Oct  5 09:13:39 PM PDT 2025 ===
0, NVIDIA H100 80GB HBM3, 62127, 81559, 15, 37
1, NVIDIA H100 80GB HBM3, 54151, 81559, 14, 39
2, NVIDIA H100 80GB HBM3, 54153, 81559, 23, 46
3, NVIDIA H100 80GB HBM3, 64191, 81559, 32, 44

=== Sun Oct  5 09:13:50 PM PDT 2025 ===
0, NVIDIA H100 80GB HBM3, 62129, 81559, 13, 40
1, NVIDIA H100 80GB HBM3, 54151, 81559, 11, 40
2, NVIDIA H100 80GB HBM3, 54153, 81559, 14, 45
3, NVIDIA H100 80GB HBM3, 64191, 81559, 10, 44

=== Sun Oct  5 09:14:00 PM PDT 2025 ===
0, NVIDIA H100 80GB HBM3, 62129, 81559, 18, 38
1, NVIDIA H100 80GB HBM3, 54151, 81559, 13, 38
2, NVIDIA H100 80GB HBM3, 54153, 81559, 14, 45
3, NVIDIA H100 80GB HBM3, 64191, 81559, 14, 44

=== Sun Oct  5 09:14:10 PM PDT 2025 ===
0, NVIDIA H100 80GB HBM3, 62129, 81559, 25, 38
1, NVIDIA H100 80GB HBM3, 54151, 81559, 15, 40
2, NVIDIA H100 80GB HBM3, 54153, 81559, 22, 46
3, NVIDIA H100 80GB HBM3, 64191, 81559, 26, 44

=== Sun Oct  5 09:14:21 PM PDT 2025 ===
0, NVIDIA H100 80GB HBM3, 62129, 81559, 22, 40
1, NVIDIA H100 80GB HBM3, 54151, 81559, 24, 39
2, NVIDIA H100 80GB HBM3, 54153, 81559, 21, 46
3, NVIDIA H100 80GB HBM3, 64191, 81559, 25, 45

=== Sun Oct  5 09:14:31 PM PDT 2025 ===
0, NVIDIA H100 80GB HBM3, 62129, 81559, 27, 39
1, NVIDIA H100 80GB HBM3, 54151, 81559, 28, 39
2, NVIDIA H100 80GB HBM3, 54153, 81559, 28, 46
3, NVIDIA H100 80GB HBM3, 64191, 81559, 33, 45

=== Sun Oct  5 09:14:41 PM PDT 2025 ===
0, NVIDIA H100 80GB HBM3, 62135, 81559, 36, 40
1, NVIDIA H100 80GB HBM3, 54151, 81559, 38, 41
2, NVIDIA H100 80GB HBM3, 54153, 81559, 38, 46
3, NVIDIA H100 80GB HBM3, 64191, 81559, 35, 45

=== Sun Oct  5 09:14:51 PM PDT 2025 ===
0, NVIDIA H100 80GB HBM3, 62135, 81559, 8, 37
1, NVIDIA H100 80GB HBM3, 54151, 81559, 10, 40
2, NVIDIA H100 80GB HBM3, 54153, 81559, 0, 45
3, NVIDIA H100 80GB HBM3, 64191, 81559, 1, 46

=== Sun Oct  5 09:15:02 PM PDT 2025 ===
0, NVIDIA H100 80GB HBM3, 62135, 81559, 3, 38
1, NVIDIA H100 80GB HBM3, 54151, 81559, 29, 39
2, NVIDIA H100 80GB HBM3, 54153, 81559, 30, 46
3, NVIDIA H100 80GB HBM3, 64191, 81559, 14, 47

=== Sun Oct  5 09:15:12 PM PDT 2025 ===
0, NVIDIA H100 80GB HBM3, 62135, 81559, 0, 37
1, NVIDIA H100 80GB HBM3, 54151, 81559, 0, 37
2, NVIDIA H100 80GB HBM3, 54153, 81559, 0, 44
3, NVIDIA H100 80GB HBM3, 64191, 81559, 0, 43

=== Sun Oct  5 09:15:22 PM PDT 2025 ===
0, NVIDIA H100 80GB HBM3, 62135, 81559, 12, 38
1, NVIDIA H100 80GB HBM3, 54151, 81559, 23, 39
2, NVIDIA H100 80GB HBM3, 54153, 81559, 19, 46
3, NVIDIA H100 80GB HBM3, 64191, 81559, 29, 44

=== Sun Oct  5 09:15:33 PM PDT 2025 ===
0, NVIDIA H100 80GB HBM3, 62135, 81559, 22, 38
1, NVIDIA H100 80GB HBM3, 54151, 81559, 9, 39
2, NVIDIA H100 80GB HBM3, 54153, 81559, 19, 46
3, NVIDIA H100 80GB HBM3, 64191, 81559, 18, 45

=== Sun Oct  5 09:15:43 PM PDT 2025 ===
0, NVIDIA H100 80GB HBM3, 62135, 81559, 0, 36
1, NVIDIA H100 80GB HBM3, 54151, 81559, 0, 37
2, NVIDIA H100 80GB HBM3, 54153, 81559, 0, 44
3, NVIDIA H100 80GB HBM3, 64191, 81559, 0, 43

=== Sun Oct  5 09:15:53 PM PDT 2025 ===
0, NVIDIA H100 80GB HBM3, 62135, 81559, 24, 38
1, NVIDIA H100 80GB HBM3, 54151, 81559, 15, 38
2, NVIDIA H100 80GB HBM3, 54153, 81559, 15, 46
3, NVIDIA H100 80GB HBM3, 64191, 81559, 18, 46

=== Sun Oct  5 09:16:03 PM PDT 2025 ===
0, NVIDIA H100 80GB HBM3, 62135, 81559, 24, 38
1, NVIDIA H100 80GB HBM3, 54151, 81559, 20, 40
2, NVIDIA H100 80GB HBM3, 54153, 81559, 22, 46
3, NVIDIA H100 80GB HBM3, 64191, 81559, 26, 45

=== Sun Oct  5 09:16:14 PM PDT 2025 ===
0, NVIDIA H100 80GB HBM3, 62135, 81559, 27, 38
1, NVIDIA H100 80GB HBM3, 54151, 81559, 8, 42
2, NVIDIA H100 80GB HBM3, 54153, 81559, 13, 48
3, NVIDIA H100 80GB HBM3, 64191, 81559, 9, 46

=== Sun Oct  5 09:16:24 PM PDT 2025 ===
0, NVIDIA H100 80GB HBM3, 62135, 81559, 24, 39
1, NVIDIA H100 80GB HBM3, 54151, 81559, 18, 39
2, NVIDIA H100 80GB HBM3, 54153, 81559, 22, 47
3, NVIDIA H100 80GB HBM3, 64191, 81559, 23, 45

=== Sun Oct  5 09:16:34 PM PDT 2025 ===
0, NVIDIA H100 80GB HBM3, 62135, 81559, 24, 38
1, NVIDIA H100 80GB HBM3, 54151, 81559, 21, 41
2, NVIDIA H100 80GB HBM3, 54153, 81559, 22, 46
3, NVIDIA H100 80GB HBM3, 64191, 81559, 25, 46

=== Sun Oct  5 09:16:44 PM PDT 2025 ===
0, NVIDIA H100 80GB HBM3, 62135, 81559, 20, 38
1, NVIDIA H100 80GB HBM3, 54151, 81559, 30, 39
2, NVIDIA H100 80GB HBM3, 54153, 81559, 31, 46
3, NVIDIA H100 80GB HBM3, 64191, 81559, 37, 45

=== Sun Oct  5 09:16:55 PM PDT 2025 ===
0, NVIDIA H100 80GB HBM3, 62135, 81559, 19, 38
1, NVIDIA H100 80GB HBM3, 54151, 81559, 22, 39
2, NVIDIA H100 80GB HBM3, 54153, 81559, 22, 46
3, NVIDIA H100 80GB HBM3, 64191, 81559, 13, 46

=== Sun Oct  5 09:17:05 PM PDT 2025 ===
0, NVIDIA H100 80GB HBM3, 62135, 81559, 27, 38
1, NVIDIA H100 80GB HBM3, 54151, 81559, 24, 38
2, NVIDIA H100 80GB HBM3, 54153, 81559, 17, 47
3, NVIDIA H100 80GB HBM3, 64191, 81559, 29, 44

=== Sun Oct  5 09:17:16 PM PDT 2025 ===
0, NVIDIA H100 80GB HBM3, 62135, 81559, 21, 38
1, NVIDIA H100 80GB HBM3, 54151, 81559, 10, 39
2, NVIDIA H100 80GB HBM3, 54153, 81559, 20, 46
3, NVIDIA H100 80GB HBM3, 64191, 81559, 20, 45

=== Sun Oct  5 09:17:26 PM PDT 2025 ===
0, NVIDIA H100 80GB HBM3, 62135, 81559, 12, 37
1, NVIDIA H100 80GB HBM3, 54151, 81559, 10, 38
2, NVIDIA H100 80GB HBM3, 54153, 81559, 11, 46
3, NVIDIA H100 80GB HBM3, 64191, 81559, 18, 44

=== Sun Oct  5 09:17:36 PM PDT 2025 ===
0, NVIDIA H100 80GB HBM3, 62135, 81559, 0, 36
1, NVIDIA H100 80GB HBM3, 54151, 81559, 0, 37
2, NVIDIA H100 80GB HBM3, 54153, 81559, 0, 44
3, NVIDIA H100 80GB HBM3, 64191, 81559, 0, 43

=== Sun Oct  5 09:17:47 PM PDT 2025 ===
0, NVIDIA H100 80GB HBM3, 62135, 81559, 24, 39
1, NVIDIA H100 80GB HBM3, 54151, 81559, 17, 39
2, NVIDIA H100 80GB HBM3, 54153, 81559, 19, 46
3, NVIDIA H100 80GB HBM3, 64191, 81559, 25, 45

=== Sun Oct  5 09:17:57 PM PDT 2025 ===
0, NVIDIA H100 80GB HBM3, 62135, 81559, 17, 37
1, NVIDIA H100 80GB HBM3, 54151, 81559, 11, 39
2, NVIDIA H100 80GB HBM3, 54153, 81559, 12, 45
3, NVIDIA H100 80GB HBM3, 64191, 81559, 12, 44

=== Sun Oct  5 09:18:07 PM PDT 2025 ===
0, NVIDIA H100 80GB HBM3, 62135, 81559, 22, 40
1, NVIDIA H100 80GB HBM3, 54151, 81559, 13, 39
2, NVIDIA H100 80GB HBM3, 54153, 81559, 22, 47
3, NVIDIA H100 80GB HBM3, 64191, 81559, 23, 45

=== Sun Oct  5 09:18:17 PM PDT 2025 ===
0, NVIDIA H100 80GB HBM3, 62135, 81559, 8, 39
1, NVIDIA H100 80GB HBM3, 54151, 81559, 25, 40
2, NVIDIA H100 80GB HBM3, 54153, 81559, 25, 46
3, NVIDIA H100 80GB HBM3, 64191, 81559, 26, 46

=== Sun Oct  5 09:18:28 PM PDT 2025 ===
0, NVIDIA H100 80GB HBM3, 62135, 81559, 18, 38
1, NVIDIA H100 80GB HBM3, 54151, 81559, 10, 39
2, NVIDIA H100 80GB HBM3, 54153, 81559, 14, 46
3, NVIDIA H100 80GB HBM3, 64191, 81559, 15, 44

=== Sun Oct  5 09:18:38 PM PDT 2025 ===
0, NVIDIA H100 80GB HBM3, 62135, 81559, 38, 40
1, NVIDIA H100 80GB HBM3, 54151, 81559, 18, 39
2, NVIDIA H100 80GB HBM3, 54153, 81559, 16, 45
3, NVIDIA H100 80GB HBM3, 64191, 81559, 9, 45

=== Sun Oct  5 09:18:48 PM PDT 2025 ===
0, NVIDIA H100 80GB HBM3, 62135, 81559, 0, 40
1, NVIDIA H100 80GB HBM3, 54151, 81559, 17, 38
2, NVIDIA H100 80GB HBM3, 54153, 81559, 0, 46
3, NVIDIA H100 80GB HBM3, 64191, 81559, 22, 44

=== Sun Oct  5 09:18:59 PM PDT 2025 ===
0, NVIDIA H100 80GB HBM3, 62135, 81559, 9, 38
1, NVIDIA H100 80GB HBM3, 54151, 81559, 7, 38
2, NVIDIA H100 80GB HBM3, 54153, 81559, 11, 45
3, NVIDIA H100 80GB HBM3, 64191, 81559, 7, 44

=== Sun Oct  5 09:19:09 PM PDT 2025 ===
0, NVIDIA H100 80GB HBM3, 62135, 81559, 23, 40
1, NVIDIA H100 80GB HBM3, 54151, 81559, 21, 40
2, NVIDIA H100 80GB HBM3, 54153, 81559, 22, 48
3, NVIDIA H100 80GB HBM3, 64191, 81559, 27, 45

=== Sun Oct  5 09:19:19 PM PDT 2025 ===
0, NVIDIA H100 80GB HBM3, 62135, 81559, 37, 41
1, NVIDIA H100 80GB HBM3, 54151, 81559, 30, 41
2, NVIDIA H100 80GB HBM3, 54153, 81559, 40, 46
3, NVIDIA H100 80GB HBM3, 64191, 81559, 0, 48

=== Sun Oct  5 09:19:29 PM PDT 2025 ===
0, NVIDIA H100 80GB HBM3, 62135, 81559, 20, 39
1, NVIDIA H100 80GB HBM3, 54151, 81559, 30, 39
2, NVIDIA H100 80GB HBM3, 54153, 81559, 16, 47
3, NVIDIA H100 80GB HBM3, 64191, 81559, 21, 45

=== Sun Oct  5 09:19:40 PM PDT 2025 ===
0, NVIDIA H100 80GB HBM3, 62135, 81559, 23, 42
1, NVIDIA H100 80GB HBM3, 54151, 81559, 23, 42
2, NVIDIA H100 80GB HBM3, 54153, 81559, 25, 47
3, NVIDIA H100 80GB HBM3, 64191, 81559, 27, 49

=== Sun Oct  5 09:19:50 PM PDT 2025 ===
0, NVIDIA H100 80GB HBM3, 62135, 81559, 73, 42
1, NVIDIA H100 80GB HBM3, 54151, 81559, 19, 39
2, NVIDIA H100 80GB HBM3, 54153, 81559, 24, 46
3, NVIDIA H100 80GB HBM3, 64191, 81559, 0, 44

=== Sun Oct  5 09:20:00 PM PDT 2025 ===
0, NVIDIA H100 80GB HBM3, 62135, 81559, 17, 39
1, NVIDIA H100 80GB HBM3, 54151, 81559, 11, 40
2, NVIDIA H100 80GB HBM3, 54153, 81559, 11, 47
3, NVIDIA H100 80GB HBM3, 64191, 81559, 21, 46

=== Sun Oct  5 09:20:10 PM PDT 2025 ===
0, NVIDIA H100 80GB HBM3, 62135, 81559, 40, 39
1, NVIDIA H100 80GB HBM3, 54151, 81559, 11, 39
2, NVIDIA H100 80GB HBM3, 54153, 81559, 17, 45
3, NVIDIA H100 80GB HBM3, 64191, 81559, 0, 45

=== Sun Oct  5 09:20:21 PM PDT 2025 ===
0, NVIDIA H100 80GB HBM3, 62135, 81559, 23, 40
1, NVIDIA H100 80GB HBM3, 54151, 81559, 22, 40
2, NVIDIA H100 80GB HBM3, 54153, 81559, 20, 47
3, NVIDIA H100 80GB HBM3, 64191, 81559, 26, 46

=== Sun Oct  5 09:20:31 PM PDT 2025 ===
0, NVIDIA H100 80GB HBM3, 62135, 81559, 58, 41
1, NVIDIA H100 80GB HBM3, 54151, 81559, 8, 39
2, NVIDIA H100 80GB HBM3, 54153, 81559, 26, 46
3, NVIDIA H100 80GB HBM3, 64191, 81559, 9, 45

=== Sun Oct  5 09:20:41 PM PDT 2025 ===
0, NVIDIA H100 80GB HBM3, 62135, 81559, 28, 40
1, NVIDIA H100 80GB HBM3, 54151, 81559, 28, 40
2, NVIDIA H100 80GB HBM3, 54153, 81559, 29, 47
3, NVIDIA H100 80GB HBM3, 64191, 81559, 26, 49

=== Sun Oct  5 09:20:52 PM PDT 2025 ===
0, NVIDIA H100 80GB HBM3, 62135, 81559, 24, 40
1, NVIDIA H100 80GB HBM3, 54151, 81559, 29, 40
2, NVIDIA H100 80GB HBM3, 54153, 81559, 29, 47
3, NVIDIA H100 80GB HBM3, 64191, 81559, 23, 46

=== Sun Oct  5 09:21:02 PM PDT 2025 ===
0, NVIDIA H100 80GB HBM3, 62135, 81559, 19, 39
1, NVIDIA H100 80GB HBM3, 54151, 81559, 16, 39
2, NVIDIA H100 80GB HBM3, 54153, 81559, 13, 46
3, NVIDIA H100 80GB HBM3, 64191, 81559, 16, 45

=== Sun Oct  5 09:21:15 PM PDT 2025 ===
0, NVIDIA H100 80GB HBM3, 62135, 81559, 0, 35
1, NVIDIA H100 80GB HBM3, 54151, 81559, 0, 36
2, NVIDIA H100 80GB HBM3, 54153, 81559, 0, 43
3, NVIDIA H100 80GB HBM3, 64191, 81559, 0, 42

=== Sun Oct  5 09:21:28 PM PDT 2025 ===
0, NVIDIA H100 80GB HBM3, 62135, 81559, 24, 37
1, NVIDIA H100 80GB HBM3, 54151, 81559, 26, 38
2, NVIDIA H100 80GB HBM3, 54153, 81559, 21, 45
3, NVIDIA H100 80GB HBM3, 64191, 81559, 17, 43

=== Sun Oct  5 09:21:38 PM PDT 2025 ===
0, NVIDIA H100 80GB HBM3, 62135, 81559, 17, 38
1, NVIDIA H100 80GB HBM3, 54151, 81559, 8, 38
2, NVIDIA H100 80GB HBM3, 54153, 81559, 10, 44
3, NVIDIA H100 80GB HBM3, 64191, 81559, 16, 44

=== Sun Oct  5 09:21:48 PM PDT 2025 ===
0, NVIDIA H100 80GB HBM3, 62135, 81559, 4, 34
1, NVIDIA H100 80GB HBM3, 54151, 81559, 0, 35
2, NVIDIA H100 80GB HBM3, 54153, 81559, 0, 42
3, NVIDIA H100 80GB HBM3, 64191, 81559, 0, 40

=== Sun Oct  5 09:21:59 PM PDT 2025 ===
0, NVIDIA H100 80GB HBM3, 62135, 81559, 4, 34
1, NVIDIA H100 80GB HBM3, 54151, 81559, 0, 35
2, NVIDIA H100 80GB HBM3, 54153, 81559, 0, 41
3, NVIDIA H100 80GB HBM3, 64191, 81559, 0, 40

=== Sun Oct  5 09:22:09 PM PDT 2025 ===
0, NVIDIA H100 80GB HBM3, 62135, 81559, 4, 34
1, NVIDIA H100 80GB HBM3, 54151, 81559, 0, 35
2, NVIDIA H100 80GB HBM3, 54153, 81559, 0, 41
3, NVIDIA H100 80GB HBM3, 64191, 81559, 0, 40

=== Sun Oct  5 09:22:19 PM PDT 2025 ===
0, NVIDIA H100 80GB HBM3, 62135, 81559, 4, 34
1, NVIDIA H100 80GB HBM3, 54151, 81559, 0, 35
2, NVIDIA H100 80GB HBM3, 54153, 81559, 0, 41
3, NVIDIA H100 80GB HBM3, 64191, 81559, 0, 40

=== Sun Oct  5 09:22:29 PM PDT 2025 ===
0, NVIDIA H100 80GB HBM3, 62135, 81559, 24, 38
1, NVIDIA H100 80GB HBM3, 54151, 81559, 22, 40
2, NVIDIA H100 80GB HBM3, 54153, 81559, 22, 44
3, NVIDIA H100 80GB HBM3, 64191, 81559, 22, 44

=== Sun Oct  5 09:22:42 PM PDT 2025 ===
0, NVIDIA H100 80GB HBM3, 62135, 81559, 0, 34
1, NVIDIA H100 80GB HBM3, 54151, 81559, 0, 35
2, NVIDIA H100 80GB HBM3, 54153, 81559, 0, 41
3, NVIDIA H100 80GB HBM3, 64191, 81559, 0, 39

=== Sun Oct  5 09:22:52 PM PDT 2025 ===
0, NVIDIA H100 80GB HBM3, 62135, 81559, 1, 34
1, NVIDIA H100 80GB HBM3, 54151, 81559, 0, 35
2, NVIDIA H100 80GB HBM3, 54153, 81559, 0, 41
3, NVIDIA H100 80GB HBM3, 64191, 81559, 0, 39

=== Sun Oct  5 09:23:02 PM PDT 2025 ===
0, NVIDIA H100 80GB HBM3, 62135, 81559, 3, 34
1, NVIDIA H100 80GB HBM3, 54151, 81559, 0, 35
2, NVIDIA H100 80GB HBM3, 54153, 81559, 0, 41
3, NVIDIA H100 80GB HBM3, 64191, 81559, 0, 39

=== Sun Oct  5 09:23:12 PM PDT 2025 ===
0, NVIDIA H100 80GB HBM3, 62135, 81559, 38, 37
1, NVIDIA H100 80GB HBM3, 54151, 81559, 9, 37
2, NVIDIA H100 80GB HBM3, 54153, 81559, 13, 42
3, NVIDIA H100 80GB HBM3, 64191, 81559, 0, 41

=== Sun Oct  5 09:23:22 PM PDT 2025 ===
0, NVIDIA H100 80GB HBM3, 62135, 81559, 30, 38
1, NVIDIA H100 80GB HBM3, 54151, 81559, 30, 38
2, NVIDIA H100 80GB HBM3, 54153, 81559, 29, 44
3, NVIDIA H100 80GB HBM3, 64191, 81559, 35, 43

=== Sun Oct  5 09:23:36 PM PDT 2025 ===
0, NVIDIA H100 80GB HBM3, 62135, 81559, 0, 34
1, NVIDIA H100 80GB HBM3, 54151, 81559, 0, 35
2, NVIDIA H100 80GB HBM3, 54153, 81559, 0, 40
3, NVIDIA H100 80GB HBM3, 64191, 81559, 0, 39

=== Sun Oct  5 09:23:49 PM PDT 2025 ===
0, NVIDIA H100 80GB HBM3, 62135, 81559, 17, 37
1, NVIDIA H100 80GB HBM3, 54151, 81559, 32, 37
2, NVIDIA H100 80GB HBM3, 54153, 81559, 32, 43
3, NVIDIA H100 80GB HBM3, 64191, 81559, 36, 41

=== Sun Oct  5 09:23:59 PM PDT 2025 ===
0, NVIDIA H100 80GB HBM3, 62135, 81559, 0, 39
1, NVIDIA H100 80GB HBM3, 54151, 81559, 0, 36
2, NVIDIA H100 80GB HBM3, 54153, 81559, 0, 42
3, NVIDIA H100 80GB HBM3, 64191, 81559, 0, 41

=== Sun Oct  5 09:24:09 PM PDT 2025 ===
0, NVIDIA H100 80GB HBM3, 62135, 81559, 18, 38
1, NVIDIA H100 80GB HBM3, 54151, 81559, 13, 38
2, NVIDIA H100 80GB HBM3, 54153, 81559, 12, 43
3, NVIDIA H100 80GB HBM3, 64191, 81559, 15, 42

=== Sun Oct  5 09:24:20 PM PDT 2025 ===
0, NVIDIA H100 80GB HBM3, 62135, 81559, 5, 37
1, NVIDIA H100 80GB HBM3, 54151, 81559, 0, 37
2, NVIDIA H100 80GB HBM3, 54153, 81559, 0, 43
3, NVIDIA H100 80GB HBM3, 64191, 81559, 1, 42

=== Sun Oct  5 09:24:30 PM PDT 2025 ===
0, NVIDIA H100 80GB HBM3, 62135, 81559, 5, 35
1, NVIDIA H100 80GB HBM3, 54151, 81559, 0, 36
2, NVIDIA H100 80GB HBM3, 54153, 81559, 0, 42
3, NVIDIA H100 80GB HBM3, 64191, 81559, 0, 41

=== Sun Oct  5 09:24:46 PM PDT 2025 ===
0, NVIDIA H100 80GB HBM3, 62135, 81559, 0, 34
1, NVIDIA H100 80GB HBM3, 54151, 81559, 0, 35
2, NVIDIA H100 80GB HBM3, 54153, 81559, 0, 41
3, NVIDIA H100 80GB HBM3, 64191, 81559, 0, 40

=== Sun Oct  5 09:24:57 PM PDT 2025 ===
0, NVIDIA H100 80GB HBM3, 62135, 81559, 11, 37
1, NVIDIA H100 80GB HBM3, 54151, 81559, 12, 37
2, NVIDIA H100 80GB HBM3, 54153, 81559, 12, 43
3, NVIDIA H100 80GB HBM3, 64191, 81559, 19, 42

=== Sun Oct  5 09:25:07 PM PDT 2025 ===
0, NVIDIA H100 80GB HBM3, 62135, 81559, 0, 34
1, NVIDIA H100 80GB HBM3, 54151, 81559, 0, 35
2, NVIDIA H100 80GB HBM3, 54153, 81559, 0, 41
3, NVIDIA H100 80GB HBM3, 64191, 81559, 0, 40

=== Sun Oct  5 09:25:17 PM PDT 2025 ===
0, NVIDIA H100 80GB HBM3, 62135, 81559, 59, 37
1, NVIDIA H100 80GB HBM3, 54151, 81559, 15, 37
2, NVIDIA H100 80GB HBM3, 54153, 81559, 22, 43
3, NVIDIA H100 80GB HBM3, 64191, 81559, 7, 41

=== Sun Oct  5 09:25:27 PM PDT 2025 ===
0, NVIDIA H100 80GB HBM3, 62135, 81559, 4, 35
1, NVIDIA H100 80GB HBM3, 54151, 81559, 0, 35
2, NVIDIA H100 80GB HBM3, 54153, 81559, 0, 41
3, NVIDIA H100 80GB HBM3, 64191, 81559, 0, 40

=== Sun Oct  5 09:25:38 PM PDT 2025 ===
0, NVIDIA H100 80GB HBM3, 62135, 81559, 0, 34
1, NVIDIA H100 80GB HBM3, 54151, 81559, 0, 35
2, NVIDIA H100 80GB HBM3, 54153, 81559, 0, 41
3, NVIDIA H100 80GB HBM3, 64191, 81559, 0, 39

=== Sun Oct  5 09:25:48 PM PDT 2025 ===
0, NVIDIA H100 80GB HBM3, 62135, 81559, 44, 42
1, NVIDIA H100 80GB HBM3, 54151, 81559, 21, 36
2, NVIDIA H100 80GB HBM3, 54153, 81559, 1, 42
3, NVIDIA H100 80GB HBM3, 64191, 81559, 21, 40

=== Sun Oct  5 09:25:58 PM PDT 2025 ===
0, NVIDIA H100 80GB HBM3, 62135, 81559, 0, 33
1, NVIDIA H100 80GB HBM3, 54151, 81559, 0, 34
2, NVIDIA H100 80GB HBM3, 54153, 81559, 0, 40
3, NVIDIA H100 80GB HBM3, 64191, 81559, 0, 39

=== Sun Oct  5 09:26:09 PM PDT 2025 ===
0, NVIDIA H100 80GB HBM3, 62135, 81559, 0, 34
1, NVIDIA H100 80GB HBM3, 54151, 81559, 0, 34
2, NVIDIA H100 80GB HBM3, 54153, 81559, 0, 40
3, NVIDIA H100 80GB HBM3, 64191, 81559, 0, 39

=== Sun Oct  5 09:26:19 PM PDT 2025 ===
0, NVIDIA H100 80GB HBM3, 62135, 81559, 21, 37
1, NVIDIA H100 80GB HBM3, 54151, 81559, 15, 37
2, NVIDIA H100 80GB HBM3, 54153, 81559, 13, 42
3, NVIDIA H100 80GB HBM3, 64191, 81559, 17, 41

=== Sun Oct  5 09:26:29 PM PDT 2025 ===
0, NVIDIA H100 80GB HBM3, 62135, 81559, 12, 37
1, NVIDIA H100 80GB HBM3, 54151, 81559, 11, 38
2, NVIDIA H100 80GB HBM3, 54153, 81559, 11, 43
3, NVIDIA H100 80GB HBM3, 64191, 81559, 19, 42

=== Sun Oct  5 09:26:43 PM PDT 2025 ===
0, NVIDIA H100 80GB HBM3, 62135, 81559, 0, 34
1, NVIDIA H100 80GB HBM3, 54151, 81559, 0, 35
2, NVIDIA H100 80GB HBM3, 54153, 81559, 0, 41
3, NVIDIA H100 80GB HBM3, 64191, 81559, 0, 39

=== Sun Oct  5 09:26:55 PM PDT 2025 ===
0, NVIDIA H100 80GB HBM3, 62135, 81559, 15, 36
1, NVIDIA H100 80GB HBM3, 54151, 81559, 16, 37
2, NVIDIA H100 80GB HBM3, 54153, 81559, 9, 42
3, NVIDIA H100 80GB HBM3, 64191, 81559, 9, 41

=== Sun Oct  5 09:27:06 PM PDT 2025 ===
0, NVIDIA H100 80GB HBM3, 62135, 81559, 18, 37
1, NVIDIA H100 80GB HBM3, 54151, 81559, 8, 37
2, NVIDIA H100 80GB HBM3, 54153, 81559, 8, 42
3, NVIDIA H100 80GB HBM3, 64191, 81559, 8, 41

=== Sun Oct  5 09:27:20 PM PDT 2025 ===
0, NVIDIA H100 80GB HBM3, 62135, 81559, 0, 34
1, NVIDIA H100 80GB HBM3, 54151, 81559, 0, 35
2, NVIDIA H100 80GB HBM3, 54153, 81559, 0, 40
3, NVIDIA H100 80GB HBM3, 64191, 81559, 0, 39

=== Sun Oct  5 09:27:33 PM PDT 2025 ===
0, NVIDIA H100 80GB HBM3, 62135, 81559, 28, 37
1, NVIDIA H100 80GB HBM3, 54151, 81559, 23, 38
2, NVIDIA H100 80GB HBM3, 54153, 81559, 18, 44
3, NVIDIA H100 80GB HBM3, 64191, 81559, 23, 42

=== Sun Oct  5 09:27:43 PM PDT 2025 ===
0, NVIDIA H100 80GB HBM3, 62135, 81559, 20, 38
1, NVIDIA H100 80GB HBM3, 54151, 81559, 15, 37
2, NVIDIA H100 80GB HBM3, 54153, 81559, 17, 43
3, NVIDIA H100 80GB HBM3, 64191, 81559, 20, 44

=== Sun Oct  5 09:27:54 PM PDT 2025 ===
0, NVIDIA H100 80GB HBM3, 62135, 81559, 1, 36
1, NVIDIA H100 80GB HBM3, 54151, 81559, 0, 36
2, NVIDIA H100 80GB HBM3, 54153, 81559, 1, 42
3, NVIDIA H100 80GB HBM3, 64191, 81559, 0, 40

=== Sun Oct  5 09:28:07 PM PDT 2025 ===
0, NVIDIA H100 80GB HBM3, 62135, 81559, 0, 34
1, NVIDIA H100 80GB HBM3, 54151, 81559, 0, 35
2, NVIDIA H100 80GB HBM3, 54153, 81559, 0, 40
3, NVIDIA H100 80GB HBM3, 64191, 81559, 0, 39

=== Sun Oct  5 09:28:18 PM PDT 2025 ===
0, NVIDIA H100 80GB HBM3, 62135, 81559, 2, 34
1, NVIDIA H100 80GB HBM3, 54151, 81559, 0, 35
2, NVIDIA H100 80GB HBM3, 54153, 81559, 0, 40
3, NVIDIA H100 80GB HBM3, 64191, 81559, 0, 39

=== Sun Oct  5 09:28:28 PM PDT 2025 ===
0, NVIDIA H100 80GB HBM3, 62135, 81559, 16, 36
1, NVIDIA H100 80GB HBM3, 54151, 81559, 14, 37
2, NVIDIA H100 80GB HBM3, 54153, 81559, 7, 42
3, NVIDIA H100 80GB HBM3, 64191, 81559, 12, 41

=== Sun Oct  5 09:28:42 PM PDT 2025 ===
0, NVIDIA H100 80GB HBM3, 62135, 81559, 0, 34
1, NVIDIA H100 80GB HBM3, 54151, 81559, 0, 34
2, NVIDIA H100 80GB HBM3, 54153, 81559, 0, 40
3, NVIDIA H100 80GB HBM3, 64191, 81559, 0, 39

=== Sun Oct  5 09:28:52 PM PDT 2025 ===
0, NVIDIA H100 80GB HBM3, 62135, 81559, 19, 36
1, NVIDIA H100 80GB HBM3, 54151, 81559, 16, 36
2, NVIDIA H100 80GB HBM3, 54153, 81559, 16, 42
3, NVIDIA H100 80GB HBM3, 64191, 81559, 18, 42

=== Sun Oct  5 09:29:02 PM PDT 2025 ===
0, NVIDIA H100 80GB HBM3, 62135, 81559, 0, 33
1, NVIDIA H100 80GB HBM3, 54151, 81559, 0, 34
2, NVIDIA H100 80GB HBM3, 54153, 81559, 0, 40
3, NVIDIA H100 80GB HBM3, 64191, 81559, 0, 39

=== Sun Oct  5 09:29:13 PM PDT 2025 ===
0, NVIDIA H100 80GB HBM3, 62135, 81559, 25, 37
1, NVIDIA H100 80GB HBM3, 54151, 81559, 25, 38
2, NVIDIA H100 80GB HBM3, 54153, 81559, 25, 43
3, NVIDIA H100 80GB HBM3, 64191, 81559, 30, 42

=== Sun Oct  5 09:29:23 PM PDT 2025 ===
0, NVIDIA H100 80GB HBM3, 62135, 81559, 20, 37
1, NVIDIA H100 80GB HBM3, 54151, 81559, 25, 39
2, NVIDIA H100 80GB HBM3, 54153, 81559, 10, 47
3, NVIDIA H100 80GB HBM3, 64191, 81559, 16, 41

=== Sun Oct  5 09:29:36 PM PDT 2025 ===
0, NVIDIA H100 80GB HBM3, 62135, 81559, 0, 34
1, NVIDIA H100 80GB HBM3, 54151, 81559, 0, 34
2, NVIDIA H100 80GB HBM3, 54153, 81559, 0, 40
3, NVIDIA H100 80GB HBM3, 64191, 81559, 0, 39

=== Sun Oct  5 09:29:51 PM PDT 2025 ===
0, NVIDIA H100 80GB HBM3, 62135, 81559, 28, 37
1, NVIDIA H100 80GB HBM3, 54151, 81559, 0, 35
2, NVIDIA H100 80GB HBM3, 54153, 81559, 6, 42
3, NVIDIA H100 80GB HBM3, 64191, 81559, 22, 41

=== Sun Oct  5 09:30:06 PM PDT 2025 ===
0, NVIDIA H100 80GB HBM3, 62135, 81559, 0, 33
1, NVIDIA H100 80GB HBM3, 54151, 81559, 0, 34
2, NVIDIA H100 80GB HBM3, 54153, 81559, 0, 40
3, NVIDIA H100 80GB HBM3, 64191, 81559, 0, 39

=== Sun Oct  5 09:30:18 PM PDT 2025 ===
0, NVIDIA H100 80GB HBM3, 62135, 81559, 22, 40
1, NVIDIA H100 80GB HBM3, 54151, 81559, 11, 40
2, NVIDIA H100 80GB HBM3, 54153, 81559, 18, 43
3, NVIDIA H100 80GB HBM3, 64191, 81559, 21, 45

=== Sun Oct  5 09:30:28 PM PDT 2025 ===
0, NVIDIA H100 80GB HBM3, 62135, 81559, 1, 33
1, NVIDIA H100 80GB HBM3, 54151, 81559, 0, 34
2, NVIDIA H100 80GB HBM3, 54153, 81559, 0, 40
3, NVIDIA H100 80GB HBM3, 64191, 81559, 0, 39

=== Sun Oct  5 09:30:39 PM PDT 2025 ===
0, NVIDIA H100 80GB HBM3, 62135, 81559, 24, 37
1, NVIDIA H100 80GB HBM3, 54151, 81559, 20, 39
2, NVIDIA H100 80GB HBM3, 54153, 81559, 22, 43
3, NVIDIA H100 80GB HBM3, 64191, 81559, 28, 43

=== Sun Oct  5 09:30:49 PM PDT 2025 ===
0, NVIDIA H100 80GB HBM3, 62135, 81559, 18, 37
1, NVIDIA H100 80GB HBM3, 54151, 81559, 16, 37
2, NVIDIA H100 80GB HBM3, 54153, 81559, 8, 42
3, NVIDIA H100 80GB HBM3, 64191, 81559, 15, 42

=== Sun Oct  5 09:30:59 PM PDT 2025 ===
0, NVIDIA H100 80GB HBM3, 62135, 81559, 12, 37
1, NVIDIA H100 80GB HBM3, 54151, 81559, 11, 37
2, NVIDIA H100 80GB HBM3, 54153, 81559, 6, 42
3, NVIDIA H100 80GB HBM3, 64191, 81559, 9, 42

=== Sun Oct  5 09:31:09 PM PDT 2025 ===
0, NVIDIA H100 80GB HBM3, 62135, 81559, 26, 39
1, NVIDIA H100 80GB HBM3, 54151, 81559, 15, 39
2, NVIDIA H100 80GB HBM3, 54153, 81559, 25, 44
3, NVIDIA H100 80GB HBM3, 64191, 81559, 30, 43

=== Sun Oct  5 09:31:20 PM PDT 2025 ===
0, NVIDIA H100 80GB HBM3, 62135, 81559, 20, 40
1, NVIDIA H100 80GB HBM3, 54151, 81559, 30, 38
2, NVIDIA H100 80GB HBM3, 54153, 81559, 20, 43
3, NVIDIA H100 80GB HBM3, 64191, 81559, 0, 42

=== Sun Oct  5 09:31:30 PM PDT 2025 ===
0, NVIDIA H100 80GB HBM3, 62135, 81559, 18, 40
1, NVIDIA H100 80GB HBM3, 54151, 81559, 17, 39
2, NVIDIA H100 80GB HBM3, 54153, 81559, 22, 45
3, NVIDIA H100 80GB HBM3, 64191, 81559, 25, 44

=== Sun Oct  5 09:31:40 PM PDT 2025 ===
0, NVIDIA H100 80GB HBM3, 62135, 81559, 17, 38
1, NVIDIA H100 80GB HBM3, 54151, 81559, 14, 38
2, NVIDIA H100 80GB HBM3, 54153, 81559, 11, 44
3, NVIDIA H100 80GB HBM3, 64191, 81559, 16, 43

=== Sun Oct  5 09:31:50 PM PDT 2025 ===
0, NVIDIA H100 80GB HBM3, 62135, 81559, 15, 38
1, NVIDIA H100 80GB HBM3, 54151, 81559, 16, 38
2, NVIDIA H100 80GB HBM3, 54153, 81559, 9, 44
3, NVIDIA H100 80GB HBM3, 64191, 81559, 9, 43

=== Sun Oct  5 09:32:01 PM PDT 2025 ===
0, NVIDIA H100 80GB HBM3, 62135, 81559, 19, 38
1, NVIDIA H100 80GB HBM3, 54151, 81559, 19, 38
2, NVIDIA H100 80GB HBM3, 54153, 81559, 14, 45
3, NVIDIA H100 80GB HBM3, 64191, 81559, 13, 44

=== Sun Oct  5 09:32:11 PM PDT 2025 ===
0, NVIDIA H100 80GB HBM3, 62135, 81559, 23, 39
1, NVIDIA H100 80GB HBM3, 54151, 81559, 8, 39
2, NVIDIA H100 80GB HBM3, 54153, 81559, 14, 47
3, NVIDIA H100 80GB HBM3, 64191, 81559, 16, 46

=== Sun Oct  5 09:32:21 PM PDT 2025 ===
0, NVIDIA H100 80GB HBM3, 62135, 81559, 22, 38
1, NVIDIA H100 80GB HBM3, 54151, 81559, 22, 39
2, NVIDIA H100 80GB HBM3, 54153, 81559, 18, 45
3, NVIDIA H100 80GB HBM3, 64191, 81559, 26, 45

=== Sun Oct  5 09:32:32 PM PDT 2025 ===
0, NVIDIA H100 80GB HBM3, 62135, 81559, 6, 35
1, NVIDIA H100 80GB HBM3, 54151, 81559, 0, 36
2, NVIDIA H100 80GB HBM3, 54153, 81559, 0, 43
3, NVIDIA H100 80GB HBM3, 64191, 81559, 0, 42

=== Sun Oct  5 09:32:44 PM PDT 2025 ===
0, NVIDIA H100 80GB HBM3, 62135, 81559, 0, 34
1, NVIDIA H100 80GB HBM3, 54151, 81559, 0, 35
2, NVIDIA H100 80GB HBM3, 54153, 81559, 0, 42
3, NVIDIA H100 80GB HBM3, 64191, 81559, 0, 41

=== Sun Oct  5 09:32:54 PM PDT 2025 ===
0, NVIDIA H100 80GB HBM3, 62135, 81559, 18, 36
1, NVIDIA H100 80GB HBM3, 54151, 81559, 15, 37
2, NVIDIA H100 80GB HBM3, 54153, 81559, 17, 44
3, NVIDIA H100 80GB HBM3, 64191, 81559, 16, 42

=== Sun Oct  5 09:33:05 PM PDT 2025 ===
0, NVIDIA H100 80GB HBM3, 62135, 81559, 4, 34
1, NVIDIA H100 80GB HBM3, 54151, 81559, 0, 35
2, NVIDIA H100 80GB HBM3, 54153, 81559, 0, 41
3, NVIDIA H100 80GB HBM3, 64191, 81559, 0, 40

=== Sun Oct  5 09:33:15 PM PDT 2025 ===
0, NVIDIA H100 80GB HBM3, 62135, 81559, 22, 38
1, NVIDIA H100 80GB HBM3, 54151, 81559, 26, 37
2, NVIDIA H100 80GB HBM3, 54153, 81559, 20, 44
3, NVIDIA H100 80GB HBM3, 64191, 81559, 24, 44

=== Sun Oct  5 09:33:25 PM PDT 2025 ===
0, NVIDIA H100 80GB HBM3, 62135, 81559, 29, 37
1, NVIDIA H100 80GB HBM3, 54151, 81559, 19, 37
2, NVIDIA H100 80GB HBM3, 54153, 81559, 16, 44
3, NVIDIA H100 80GB HBM3, 64191, 81559, 26, 43

=== Sun Oct  5 09:33:36 PM PDT 2025 ===
0, NVIDIA H100 80GB HBM3, 62135, 81559, 21, 37
1, NVIDIA H100 80GB HBM3, 54151, 81559, 20, 38
2, NVIDIA H100 80GB HBM3, 54153, 81559, 14, 43
3, NVIDIA H100 80GB HBM3, 64191, 81559, 21, 42

=== Sun Oct  5 09:33:46 PM PDT 2025 ===
0, NVIDIA H100 80GB HBM3, 62135, 81559, 26, 39
1, NVIDIA H100 80GB HBM3, 54151, 81559, 19, 40
2, NVIDIA H100 80GB HBM3, 54153, 81559, 10, 45
3, NVIDIA H100 80GB HBM3, 64191, 81559, 10, 45

=== Sun Oct  5 09:33:56 PM PDT 2025 ===
0, NVIDIA H100 80GB HBM3, 62135, 81559, 12, 38
1, NVIDIA H100 80GB HBM3, 54151, 81559, 7, 38
2, NVIDIA H100 80GB HBM3, 54153, 81559, 7, 44
3, NVIDIA H100 80GB HBM3, 64191, 81559, 0, 43

=== Sun Oct  5 09:34:07 PM PDT 2025 ===
0, NVIDIA H100 80GB HBM3, 62135, 81559, 12, 37
1, NVIDIA H100 80GB HBM3, 54151, 81559, 0, 37
2, NVIDIA H100 80GB HBM3, 54153, 81559, 6, 45
3, NVIDIA H100 80GB HBM3, 64191, 81559, 14, 44

=== Sun Oct  5 09:34:17 PM PDT 2025 ===
0, NVIDIA H100 80GB HBM3, 62135, 81559, 9, 37
1, NVIDIA H100 80GB HBM3, 54151, 81559, 7, 38
2, NVIDIA H100 80GB HBM3, 54153, 81559, 4, 45
3, NVIDIA H100 80GB HBM3, 64191, 81559, 8, 43

=== Sun Oct  5 09:34:35 PM PDT 2025 ===
0, NVIDIA H100 80GB HBM3, 62135, 81559, 0, 34
1, NVIDIA H100 80GB HBM3, 54151, 81559, 0, 35
2, NVIDIA H100 80GB HBM3, 54153, 81559, 0, 42
3, NVIDIA H100 80GB HBM3, 64191, 81559, 0, 41

=== Sun Oct  5 09:34:47 PM PDT 2025 ===
0, NVIDIA H100 80GB HBM3, 62135, 81559, 24, 38
1, NVIDIA H100 80GB HBM3, 54151, 81559, 22, 38
2, NVIDIA H100 80GB HBM3, 54153, 81559, 22, 44
3, NVIDIA H100 80GB HBM3, 64191, 81559, 28, 44

=== Sun Oct  5 09:35:00 PM PDT 2025 ===
0, NVIDIA H100 80GB HBM3, 62135, 81559, 0, 34
1, NVIDIA H100 80GB HBM3, 54151, 81559, 0, 35
2, NVIDIA H100 80GB HBM3, 54153, 81559, 0, 41
3, NVIDIA H100 80GB HBM3, 64191, 81559, 0, 40

=== Sun Oct  5 09:35:10 PM PDT 2025 ===
0, NVIDIA H100 80GB HBM3, 62135, 81559, 0, 33
1, NVIDIA H100 80GB HBM3, 54151, 81559, 0, 34
2, NVIDIA H100 80GB HBM3, 54153, 81559, 0, 40
3, NVIDIA H100 80GB HBM3, 64191, 81559, 0, 39

=== Sun Oct  5 09:35:20 PM PDT 2025 ===
0, NVIDIA H100 80GB HBM3, 62135, 81559, 21, 36
1, NVIDIA H100 80GB HBM3, 54151, 81559, 17, 37
2, NVIDIA H100 80GB HBM3, 54153, 81559, 13, 43
3, NVIDIA H100 80GB HBM3, 64191, 81559, 25, 42

=== Sun Oct  5 09:35:30 PM PDT 2025 ===
0, NVIDIA H100 80GB HBM3, 62135, 81559, 24, 38
1, NVIDIA H100 80GB HBM3, 54151, 81559, 22, 39
2, NVIDIA H100 80GB HBM3, 54153, 81559, 21, 44
3, NVIDIA H100 80GB HBM3, 64191, 81559, 27, 43

=== Sun Oct  5 09:35:41 PM PDT 2025 ===
0, NVIDIA H100 80GB HBM3, 62135, 81559, 8, 38
1, NVIDIA H100 80GB HBM3, 54151, 81559, 11, 38
2, NVIDIA H100 80GB HBM3, 54153, 81559, 11, 43
3, NVIDIA H100 80GB HBM3, 64191, 81559, 17, 43

=== Sun Oct  5 09:35:51 PM PDT 2025 ===
0, NVIDIA H100 80GB HBM3, 62135, 81559, 29, 38
1, NVIDIA H100 80GB HBM3, 54151, 81559, 29, 38
2, NVIDIA H100 80GB HBM3, 54153, 81559, 28, 44
3, NVIDIA H100 80GB HBM3, 64191, 81559, 34, 44

=== Sun Oct  5 09:36:01 PM PDT 2025 ===
0, NVIDIA H100 80GB HBM3, 62135, 81559, 6, 38
1, NVIDIA H100 80GB HBM3, 54151, 81559, 14, 37
2, NVIDIA H100 80GB HBM3, 54153, 81559, 7, 44
3, NVIDIA H100 80GB HBM3, 64191, 81559, 7, 43

=== Sun Oct  5 09:36:11 PM PDT 2025 ===
0, NVIDIA H100 80GB HBM3, 62135, 81559, 52, 38
1, NVIDIA H100 80GB HBM3, 54151, 81559, 21, 38
2, NVIDIA H100 80GB HBM3, 54153, 81559, 24, 44
3, NVIDIA H100 80GB HBM3, 64191, 81559, 21, 44

=== Sun Oct  5 09:36:22 PM PDT 2025 ===
0, NVIDIA H100 80GB HBM3, 62135, 81559, 23, 39
1, NVIDIA H100 80GB HBM3, 54151, 81559, 22, 39
2, NVIDIA H100 80GB HBM3, 54153, 81559, 16, 45
3, NVIDIA H100 80GB HBM3, 64191, 81559, 19, 44

=== Sun Oct  5 09:36:32 PM PDT 2025 ===
0, NVIDIA H100 80GB HBM3, 62135, 81559, 13, 38
1, NVIDIA H100 80GB HBM3, 54151, 81559, 11, 39
2, NVIDIA H100 80GB HBM3, 54153, 81559, 11, 45
3, NVIDIA H100 80GB HBM3, 64191, 81559, 13, 43

=== Sun Oct  5 09:36:43 PM PDT 2025 ===
0, NVIDIA H100 80GB HBM3, 62135, 81559, 17, 40
1, NVIDIA H100 80GB HBM3, 54151, 81559, 17, 39
2, NVIDIA H100 80GB HBM3, 54153, 81559, 20, 47
3, NVIDIA H100 80GB HBM3, 64191, 81559, 25, 45

=== Sun Oct  5 09:36:53 PM PDT 2025 ===
0, NVIDIA H100 80GB HBM3, 62135, 81559, 22, 38
1, NVIDIA H100 80GB HBM3, 54151, 81559, 0, 39
2, NVIDIA H100 80GB HBM3, 54153, 81559, 18, 45
3, NVIDIA H100 80GB HBM3, 64191, 81559, 26, 44

=== Sun Oct  5 09:37:03 PM PDT 2025 ===
0, NVIDIA H100 80GB HBM3, 62135, 81559, 70, 42
1, NVIDIA H100 80GB HBM3, 54151, 81559, 28, 38
2, NVIDIA H100 80GB HBM3, 54153, 81559, 0, 44
3, NVIDIA H100 80GB HBM3, 64191, 81559, 19, 43

=== Sun Oct  5 09:37:14 PM PDT 2025 ===
0, NVIDIA H100 80GB HBM3, 62135, 81559, 23, 39
1, NVIDIA H100 80GB HBM3, 54151, 81559, 22, 41
2, NVIDIA H100 80GB HBM3, 54153, 81559, 22, 46
3, NVIDIA H100 80GB HBM3, 64191, 81559, 27, 46

=== Sun Oct  5 09:37:24 PM PDT 2025 ===
0, NVIDIA H100 80GB HBM3, 62135, 81559, 28, 39
1, NVIDIA H100 80GB HBM3, 54151, 81559, 22, 41
2, NVIDIA H100 80GB HBM3, 54153, 81559, 26, 46
3, NVIDIA H100 80GB HBM3, 64191, 81559, 32, 46

=== Sun Oct  5 09:37:34 PM PDT 2025 ===
0, NVIDIA H100 80GB HBM3, 62135, 81559, 28, 39
1, NVIDIA H100 80GB HBM3, 54151, 81559, 12, 39
2, NVIDIA H100 80GB HBM3, 54153, 81559, 22, 46
3, NVIDIA H100 80GB HBM3, 64191, 81559, 38, 45

=== Sun Oct  5 09:37:48 PM PDT 2025 ===
0, NVIDIA H100 80GB HBM3, 62135, 81559, 0, 35
1, NVIDIA H100 80GB HBM3, 54151, 81559, 0, 35
2, NVIDIA H100 80GB HBM3, 54153, 81559, 0, 42
3, NVIDIA H100 80GB HBM3, 64191, 81559, 0, 41

=== Sun Oct  5 09:38:01 PM PDT 2025 ===
0, NVIDIA H100 80GB HBM3, 62135, 81559, 22, 36
1, NVIDIA H100 80GB HBM3, 54151, 81559, 20, 37
2, NVIDIA H100 80GB HBM3, 54153, 81559, 22, 43
3, NVIDIA H100 80GB HBM3, 64191, 81559, 15, 42

=== Sun Oct  5 09:38:14 PM PDT 2025 ===
0, NVIDIA H100 80GB HBM3, 62135, 81559, 0, 34
1, NVIDIA H100 80GB HBM3, 54151, 81559, 0, 35
2, NVIDIA H100 80GB HBM3, 54153, 81559, 0, 41
3, NVIDIA H100 80GB HBM3, 64191, 81559, 0, 40

=== Sun Oct  5 09:38:26 PM PDT 2025 ===
0, NVIDIA H100 80GB HBM3, 62135, 81559, 2, 34
1, NVIDIA H100 80GB HBM3, 54151, 81559, 0, 35
2, NVIDIA H100 80GB HBM3, 54153, 81559, 0, 41
3, NVIDIA H100 80GB HBM3, 64191, 81559, 0, 40

=== Sun Oct  5 09:38:37 PM PDT 2025 ===
0, NVIDIA H100 80GB HBM3, 62135, 81559, 1, 34
1, NVIDIA H100 80GB HBM3, 54151, 81559, 0, 35
2, NVIDIA H100 80GB HBM3, 54153, 81559, 0, 41
3, NVIDIA H100 80GB HBM3, 64191, 81559, 0, 40

=== Sun Oct  5 09:38:47 PM PDT 2025 ===
0, NVIDIA H100 80GB HBM3, 62135, 81559, 11, 37
1, NVIDIA H100 80GB HBM3, 54151, 81559, 12, 37
2, NVIDIA H100 80GB HBM3, 54153, 81559, 12, 42
3, NVIDIA H100 80GB HBM3, 64191, 81559, 15, 41

=== Sun Oct  5 09:38:57 PM PDT 2025 ===
0, NVIDIA H100 80GB HBM3, 62135, 81559, 19, 37
1, NVIDIA H100 80GB HBM3, 54151, 81559, 11, 38
2, NVIDIA H100 80GB HBM3, 54153, 81559, 16, 44
3, NVIDIA H100 80GB HBM3, 64191, 81559, 9, 43

=== Sun Oct  5 09:39:07 PM PDT 2025 ===
0, NVIDIA H100 80GB HBM3, 62135, 81559, 58, 40
1, NVIDIA H100 80GB HBM3, 54151, 81559, 0, 38
2, NVIDIA H100 80GB HBM3, 54153, 81559, 15, 44
3, NVIDIA H100 80GB HBM3, 64191, 81559, 18, 42

=== Sun Oct  5 09:39:20 PM PDT 2025 ===
0, NVIDIA H100 80GB HBM3, 62135, 81559, 0, 35
1, NVIDIA H100 80GB HBM3, 54151, 81559, 0, 35
2, NVIDIA H100 80GB HBM3, 54153, 81559, 0, 41
3, NVIDIA H100 80GB HBM3, 64191, 81559, 0, 40

=== Sun Oct  5 09:39:35 PM PDT 2025 ===
0, NVIDIA H100 80GB HBM3, 62135, 81559, 15, 38
1, NVIDIA H100 80GB HBM3, 54151, 81559, 14, 39
2, NVIDIA H100 80GB HBM3, 54153, 81559, 14, 44
3, NVIDIA H100 80GB HBM3, 64191, 81559, 28, 44

=== Sun Oct  5 09:39:45 PM PDT 2025 ===
0, NVIDIA H100 80GB HBM3, 62135, 81559, 3, 37
1, NVIDIA H100 80GB HBM3, 54151, 81559, 4, 38
2, NVIDIA H100 80GB HBM3, 54153, 81559, 7, 43
3, NVIDIA H100 80GB HBM3, 64191, 81559, 8, 42

=== Sun Oct  5 09:39:58 PM PDT 2025 ===
0, NVIDIA H100 80GB HBM3, 62135, 81559, 0, 35
1, NVIDIA H100 80GB HBM3, 54151, 81559, 0, 35
2, NVIDIA H100 80GB HBM3, 54153, 81559, 0, 41
3, NVIDIA H100 80GB HBM3, 64191, 81559, 0, 40

=== Sun Oct  5 09:40:11 PM PDT 2025 ===
0, NVIDIA H100 80GB HBM3, 62135, 81559, 43, 37
1, NVIDIA H100 80GB HBM3, 54151, 81559, 14, 39
2, NVIDIA H100 80GB HBM3, 54153, 81559, 20, 43
3, NVIDIA H100 80GB HBM3, 64191, 81559, 10, 41

=== Sun Oct  5 09:40:21 PM PDT 2025 ===
0, NVIDIA H100 80GB HBM3, 62135, 81559, 38, 38
1, NVIDIA H100 80GB HBM3, 54151, 81559, 29, 38
2, NVIDIA H100 80GB HBM3, 54153, 81559, 29, 43
3, NVIDIA H100 80GB HBM3, 64191, 81559, 27, 43

=== Sun Oct  5 09:40:31 PM PDT 2025 ===
0, NVIDIA H100 80GB HBM3, 62135, 81559, 24, 37
1, NVIDIA H100 80GB HBM3, 54151, 81559, 19, 39
2, NVIDIA H100 80GB HBM3, 54153, 81559, 22, 45
3, NVIDIA H100 80GB HBM3, 64191, 81559, 27, 43

=== Sun Oct  5 09:40:41 PM PDT 2025 ===
0, NVIDIA H100 80GB HBM3, 62135, 81559, 44, 37
1, NVIDIA H100 80GB HBM3, 54151, 81559, 21, 38
2, NVIDIA H100 80GB HBM3, 54153, 81559, 20, 43
3, NVIDIA H100 80GB HBM3, 64191, 81559, 14, 42

=== Sun Oct  5 09:40:52 PM PDT 2025 ===
0, NVIDIA H100 80GB HBM3, 62135, 81559, 12, 38
1, NVIDIA H100 80GB HBM3, 54151, 81559, 12, 38
2, NVIDIA H100 80GB HBM3, 54153, 81559, 11, 44
3, NVIDIA H100 80GB HBM3, 64191, 81559, 20, 42

=== Sun Oct  5 09:41:02 PM PDT 2025 ===
0, NVIDIA H100 80GB HBM3, 62135, 81559, 1, 36
1, NVIDIA H100 80GB HBM3, 54151, 81559, 0, 36
2, NVIDIA H100 80GB HBM3, 54153, 81559, 0, 42
3, NVIDIA H100 80GB HBM3, 64191, 81559, 0, 41

=== Sun Oct  5 09:41:12 PM PDT 2025 ===
0, NVIDIA H100 80GB HBM3, 62135, 81559, 2, 34
1, NVIDIA H100 80GB HBM3, 54151, 81559, 0, 35
2, NVIDIA H100 80GB HBM3, 54153, 81559, 0, 41
3, NVIDIA H100 80GB HBM3, 64191, 81559, 0, 40

=== Sun Oct  5 09:41:23 PM PDT 2025 ===
0, NVIDIA H100 80GB HBM3, 62135, 81559, 23, 38
1, NVIDIA H100 80GB HBM3, 54151, 81559, 17, 38
2, NVIDIA H100 80GB HBM3, 54153, 81559, 21, 44
3, NVIDIA H100 80GB HBM3, 64191, 81559, 28, 43

=== Sun Oct  5 09:41:33 PM PDT 2025 ===
0, NVIDIA H100 80GB HBM3, 62135, 81559, 2, 34
1, NVIDIA H100 80GB HBM3, 54151, 81559, 0, 35
2, NVIDIA H100 80GB HBM3, 54153, 81559, 0, 41
3, NVIDIA H100 80GB HBM3, 64191, 81559, 0, 40

=== Sun Oct  5 09:41:43 PM PDT 2025 ===
0, NVIDIA H100 80GB HBM3, 62135, 81559, 28, 38
1, NVIDIA H100 80GB HBM3, 54151, 81559, 7, 37
2, NVIDIA H100 80GB HBM3, 54153, 81559, 14, 43
3, NVIDIA H100 80GB HBM3, 64191, 81559, 18, 42

=== Sun Oct  5 09:41:54 PM PDT 2025 ===
0, NVIDIA H100 80GB HBM3, 62135, 81559, 12, 38
1, NVIDIA H100 80GB HBM3, 54151, 81559, 7, 39
2, NVIDIA H100 80GB HBM3, 54153, 81559, 14, 45
3, NVIDIA H100 80GB HBM3, 64191, 81559, 34, 43

=== Sun Oct  5 09:42:04 PM PDT 2025 ===
0, NVIDIA H100 80GB HBM3, 62135, 81559, 29, 42
1, NVIDIA H100 80GB HBM3, 54151, 81559, 21, 38
2, NVIDIA H100 80GB HBM3, 54153, 81559, 20, 44
3, NVIDIA H100 80GB HBM3, 64191, 81559, 16, 43

=== Sun Oct  5 09:42:21 PM PDT 2025 ===
0, NVIDIA H100 80GB HBM3, 62135, 81559, 0, 34
1, NVIDIA H100 80GB HBM3, 54151, 81559, 0, 35
2, NVIDIA H100 80GB HBM3, 54153, 81559, 0, 41
3, NVIDIA H100 80GB HBM3, 64191, 81559, 0, 40

=== Sun Oct  5 09:42:31 PM PDT 2025 ===
0, NVIDIA H100 80GB HBM3, 62135, 81559, 22, 37
1, NVIDIA H100 80GB HBM3, 54151, 81559, 12, 39
2, NVIDIA H100 80GB HBM3, 54153, 81559, 13, 43
3, NVIDIA H100 80GB HBM3, 64191, 81559, 28, 42

=== Sun Oct  5 09:42:42 PM PDT 2025 ===
0, NVIDIA H100 80GB HBM3, 62135, 81559, 23, 39
1, NVIDIA H100 80GB HBM3, 54151, 81559, 20, 39
2, NVIDIA H100 80GB HBM3, 54153, 81559, 22, 45
3, NVIDIA H100 80GB HBM3, 64191, 81559, 27, 44

=== Sun Oct  5 09:42:52 PM PDT 2025 ===
0, NVIDIA H100 80GB HBM3, 62135, 81559, 22, 40
1, NVIDIA H100 80GB HBM3, 54151, 81559, 22, 39
2, NVIDIA H100 80GB HBM3, 54153, 81559, 21, 45
3, NVIDIA H100 80GB HBM3, 64191, 81559, 25, 44

=== Sun Oct  5 09:43:03 PM PDT 2025 ===
0, NVIDIA H100 80GB HBM3, 62135, 81559, 0, 36
1, NVIDIA H100 80GB HBM3, 54151, 81559, 0, 37
2, NVIDIA H100 80GB HBM3, 54153, 81559, 0, 43
3, NVIDIA H100 80GB HBM3, 64191, 81559, 0, 42

=== Sun Oct  5 09:43:16 PM PDT 2025 ===
0, NVIDIA H100 80GB HBM3, 62135, 81559, 0, 34
1, NVIDIA H100 80GB HBM3, 54151, 81559, 0, 35
2, NVIDIA H100 80GB HBM3, 54153, 81559, 0, 42
3, NVIDIA H100 80GB HBM3, 64191, 81559, 0, 41

=== Sun Oct  5 09:43:26 PM PDT 2025 ===
0, NVIDIA H100 80GB HBM3, 62135, 81559, 24, 40
1, NVIDIA H100 80GB HBM3, 54151, 81559, 22, 39
2, NVIDIA H100 80GB HBM3, 54153, 81559, 18, 46
3, NVIDIA H100 80GB HBM3, 64191, 81559, 26, 45

=== Sun Oct  5 09:43:37 PM PDT 2025 ===
0, NVIDIA H100 80GB HBM3, 62135, 81559, 20, 38
1, NVIDIA H100 80GB HBM3, 54151, 81559, 14, 39
2, NVIDIA H100 80GB HBM3, 54153, 81559, 26, 44
3, NVIDIA H100 80GB HBM3, 64191, 81559, 30, 42

=== Sun Oct  5 09:43:51 PM PDT 2025 ===
0, NVIDIA H100 80GB HBM3, 62135, 81559, 0, 35
1, NVIDIA H100 80GB HBM3, 54151, 81559, 0, 35
2, NVIDIA H100 80GB HBM3, 54153, 81559, 0, 42
3, NVIDIA H100 80GB HBM3, 64191, 81559, 0, 40

=== Sun Oct  5 09:44:06 PM PDT 2025 ===
0, NVIDIA H100 80GB HBM3, 62135, 81559, 12, 38
1, NVIDIA H100 80GB HBM3, 54151, 81559, 13, 37
2, NVIDIA H100 80GB HBM3, 54153, 81559, 11, 44
3, NVIDIA H100 80GB HBM3, 64191, 81559, 10, 43

=== Sun Oct  5 09:44:16 PM PDT 2025 ===
0, NVIDIA H100 80GB HBM3, 62135, 81559, 3, 35
1, NVIDIA H100 80GB HBM3, 54151, 81559, 0, 35
2, NVIDIA H100 80GB HBM3, 54153, 81559, 0, 42
3, NVIDIA H100 80GB HBM3, 64191, 81559, 0, 40

=== Sun Oct  5 09:44:26 PM PDT 2025 ===
0, NVIDIA H100 80GB HBM3, 62135, 81559, 0, 34
1, NVIDIA H100 80GB HBM3, 54151, 81559, 0, 35
2, NVIDIA H100 80GB HBM3, 54153, 81559, 0, 41
3, NVIDIA H100 80GB HBM3, 64191, 81559, 0, 40

=== Sun Oct  5 09:44:37 PM PDT 2025 ===
0, NVIDIA H100 80GB HBM3, 62135, 81559, 26, 38
1, NVIDIA H100 80GB HBM3, 54151, 81559, 13, 39
2, NVIDIA H100 80GB HBM3, 54153, 81559, 19, 46
3, NVIDIA H100 80GB HBM3, 64191, 81559, 6, 43

=== Sun Oct  5 09:44:47 PM PDT 2025 ===
0, NVIDIA H100 80GB HBM3, 62135, 81559, 0, 34
1, NVIDIA H100 80GB HBM3, 54151, 81559, 0, 35
2, NVIDIA H100 80GB HBM3, 54153, 81559, 0, 41
3, NVIDIA H100 80GB HBM3, 64191, 81559, 0, 40

=== Sun Oct  5 09:44:57 PM PDT 2025 ===
0, NVIDIA H100 80GB HBM3, 62135, 81559, 20, 37
1, NVIDIA H100 80GB HBM3, 54151, 81559, 13, 37
2, NVIDIA H100 80GB HBM3, 54153, 81559, 16, 43
3, NVIDIA H100 80GB HBM3, 64191, 81559, 15, 42

=== Sun Oct  5 09:45:07 PM PDT 2025 ===
0, NVIDIA H100 80GB HBM3, 62135, 81559, 15, 38
1, NVIDIA H100 80GB HBM3, 54151, 81559, 26, 38
2, NVIDIA H100 80GB HBM3, 54153, 81559, 10, 43
3, NVIDIA H100 80GB HBM3, 64191, 81559, 18, 42

=== Sun Oct  5 09:45:24 PM PDT 2025 ===
0, NVIDIA H100 80GB HBM3, 62135, 81559, 0, 34
1, NVIDIA H100 80GB HBM3, 54151, 81559, 0, 34
2, NVIDIA H100 80GB HBM3, 54153, 81559, 0, 40
3, NVIDIA H100 80GB HBM3, 64191, 81559, 0, 39

=== Sun Oct  5 09:45:34 PM PDT 2025 ===
0, NVIDIA H100 80GB HBM3, 62135, 81559, 9, 39
1, NVIDIA H100 80GB HBM3, 54151, 81559, 33, 38
2, NVIDIA H100 80GB HBM3, 54153, 81559, 1, 47
3, NVIDIA H100 80GB HBM3, 64191, 81559, 38, 43

=== Sun Oct  5 09:45:45 PM PDT 2025 ===
0, NVIDIA H100 80GB HBM3, 62135, 81559, 23, 39
1, NVIDIA H100 80GB HBM3, 54151, 81559, 21, 37
2, NVIDIA H100 80GB HBM3, 54153, 81559, 18, 42
3, NVIDIA H100 80GB HBM3, 64191, 81559, 0, 41

=== Sun Oct  5 09:45:58 PM PDT 2025 ===
0, NVIDIA H100 80GB HBM3, 62135, 81559, 0, 34
1, NVIDIA H100 80GB HBM3, 54151, 81559, 0, 35
2, NVIDIA H100 80GB HBM3, 54153, 81559, 0, 41
3, NVIDIA H100 80GB HBM3, 64191, 81559, 0, 39

=== Sun Oct  5 09:46:10 PM PDT 2025 ===
0, NVIDIA H100 80GB HBM3, 62135, 81559, 41, 39
1, NVIDIA H100 80GB HBM3, 54151, 81559, 1, 41
2, NVIDIA H100 80GB HBM3, 54153, 81559, 40, 47
3, NVIDIA H100 80GB HBM3, 64191, 81559, 8, 41

=== Sun Oct  5 09:46:20 PM PDT 2025 ===
0, NVIDIA H100 80GB HBM3, 62135, 81559, 72, 42
1, NVIDIA H100 80GB HBM3, 54151, 81559, 0, 39
2, NVIDIA H100 80GB HBM3, 54153, 81559, 0, 41
3, NVIDIA H100 80GB HBM3, 64191, 81559, 3, 42

=== Sun Oct  5 09:46:31 PM PDT 2025 ===
0, NVIDIA H100 80GB HBM3, 62135, 81559, 25, 38
1, NVIDIA H100 80GB HBM3, 54151, 81559, 25, 38
2, NVIDIA H100 80GB HBM3, 54153, 81559, 19, 45
3, NVIDIA H100 80GB HBM3, 64191, 81559, 29, 42

=== Sun Oct  5 09:46:44 PM PDT 2025 ===
0, NVIDIA H100 80GB HBM3, 62135, 81559, 0, 34
1, NVIDIA H100 80GB HBM3, 54151, 81559, 0, 34
2, NVIDIA H100 80GB HBM3, 54153, 81559, 0, 41
3, NVIDIA H100 80GB HBM3, 64191, 81559, 0, 39

=== Sun Oct  5 09:46:57 PM PDT 2025 ===
0, NVIDIA H100 80GB HBM3, 62135, 81559, 15, 36
1, NVIDIA H100 80GB HBM3, 54151, 81559, 15, 38
2, NVIDIA H100 80GB HBM3, 54153, 81559, 14, 42
3, NVIDIA H100 80GB HBM3, 64191, 81559, 17, 41

=== Sun Oct  5 09:47:08 PM PDT 2025 ===
0, NVIDIA H100 80GB HBM3, 62135, 81559, 2, 37
1, NVIDIA H100 80GB HBM3, 54151, 81559, 25, 38
2, NVIDIA H100 80GB HBM3, 54153, 81559, 26, 47
3, NVIDIA H100 80GB HBM3, 64191, 81559, 30, 42

=== Sun Oct  5 09:47:23 PM PDT 2025 ===
0, NVIDIA H100 80GB HBM3, 62135, 81559, 0, 34
1, NVIDIA H100 80GB HBM3, 54151, 81559, 0, 34
2, NVIDIA H100 80GB HBM3, 54153, 81559, 0, 40
3, NVIDIA H100 80GB HBM3, 64191, 81559, 0, 39

=== Sun Oct  5 09:47:35 PM PDT 2025 ===
0, NVIDIA H100 80GB HBM3, 62135, 81559, 9, 35
1, NVIDIA H100 80GB HBM3, 54151, 81559, 5, 37
2, NVIDIA H100 80GB HBM3, 54153, 81559, 7, 42
3, NVIDIA H100 80GB HBM3, 64191, 81559, 8, 41

=== Sun Oct  5 09:47:46 PM PDT 2025 ===
0, NVIDIA H100 80GB HBM3, 62135, 81559, 52, 37
1, NVIDIA H100 80GB HBM3, 54151, 81559, 21, 37
2, NVIDIA H100 80GB HBM3, 54153, 81559, 12, 43
3, NVIDIA H100 80GB HBM3, 64191, 81559, 22, 42

=== Sun Oct  5 09:47:56 PM PDT 2025 ===
0, NVIDIA H100 80GB HBM3, 62135, 81559, 1, 33
1, NVIDIA H100 80GB HBM3, 54151, 81559, 0, 34
2, NVIDIA H100 80GB HBM3, 54153, 81559, 0, 40
3, NVIDIA H100 80GB HBM3, 64191, 81559, 0, 39

=== Sun Oct  5 09:48:06 PM PDT 2025 ===
0, NVIDIA H100 80GB HBM3, 62135, 81559, 5, 33
1, NVIDIA H100 80GB HBM3, 54151, 81559, 0, 34
2, NVIDIA H100 80GB HBM3, 54153, 81559, 0, 40
3, NVIDIA H100 80GB HBM3, 64191, 81559, 0, 39

=== Sun Oct  5 09:48:17 PM PDT 2025 ===
0, NVIDIA H100 80GB HBM3, 62135, 81559, 1, 34
1, NVIDIA H100 80GB HBM3, 54151, 81559, 0, 35
2, NVIDIA H100 80GB HBM3, 54153, 81559, 0, 40
3, NVIDIA H100 80GB HBM3, 64191, 81559, 0, 39

=== Sun Oct  5 09:48:27 PM PDT 2025 ===
0, NVIDIA H100 80GB HBM3, 62135, 81559, 4, 33
1, NVIDIA H100 80GB HBM3, 54151, 81559, 0, 34
2, NVIDIA H100 80GB HBM3, 54153, 81559, 0, 40
3, NVIDIA H100 80GB HBM3, 64191, 81559, 0, 38

=== Sun Oct  5 09:48:37 PM PDT 2025 ===
0, NVIDIA H100 80GB HBM3, 0, 81559, 0, 33
1, NVIDIA H100 80GB HBM3, 0, 81559, 0, 34
2, NVIDIA H100 80GB HBM3, 0, 81559, 0, 39
3, NVIDIA H100 80GB HBM3, 0, 81559, 0, 38

=== Sun Oct  5 09:48:48 PM PDT 2025 ===
0, NVIDIA H100 80GB HBM3, 5187, 81559, 0, 32
1, NVIDIA H100 80GB HBM3, 3869, 81559, 0, 33
2, NVIDIA H100 80GB HBM3, 2609, 81559, 0, 38
3, NVIDIA H100 80GB HBM3, 4, 81559, 0, 36

=== Sun Oct  5 09:48:58 PM PDT 2025 ===
0, NVIDIA H100 80GB HBM3, 21129, 81559, 2, 32
1, NVIDIA H100 80GB HBM3, 13469, 81559, 0, 33
2, NVIDIA H100 80GB HBM3, 13469, 81559, 0, 39
3, NVIDIA H100 80GB HBM3, 53689, 81559, 24, 38

=== Sun Oct  5 09:49:08 PM PDT 2025 ===
0, NVIDIA H100 80GB HBM3, 41437, 81559, 17, 36
1, NVIDIA H100 80GB HBM3, 13477, 81559, 16, 37
2, NVIDIA H100 80GB HBM3, 13477, 81559, 18, 42
3, NVIDIA H100 80GB HBM3, 53697, 81559, 21, 43

=== Sun Oct  5 09:49:18 PM PDT 2025 ===
0, NVIDIA H100 80GB HBM3, 41529, 81559, 12, 35
1, NVIDIA H100 80GB HBM3, 13499, 81559, 5, 36
2, NVIDIA H100 80GB HBM3, 13499, 81559, 10, 41
3, NVIDIA H100 80GB HBM3, 53719, 81559, 17, 40
