/users/sujinesh/.local/lib/python3.10/site-packages/transformers/utils/hub.py:128: FutureWarning: Using `TRANSFORMERS_CACHE` is deprecated and will be removed in v5 of Transformers. Use `HF_HOME` instead.
  warnings.warn(
============================================================
TELEPATHY TRAINING: ARC_EASY
============================================================

Dataset: arc_easy (5 classes)
Random baseline: 20.0%
Source layer: 31
Soft tokens: 8
Steps: 1500
Diversity weight: 0.1
============================================================
Downloading shards:   0%|          | 0/4 [00:00<?, ?it/s]Downloading shards: 100%|██████████| 4/4 [00:00<00:00, 788.77it/s]
Loading checkpoint shards:   0%|          | 0/4 [00:00<?, ?it/s]Loading checkpoint shards:  25%|██▌       | 1/4 [00:03<00:10,  3.54s/it]Loading checkpoint shards:  50%|█████     | 2/4 [00:08<00:08,  4.44s/it]Loading checkpoint shards:  75%|███████▌  | 3/4 [00:13<00:04,  4.68s/it]Loading checkpoint shards: 100%|██████████| 4/4 [00:15<00:00,  3.42s/it]Loading checkpoint shards: 100%|██████████| 4/4 [00:15<00:00,  3.77s/it]
Downloading shards:   0%|          | 0/3 [00:00<?, ?it/s]Downloading shards: 100%|██████████| 3/3 [00:00<00:00, 3438.89it/s]
Loading checkpoint shards:   0%|          | 0/3 [00:00<?, ?it/s]Loading checkpoint shards:  33%|███▎      | 1/3 [00:04<00:08,  4.21s/it]Loading checkpoint shards:  67%|██████▋   | 2/3 [00:09<00:04,  4.89s/it]Loading checkpoint shards: 100%|██████████| 3/3 [00:14<00:00,  5.05s/it]Loading checkpoint shards: 100%|██████████| 3/3 [00:14<00:00,  4.94s/it]
2026-01-19 17:51:25,692 - INFO - OptimalTransportBridge: 8 anchors, eps=0.1
Target embedding RMS: 0.0027
Using Optimal Transport Bridge (NOVEL) - epsilon=0.1

Training on 2251 samples
Validation: 2376 samples
Starting training...

ARC_EASY:   0%|                                                            | 0/1500 [00:00<?, ?it/s]ARC_EASY:   0%|                                                            | 0/1500 [00:00<?, ?it/s]
Traceback (most recent call last):
  File "/scratch/m000066/sujinesh/LatentWire/telepathy/train_telepathy.py", line 1320, in main
    loss, loss_dict = train_step(
  File "/scratch/m000066/sujinesh/LatentWire/telepathy/train_telepathy.py", line 749, in train_step
    soft_tokens, aux_loss, diversity, z_variance = bridge_module(src_h, src_mask)
  File "/users/sujinesh/.local/lib/python3.10/site-packages/torch/nn/modules/module.py", line 1736, in _wrapped_call_impl
    return self._call_impl(*args, **kwargs)
  File "/users/sujinesh/.local/lib/python3.10/site-packages/torch/nn/modules/module.py", line 1747, in _call_impl
    return forward_call(*args, **kwargs)
  File "/scratch/m000066/sujinesh/LatentWire/telepathy/cross_model_experiments.py", line 268, in forward
    soft_tokens = torch.bmm(P.transpose(1, 2), src_proj)  # [B, K, tgt_dim]
RuntimeError: expected scalar type BFloat16 but found Float

[ERROR] Training interrupted by exception at step 1
[ERROR] RuntimeError: expected scalar type BFloat16 but found Float

[EMERGENCY] Checkpoint saved to runs/reasoning_final_20260119_175045/novel_bridges/optimal_transport_arc_easy_seed42/emergency_checkpoint_step0.pt
[EMERGENCY] Error: RuntimeError: expected scalar type BFloat16 but found Float
Traceback (most recent call last):
  File "/scratch/m000066/sujinesh/LatentWire/telepathy/train_telepathy.py", line 1565, in <module>
    main()
  File "/scratch/m000066/sujinesh/LatentWire/telepathy/train_telepathy.py", line 1320, in main
    loss, loss_dict = train_step(
  File "/scratch/m000066/sujinesh/LatentWire/telepathy/train_telepathy.py", line 749, in train_step
    soft_tokens, aux_loss, diversity, z_variance = bridge_module(src_h, src_mask)
  File "/users/sujinesh/.local/lib/python3.10/site-packages/torch/nn/modules/module.py", line 1736, in _wrapped_call_impl
    return self._call_impl(*args, **kwargs)
  File "/users/sujinesh/.local/lib/python3.10/site-packages/torch/nn/modules/module.py", line 1747, in _call_impl
    return forward_call(*args, **kwargs)
  File "/scratch/m000066/sujinesh/LatentWire/telepathy/cross_model_experiments.py", line 268, in forward
    soft_tokens = torch.bmm(P.transpose(1, 2), src_proj)  # [B, K, tgt_dim]
RuntimeError: expected scalar type BFloat16 but found Float
